<GI> CP001742:1 <COORDINATES> 193391-252599 <STAT> n1_4mer:GRV/n1_4mer:RV = 1.757596; n0_4mer:D = 32.668098; n0_4mer:PS = 30.239255
	[193391:194152:rev] FKBP-type peptidyl-prolyl cis-trans isomerase
	[194153:194653:rev] hypothetical protein
	[194653:195660:rev] RNA (Cytosine-C(5)-)-methyltransferase
	[195716:196249:dir] Nicotinamide-nucleotide adenylyltransferase
	[196353:196844:dir] hypothetical protein
	[196870:197442:dir] hypothetical protein
	[197411:197851:dir] DUF54 domain containing protein; hypothetical protein
	[197848:198729:rev] Ribonuclease Z
	[198754:199764:rev] Putative methyltransferase
	[199859:199951:dir] codon recognized: ACA; tRNA-Thr
	[199970:200290:rev] hypothetical protein
	[200677:201768:rev] Dolichol-phosphate mannosyltransferase
	[201916:202602:dir] phosphoesterase, putative
	[202595:203218:rev] TATA-box-binding protein
	[203275:203613:rev] hypothetical protein
	[203711:204784:rev] Probable DNA primase small subunit
	[204744:205484:rev] DNA polymerase sliding clamp B2
	[205696:205771:dir] codon recognized: AAC; tRNA-Asn
	[205863:206150:dir] 50S ribosomal protein L44E
	[206422:206595:rev] Nucleolar RNA-binding protein Nop10p
	[206607:207416:rev] Translation initiation factor 2 subunit alpha
	[207493:207753:rev] hypothetical protein
	[207993:208235:dir] hypothetical protein
	[208279:208908:rev] Adenylate kinase
	[208905:210266:rev] Preprotein translocase subunit secY
	[210406:210493:dir] codon recognized: CUG; tRNA-Leu
	[210585:211763:dir] hypothetical protein
	[211752:212495:rev] Protein-disulfide oxidoreductase
	[212687:213100:dir] hypothetical protein
	[213304:214329:dir] Putative HTH-type transcriptional regulatory
	[214244:214843:dir] hypothetical protein
	[214794:215960:dir] N2,N2-dimethylguanosine tRNA methyltransferase
	[216314:217435:dir] DUF373 domain containing protein; hypothetical protein
	[217452:217793:dir] hypothetical protein
	[217790:219184:rev] hypothetical protein
	[219181:220593:rev] type II secretion system protein E
	[220600:221079:rev] hypothetical protein
	[221261:222220:dir] Probable deoxyhypusine synthase
	[222374:224044:dir] Type 2 DNA topoisomerase 6 subunit B
	[224046:225209:dir] Type II DNA topoisomerase VI subunit A
	[225279:226040:rev] DNA polymerase sliding clamp B1
	[226110:226508:rev] 30S ribosomal protein S8P
	[226520:226690:rev] 30S ribosomal protein S14P
	[226695:227261:rev] 50S ribosomal protein L5P
	[227266:228018:rev] 30S ribosomal protein S4e
	[228018:228428:rev] 50S ribosomal protein L24P
	[228441:228863:rev] 50S ribosomal protein L14P
	[228869:229213:rev] 30S ribosomal protein S17P
	[229352:229639:rev] Ribonuclease P protein component 1, Rpp29
	[229636:229896:rev] 50S ribosomal protein L29P
	[229871:230587:rev] 30S ribosomal protein S3P
	[230589:231068:rev] 50S ribosomal protein L22P
	[231075:231500:rev] 30S ribosomal protein S19P
	[231617:232042:rev] hypothetical protein
	[232297:234027:rev] Methionyl-tRNA synthetase
	[234089:234916:rev] hypothetical protein
	[234987:235571:rev] hypothetical protein
	[236021:236554:dir] Small heat shock protein
	[236636:238051:dir] predicted dehydrogenase
	[238067:239497:rev] Cysteinyl-tRNA synthetase
	[239686:240519:dir] predicted 1,4-dihydroxy-2-naphthoate octaprenyltransferase
	[240539:241126:rev] hypothetical protein
	[241220:241729:rev] 50S ribosomal protein L11P
	[241913:243865:dir] Glyceraldehyde-3-phosphate:ferredoxin oxidoreductase (GAPOR)
	[243930:246671:rev] Alanyl-tRNA synthetase
	[246776:247120:rev] hypothetical protein
	[247458:248492:rev] LSU ribosomal protein L10P
	[248500:249144:rev] 50S ribosomal protein L1P
	[249288:249362:dir] codon recognized: AGA; tRNA-Arg
	[250180:250716:dir] hypothetical protein
	[250706:252121:rev] Site specific DNA-methyltransferase
	[252404:252538:dir] hypothetical protein
<END>
<GI> CP001742:2 <COORDINATES> 264563-282599 <STAT> n1_4mer:GRV/n1_4mer:RV = 1.585640; n0_4mer:D = 31.180083; n0_4mer:PS = 29.912291
	[264563:265039:rev] translation initiation factor IF-2 subunit beta
	[265105:265177:dir] codon recognized: GCA; tRNA-Ala
	[265347:266726:dir] Seryl-tRNA synthetase
	[266771:267988:rev] ABC transporter, permease protein
	[267969:268763:rev] NatA-like ABC-type transport protein, ATPase component
	[269422:270222:rev] DUF137 domain containing protein; hypothetical protein
	[270227:271012:rev] hypothetical protein
	[271104:271940:rev] NAD+ synthetase
	[272051:273292:rev] Coenzyme A biosynthesis bifunctional protein CoaBC
	[273387:273977:dir] N-terminal acetyltransferase
	[274113:274547:rev] hypothetical protein
	[274710:277124:rev] Oligosaccharyl transferase STT3 subunit
	[277181:278392:dir] Peptide chain release factor subunit 1
	[278413:278925:rev] Nicotinamide-nucleotide adenylyltransferase
	[279007:279639:dir] Peptidase family M50 protein
	[279754:280059:dir] hypothetical protein
	[280159:280563:rev] hypothetical protein
	[280706:281161:rev] RecB-family nuclease-like protein
	[281172:282575:rev] threonyl-tRNA synthetase
<END>
<GI> CP001742:3 <COORDINATES> 319514-339986 <STAT> n1_4mer:GRV/n1_4mer:RV = 1.695233; n0_4mer:D = 32.496047; n0_4mer:PS = 29.576052
	[319514:320578:dir] Putative hydrogenase expression/formation protein HypE
	[321066:322715:rev] hypothetical protein
	[322840:323793:dir] hypothetical protein
	[323924:324487:rev] hypothetical protein
	[324582:325016:dir] hypothetical protein
	[325024:325212:rev] hypothetical protein
	[325542:326951:dir] Amino acid permease
	[327011:328144:dir] isopentenyl pyrophosphate isomerase
	[328134:329150:dir] Farnesylgeranyl diphosphate synthase
	[329153:330883:dir] Glutamyl-tRNA synthetase
	[330901:332223:rev] Trehalose synthase
	[332295:334133:rev] Glucoamylase
	[334308:335126:rev] hypothetical protein
	[335134:336810:rev] phenylalanyl-tRNA synthetase subunit beta
	[336815:338260:rev] phenylalanyl-tRNA synthetase subunit alpha
	[338369:339301:dir] hypothetical protein
	[339294:339986:rev] purine and other phosphorylases, family 1
<END>
<GI> CP001742:4 <COORDINATES> 345129-371747 <STAT> n1_4mer:GRV/n1_4mer:RV = 1.552273; n0_4mer:D = 31.701280; n0_4mer:PS = 34.464549
	[345129:348314:rev] Isoleucyl-tRNA synthetase
	[348318:348590:rev] hypothetical protein
	[348668:349726:rev] hypothetical protein
	[349736:350725:rev] hypothetical protein
	[350820:351320:dir] NUDIX hydrolase
	[351333:353762:rev] glycoside hydrolase, family 57
	[353901:354533:dir] hypothetical protein
	[354525:356090:rev] glycine dehydrogenase subunit 2
	[356087:357481:rev] glycine dehydrogenase subunit 1
	[357578:359527:rev] Glucoamylase
	[359672:359956:dir] hypothetical protein
	[359946:360227:rev] hypothetical protein
	[360367:360454:dir] codon recognized: CUA; tRNA-Leu
	[360574:360906:rev] hypothetical protein
	[360969:361247:dir] hypothetical protein
	[361427:362788:rev] 4-aminobutyrate aminotransferase
	[362836:363054:dir] hypothetical protein
	[363081:364340:rev] sugar-phosphate nucleotidyltransferase
	[364433:365857:rev] Alpha-amylase
	[365854:367428:rev] Glycogen synthase
	[367483:368223:rev] hypothetical protein
	[368207:368953:rev] Threonyl/alanyl tRNA synthetase, SAD
	[368971:369075:rev] codon recognized: ACG; tRNA-Thr
	[369242:370474:dir] Multiple substrate aminotransferase
	[370779:371747:dir] UDP-glucose 4-epimerase
<END>
<GI> CP001742:5 <COORDINATES> 669356-690640 <STAT> n1_4mer:GRV/n1_4mer:RV = 1.639929; n0_4mer:D = 34.286843; n0_4mer:PS = 22.339049
	[669356:670207:dir] DTDP-4-dehydrorhamnose reductase
	[670209:671252:dir] Glucose-1-phosphate thymidylyltransferase
	[671256:672233:dir] DTDP-glucose 4,6-dehydratase
	[672215:673459:dir] Glycosyl transferase
	[673629:673772:dir] hypothetical protein
	[673837:674688:dir] hypothetical protein
	[674706:675620:dir] methyltransferase FkbM family
	[675617:676771:rev] Predicted glycosyltransferase
	[676996:678171:dir] Glycosyl transferase
	[678269:678430:dir] hypothetical protein
	[678423:678623:dir] hypothetical protein
	[679295:680503:rev] putative glycosyltransferase (group 1)
	[681148:681372:dir] hypothetical protein
	[681398:682381:rev] glycosyl transferase, group 1
	[682521:683513:dir] Glycosyltransferase
	[683510:684322:dir] glycosyl transferase, family 2
	[684311:684451:rev] hypothetical protein
	[684512:684766:rev] hypothetical protein
	[685078:686814:dir] hypothetical protein
	[686864:687937:dir] Glycosyl transferase group 1
	[687962:688099:rev] hypothetical protein
	[688297:689433:dir] glycosyl transferase family 2
	[689519:690640:rev] glycosyl transferase group 1
<END>
<GI> CP001742:6 <COORDINATES> 1013184-1035099 <STAT> n1_4mer:GRV/n1_4mer:RV = 1.650991; n0_4mer:D = 32.942533; n0_4mer:PS = 19.892214
	[1013184:1013717:rev] 30S ribosomal protein S4P
	[1013695:1014216:rev] 30S ribosomal protein S13P
	[1014229:1014612:rev] 50S ribosomal protein L7Ae
	[1014814:1017021:rev] Proton-translocating pyrophosphatase
	[1017262:1018092:dir] hypothetical protein
	[1018159:1019139:dir] Oxidoreductase
	[1019141:1019213:rev] codon recognized: GCG; tRNA-Ala
	[1019391:1019858:rev] hypothetical protein
	[1019864:1020283:rev] hypothetical protein
	[1020284:1020538:rev] hypothetical protein
	[1021681:1022793:rev] Probable molybdenum cofactor biosynthesis protein A
	[1022933:1023847:dir] Selenocysteine-specific translation elongation factor-like protein
	[1023854:1025173:dir] Glycerate kinase
	[1025163:1026311:dir] RNA (Cytosine-C(5)-)-methyltransferase
	[1026304:1027122:dir] Methyltransferase
	[1027656:1028681:rev] DNA primase large subunit
	[1028753:1030141:dir] 2-methylcitrate dehydratase
	[1030195:1031406:rev] hypothetical protein
	[1031462:1031920:dir] hypothetical protein
	[1032197:1033582:rev] NAD(P)H:elemental sulfur oxidoreductase
	[1033667:1033987:rev] hypothetical protein
	[1034071:1034901:dir] hypothetical protein
	[1034907:1034998:rev] codon recognized: CAA; tRNA-Gln
<END>
<GI> CP001742:7 <COORDINATES> 1069131-1119191 <STAT> n1_4mer:GRV/n1_4mer:RV = 1.899495; n0_4mer:D = 32.742816; n0_4mer:PS = 37.056614
	[1069131:1070015:dir] Phosphoribosyl pyrophosphate synthase (PRPP synthase)
	[1070012:1070674:rev] Pur operon repressor-like protein
	[1070796:1071377:dir] DNA-directed RNA polymerase subunit E
	[1071374:1071742:dir] TRNA-binding protein
	[1071785:1072249:dir] hypothetical protein
	[1072218:1073843:dir] Putative DNA repair helicase
	[1073848:1074729:rev] Succinyl-CoA synthetase alpha chain
	[1074740:1075888:rev] Succinyl-CoA synthetase beta chain
	[1076146:1078197:dir] Putative glycogen debranching enzyme
	[1078283:1079878:dir] Glycogen phosphorylase
	[1079865:1080695:rev] ABC transporter, substrate binding protein
	[1080834:1082534:dir] Methylmalonyl-CoA mutase, N-terminal domain/subunit
	[1082512:1082955:dir] Methylmalonyl-CoA mutase, C-terminal domain/subunit
	[1082963:1083961:dir] Transport system kinase
	[1084349:1084474:dir] hypothetical protein
	[1084706:1084957:dir] 30S ribosomal protein S28e
	[1085111:1085404:dir] ribonuclease P-related protein
	[1085457:1086680:rev] Gtp-binding protein
	[1086807:1087289:rev] hypothetical protein
	[1087517:1088698:dir] Glycosyl transferase, family 39
	[1088817:1089188:dir] hypothetical protein
	[1089589:1089750:dir] hypothetical protein
	[1089892:1090425:dir] hypothetical protein
	[1090411:1090734:rev] hypothetical protein
	[1090715:1090939:rev] hypothetical protein
	[1090970:1092208:rev] Putative nucleotidyl transferase
	[1092215:1093111:rev] beta-lactamase domain protein; hypothetical protein
	[1093260:1093685:dir] Nucleoside diphosphate kinase
	[1093813:1095642:rev] Probable translation initiation factor IF-2
	[1095771:1096481:rev] Putative sugar-phosphate nucleotidyl transferase
	[1096513:1096584:rev] codon recognized: UUC; tRNA-Phe
	[1096678:1097094:rev] hypothetical protein
	[1097091:1098365:rev] Translation initiation factor 2 subunit gamma
	[1098473:1099213:rev] 30S ribosomal protein S6e
	[1099285:1100568:rev] Phosphoglycerate mutase (PGM)
	[1100674:1100901:rev] hypothetical protein
	[1100937:1102223:rev] hypothetical protein
	[1102311:1102769:rev] 30S ribosomal protein S15P/S13e
	[1102885:1103556:dir] 30S ribosomal protein S3Ae
	[1103648:1103938:rev] Transcription elongation factor, S-II like-protein
	[1104055:1105143:rev] pyruvate-formate lyase-activating enzyme, PflA
	[1105143:1106003:rev] radical SAM domain protein; hypothetical protein
	[1106166:1106798:rev] Predicted RNA-binding protein of the translin family
	[1106841:1106933:rev] codon recognized: AUC; tRNA-Ile
	[1106978:1107598:rev] hypothetical protein
	[1107718:1107891:dir] 50S ribosomal protein L40e
	[1108069:1108356:rev] 30S ribosomal protein S26e
	[1108589:1108855:dir] 50S ribosomal protein LX
	[1108883:1109314:dir] Ribosomal protein L20A
	[1109321:1110235:dir] Probable signal recognition particle protein
	[1110232:1111011:rev] Inosine-5'-monophosphate dehydrogenase related protein
	[1111101:1112027:rev] Putative signal transduction protein with CBS domains
	[1112089:1112937:rev] Inosine-5'-monophosphate dehydrogenase related protein IV
	[1113081:1113926:rev] hypothetical protein
	[1114007:1114213:rev] hypothetical protein
	[1114514:1114654:dir] hypothetical protein
	[1114734:1115204:dir] DUF359 domain containing protein; hypothetical protein
	[1115258:1115470:rev] hypothetical protein
	[1115674:1115779:rev] codon recognized: CCC; tRNA-Pro
	[1116157:1116498:dir] hypothetical protein
	[1116512:1117216:rev] Ser/Thr protein kinase
	[1117264:1118637:rev] CCA-adding enzyme
	[1118634:1119191:rev] 2'-5' RNA ligase
<END>
<GI> CP001742:8 <COORDINATES> 1117264-1152333 <STAT> n1_4mer:GRV/n1_4mer:RV = 1.540688; n0_4mer:D = 34.299291; n0_4mer:PS = 26.091124
	[1117264:1118637:rev] CCA-adding enzyme
	[1118634:1119191:rev] 2'-5' RNA ligase
	[1119272:1119646:dir] DNA-binding protein
	[1119657:1119812:dir] hypothetical protein
	[1119908:1120144:dir] hypothetical protein
	[1120204:1120884:rev] Translation initiation factor 6
	[1120961:1121071:rev] codon recognized: CAG; tRNA-Gln
	[1121226:1121708:rev] hypothetical protein
	[1122221:1123222:dir] predicted alternative thymidylate synthase
	[1123798:1124145:rev] DUF54 domain containing protein; hypothetical protein
	[1124295:1124978:rev] 50S ribosomal protein L15e
	[1125307:1125447:dir] hypothetical protein
	[1125746:1126333:rev] Brix domain containing protein; hypothetical protein
	[1126341:1126589:rev] 50S ribosomal protein L37Ae
	[1126620:1127462:rev] Probable exosome complex exonuclease 2
	[1127459:1128187:rev] Probable exosome complex exonuclease 1
	[1128192:1128896:rev] Probable exosome complex RNA-binding protein 1
	[1128893:1129597:rev] SBDS_C multi-domain protein; hypothetical protein
	[1129698:1130471:rev] Proteasome subunit alpha
	[1130685:1130876:rev] 50S ribosomal protein L24e
	[1130918:1131739:rev] Cation efflux protein CzrB
	[1131864:1133063:rev] Cytochrome bd quinol oxidase subunit
	[1133072:1134730:rev] Cytochrome bd quinol oxidase subunit
	[1135241:1135723:dir] hypothetical protein
	[1135781:1136113:rev] hypothetical protein
	[1136272:1139160:dir] Leucyl-tRNA synthetase
	[1139231:1139764:dir] Predicted hydrolase of the HD superfamily
	[1139938:1141017:dir] DUF763 domain containing protein; hypothetical protein
	[1141014:1141607:dir] metallophosphoesterase
	[1141613:1142023:rev] UPF0047 domain containing protein; hypothetical protein
	[1142095:1142742:dir] Pyrimidine nucleotide reductase
	[1142834:1144609:rev] predicted Fe-S osidoreductase
	[1144810:1145235:rev] Thioredoxin
	[1145287:1146699:rev] Phospho-sugar mutase
	[1146991:1147266:rev] hypothetical protein
	[1147420:1148628:dir] Nicotinic acid phosphoribosyltransferase, putative
	[1148644:1150128:dir] hypothetical protein
	[1150222:1151013:dir] predicted ATPase
	[1151113:1152333:dir] S-adenosylmethionine synthetase
<END>
<GI> CP001742:9 <COORDINATES> 1164842-1186674 <STAT> n1_4mer:GRV/n1_4mer:RV = 1.855334; n0_4mer:D = 31.700295; n0_4mer:PS = 41.185789
	[1164842:1168381:dir] DNA-directed RNA polymerase subunit B
	[1168393:1171062:dir] DNA-directed RNA polymerase subunit A
	[1171059:1172399:dir] DNA-directed RNA polymerase subunit A''
	[1172410:1172724:dir] 50S ribosomal protein L30e
	[1172747:1173199:dir] transcription elongation factor NusA-like protein
	[1173252:1173689:dir] 30S ribosomal protein S12P
	[1173920:1174411:rev] hypothetical protein
	[1174538:1175149:dir] 30S ribosomal protein S7P
	[1175244:1176554:dir] Elongation factor 1-alpha
	[1176582:1176893:dir] 30S ribosomal protein S10P
	[1177055:1177140:dir] codon recognized: UCA; tRNA-Ser
	[1177223:1179046:dir] ATP-dependent DNA ligase
	[1179060:1179371:dir] Ribonuclease P protein component 4
	[1179368:1180171:rev] 3-oxoacyl-[acyl-carrier-protein] reductase
	[1180273:1181106:rev] hypothetical protein
	[1181103:1181276:rev] hypothetical protein
	[1181337:1182281:dir] Putative carboxyvinyl-carboxyphosphonate phosphorylmutase
	[1182375:1182462:rev] codon recognized: CUC; tRNA-Leu
	[1182538:1182936:dir] Transcription regulator, PadR-like family
	[1183051:1183284:dir] hypothetical protein
	[1183365:1184408:dir] Diphthamide synthesis protein
	[1184556:1185158:dir] Predicted RNA methylase
	[1185163:1185768:dir] Exosome complex RNA-binding like-protein Cs14
	[1185768:1186379:dir] hypothetical protein
	[1186369:1186674:dir] DNA-directed RNA polymerase II subunit RPB11
<END>