<GI> CP045482:1 <COORDINATES> 64500-84339 <STAT> n1_4mer:GRV/n1_4mer:RV = 2.111354; n0_4mer:D = 16.827578; n0_4mer:PS = 30.187904
	[64502:64894:rev] Derived by automated computational analysis using gene prediction method: Protein Homology.; hypothetical protein
	[64939:65487:dir] Derived by automated computational analysis using gene prediction method: Protein Homology.; hypothetical protein
	[65484:65672:rev] Derived by automated computational analysis using gene prediction method: Protein Homology.; hypothetical protein
	[65712:66257:dir] Derived by automated computational analysis using gene prediction method: Protein Homology.; cupin domain-containing protein
	[66276:67253:rev] Derived by automated computational analysis using gene prediction method: Protein Homology.; 3-hydroxyacyl-CoA dehydrogenase family protein
	[67355:67945:dir] Derived by automated computational analysis using gene prediction method: Protein Homology.; haloacid dehalogenase
	[67931:68776:rev] lysX; Derived by automated computational analysis using gene prediction method: Protein Homology.; lysine biosynthesis protein LysX
	[68773:71910:rev] carB; Derived by automated computational analysis using gene prediction method: Protein Homology.; carbamoyl-phosphate synthase (glutamine-hydrolyzing) large subunit
	[71897:73009:rev] carA; Derived by automated computational analysis using gene prediction method: Protein Homology.; glutamine-hydrolyzing carbamoyl-phosphate synthase small subunit
	[72987:74324:rev] argH; Derived by automated computational analysis using gene prediction method: Protein Homology.; argininosuccinate lyase
	[74324:75502:rev] Derived by automated computational analysis using gene prediction method: Protein Homology.; argininosuccinate synthase
	[75626:75775:rev] Derived by automated computational analysis using gene prediction method: Protein Homology.; ribbon-helix-helix protein, CopG family
	[75876:76325:rev] Derived by automated computational analysis using gene prediction method: Protein Homology.; hypothetical protein
	[76384:77352:rev] Derived by automated computational analysis using gene prediction method: Protein Homology.; phosphoribosylformylglycinamidine cyclo-ligase
	[77346:78776:rev] Derived by automated computational analysis using gene prediction method: Protein Homology.; phosphoribosylamine--glycine ligase
	[78777:79982:rev] Derived by automated computational analysis using gene prediction method: Protein Homology.; amidophosphoribosyltransferase
	[79988:81337:rev] purF; Derived by automated computational analysis using gene prediction method: Protein Homology.; amidophosphoribosyltransferase
	[81331:83442:rev] purL; Derived by automated computational analysis using gene prediction method: Protein Homology.; phosphoribosylformylglycinamidine synthase subunit PurL
	[83439:84110:rev] purQ; Derived by automated computational analysis using gene prediction method: Protein Homology.; phosphoribosylformylglycinamidine synthase I
	[84091:84339:rev] Derived by automated computational analysis using gene prediction method: Protein Homology.; phosphoribosylformylglycinamidine synthase PurS protein
<END>
<GI> CP045482:2 <COORDINATES> 118984-138114 <STAT> n1_4mer:GRV/n1_4mer:RV = 1.919558; n0_4mer:D = 18.172422; n0_4mer:PS = 31.974053
	[118984:120702:dir] Derived by automated computational analysis using gene prediction method: Protein Homology.; acetolactate synthase large subunit
	[120680:121009:dir] Derived by automated computational analysis using gene prediction method: Protein Homology.; hypothetical protein
	[120993:122000:dir] ilvC; Derived by automated computational analysis using gene prediction method: Protein Homology.; ketol-acid reductoisomerase
	[122018:122452:dir] Derived by automated computational analysis using gene prediction method: Protein Homology.; endonuclease
	[122435:123976:rev] Derived by automated computational analysis using gene prediction method: Protein Homology.; ATPase
	[124010:124609:rev] pdxT; Derived by automated computational analysis using gene prediction method: Protein Homology.; pyridoxal 5'-phosphate synthase glutaminase subunit PdxT
	[124606:125616:rev] pdxS; Derived by automated computational analysis using gene prediction method: Protein Homology.; pyridoxal 5'-phosphate synthase lyase subunit PdxS
	[125654:125944:rev] Derived by automated computational analysis using gene prediction method: Protein Homology.; 30S ribosomal protein S26e
	[125977:127422:rev] Derived by automated computational analysis using gene prediction method: Protein Homology.; proline--tRNA ligase
	[127465:127770:rev] produces ATP from ADP in the presence of a proton gradient across the membrane; the K subunit is a nonenzymatic component which binds the dimeric form by interacting with the G and E subunits; Derived by automated computational analysis using gene prediction method: Protein Homology.; V-type ATP synthase subunit K
	[127796:127981:rev] Derived by automated computational analysis using gene prediction method: Protein Homology.; hypothetical protein
	[127953:128594:rev] Derived by automated computational analysis using gene prediction method: Protein Homology.; V-type ATP synthase subunit D
	[128591:129991:rev] Derived by automated computational analysis using gene prediction method: Protein Homology.; V-type ATP synthase subunit B
	[129991:131763:rev] Derived by automated computational analysis using gene prediction method: Protein Homology.; ATP synthase subunit A
	[131753:132346:rev] Derived by automated computational analysis using gene prediction method: Protein Homology.; hypothetical protein
	[132353:132655:rev] Derived by automated computational analysis using gene prediction method: Protein Homology.; V-type ATP synthase subunit F
	[132720:134888:dir] Derived by automated computational analysis using gene prediction method: Protein Homology.; V-type ATP synthase subunit I
	[134866:136584:rev] Derived by automated computational analysis using gene prediction method: Protein Homology.; methionine--tRNA ligase
	[136637:137569:dir] Derived by automated computational analysis using gene prediction method: Protein Homology.; DNA primase regulatory subunit PriL
	[137539:138114:rev] Derived by automated computational analysis using gene prediction method: Protein Homology.; CDP-alcohol phosphatidyltransferase family protein
<END>
<GI> CP045482:3 <COORDINATES> 225104-248615 <STAT> n1_4mer:GRV/n1_4mer:RV = 2.540107; n0_4mer:D = 17.741694; n0_4mer:PS = 34.087079
	[225104:225505:rev] Derived by automated computational analysis using gene prediction method: Protein Homology.; peroxiredoxin
	[225558:226559:dir] Derived by automated computational analysis using gene prediction method: Protein Homology.; DUF711 family protein
	[226609:227658:dir] Derived by automated computational analysis using gene prediction method: Protein Homology.; AbrB/MazE/SpoVT family DNA-binding domain-containing protein
	[227665:228825:rev] Derived by automated computational analysis using gene prediction method: Protein Homology.; nicotinate phosphoribosyltransferase
	[228882:229340:dir] Derived by automated computational analysis using gene prediction method: Protein Homology.; 30S ribosomal protein S19e
	[229350:229700:dir] Derived by automated computational analysis using gene prediction method: Protein Homology.; DNA-binding protein
	[229697:229852:dir] Derived by automated computational analysis using gene prediction method: Protein Homology.; 50S ribosomal protein L39e
	[229857:230123:dir] Derived by automated computational analysis using gene prediction method: Protein Homology.; 50S ribosomal protein L31e
	[230120:230791:dir] Derived by automated computational analysis using gene prediction method: Protein Homology.; translation initiation factor IF-6
	[230793:231056:dir] Derived by automated computational analysis using gene prediction method: Protein Homology.; 50S ribosomal protein L18a
	[231063:231506:dir] Derived by automated computational analysis using gene prediction method: Protein Homology.; prefoldin subunit alpha
	[231503:232627:dir] ftsY; Derived by automated computational analysis using gene prediction method: Protein Homology.; signal recognition particle-docking protein FtsY
	[232660:232836:dir] Derived by automated computational analysis using gene prediction method: Protein Homology.; protein translocase SEC61 complex subunit gamma
	[232846:233304:dir] Derived by automated computational analysis using gene prediction method: Protein Homology.; transcription elongation factor Spt5
	[233317:233823:dir] Derived by automated computational analysis using gene prediction method: Protein Homology.; 50S ribosomal protein L11
	[233829:234485:dir] Derived by automated computational analysis using gene prediction method: Protein Homology.; 50S ribosomal protein L1
	[234482:235492:dir] Derived by automated computational analysis using gene prediction method: Protein Homology.; 50S ribosomal protein L10
	[235536:235853:dir] Derived by automated computational analysis using gene prediction method: Protein Homology.; 50S ribosomal protein P1
	[235914:238622:dir] Derived by automated computational analysis using gene prediction method: Protein Homology.; alanine--tRNA ligase
	[238585:239202:dir] Derived by automated computational analysis using gene prediction method: Protein Homology.; DUF434 domain-containing protein
	[239270:239358:rev] Derived by automated computational analysis using gene prediction method: tRNAscan-SE.; tRNA-Arg
	[239506:239892:dir] speD; Derived by automated computational analysis using gene prediction method: Protein Homology.; adenosylmethionine decarboxylase
	[240030:241076:dir] Derived by automated computational analysis using gene prediction method: Protein Homology.; hydroxymethylglutaryl-CoA synthase
	[241076:242143:dir] Derived by automated computational analysis using gene prediction method: Protein Homology.; thiolase family protein
	[242146:242553:dir] Derived by automated computational analysis using gene prediction method: Protein Homology.; DNA-binding protein
	[242540:243769:dir] hmgA; Derived by automated computational analysis using gene prediction method: Protein Homology.; hydroxymethylglutaryl-CoA reductase (NADPH)
	[243796:245091:dir] Derived by automated computational analysis using gene prediction method: Protein Homology.; aminotransferase class I/II-fold pyridoxal phosphate-dependent enzyme
	[245084:245491:rev] Derived by automated computational analysis using gene prediction method: Protein Homology.; universal stress protein
	[245488:246510:rev] Derived by automated computational analysis using gene prediction method: Protein Homology.; phosphorylating glyceraldehyde-3-phosphate dehydrogenase
	[246507:247754:rev] pgk; Derived by automated computational analysis using gene prediction method: Protein Homology.; phosphoglycerate kinase
	[247857:248615:rev] Derived by automated computational analysis using gene prediction method: GeneMarkS-2+.; hypothetical protein
<END>
<GI> CP045482:4 <COORDINATES> 352701-380599 <STAT> n1_4mer:GRV/n1_4mer:RV = 3.158413; n0_4mer:D = 34.121032; n0_4mer:PS = 34.969749
	[352701:353564:dir] Derived by automated computational analysis using gene prediction method: Protein Homology.; NAD-binding protein
	[353553:354620:rev] Derived by automated computational analysis using gene prediction method: Protein Homology.; glycosyltransferase
	[354648:355421:dir] Derived by automated computational analysis using gene prediction method: Protein Homology.; SDR family NAD(P)-dependent oxidoreductase
	[355585:355764:dir] Derived by automated computational analysis using gene prediction method: Protein Homology.; chorismate-binding protein
	[355796:356476:dir] Derived by automated computational analysis using gene prediction method: Protein Homology.; UMP kinase
	[356476:356751:dir] Derived by automated computational analysis using gene prediction method: Protein Homology.; hypothetical protein
	[356826:358205:dir] lysS; Derived by automated computational analysis using gene prediction method: Protein Homology.; homocitrate synthase
	[358246:358328:dir] Derived by automated computational analysis using gene prediction method: tRNAscan-SE.; tRNA-Leu
	[358279:358494:rev] Derived by automated computational analysis using gene prediction method: Protein Homology.; hypothetical protein
	[358663:358917:dir] Derived by automated computational analysis using gene prediction method: Protein Homology.; DUF4898 domain-containing protein
	[358962:359549:dir] Derived by automated computational analysis using gene prediction method: GeneMarkS-2+.; hypothetical protein
	[359611:359742:dir] Derived by automated computational analysis using gene prediction method: tRNAscan-SE.; tRNA-Trp
	[359925:361440:dir] frameshifted; internal stop; Derived by automated computational analysis using gene prediction method: Protein Homology.; oxidase
	[361619:361843:dir] Derived by automated computational analysis using gene prediction method: Protein Homology.; AbrB/MazE/SpoVT family DNA-binding domain-containing protein
	[361843:362232:dir] Derived by automated computational analysis using gene prediction method: Protein Homology.; PIN domain-containing protein
	[362531:364035:dir] 16S ribosomal RNA
	[364231:367199:dir] 23S ribosomal RNA
	[367978:368398:rev] frameshifted; incomplete; partial on complete genome; missing C-terminus; Derived by automated computational analysis using gene prediction method: Protein Homology.; hypothetical protein
	[368843:370228:dir] Derived by automated computational analysis using gene prediction method: GeneMarkS-2+.; hypothetical protein
	[370294:370764:dir] Derived by automated computational analysis using gene prediction method: Protein Homology.; superfamily I DNA and RNA helicase and helicaseubunit
	[371234:371440:dir] Derived by automated computational analysis using gene prediction method: GeneMarkS-2+.; hypothetical protein
	[371606:371923:dir] Derived by automated computational analysis using gene prediction method: Protein Homology.; hypothetical protein
	[372500:372817:rev] Derived by automated computational analysis using gene prediction method: Protein Homology.; type II toxin-antitoxin system RelE/ParE family toxin
	[373156:374528:rev] frameshifted; internal stop; Derived by automated computational analysis using gene prediction method: Protein Homology.; MFS transporter
	[374645:375702:rev] frameshifted; Derived by automated computational analysis using gene prediction method: Protein Homology.; AAA family ATPase
	[375811:376002:dir] Derived by automated computational analysis using gene prediction method: GeneMarkS-2+.; hypothetical protein
	[376376:377020:dir] Derived by automated computational analysis using gene prediction method: Protein Homology.; methyltransferase domain-containing protein
	[377073:377462:dir] Derived by automated computational analysis using gene prediction method: GeneMarkS-2+.; hypothetical protein
	[377452:378684:rev] Derived by automated computational analysis using gene prediction method: GeneMarkS-2+.; hypothetical protein
	[378760:379317:dir] Derived by automated computational analysis using gene prediction method: Protein Homology.; hypothetical protein
	[379301:380071:rev] Derived by automated computational analysis using gene prediction method: Protein Homology.; MBL fold metallo-hydrolase
	[380073:380489:rev] Derived by automated computational analysis using gene prediction method: GeneMarkS-2+.; hypothetical protein
<END>
<GI> CP045482:5 <COORDINATES> 453500-479099 <STAT> n1_4mer:GRV/n1_4mer:RV = 2.308069; n0_4mer:D = 22.851562; n0_4mer:PS = 20.877492
	[453500:454672:rev] Derived by automated computational analysis using gene prediction method: Protein Homology.; hypothetical protein
	[454765:456021:dir] Derived by automated computational analysis using gene prediction method: Protein Homology.; hypothetical protein
	[456022:456283:dir] frameshifted; internal stop; incomplete; partial on complete genome; missing N-terminus; Derived by automated computational analysis using gene prediction method: Protein Homology.; HEPN domain-containing protein
	[456439:456635:dir] frameshifted; Derived by automated computational analysis using gene prediction method: Protein Homology.; HEPN domain-containing protein
	[456611:456939:dir] frameshifted; Derived by automated computational analysis using gene prediction method: Protein Homology.; nucleotidyltransferase domain-containing protein
	[457090:457290:rev] Derived by automated computational analysis using gene prediction method: Protein Homology.; hypothetical protein
	[457505:457789:rev] Derived by automated computational analysis using gene prediction method: Protein Homology.; hypothetical protein
	[457852:458124:dir] Derived by automated computational analysis using gene prediction method: Protein Homology.; hypothetical protein
	[458553:459290:dir] This integrase is similar to a family of tyrosine recombinases and, like other integrases, is encoded by an ORF close to the attachment site. The SSV-1 integrase is not essential for replication; Derived by automated computational analysis using gene prediction method: Protein Homology.; integrase
	[459323:460006:rev] Derived by automated computational analysis using gene prediction method: Protein Homology.; hypothetical protein
	[460008:460487:rev] Derived by automated computational analysis using gene prediction method: Protein Homology.; hypothetical protein
	[460480:460758:rev] Derived by automated computational analysis using gene prediction method: Protein Homology.; hypothetical protein
	[460759:461607:rev] Derived by automated computational analysis using gene prediction method: Protein Homology.; hypothetical protein
	[461600:461881:rev] Derived by automated computational analysis using gene prediction method: Protein Homology.; phosphoribosylformylglycinamidine synthase
	[461897:462145:rev] Derived by automated computational analysis using gene prediction method: Protein Homology.; hypothetical protein
	[462179:462403:rev] Derived by automated computational analysis using gene prediction method: Protein Homology.; capsid protein VP2
	[462414:462704:rev] Derived by automated computational analysis using gene prediction method: Protein Homology.; DUF1035 domain-containing protein
	[462718:463134:rev] Derived by automated computational analysis using gene prediction method: Protein Homology.; DUF1035 domain-containing protein
	[463091:463426:rev] Derived by automated computational analysis using gene prediction method: Protein Homology.; winged helix-turn-helix transcriptional regulator
	[463423:463926:rev] Derived by automated computational analysis using gene prediction method: Protein Homology.; hypothetical protein
	[463916:464158:rev] Derived by automated computational analysis using gene prediction method: Protein Homology.; hypothetical protein
	[464158:466578:rev] Derived by automated computational analysis using gene prediction method: Protein Homology.; hypothetical protein
	[467015:467977:rev] Derived by automated computational analysis using gene prediction method: GeneMarkS-2+.; hypothetical protein
	[468297:468674:rev] Derived by automated computational analysis using gene prediction method: Protein Homology.; hypothetical protein
	[468695:468979:rev] Derived by automated computational analysis using gene prediction method: GeneMarkS-2+.; hypothetical protein
	[468976:469275:rev] Derived by automated computational analysis using gene prediction method: GeneMarkS-2+.; hypothetical protein
	[469272:469409:rev] Derived by automated computational analysis using gene prediction method: Protein Homology.; hypothetical protein
	[469406:469687:rev] Derived by automated computational analysis using gene prediction method: GeneMarkS-2+.; hypothetical protein
	[469848:470024:rev] Derived by automated computational analysis using gene prediction method: Protein Homology.; CopG family transcriptional regulator
	[470021:470275:rev] Derived by automated computational analysis using gene prediction method: GeneMarkS-2+.; hypothetical protein
	[470272:470724:rev] Derived by automated computational analysis using gene prediction method: GeneMarkS-2+.; hypothetical protein
	[471282:471524:dir] Derived by automated computational analysis using gene prediction method: Protein Homology.; hypothetical protein
	[471755:471940:dir] Derived by automated computational analysis using gene prediction method: Protein Homology.; hypothetical protein
	[471937:472479:dir] Derived by automated computational analysis using gene prediction method: Protein Homology.; chromosome partition protein
	[472481:472663:dir] Derived by automated computational analysis using gene prediction method: Protein Homology.; protein D-63
	[472672:473457:dir] Derived by automated computational analysis using gene prediction method: Protein Homology.; phosphoadenosine phosphosulfate reductase family protein
	[473474:474115:dir] Derived by automated computational analysis using gene prediction method: Protein Homology.; hypothetical protein
	[474112:474435:dir] Derived by automated computational analysis using gene prediction method: Protein Homology.; hypothetical protein
	[474389:474634:rev] Derived by automated computational analysis using gene prediction method: Protein Homology.; hypothetical protein
	[474642:474863:dir] This integrase is similar to a family of tyrosine recombinases and, like other integrases, is encoded by an ORF close to the attachment site. The SSV-1 integrase is not essential for replication.; incomplete; partial on complete genome; missing C-terminus; Derived by automated computational analysis using gene prediction method: Protein Homology.; integrase
	[474816:474889:rev] Derived by automated computational analysis using gene prediction method: tRNAscan-SE.; tRNA-Cys
	[474947:475342:rev] Derived by automated computational analysis using gene prediction method: GeneMarkS-2+.; hypothetical protein
	[475532:476224:dir] Derived by automated computational analysis using gene prediction method: Protein Homology.; purine-nucleoside phosphorylase
	[476235:476990:dir] Derived by automated computational analysis using gene prediction method: Protein Homology.; TSUP family transporter
	[477124:478965:dir] Derived by automated computational analysis using gene prediction method: Protein Homology.; amino acid permease
<END>
<GI> CP045482:6 <COORDINATES> 574187-593599 <STAT> n1_4mer:GRV/n1_4mer:RV = 1.539120; n0_4mer:D = 17.305042; n0_4mer:PS = 27.443456
	[574187:575077:rev] Derived by automated computational analysis using gene prediction method: Protein Homology.; radical SAM protein
	[575074:576099:rev] Derived by automated computational analysis using gene prediction method: Protein Homology.; lipoate--protein ligase family protein
	[576168:576656:rev] Derived by automated computational analysis using gene prediction method: Protein Homology.; HAD family hydrolase
	[576709:577125:dir] Derived by automated computational analysis using gene prediction method: Protein Homology.; glycine cleavage system protein H
	[577118:578212:rev] Derived by automated computational analysis using gene prediction method: Protein Homology.; lipoate--protein ligase family protein
	[578214:578660:rev] gcvH; Derived by automated computational analysis using gene prediction method: Protein Homology.; glycine cleavage system protein GcvH
	[578719:579348:rev] Derived by automated computational analysis using gene prediction method: Protein Homology.; CBS domain-containing protein
	[579544:579990:dir] Derived by automated computational analysis using gene prediction method: Protein Homology.; hypothetical protein
	[579986:580405:dir] Derived by automated computational analysis using gene prediction method: Protein Homology.; OsmC family peroxiredoxin
	[580476:580805:rev] Derived by automated computational analysis using gene prediction method: Protein Homology.; hypothetical protein
	[580973:581890:rev] Derived by automated computational analysis using gene prediction method: Protein Homology.; disulfide reductase
	[581887:582579:rev] Derived by automated computational analysis using gene prediction method: Protein Homology.; 4Fe-4S dicluster domain-containing protein
	[582566:583255:rev] Derived by automated computational analysis using gene prediction method: Protein Homology.; hypothetical protein
	[583302:584381:rev] Derived by automated computational analysis using gene prediction method: Protein Homology.; FAD-binding protein
	[584430:585764:rev] Derived by automated computational analysis using gene prediction method: Protein Homology.; heterodisulfide reductase subunit B
	[585887:586720:rev] Derived by automated computational analysis using gene prediction method: Protein Homology.; 4Fe-4S dicluster domain-containing protein
	[586792:587034:rev] Derived by automated computational analysis using gene prediction method: Protein Homology.; response regulator SirA
	[587045:587461:rev] Derived by automated computational analysis using gene prediction method: Protein Homology.; peroxiredoxin
	[587617:588000:dir] Derived by automated computational analysis using gene prediction method: Protein Homology.; sulfur reduction protein DsrE
	[588000:589331:dir] Derived by automated computational analysis using gene prediction method: Protein Homology.; pyridine nucleotide-disulfide oxidoreductase
	[589324:589665:dir] Derived by automated computational analysis using gene prediction method: Protein Homology.; hypothetical protein
	[589662:590198:dir] Derived by automated computational analysis using gene prediction method: Protein Homology.; glutaredoxin
	[590478:590798:rev] Derived by automated computational analysis using gene prediction method: Protein Homology.; hypothetical protein
	[590882:591901:rev] Derived by automated computational analysis using gene prediction method: Protein Homology.; histone deacetylase family protein
	[591903:592163:rev] Derived by automated computational analysis using gene prediction method: Protein Homology.; sulfurtransferase TusA family protein
	[592285:593436:dir] Derived by automated computational analysis using gene prediction method: Protein Homology.; IS200/IS605 family element transposase accessory protein TnpB
<END>
<GI> CP045482:7 <COORDINATES> 934087-953603 <STAT> n1_4mer:GRV/n1_4mer:RV = 1.589976; n0_4mer:D = 14.700875; n0_4mer:PS = 23.955415
	[934087:934746:rev] tenA; Derived by automated computational analysis using gene prediction method: Protein Homology.; thiaminase II
	[934769:935305:rev] Derived by automated computational analysis using gene prediction method: Protein Homology.; CRISPR-associated protein
	[935394:935651:dir] Derived by automated computational analysis using gene prediction method: Protein Homology.; VapB-type antitoxin
	[935746:936009:dir] Derived by automated computational analysis using gene prediction method: Protein Homology.; PIN domain-containing protein
	[936006:936785:rev] Derived by automated computational analysis using gene prediction method: Protein Homology.; KaiC domain-containing protein
	[936896:937369:dir] Derived by automated computational analysis using gene prediction method: Protein Homology.; protein phosphatase
	[937341:937967:dir] Derived by automated computational analysis using gene prediction method: Protein Homology.; endonuclease V
	[937961:938557:dir] Derived by automated computational analysis using gene prediction method: Protein Homology.; isochorismatase family protein
	[938574:939551:dir] Derived by automated computational analysis using gene prediction method: Protein Homology.; DHH family phosphoesterase
	[939632:940279:dir] Derived by automated computational analysis using gene prediction method: Protein Homology.; peroxiredoxin
	[940310:940954:rev] Derived by automated computational analysis using gene prediction method: Protein Homology.; metallophosphoesterase
	[940990:942132:dir] Derived by automated computational analysis using gene prediction method: Protein Homology.; DUF763 domain-containing protein
	[942110:943225:dir] catalyzes the formation of citrate from acetyl-CoA and oxaloacetate; Derived by automated computational analysis using gene prediction method: Protein Homology.; citrate synthase
	[943258:943917:dir] Derived by automated computational analysis using gene prediction method: Protein Homology.; DUF47 family protein
	[943906:944871:rev] Derived by automated computational analysis using gene prediction method: Protein Homology.; inorganic phosphate transporter
	[944858:945067:rev] Derived by automated computational analysis using gene prediction method: Protein Homology.; ribbon-helix-helix protein, CopG family
	[945172:947286:dir] Derived by automated computational analysis using gene prediction method: Protein Homology.; DEAD/DEAH box helicase
	[947419:948987:rev] Derived by automated computational analysis using gene prediction method: Protein Homology.; methylmalonyl-CoA carboxyltransferase
	[949028:949531:rev] Derived by automated computational analysis using gene prediction method: Protein Homology.; biotin/lipoyl-binding protein
	[949531:951063:rev] catalyzes the ATP-dependent carboxylation of a covalently attached biotin and the transfer of the carboxyl group to pyruvate forming oxaloacetate; Derived by automated computational analysis using gene prediction method: Protein Homology.; acetyl-CoA carboxylase biotin carboxylase subunit
	[951260:952894:rev] Derived by automated computational analysis using gene prediction method: Protein Homology.; ABC transporter permease subunit
	[952887:953603:rev] Derived by automated computational analysis using gene prediction method: Protein Homology.; ATP-binding cassette domain-containing protein
<END>
<GI> CP045482:8 <COORDINATES> 1329143-1370671 <STAT> n1_4mer:GRV/n1_4mer:RV = 1.924335; n0_4mer:D = 21.320553; n0_4mer:PS = 23.430994
	[1329143:1331398:dir] cadA; Derived by automated computational analysis using gene prediction method: Protein Homology.; cadmium-translocating P-type ATPase
	[1331501:1331655:dir] frameshifted; internal stop; incomplete; partial on complete genome; missing C-terminus; Derived by automated computational analysis using gene prediction method: Protein Homology.; ATP-binding protein
	[1331691:1331858:dir] incomplete; partial on complete genome; missing C-terminus; Derived by automated computational analysis using gene prediction method: Protein Homology.; transposase
	[1331821:1332225:rev] Derived by automated computational analysis using gene prediction method: Protein Homology.; hypothetical protein
	[1332804:1333988:rev] Derived by automated computational analysis using gene prediction method: Protein Homology.; MFS transporter
	[1334309:1334800:rev] Derived by automated computational analysis using gene prediction method: Protein Homology.; hydrogenase maturation protease
	[1334782:1335213:rev] Derived by automated computational analysis using gene prediction method: Protein Homology.; hypothetical protein
	[1335210:1335422:rev] Derived by automated computational analysis using gene prediction method: Protein Homology.; hypothetical protein
	[1335432:1336451:rev] hypE; Derived by automated computational analysis using gene prediction method: Protein Homology.; hydrogenase expression/formation protein HypE
	[1336458:1336763:rev] Derived by automated computational analysis using gene prediction method: Protein Homology.; HypC/HybG/HupF family hydrogenase formation chaperone
	[1336765:1337952:rev] hypD; Derived by automated computational analysis using gene prediction method: Protein Homology.; hydrogenase formation protein HypD
	[1337955:1338560:rev] Derived by automated computational analysis using gene prediction method: GeneMarkS-2+.; hypothetical protein
	[1338553:1338894:rev] Derived by automated computational analysis using gene prediction method: Protein Homology.; Rieske 2Fe-2S domain-containing protein
	[1338894:1340783:rev] Derived by automated computational analysis using gene prediction method: Protein Homology.; cytochrome B
	[1340837:1342201:rev] Derived by automated computational analysis using gene prediction method: Protein Homology.; 4Fe-4S dicluster domain-containing protein
	[1342202:1343011:rev] Derived by automated computational analysis using gene prediction method: GeneMarkS-2+.; hypothetical protein
	[1343011:1344273:rev] Derived by automated computational analysis using gene prediction method: Protein Homology.; hyaluronate lyase
	[1344579:1344869:dir] tatA; Derived by automated computational analysis using gene prediction method: Protein Homology.; twin-arginine translocase TatA/TatE family subunit
	[1344947:1345285:dir] Derived by automated computational analysis using gene prediction method: Protein Homology.; translocase
	[1345269:1346108:dir] tatC; Derived by automated computational analysis using gene prediction method: Protein Homology.; twin-arginine translocase subunit TatC
	[1346177:1346716:dir] Derived by automated computational analysis using gene prediction method: Protein Homology.; tetratricopeptide repeat protein
	[1346778:1347479:dir] Derived by automated computational analysis using gene prediction method: Protein Homology.; succinate dehydrogenase/fumarate reductase iron-sulfur subunit
	[1347476:1347832:dir] Derived by automated computational analysis using gene prediction method: Protein Homology.; hypothetical protein
	[1347769:1348152:dir] Derived by automated computational analysis using gene prediction method: Protein Homology.; hypothetical protein
	[1348129:1348632:rev] Derived by automated computational analysis using gene prediction method: GeneMarkS-2+.; hypothetical protein
	[1348717:1349223:dir] Derived by automated computational analysis using gene prediction method: Protein Homology.; hypothetical protein
	[1349346:1349624:dir] Derived by automated computational analysis using gene prediction method: GeneMarkS-2+.; hypothetical protein
	[1349627:1351471:rev] Derived by automated computational analysis using gene prediction method: Protein Homology.; hypothetical protein
	[1351679:1352410:dir] Derived by automated computational analysis using gene prediction method: Protein Homology.; methyltransferase domain-containing protein
	[1352407:1352928:rev] Derived by automated computational analysis using gene prediction method: Protein Homology.; Aa3-type terminal oxidase
	[1352922:1353446:rev] Derived by automated computational analysis using gene prediction method: Protein Homology.; TQO small subunit DoxD
	[1353776:1356832:dir] Derived by automated computational analysis using gene prediction method: Protein Homology.; molybdopterin-dependent oxidoreductase
	[1356847:1357530:dir] Derived by automated computational analysis using gene prediction method: Protein Homology.; 4Fe-4S dicluster domain-containing protein
	[1357527:1358921:dir] Derived by automated computational analysis using gene prediction method: Protein Homology.; sulfur reduction protein DsrP
	[1358927:1360348:dir] Derived by automated computational analysis using gene prediction method: Protein Homology.; 4Fe-4S dicluster domain-containing protein
	[1360329:1360865:dir] Derived by automated computational analysis using gene prediction method: Protein Homology.; hypothetical protein
	[1360925:1361923:rev] Derived by automated computational analysis using gene prediction method: Protein Homology.; molybdopterin-binding protein
	[1362106:1362816:dir] Derived by automated computational analysis using gene prediction method: Protein Homology.; hypothetical protein
	[1362804:1363322:rev] Derived by automated computational analysis using gene prediction method: GeneMarkS-2+.; hypothetical protein
	[1363548:1363922:dir] Derived by automated computational analysis using gene prediction method: Protein Homology.; CBS domain-containing protein
	[1363919:1364881:rev] Derived by automated computational analysis using gene prediction method: Protein Homology.; hypothetical protein
	[1364936:1365862:rev] Derived by automated computational analysis using gene prediction method: Protein Homology.; NAD-dependent epimerase/dehydratase family protein
	[1366048:1366371:dir] Derived by automated computational analysis using gene prediction method: Protein Homology.; hypothetical protein
	[1366408:1367046:dir] Derived by automated computational analysis using gene prediction method: Protein Homology.; hypothetical protein
	[1367015:1367959:rev] Derived by automated computational analysis using gene prediction method: Protein Homology.; radical SAM protein
	[1368045:1368284:rev] Derived by automated computational analysis using gene prediction method: GeneMarkS-2+.; hypothetical protein
	[1368480:1369205:rev] Derived by automated computational analysis using gene prediction method: Protein Homology.; hypothetical protein
	[1369437:1369703:dir] pqqD; Derived by automated computational analysis using gene prediction method: Protein Homology.; pyrroloquinoline quinone biosynthesis peptide chaperone PqqD
	[1369700:1370671:dir] Derived by automated computational analysis using gene prediction method: Protein Homology.; radical SAM protein
<END>
<GI> CP045482:9 <COORDINATES> 1905060-1928454 <STAT> n1_4mer:GRV/n1_4mer:RV = 2.121829; n0_4mer:D = 16.898711; n0_4mer:PS = 37.142161
	[1905060:1906049:dir] Derived by automated computational analysis using gene prediction method: Protein Homology.; MBL fold metallo-hydrolase
	[1906046:1907149:rev] Derived by automated computational analysis using gene prediction method: Protein Homology.; FAD-dependent oxidoreductase
	[1907151:1908551:rev] Derived by automated computational analysis using gene prediction method: Protein Homology.; hypothetical protein
	[1908548:1910143:rev] Derived by automated computational analysis using gene prediction method: Protein Homology.; nucleotide pyrophosphatase
	[1910153:1910407:rev] Derived by automated computational analysis using gene prediction method: Protein Homology.; hypothetical protein
	[1910404:1911066:rev] Derived by automated computational analysis using gene prediction method: Protein Homology.; uroporphyrinogen-III synthase
	[1911047:1911925:rev] hemC; Derived by automated computational analysis using gene prediction method: Protein Homology.; hydroxymethylbilane synthase
	[1911922:1913172:rev] hemL; Derived by automated computational analysis using gene prediction method: Protein Homology.; glutamate-1-semialdehyde 2,1-aminomutase
	[1913169:1914182:rev] hemB; Derived by automated computational analysis using gene prediction method: Protein Homology.; porphobilinogen synthase
	[1914097:1915356:rev] Derived by automated computational analysis using gene prediction method: Protein Homology.; glutamyl-tRNA reductase
	[1915340:1915996:rev] Derived by automated computational analysis using gene prediction method: Protein Homology.; bifunctional precorrin-2 dehydrogenase/sirohydrochlorin ferrochelatase
	[1916052:1917107:rev] Derived by automated computational analysis using gene prediction method: Protein Homology.; flap endonuclease-1
	[1917104:1917334:rev] Derived by automated computational analysis using gene prediction method: Protein Homology.; hypothetical protein
	[1917340:1919643:rev] Derived by automated computational analysis using gene prediction method: Protein Homology.; CDC48 family AAA ATPase
	[1919695:1919970:rev] Derived by automated computational analysis using gene prediction method: Protein Homology.; elongation factor 1-beta
	[1919985:1920182:rev] Derived by automated computational analysis using gene prediction method: Protein Homology.; DUF1610 domain-containing protein
	[1920246:1920605:dir] Derived by automated computational analysis using gene prediction method: Protein Homology.; peptidyl-tRNA hydrolase
	[1920596:1921702:dir] truD; Derived by automated computational analysis using gene prediction method: Protein Homology.; tRNA pseudouridine(13) synthase TruD
	[1921699:1922991:rev] aspS; Derived by automated computational analysis using gene prediction method: Protein Homology.; aspartate--tRNA(Asn) ligase
	[1922992:1923498:rev] Derived by automated computational analysis using gene prediction method: Protein Homology.; transcription elongation factor NusA
	[1923570:1923740:dir] Derived by automated computational analysis using gene prediction method: Protein Homology.; 50S ribosomal protein L40e
	[1923727:1924290:rev] Derived by automated computational analysis using gene prediction method: Protein Homology.; nucleotidyltransferase
	[1924412:1926034:dir] Derived by automated computational analysis using gene prediction method: Protein Homology.; thiamine pyrophosphate-binding protein
	[1926133:1926495:dir] Derived by automated computational analysis using gene prediction method: Protein Homology.; hypothetical protein
	[1926895:1928454:dir] Derived by automated computational analysis using gene prediction method: Protein Homology.; helix-turn-helix domain-containing protein
<END>
<GI> CP045482:10 <COORDINATES> 2012500-2032505 <STAT> n1_4mer:GRV/n1_4mer:RV = 2.205194; n0_4mer:D = 17.469601; n0_4mer:PS = 31.774577
	[2012590:2012940:dir] Derived by automated computational analysis using gene prediction method: GeneMarkS-2+.; hypothetical protein
	[2012947:2013276:dir] Derived by automated computational analysis using gene prediction method: GeneMarkS-2+.; hypothetical protein
	[2014278:2014373:rev] Derived by automated computational analysis using gene prediction method: tRNAscan-SE.; tRNA-Ser
	[2014434:2014742:rev] Derived by automated computational analysis using gene prediction method: Protein Homology.; 30S ribosomal protein S10
	[2014762:2016069:rev] tuf; Derived by automated computational analysis using gene prediction method: Protein Homology.; translation elongation factor EF-1 subunit alpha
	[2016127:2016711:rev] Derived by automated computational analysis using gene prediction method: Protein Homology.; 30S ribosomal protein S7
	[2016796:2017275:dir] Derived by automated computational analysis using gene prediction method: Protein Homology.; bifunctional nuclease family protein
	[2017276:2017716:rev] Derived by automated computational analysis using gene prediction method: Protein Homology.; 30S ribosomal protein S12
	[2017726:2018157:rev] Derived by automated computational analysis using gene prediction method: Protein Homology.; NusA-like transcription termination signal-binding factor
	[2018170:2018487:rev] Derived by automated computational analysis using gene prediction method: Protein Homology.; 50S ribosomal protein L30e
	[2018492:2019670:rev] rpoA2; Derived by automated computational analysis using gene prediction method: Protein Homology.; DNA-directed RNA polymerase subunit A''
	[2019677:2022319:rev] rpoA1; Derived by automated computational analysis using gene prediction method: Protein Homology.; DNA-directed RNA polymerase subunit A'
	[2022312:2025683:rev] Derived by automated computational analysis using gene prediction method: Protein Homology.; DNA-directed RNA polymerase subunit B
	[2025688:2025942:rev] Derived by automated computational analysis using gene prediction method: Protein Homology.; DNA-directed RNA polymerase subunit H
	[2025995:2027272:rev] Derived by automated computational analysis using gene prediction method: Protein Homology.; malate dehydrogenase
	[2027346:2029139:dir] infB; Derived by automated computational analysis using gene prediction method: Protein Homology.; translation initiation factor IF-2
	[2029113:2029550:rev] Derived by automated computational analysis using gene prediction method: Protein Homology.; nucleoside-diphosphate kinase
	[2029550:2029738:rev] Derived by automated computational analysis using gene prediction method: Protein Homology.; 50S ribosomal protein L24e
	[2029806:2030051:dir] Derived by automated computational analysis using gene prediction method: Protein Homology.; 30S ribosomal protein S28e
	[2030056:2030706:dir] Derived by automated computational analysis using gene prediction method: Protein Homology.; uracil phosphoribosyltransferase
	[2030681:2031076:dir] cdd; Derived by automated computational analysis using gene prediction method: Protein Homology.; cytidine deaminase
	[2031087:2032505:dir] gatB; Derived by automated computational analysis using gene prediction method: Protein Homology.; Asp-tRNA(Asn)/Glu-tRNA(Gln) amidotransferase subunit GatB
<END>
<GI> CP045482:11 <COORDINATES> 2086207-2115408 <STAT> n1_4mer:GRV/n1_4mer:RV = 2.276477; n0_4mer:D = 17.430962; n0_4mer:PS = 33.355220
	[2086207:2087424:dir] Derived by automated computational analysis using gene prediction method: Protein Homology.; NTP transferase domain-containing protein
	[2087421:2088626:rev] ychF; Derived by automated computational analysis using gene prediction method: Protein Homology.; redox-regulated ATPase YchF
	[2088698:2089354:dir] Derived by automated computational analysis using gene prediction method: Protein Homology.; 50S ribosomal protein L15e
	[2089351:2089803:dir] Derived by automated computational analysis using gene prediction method: Protein Homology.; hypothetical protein
	[2089760:2090329:dir] Derived by automated computational analysis using gene prediction method: Protein Homology.; RNase P subunit p30
	[2090307:2090738:dir] Derived by automated computational analysis using gene prediction method: Protein Homology.; ribonuclease P
	[2090839:2091567:dir] psmA; Derived by automated computational analysis using gene prediction method: Protein Homology.; archaeal proteasome endopeptidase complex subunit alpha
	[2091577:2092275:dir] Derived by automated computational analysis using gene prediction method: Protein Homology.; ribosome assembly factor SBDS
	[2092277:2093020:dir] forms a homotrimeric complex that covers the face of the exosome RNA-processing complex; involved in substrate/cofactor recruitment and regulated processing; Derived by automated computational analysis using gene prediction method: Protein Homology.; RNA-binding protein
	[2092998:2093729:dir] Derived by automated computational analysis using gene prediction method: Protein Homology.; exosome complex exonuclease Rrp41
	[2093731:2094561:dir] Derived by automated computational analysis using gene prediction method: Protein Homology.; exosome complex protein Rrp42
	[2094572:2094790:dir] Derived by automated computational analysis using gene prediction method: Protein Homology.; 50S ribosomal protein L37ae
	[2094954:2095289:dir] Derived by automated computational analysis using gene prediction method: GeneMarkS-2+.; hypothetical protein
	[2095261:2095506:dir] Derived by automated computational analysis using gene prediction method: Protein Homology.; hypothetical protein
	[2095484:2095870:dir] Derived by automated computational analysis using gene prediction method: Protein Homology.; prefoldin subunit beta
	[2095897:2096592:dir] Derived by automated computational analysis using gene prediction method: Protein Homology.; multidrug MFS transporter
	[2096657:2098867:dir] Derived by automated computational analysis using gene prediction method: Protein Homology.; elongation factor EF-2
	[2098873:2099592:dir] Derived by automated computational analysis using gene prediction method: Protein Homology.; HAD-IIIA family hydrolase
	[2099575:2101074:rev] Derived by automated computational analysis using gene prediction method: Protein Homology.; M28 family peptidase
	[2100998:2101591:dir] Derived by automated computational analysis using gene prediction method: Protein Homology.; DUF447 family protein
	[2101605:2102621:dir] Derived by automated computational analysis using gene prediction method: Protein Homology.; 3-isopropylmalate dehydrogenase
	[2102683:2105832:dir] Derived by automated computational analysis using gene prediction method: Protein Homology.; isoleucine--tRNA ligase
	[2105833:2106570:dir] Derived by automated computational analysis using gene prediction method: Protein Homology.; hypothetical protein
	[2106620:2107639:dir] Derived by automated computational analysis using gene prediction method: Protein Homology.; 50S ribosomal protein L3
	[2107645:2108442:dir] Derived by automated computational analysis using gene prediction method: Protein Homology.; 50S ribosomal protein L4
	[2108439:2108687:dir] Derived by automated computational analysis using gene prediction method: Protein Homology.; 50S ribosomal protein L23
	[2108699:2109415:dir] Derived by automated computational analysis using gene prediction method: Protein Homology.; 50S ribosomal protein L2
	[2109456:2109875:dir] Derived by automated computational analysis using gene prediction method: Protein Homology.; 30S ribosomal protein S19
	[2109878:2110348:dir] Derived by automated computational analysis using gene prediction method: Protein Homology.; 50S ribosomal protein L22
	[2110349:2111032:dir] Derived by automated computational analysis using gene prediction method: Protein Homology.; 30S ribosomal protein S3
	[2111016:2111234:dir] rpmC; Derived by automated computational analysis using gene prediction method: Protein Homology.; 50S ribosomal protein L29
	[2111218:2111478:dir] Derived by automated computational analysis using gene prediction method: Protein Homology.; hypothetical protein
	[2111475:2111810:dir] Derived by automated computational analysis using gene prediction method: Protein Homology.; 30S ribosomal protein S17
	[2111810:2112226:dir] Derived by automated computational analysis using gene prediction method: Protein Homology.; 50S ribosomal protein L14
	[2112241:2112612:dir] Derived by automated computational analysis using gene prediction method: Protein Homology.; 50S ribosomal protein L24
	[2112612:2113328:dir] Derived by automated computational analysis using gene prediction method: Protein Homology.; 30S ribosomal protein S4e
	[2113331:2113867:dir] Derived by automated computational analysis using gene prediction method: Protein Homology.; 50S ribosomal protein L5
	[2113878:2114042:dir] Derived by automated computational analysis using gene prediction method: Protein Homology.; 30S ribosomal protein S14
	[2114048:2114449:dir] Derived by automated computational analysis using gene prediction method: Protein Homology.; 30S ribosomal protein S8
	[2114462:2115007:dir] Derived by automated computational analysis using gene prediction method: Protein Homology.; 50S ribosomal protein L6
	[2115007:2115408:dir] Derived by automated computational analysis using gene prediction method: Protein Homology.; 50S ribosomal protein L32e
<END>