<GI> CP029289:1 <COORDINATES> 224636-243921 <STAT> n1_4mer:GRV/n1_4mer:RV = 1.675666; n0_4mer:D = 14.032101; n0_4mer:PS = 23.395054
	[224636:226168:rev] phosphoenolpyruvate carboxylase
	[226221:226667:dir] redoxin domain-containing protein
	[226660:228165:rev] NAD(P)H-hydrate dehydratase
	[228494:229042:dir] rubrerythrin
	[229131:230033:dir] IS5 family transposase
	[230186:231670:dir] DUF853 family protein
	[231678:232820:dir] exonuclease SbcCD subunit D
	[232810:235407:dir] AAA family ATPase
	[235400:236392:dir] hypothetical protein
	[236380:237177:rev] cation diffusion facilitator family transporter
	[237187:237792:rev] methyltransferase domain-containing protein
	[237779:238258:rev] hypothetical protein
	[238561:239367:dir] CBS domain-containing protein
	[239364:239660:rev] MTH1187 family thiamine-binding protein
	[239749:240153:dir] transcriptional repressor
	[240134:241048:rev] nucleoside hydrolase
	[241353:243101:dir] hypothetical protein
	[243067:243393:rev] hypothetical protein
	[243427:243921:rev] CBS domain-containing protein
<END>
<GI> CP029289:2 <COORDINATES> 306338-327563 <STAT> n1_4mer:GRV/n1_4mer:RV = 2.368015; n0_4mer:D = 14.711008; n0_4mer:PS = 28.584480
	[306338:308677:dir] leucyl aminopeptidase
	[308664:309362:rev] hypothetical protein
	[309377:312172:rev] leuS; leucine--tRNA ligase
	[312214:313266:rev] TIGR04084 family radical SAM/SPASM domain-containing protein
	[313378:313800:dir] hypothetical protein
	[313787:314371:rev] hypothetical protein
	[314496:315785:rev] IS200/IS605 family element transposase accessory protein TnpB
	[315763:316338:rev] IS607 family transposase
	[316486:317127:rev] hypothetical protein
	[317124:317765:rev] TenA family protein
	[317762:318478:rev] SDR family oxidoreductase
	[318489:320432:rev] DUF255 domain-containing protein
	[320476:321102:rev] hypothetical protein
	[321297:322178:dir] hypothetical protein
	[322159:322689:dir] hypothetical protein
	[322895:324502:dir] DUF87 domain-containing protein
	[324510:327563:dir] hypothetical protein
<END>
<GI> CP029289:3 <COORDINATES> 546448-566599 <STAT> n1_4mer:GRV/n1_4mer:RV = 1.518821; n0_4mer:D = 16.008025; n0_4mer:PS = 11.994153
	[546448:547494:rev] preA; NAD-dependent dihydropyrimidine dehydrogenase subunit PreA
	[547663:549093:dir] hydA; dihydropyrimidinase
	[549100:550689:dir] transporter
	[550692:551057:dir] DUF523 domain-containing protein
	[551410:552051:dir] IS607 family transposase
	[552035:553261:dir] IS200/IS605 family element transposase accessory protein TnpB
	[553336:553872:dir] hypothetical protein
	[553766:554431:dir] hypothetical protein
	[554712:555581:rev] frameshifted; internal stop; transposase
	[555879:556247:dir] hypothetical protein
	[556427:557338:rev] frameshifted; IS5/IS1182 family transposase
	[557532:557887:rev] frameshifted; hypothetical protein
	[558079:559368:rev] IS200/IS605 family element transposase accessory protein TnpB
	[559346:559924:rev] IS607 family transposase
	[559981:560331:rev] PIN domain-containing protein
	[560328:560408:rev] incomplete; partial in the middle of a contig; missing N-terminus; VapB-type antitoxin
	[560597:561781:rev] hypothetical protein
	[561750:563129:rev] radical SAM protein
	[563187:563684:rev] hypothetical protein
	[565189:566244:rev] ISH3 family transposase
<END>
<GI> CP029289:4 <COORDINATES> 721419-740099 <STAT> n1_4mer:GRV/n1_4mer:RV = 1.673709; n0_4mer:D = 16.339373; n0_4mer:PS = 20.146587
	[721419:721727:dir] hypothetical protein
	[721818:722372:rev] hypothetical protein
	[722676:722966:dir] antibiotic biosynthesis monooxygenase
	[723041:723922:dir] hypothetical protein
	[723889:724443:rev] tetratricopeptide repeat protein
	[724580:725836:dir] hyaluronate lyase
	[725838:726656:dir] hypothetical protein
	[726656:728017:dir] 4Fe-4S dicluster domain-containing protein
	[728073:729962:dir] cytochrome B
	[729959:730282:dir] Rieske 2Fe-2S domain-containing protein
	[730275:730910:dir] hypothetical protein
	[730897:732084:dir] hypD; hydrogenase formation protein HypD
	[732086:732397:dir] hydrogenase expression/formation protein
	[732397:733413:dir] hypE; hydrogenase expression/formation protein HypE
	[733425:733640:dir] hypothetical protein
	[733640:734071:dir] hypothetical protein
	[734053:734529:dir] hydrogenase maturation protease
	[734629:735246:dir] hypothetical protein
	[735260:736591:rev] hypothetical protein
	[736597:737103:rev] hypothetical protein
	[737552:738043:dir] hypothetical protein
	[737984:738463:rev] hypothetical protein
	[738435:739718:rev] AAA family ATPase
	[739826:739939:rev] incomplete; partial in the middle of a contig; missing N-terminus; ISNCY family transposase
<END>
<GI> CP029289:5 <COORDINATES> 747931-770099 <STAT> n1_4mer:GRV/n1_4mer:RV = 1.488522; n0_4mer:D = 15.582442; n0_4mer:PS = 24.680229
	[747931:748671:dir] ATP-binding cassette domain-containing protein
	[748646:749383:dir] hypothetical protein
	[749404:749585:rev] frameshifted; hypothetical protein
	[749589:750236:rev] multicopper oxidase domain-containing protein
	[750453:750680:dir] hypothetical protein
	[750666:751406:rev] P-loop NTPase
	[751381:751824:rev] hydrogenase maturation nickel metallochaperone HypA
	[751916:752203:rev] hypothetical protein
	[752598:753770:rev] amidohydrolase family protein
	[754113:754457:rev] nucleotidyltransferase domain-containing protein
	[754433:754819:rev] HEPN domain-containing protein
	[755281:756328:rev] frameshifted; IS110 family transposase
	[756453:757580:rev] frameshifted; IS110 family transposase
	[757908:758315:dir] hypothetical protein
	[758324:758668:dir] hypothetical protein
	[758625:759482:dir] hypothetical protein
	[759491:759700:rev] hypothetical protein
	[759852:761063:rev] AAA family ATPase
	[761396:763039:rev] thermosome subunit
	[763314:763679:dir] DUF302 domain-containing protein
	[763921:764883:dir] gfo/Idh/MocA family oxidoreductase
	[765147:766183:rev] frameshifted; IS110 family transposase
	[766332:767537:dir] IS200/IS605 family element transposase accessory protein TnpB
	[767659:768636:dir] hypothetical protein
	[768717:769097:rev] hypothetical protein
	[769078:769470:rev] HEPN domain-containing protein
<END>
<GI> CP029289:6 <COORDINATES> 874925-893249 <STAT> n1_4mer:GRV/n1_4mer:RV = 1.506626; n0_4mer:D = 15.625000; n0_4mer:PS = 18.893897
	[874925:876766:rev] hypothetical protein
	[876763:877266:rev] hypothetical protein
	[877402:877992:dir] hypothetical protein
	[878002:879108:dir] AAA family ATPase
	[879114:879716:dir] hypothetical protein
	[879727:881271:dir] protein kinase
	[881762:882136:dir] hypothetical protein
	[882431:883486:dir] ISH3 family transposase
	[883691:883976:rev] frameshifted; ATP-binding protein
	[884281:884724:rev] incomplete; partial in the middle of a contig; missing N-terminus; IS607 family transposase
	[884732:885783:rev] frameshifted; ISH3 family transposase
	[885932:886138:rev] incomplete; partial in the middle of a contig; missing C-terminus; helix-turn-helix domain-containing protein
	[886146:886337:rev] incomplete; partial in the middle of a contig; missing C-terminus; MFS transporter
	[886430:887001:rev] frameshifted; internal stop; methyltransferase domain-containing protein
	[887059:887715:rev] hypothetical protein
	[887898:889016:dir] internal stop; PhoH family protein
	[889129:889374:dir] hypothetical protein
	[889527:889739:dir] hypothetical protein
	[889736:890020:dir] incomplete; partial in the middle of a contig; missing C-terminus; hypothetical protein
	[890017:890798:rev] frameshifted; internal stop; incomplete; partial in the middle of a contig; missing N-terminus; hypothetical protein
	[890866:892194:dir] protein kinase
	[892524:893249:rev] DUF91 domain-containing protein
<END>
<GI> CP029289:7 <COORDINATES> 912000-935433 <STAT> n1_4mer:GRV/n1_4mer:RV = 1.532872; n0_4mer:D = 15.923298; n0_4mer:PS = 23.449557
	[912489:912719:dir] hypothetical protein
	[912701:913090:dir] PIN domain-containing protein
	[913407:913796:rev] hypothetical protein
	[913747:914088:rev] hypothetical protein
	[914142:914276:dir] incomplete; partial in the middle of a contig; missing N-terminus; conjugal transfer protein
	[914344:914709:dir] incomplete; partial in the middle of a contig; missing N-terminus; ISNCY family transposase
	[914729:914926:rev] incomplete; partial in the middle of a contig; missing N-terminus; HEPN domain-containing protein
	[915038:915523:rev] PIN domain-containing protein
	[915523:915939:rev] VapB-like antitoxin
	[916203:916847:rev] frameshifted; incomplete; partial in the middle of a contig; missing C-terminus; DUF4322 domain-containing protein
	[917259:918155:dir] DUF3800 domain-containing protein
	[918438:918643:dir] frameshifted; incomplete; partial in the middle of a contig; missing N-terminus; IS5/IS1182 family transposase
	[918852:919310:dir] hypothetical protein
	[919402:919740:rev] hypothetical protein
	[919899:920357:dir] conjugal transfer protein
	[920370:921347:dir] hypothetical protein
	[922157:923386:dir] AAA family ATPase
	[923627:923872:dir] VapB-type antitoxin
	[923856:924251:dir] PIN domain-containing protein
	[924916:926007:dir] hypothetical protein
	[926363:926551:rev] VapB-type antitoxin
	[926915:927448:rev] hypothetical protein
	[927507:928919:rev] AAA family ATPase
	[929184:930098:dir] frameshifted; IS5/IS1182 family transposase
	[930239:930595:dir] NAD-dependent epimerase/dehydratase family protein
	[930884:931503:rev] frameshifted; FkbM family methyltransferase
	[931709:932632:rev] cmr3; type III-B CRISPR module-associated protein Cmr3
	[932629:935433:rev] cas10; type III-B CRISPR-associated protein Cas10/Cmr2
<END>
<GI> CP029289:8 <COORDINATES> 1111622-1136413 <STAT> n1_4mer:GRV/n1_4mer:RV = 2.272080; n0_4mer:D = 13.250851; n0_4mer:PS = 22.639786
	[1111622:1112602:rev] ABC transporter substrate-binding protein
	[1112638:1113309:rev] Dna2/Cas4 domain-containing protein
	[1113409:1114425:dir] potassium transporter TrkA
	[1114422:1115189:rev] winged helix-turn-helix transcriptional regulator
	[1115320:1115502:dir] hypothetical protein
	[1115537:1116781:dir] homoaconitate hydratase family protein
	[1116778:1117260:dir] 3-isopropylmalate dehydratase small subunit
	[1117314:1118090:rev] KaiC domain-containing protein
	[1118159:1118614:dir] protein phosphatase
	[1118611:1119207:dir] endonuclease V
	[1119233:1119832:dir] isochorismatase family protein
	[1119851:1120834:dir] DHH family phosphoesterase
	[1120909:1121556:dir] peroxiredoxin
	[1121563:1122216:rev] metallophosphoesterase
	[1122251:1123399:dir] DUF763 domain-containing protein
	[1123377:1124492:dir] catalyzes the formation of citrate from acetyl-CoA and oxaloacetate; citrate synthase
	[1124504:1124714:rev] frameshifted; hypothetical protein
	[1124860:1125903:dir] frameshifted; IS110 family transposase
	[1126060:1126719:dir] DUF47 family protein
	[1126714:1127673:rev] inorganic phosphate transporter
	[1127673:1127876:rev] ribbon-helix-helix protein, CopG family
	[1128040:1130160:dir] DEAD/DEAH box helicase
	[1130267:1131841:rev] methylmalonyl-CoA carboxyltransferase
	[1131922:1132425:rev] biotin/lipoyl-binding protein
	[1132425:1133954:rev] catalyzes the ATP-dependent carboxylation of a covalently attached biotin and the transfer of the carboxyl group to pyruvate forming oxaloacetate; acetyl-CoA carboxylase biotin carboxylase subunit
	[1134094:1135707:rev] ABC transporter permease subunit
	[1135700:1136413:rev] ATP-binding cassette domain-containing protein
<END>
<GI> CP029289:9 <COORDINATES> 1244872-1290617 <STAT> n1_4mer:GRV/n1_4mer:RV = 1.946035; n0_4mer:D = 14.399118; n0_4mer:PS = 24.605352
	[1244872:1246053:dir] glycosyltransferase
	[1246019:1246786:dir] NTP transferase domain-containing protein
	[1246783:1247031:rev] hypothetical protein
	[1247302:1247898:rev] trimeric intracellular cation channel family protein
	[1249004:1250041:dir] frameshifted; internal stop; IS110 family transposase
	[1250242:1250318:rev] tRNA-Lys
	[1250591:1251730:rev] ATP-binding cassette domain-containing protein
	[1251691:1252278:rev] hypothetical protein
	[1252275:1252829:rev] hypothetical protein
	[1252875:1253105:rev] hypothetical protein
	[1253080:1253994:rev] NAD-dependent epimerase/dehydratase family protein
	[1254103:1254191:rev] tRNA-Lys
	[1254267:1254554:rev] hypothetical protein
	[1254551:1254937:rev] 30S ribosomal protein S8e
	[1254978:1255751:rev] uppS; di-trans,poly-cis-decaprenylcistransferase
	[1255745:1256776:rev] N-acetyl-lysine deacetylase
	[1256724:1257887:rev] acetylornithine/succinylornithine family transaminase
	[1257884:1258735:rev] lysX; lysine biosynthesis protein LysX
	[1258732:1258902:rev] sulfonate ABC transporter
	[1258970:1259395:rev] winged helix-turn-helix transcriptional regulator
	[1259392:1260180:rev] [LysW]-aminoadipate/[LysW]-glutamate kinase
	[1260180:1261229:rev] N-acetyl-gamma-glutamyl-phosphate reductase
	[1261288:1261710:dir] hypothetical protein
	[1261690:1263483:rev] DUF853 family protein
	[1263662:1264719:rev] frameshifted; IS110 family transposase
	[1265521:1266108:rev] hxlB; 6-phospho-3-hexuloisomerase
	[1266262:1266540:dir] hypothetical protein
	[1266527:1267318:dir] hypothetical protein
	[1267278:1268150:rev] hypothetical protein
	[1268172:1268477:rev] hypothetical protein
	[1268537:1268770:dir] hypothetical protein
	[1268802:1268876:dir] tRNA-Val
	[1269118:1269552:dir] hypothetical protein
	[1269526:1271148:rev] thiamine pyrophosphate-binding protein
	[1271192:1271298:rev] tRNA-Cys
	[1271363:1271923:dir] nucleotidyltransferase
	[1271931:1272101:rev] 50S ribosomal protein L40e
	[1272172:1272678:dir] transcription elongation factor NusA
	[1272678:1273967:dir] aspS; aspartate--tRNA(Asn) ligase
	[1273964:1275046:rev] truD; tRNA pseudouridine(13) synthase TruD
	[1275070:1275429:rev] peptidyl-tRNA hydrolase
	[1275495:1275692:dir] DUF1610 domain-containing protein
	[1275702:1275977:dir] elongation factor 1-beta
	[1276037:1278340:dir] CDC48 family AAA ATPase
	[1278345:1278581:dir] hypothetical protein
	[1278572:1279627:dir] flap endonuclease-1
	[1279683:1280339:dir] bifunctional precorrin-2 dehydrogenase/sirohydrochlorin ferrochelatase
	[1280320:1281546:dir] glutamyl-tRNA reductase
	[1281503:1282513:dir] hemB; porphobilinogen synthase
	[1282486:1283760:dir] hemL; glutamate-1-semialdehyde 2,1-aminomutase
	[1283757:1284635:dir] hemC; hydroxymethylbilane synthase
	[1284616:1285272:dir] uroporphyrinogen-III synthase
	[1285274:1285528:dir] hypothetical protein
	[1285530:1287137:dir] internal stop; nucleotide pyrophosphatase
	[1287134:1288540:dir] hypothetical protein
	[1288543:1289637:dir] FAD-dependent oxidoreductase
	[1289634:1290617:rev] MBL fold metallo-hydrolase
<END>
<GI> CP029289:10 <COORDINATES> 1322000-1352776 <STAT> n1_4mer:GRV/n1_4mer:RV = 2.613800; n0_4mer:D = 16.791446; n0_4mer:PS = 29.098232
	[1322329:1322402:rev] tRNA-Phe
	[1322527:1323030:dir] hypothetical protein
	[1323111:1323533:rev] archease
	[1323813:1324598:rev] hypothetical protein
	[1324608:1324844:rev] hypothetical protein
	[1325063:1325596:rev] AAA family ATPase
	[1325593:1325856:rev] 50S ribosomal protein L34e
	[1326332:1326919:rev] adenylate kinase
	[1326923:1328323:rev] secY; preprotein translocase subunit SecY
	[1328396:1328827:rev] 50S ribosomal protein L15
	[1328828:1329298:rev] 50S ribosomal protein L30
	[1329307:1329951:rev] 30S ribosomal protein S5
	[1329954:1330550:rev] 50S ribosomal protein L18
	[1330557:1331012:rev] 50S ribosomal protein L19e
	[1331019:1331423:rev] 50S ribosomal protein L32e
	[1331413:1331967:rev] 50S ribosomal protein L6
	[1331980:1332381:rev] 30S ribosomal protein S8
	[1332387:1332551:rev] 30S ribosomal protein S14
	[1332566:1333096:rev] 50S ribosomal protein L5
	[1333098:1333823:rev] 30S ribosomal protein S4e
	[1333823:1334209:rev] 50S ribosomal protein L24
	[1334224:1334640:rev] 50S ribosomal protein L14
	[1334641:1334979:rev] 30S ribosomal protein S17
	[1334976:1335257:rev] ribonuclease P protein subunit
	[1335217:1335447:rev] rpmC; 50S ribosomal protein L29
	[1335428:1336117:rev] 30S ribosomal protein S3
	[1336123:1336593:rev] 50S ribosomal protein L22
	[1336596:1337018:rev] 30S ribosomal protein S19
	[1337052:1337768:rev] 50S ribosomal protein L2
	[1337781:1338032:rev] 50S ribosomal protein L23
	[1338029:1338820:rev] 50S ribosomal protein L4
	[1338827:1339849:rev] 50S ribosomal protein L3
	[1339901:1340638:rev] hypothetical protein
	[1340641:1343784:rev] isoleucine--tRNA ligase
	[1343861:1344871:rev] 3-isopropylmalate dehydrogenase
	[1344884:1345477:rev] DUF447 family protein
	[1345479:1346903:dir] M28 family peptidase
	[1346886:1347611:rev] HAD-IA family hydrolase
	[1347618:1349828:rev] elongation factor EF-2
	[1349909:1350598:rev] multidrug MFS transporter
	[1350624:1351010:rev] prefoldin subunit beta
	[1350988:1351235:rev] frameshifted; hypothetical protein
	[1351232:1351666:rev] hypothetical protein
	[1351716:1351934:rev] 50S ribosomal protein L37ae
	[1351949:1352776:rev] exosome complex protein Rrp42
<END>
<GI> CP029289:11 <COORDINATES> 1385274-1407611 <STAT> n1_4mer:GRV/n1_4mer:RV = 1.523154; n0_4mer:D = 15.339251; n0_4mer:PS = 24.893410
	[1385274:1386542:rev] histidine--tRNA ligase
	[1386545:1386922:rev] ribonuclease BN
	[1387010:1387528:dir] hypothetical protein
	[1387589:1389250:dir] thermosome subunit
	[1389258:1390856:rev] DUF853 family protein
	[1390880:1391251:rev] hypothetical protein
	[1391254:1391499:rev] hypothetical protein
	[1391502:1391723:rev] 30S ribosomal protein S17e
	[1391766:1392917:rev] fructose 1,6-bisphosphatase
	[1392956:1394758:rev] ribosome biogenesis/translation initiation ATPase RLI
	[1395324:1395665:dir] hypothetical protein
	[1396302:1396823:rev] incomplete; partial in the middle of a contig; missing C-terminus; plasmid protein
	[1396974:1398500:rev] hypothetical protein
	[1398510:1398809:rev] hypothetical protein
	[1398814:1399191:rev] hypothetical protein
	[1399169:1399822:rev] cas4; CRISPR-associated protein Cas4
	[1399872:1400036:rev] ribbon-helix-helix protein, CopG family
	[1400334:1400498:dir] transcription factor
	[1400523:1400888:rev] hypothetical protein
	[1401317:1402231:rev] hypothetical protein
	[1402365:1403645:rev] tyrosine-type recombinase/integrase
	[1403745:1403819:rev] tRNA-Arg
	[1403861:1404559:dir] rpiA; ribose 5-phosphate isomerase A
	[1404516:1404866:dir] metal-binding protein
	[1405022:1405342:dir] transcription elongation factor
	[1405296:1406054:dir] geranylgeranylglyceryl/heptaprenylglyceryl phosphate synthase
	[1406058:1406231:dir] preprotein translocase subunit Sec61beta
	[1406257:1406829:dir] CBS domain-containing protein
	[1406816:1407127:dir] rnpB; archaeal type; RNase P RNA component
	[1407114:1407611:rev] DUF367 family protein
<END>
<GI> CP029289:12 <COORDINATES> 1432816-1455116 <STAT> n1_4mer:GRV/n1_4mer:RV = 2.116046; n0_4mer:D = 16.523700; n0_4mer:PS = 29.914119
	[1432816:1433211:rev] cdd; cytidine deaminase
	[1433186:1433836:rev] uracil phosphoribosyltransferase
	[1433841:1434086:rev] 30S ribosomal protein S28e
	[1434155:1434340:dir] 50S ribosomal protein L24e
	[1434341:1434781:dir] nucleoside-diphosphate kinase
	[1434755:1436551:rev] infB; translation initiation factor IF-2
	[1436709:1437929:dir] malate dehydrogenase
	[1437986:1438237:dir] DNA-directed RNA polymerase subunit H
	[1438243:1441617:dir] DNA-directed RNA polymerase subunit B
	[1441610:1444252:dir] rpoA1; DNA-directed RNA polymerase subunit A'
	[1444259:1445437:dir] rpoA2; DNA-directed RNA polymerase subunit A''
	[1445442:1445759:dir] 50S ribosomal protein L30e
	[1445771:1446202:dir] NusA-like transcription termination signal-binding factor
	[1446215:1446655:dir] 30S ribosomal protein S12
	[1446657:1447112:rev] bifunctional nuclease family protein
	[1447197:1447778:dir] 30S ribosomal protein S7
	[1447837:1449144:dir] tuf; translation elongation factor EF-1 subunit alpha
	[1449162:1449470:dir] 30S ribosomal protein S10
	[1449505:1449603:dir] tRNA-Ser
	[1449685:1449945:rev] hypothetical protein
	[1451091:1451344:rev] frameshifted; hypothetical protein
	[1451599:1451673:rev] tRNA-Asp
	[1452402:1453031:dir] hypothetical protein
	[1453113:1453209:rev] tRNA-Ser
	[1453257:1453805:rev] methyltransferase
	[1453802:1454533:rev] RNA-guided pseudouridylation complex pseudouridine synthase subunit Cbf5
	[1454571:1454825:rev] tRNA pseudouridine synthase A
	[1454826:1455116:rev] 50S ribosomal protein L14e
<END>
<GI> CP029289:13 <COORDINATES> 1598263-1618305 <STAT> n1_4mer:GRV/n1_4mer:RV = 2.552800; n0_4mer:D = 14.790552; n0_4mer:PS = 26.280099
	[1598263:1599897:rev] phenylalanine--tRNA ligase subunit beta
	[1599897:1601300:rev] phenylalanine--tRNA ligase subunit alpha
	[1601305:1601985:rev] metal-dependent hydrolase
	[1602037:1602930:dir] type II methionyl aminopeptidase
	[1602992:1604149:dir] DUF1512 domain-containing protein
	[1604156:1604359:dir] hypothetical protein
	[1604393:1604511:dir] rrf; 5S ribosomal RNA
	[1604545:1605726:dir] HD domain-containing protein
	[1605723:1606403:dir] phosphoglycolate phosphatase
	[1606394:1608085:dir] glutamate--tRNA ligase
	[1608146:1608526:dir] 50S ribosomal protein L7ae
	[1608801:1609013:dir] hypothetical protein
	[1608986:1609549:dir] hypothetical protein
	[1609870:1609942:rev] tRNA-Asn
	[1611003:1612415:dir] hypothetical protein
	[1612649:1612781:dir] tRNA-Trp
	[1613136:1613375:dir] hypothetical protein
	[1613474:1613971:dir] hypothetical protein
	[1614050:1614250:dir] hypothetical protein
	[1614307:1614618:dir] type II toxin-antitoxin system RelE/ParE family toxin
	[1615340:1615738:dir] hypothetical protein
	[1615761:1617245:dir] lysS; lysine--tRNA ligase
	[1617229:1618305:rev] S2P metalloprotease
<END>
<GI> CP029289:14 <COORDINATES> 1624363-1643592 <STAT> n1_4mer:GRV/n1_4mer:RV = 2.494151; n0_4mer:D = 15.185737; n0_4mer:PS = 26.454704
	[1624363:1625577:rev] DNA primase
	[1625584:1626657:rev] tyrosine--tRNA ligase
	[1626702:1627013:rev] hypothetical protein
	[1627054:1627458:rev] YjbQ family protein
	[1627501:1628766:dir] AIR synthase
	[1628787:1629308:dir] 30S ribosomal protein S13
	[1629319:1629873:dir] 30S ribosomal protein S4
	[1629857:1630255:dir] 30S ribosomal protein S11
	[1630256:1631044:dir] DNA-directed RNA polymerase subunit D
	[1631041:1631394:dir] 50S ribosomal protein L18e
	[1631391:1631852:dir] 50S ribosomal protein L13
	[1631830:1632249:dir] 30S ribosomal protein S9
	[1632256:1632456:dir] DNA-directed RNA polymerase subunit N
	[1632465:1633148:dir] 30S ribosomal protein S2
	[1633145:1633999:dir] amrB; AmmeMemoRadiSam system protein B
	[1634073:1634648:dir] hypothetical protein
	[1634594:1635271:dir] uridylate kinase
	[1635271:1636368:dir] type 2 isopentenyl-diphosphate Delta-isomerase
	[1636368:1637351:dir] polyprenyl synthetase family protein
	[1637353:1638306:dir] UDP-N-acetylglucosamine--dolichyl-phosphate N-acetylglucosaminephosphotransferase
	[1638584:1639508:dir] frameshifted; metallophosphoesterase
	[1639674:1639749:rev] tRNA-Pro
	[1639795:1640101:rev] ffs; archaeal-type; signal recognition particle sRNA
	[1640343:1640441:dir] tRNA-Ser
	[1640724:1642502:dir] oxidase
	[1642555:1643592:dir] oxidase
<END>
<GI> CP029289:15 <COORDINATES> 1678318-1696805 <STAT> n1_4mer:GRV/n1_4mer:RV = 2.783448; n0_4mer:D = 13.889227; n0_4mer:PS = 27.969302
	[1678318:1679160:rev] lysX; lysine biosynthesis protein LysX
	[1679160:1682297:rev] carB; carbamoyl-phosphate synthase (glutamine-hydrolyzing) large subunit
	[1682299:1683399:rev] carA; glutamine-hydrolyzing carbamoyl-phosphate synthase small subunit
	[1683374:1684720:rev] argH; argininosuccinate lyase
	[1684723:1685898:rev] argininosuccinate synthase
	[1685995:1686132:rev] ribbon-helix-helix protein, CopG family
	[1686233:1686682:rev] hypothetical protein
	[1686739:1687704:rev] phosphoribosylformylglycinamidine cyclo-ligase
	[1687698:1689131:rev] phosphoribosylamine--glycine ligase
	[1689132:1690333:rev] frameshifted; amidophosphoribosyltransferase
	[1690338:1691678:rev] purF; amidophosphoribosyltransferase
	[1691675:1693783:rev] purL; phosphoribosylformylglycinamidine synthase subunit PurL
	[1693777:1694445:rev] purQ; phosphoribosylformylglycinamidine synthase I
	[1694426:1694695:rev] purS; phosphoribosylformylglycinamidine synthase subunit PurS
	[1694692:1695399:rev] phosphoribosylaminoimidazolesuccinocarboxamide synthase
	[1695508:1695846:dir] metG; methionine--tRNA ligase subunit beta
	[1695840:1696805:dir] GTP-binding protein
<END>
<GI> CP029289:16 <COORDINATES> 1731123-1750271 <STAT> n1_4mer:GRV/n1_4mer:RV = 2.402008; n0_4mer:D = 14.758633; n0_4mer:PS = 29.595566
	[1731123:1732840:dir] frameshifted; acetolactate synthase large subunit
	[1732818:1733198:dir] hypothetical protein
	[1733179:1734177:dir] ilvC; ketol-acid reductoisomerase
	[1734196:1734627:dir] endonuclease
	[1734616:1736172:rev] ATPase
	[1736207:1736809:rev] pdxT; pyridoxal 5'-phosphate synthase glutaminase subunit PdxT
	[1736806:1737822:rev] pdxS; pyridoxal 5'-phosphate synthase lyase subunit PdxS
	[1737860:1738147:rev] 30S ribosomal protein S26e
	[1738180:1739622:rev] proline--tRNA ligase
	[1739665:1739970:rev] produces ATP from ADP in the presence of a proton gradient across the membrane; the K subunit is a nonenzymatic component which binds the dimeric form by interacting with the G and E subunits; V-type ATP synthase subunit K
	[1739989:1740150:rev] hypothetical protein
	[1740140:1740781:rev] V-type ATP synthase subunit D
	[1740778:1742169:rev] V-type ATP synthase subunit B
	[1742180:1743951:rev] frameshifted; ATP synthase subunit A
	[1743951:1744526:rev] hypothetical protein
	[1744532:1744834:rev] V-type ATP synthase subunit F
	[1744919:1747033:dir] V-type ATP synthase subunit I
	[1747026:1748741:rev] methionine--tRNA ligase
	[1748797:1749732:dir] hypothetical protein
	[1749693:1750271:rev] CDP-alcohol phosphatidyltransferase family protein
<END>
<GI> CP029289:17 <COORDINATES> 1772526-1798599 <STAT> n1_4mer:GRV/n1_4mer:RV = 1.685542; n0_4mer:D = 16.232977; n0_4mer:PS = 23.778779
	[1772526:1774370:dir] hypothetical protein
	[1774362:1774580:rev] hypothetical protein
	[1774616:1775398:rev] thioredoxin
	[1775430:1777055:rev] DEAD/DEAH box helicase
	[1777046:1777336:rev] hypothetical protein
	[1777452:1778768:dir] thiC; phosphomethylpyrimidine synthase ThiC
	[1778740:1779042:dir] Rieske 2Fe-2S domain-containing protein
	[1779025:1779645:rev] type I 3-dehydroquinate dehydratase
	[1779642:1780817:rev] 3-phosphoshikimate 1-carboxyvinyltransferase
	[1780780:1781580:rev] shikimate kinase
	[1781553:1782725:rev] aroC; chorismate synthase
	[1782703:1783488:rev] aroE; AroE; catalyzes the conversion of shikimate to 3-dehydroshikimate; shikimate dehydrogenase
	[1783476:1784516:rev] 3-dehydroquinate synthase
	[1784513:1785508:rev] aroF; 3-deoxy-7-phosphoheptulonate synthase
	[1785505:1786539:rev] chorismate mutase
	[1786536:1787474:rev] transketolase family protein
	[1787443:1788264:rev] transketolase
	[1788329:1789195:dir] HesA/MoeB/ThiF family protein
	[1789192:1790130:dir] UPF0104 family protein
	[1790099:1791130:dir] hypothetical protein
	[1791111:1791359:dir] hypothetical protein
	[1791419:1791940:dir] 50S ribosomal protein L16
	[1791946:1792944:dir] dph2; diphthamide biosynthesis enzyme Dph2
	[1792948:1793517:dir] forms a homotrimeric complex that covers the face of the exosome RNA-processing complex; involved in substrate/cofactor recruitment and regulated processing; RNA-binding protein
	[1793507:1793779:dir] DNA-directed RNA polymerase subunit L
	[1793776:1794039:dir] DNA-directed RNA polymerase subunit M
	[1794068:1794400:dir] transcription factor S
	[1794443:1794531:dir] tRNA-Arg
	[1794539:1796479:rev] glutamate synthase
	[1796476:1798599:rev] FMN-binding glutamate synthase family protein
<END>
<GI> CP029289:18 <COORDINATES> 1833085-1851447 <STAT> n1_4mer:GRV/n1_4mer:RV = 2.522224; n0_4mer:D = 14.600559; n0_4mer:PS = 22.956511
	[1833085:1833969:rev] pyridoxal-phosphate dependent enzyme
	[1834017:1834235:rev] sulfurtransferase TusA family protein
	[1834232:1834633:rev] peroxiredoxin
	[1834988:1835977:dir] DUF711 family protein
	[1836027:1837076:dir] AbrB/MazE/SpoVT family DNA-binding domain-containing protein
	[1837066:1838220:rev] nicotinate phosphoribosyltransferase
	[1838280:1838741:dir] 30S ribosomal protein S19e
	[1838748:1839098:dir] DNA-binding protein
	[1839095:1839250:dir] 50S ribosomal protein L39e
	[1839256:1839519:dir] 50S ribosomal protein L31e
	[1839516:1840187:dir] translation initiation factor IF-6
	[1840189:1840449:dir] 50S ribosomal protein L18a
	[1840456:1840896:dir] prefoldin subunit alpha
	[1840893:1841966:dir] ftsY; signal recognition particle-docking protein FtsY
	[1841998:1842177:dir] protein translocase SEC61 complex subunit gamma
	[1842185:1842643:dir] transcription elongation factor Spt5
	[1842655:1843164:dir] 50S ribosomal protein L11
	[1843167:1843823:dir] 50S ribosomal protein L1
	[1843820:1844830:dir] 50S ribosomal protein L10
	[1844874:1845185:dir] 50S ribosomal protein P1
	[1845243:1847954:dir] alanine--tRNA ligase
	[1847920:1848543:dir] DUF434 domain-containing protein
	[1848592:1848683:dir] tRNA-Arg
	[1848780:1849169:dir] speD; adenosylmethionine decarboxylase
	[1849316:1850365:dir] hydroxymethylglutaryl-CoA synthase
	[1850362:1851447:dir] thiolase family protein
<END>
<GI> CP029289:19 <COORDINATES> 1961061-2007415 <STAT> n1_4mer:GRV/n1_4mer:RV = 2.785446; n0_4mer:D = 21.555314; n0_4mer:PS = 31.241293
	[1961061:1964513:dir] rgy; reverse gyrase
	[1964478:1964747:rev] DNA-binding protein
	[1964899:1967688:rev] DEAD/DEAH box helicase
	[1967765:1968001:dir] hypothetical protein
	[1968143:1968333:rev] frameshifted; hypothetical protein
	[1968532:1969980:dir] RNA-splicing ligase RtcB
	[1969977:1970912:dir] deoxyhypusine synthase
	[1970943:1972532:dir] DNA topoisomerase VI subunit B
	[1972529:1973689:dir] DNA topoisomerase IV subunit A
	[1974022:1974417:dir] translation initiation factor IF-5A
	[1974435:1975781:dir] signal recognition particle protein
	[1975741:1976841:dir] pseudouridylate synthase
	[1976838:1977704:dir] NAD-binding protein
	[1977682:1978821:rev] glycosyltransferase
	[1978787:1979584:dir] SDR family NAD(P)-dependent oxidoreductase
	[1979697:1979876:dir] chorismate-binding protein
	[1979908:1980588:dir] UMP kinase
	[1980594:1980869:dir] hypothetical protein
	[1980944:1982323:dir] lysS; homocitrate synthase
	[1982367:1982463:dir] tRNA-Leu
	[1982466:1982765:rev] DUF4898 domain-containing protein
	[1982821:1983108:rev] hypothetical protein
	[1983188:1983559:dir] metallopeptidase
	[1983564:1983836:dir] DNA-directed RNA polymerase subunit M
	[1984006:1984587:dir] hypothetical protein
	[1984655:1985212:rev] hypothetical protein
	[1985725:1987248:dir] hypothetical protein
	[1987403:1987780:rev] type II toxin-antitoxin system VapC family toxin
	[1987756:1987983:rev] VapB-type antitoxin
	[1988573:1990074:dir] 16S ribosomal RNA
	[1990289:1993194:dir] 23S ribosomal RNA
	[1993598:1993918:rev] transcriptional regulator
	[1993974:1994177:dir] CDGSH iron-sulfur domain-containing protein
	[1994657:1995184:rev] FAD-binding protein
	[1995207:1995485:rev] FAD-binding protein
	[1995776:1996285:dir] DUF84 family protein
	[1996287:1996991:rev] hypothetical protein
	[1997647:1998684:dir] ferritin
	[1998676:1999332:rev] HAD-IA family hydrolase
	[1999362:2000741:rev] MFS transporter
	[2000821:2001498:rev] TatD family deoxyribonuclease
	[2001507:2002037:rev] hypothetical protein
	[2002113:2002553:rev] universal stress protein
	[2002598:2003131:rev] hypothetical protein
	[2003131:2004864:rev] glycoside hydrolase family 15 protein
	[2004861:2006183:rev] glycosyltransferase
	[2006255:2006524:rev] hypothetical protein
	[2006762:2007415:dir] AAA family ATPase
<END>
<GI> CP029289:20 <COORDINATES> 2409391-2447406 <STAT> n1_4mer:GRV/n1_4mer:RV = 1.799511; n0_4mer:D = 15.076236; n0_4mer:PS = 20.078179
	[2409391:2410992:rev] TIGR01897 family CRISPR-associated protein
	[2410952:2412190:dir] hypothetical protein
	[2412729:2412841:dir] frameshifted; incomplete; partial in the middle of a contig; missing N-terminus; IS1 family transposase
	[2413143:2413331:rev] hypothetical protein
	[2413583:2414842:dir] TIGR01897 family CRISPR-associated protein
	[2415251:2415529:rev] hypothetical protein
	[2415989:2417206:dir] hypothetical protein
	[2417604:2417996:rev] PIN domain-containing protein
	[2418052:2418204:dir] incomplete; partial in the middle of a contig; missing N-terminus; transposase
	[2418245:2418478:rev] hypothetical protein
	[2418657:2419710:rev] frameshifted; IS110 family transposase
	[2420249:2421467:dir] frameshifted; IS200/IS605 family element transposase accessory protein TnpB
	[2421984:2422547:rev] hypothetical protein
	[2422544:2424208:rev] DNA polymerase II
	[2424201:2424425:rev] DNA polymerase II
	[2424998:2425516:dir] hypothetical protein
	[2425544:2425996:rev] hypothetical protein
	[2426311:2427879:rev] hypothetical protein
	[2427926:2429206:rev] MBL fold metallo-hydrolase
	[2429196:2431889:rev] helicase
	[2431882:2432274:rev] hypothetical protein
	[2432274:2435561:rev] DUF499 domain-containing protein
	[2435558:2438353:rev] DUF1156 domain-containing protein
	[2439092:2440879:rev] DUF2075 domain-containing protein
	[2440950:2441192:dir] hypothetical protein
	[2441344:2442420:dir] DNA methyltransferase
	[2442417:2444531:rev] phospholipase
	[2444524:2447406:rev] DEAD/DEAH box helicase
<END>
<GI> CP029289:21 <COORDINATES> 2569480-2595068 <STAT> n1_4mer:GRV/n1_4mer:RV = 2.073608; n0_4mer:D = 16.493301; n0_4mer:PS = 26.964917
	[2569480:2570895:dir] ABC transporter permease subunit
	[2570960:2571553:dir] wrbA; NAD(P)H:quinone oxidoreductase
	[2571822:2573261:dir] thermopsin
	[2573423:2574010:dir] GNAT family N-acetyltransferase
	[2574148:2575233:rev] hypothetical protein
	[2575761:2578679:dir] formate dehydrogenase subunit alpha
	[2578676:2578993:dir] DUF1641 domain-containing protein
	[2578986:2579741:dir] fdhD; formate dehydrogenase accessory sulfurtransferase FdhD
	[2579848:2580681:dir] xanthine dehydrogenase family protein subunit M
	[2580683:2581168:dir] 2Fe-2S iron-sulfur cluster binding domain-containing protein
	[2581165:2583408:dir] molybdopterin-dependent oxidoreductase
	[2583424:2584092:rev] DUF4097 family beta strand repeat protein
	[2584129:2585188:rev] frameshifted; IS110 family transposase
	[2585329:2586534:dir] IS200/IS605 family element transposase accessory protein TnpB
	[2586711:2587526:rev] ATP-binding cassette domain-containing protein
	[2587562:2588365:dir] hypothetical protein
	[2588367:2589014:dir] hypothetical protein
	[2589021:2589335:dir] ArsR family transcriptional regulator
	[2589384:2590016:dir] hypothetical protein
	[2590032:2590262:rev] hypothetical protein
	[2590247:2591026:dir] internal stop; MarR family transcriptional regulator
	[2591082:2591987:dir] hypothetical protein
	[2592036:2595068:rev] hypothetical protein
<END>
<GI> CP029289:22 <COORDINATES> 2617354-2636099 <STAT> n1_4mer:GRV/n1_4mer:RV = 1.589324; n0_4mer:D = 17.831955; n0_4mer:PS = 19.565924
	[2617354:2618604:dir] thioredoxin
	[2618591:2619079:dir] hypothetical protein
	[2619044:2619508:rev] hypothetical protein
	[2619512:2620207:rev] hypothetical protein
	[2620384:2621715:dir] cytochrome B
	[2621721:2623958:dir] Ni Fe-hydrogenase I large subunit
	[2623964:2624842:dir] hypothetical protein
	[2624823:2626097:dir] (Fe-S)-binding protein
	[2626094:2626423:dir] hypothetical protein
	[2626410:2626946:dir] hypothetical protein
	[2627115:2628425:dir] pyk; pyruvate kinase
	[2628418:2629191:rev] DUF929 domain-containing protein
	[2629285:2630196:dir] FAA hydrolase family protein
	[2630214:2630951:rev] magnesium transporter CorA family protein
	[2631363:2631587:dir] DUF4145 domain-containing protein
	[2631577:2631969:dir] PIN domain-containing protein
	[2632191:2632958:dir] DUF929 domain-containing protein
	[2633084:2633435:dir] frameshifted; internal stop; transposase
	[2633757:2635133:dir] selenium-binding protein
	[2635102:2635635:dir] hypothetical protein
<END>
<GI> CP029289:23 <COORDINATES> 2761349-2784254 <STAT> n1_4mer:GRV/n1_4mer:RV = 1.742750; n0_4mer:D = 14.427286; n0_4mer:PS = 21.019613
	[2761349:2762650:rev] IS200/IS605 family element transposase accessory protein TnpB
	[2762628:2763212:rev] IS607 family transposase
	[2763239:2764051:dir] amino acid permease
	[2764266:2766260:rev] acs; acetate--CoA ligase
	[2766353:2766916:dir] internal stop; transcriptional regulator
	[2767350:2767607:dir] AbrB/MazE/SpoVT family DNA-binding domain-containing protein
	[2767604:2767969:dir] PIN domain-containing protein
	[2768196:2768400:dir] frameshifted; hypothetical protein
	[2768438:2769581:rev] frameshifted; IS110 family transposase
	[2770248:2771024:dir] enoyl-CoA hydratase/isomerase family protein
	[2771027:2772712:rev] AMP-binding protein
	[2772778:2773131:rev] nucleic acid-binding protein
	[2773133:2774281:rev] thiolase family protein
	[2774278:2775390:rev] mandelate racemase/muconate lactonizing enzyme family protein
	[2775377:2776846:rev] AMP-binding protein
	[2776894:2777625:rev] SDR family oxidoreductase
	[2778127:2779548:dir] MFS transporter
	[2779552:2780220:rev] hypothetical protein
	[2780349:2781110:rev] SDR family oxidoreductase
	[2781861:2782514:rev] hypothetical protein
	[2782519:2783319:rev] ATP-binding cassette domain-containing protein
	[2783321:2783557:rev] hypothetical protein
	[2783724:2784254:rev] hypothetical protein
<END>