<GI> CP104013:1 <COORDINATES> 1-18831 <STAT> n1_4mer:GRV/n1_4mer:RV = 1.351397; n0_4mer:D = 18.768239; n0_4mer:PS = 20.057254
	[577:3739:dir] 23S ribosomal RNA
	[4339:5831:dir] 16S ribosomal RNA
	[5957:7156:dir] hypothetical protein
	[7233:8171:rev] Selenide, water dikinase
	[8501:8935:dir] hypothetical protein
	[9154:9396:dir] hypothetical protein
	[9347:10429:dir] hypothetical protein
	[10713:11918:dir] Aromatic-amino-acid aminotransferase 2
	[11928:12734:rev] Endonuclease III
	[12934:13845:dir] hypothetical protein
	[13876:14757:dir] hypothetical protein
	[14754:15695:rev] hypothetical protein
	[15918:16616:rev] hypothetical protein
	[16690:17388:rev] hypothetical protein
	[17478:18038:dir] hypothetical protein
	[18082:18831:rev] hypothetical protein
<END>
<GI> CP104013:2 <COORDINATES> 397617-419599 <STAT> n1_4mer:GRV/n1_4mer:RV = 2.578165; n0_4mer:D = 25.634998; n0_4mer:PS = 30.300077
	[397617:398459:dir] Ferredoxin--NADP reductase
	[398668:400644:dir] hypothetical protein
	[400686:401453:rev] hypothetical protein
	[401767:402396:dir] hypothetical protein
	[402426:402989:dir] hypothetical protein
	[403105:403404:rev] hypothetical protein
	[403543:405035:rev] 16S ribosomal RNA
	[405635:408798:rev] 23S ribosomal RNA
	[409637:411670:rev] hypothetical protein
	[411916:413277:dir] Coenzyme A disulfide reductase
	[413444:414364:dir] Tyrosine recombinase XerA
	[414469:415278:dir] hypothetical protein
	[415387:416130:dir] hypothetical protein
	[416131:416550:rev] hypothetical protein
	[417042:418082:dir] hypothetical protein
	[418187:419389:dir] Deoxyguanosinetriphosphate triphosphohydrolase-like protein
<END>
<GI> CP104013:3 <COORDINATES> 752843-789099 <STAT> n1_4mer:GRV/n1_4mer:RV = 1.514061; n0_4mer:D = 19.948930; n0_4mer:PS = 23.258619
	[752843:781642:dir] hypothetical protein
	[781675:782676:dir] hypothetical protein
	[782730:783281:dir] hypothetical protein
	[783325:784257:dir] hypothetical protein
	[784675:785625:rev] hypothetical protein
	[785711:786565:dir] hypothetical protein
	[786597:787367:rev] hypothetical protein
	[787389:787832:rev] hypothetical protein
	[787988:788260:rev] hypothetical protein
	[788260:789006:rev] hypothetical protein
<END>
<GI> CP104013:4 <COORDINATES> 3097944-3120441 <STAT> n1_4mer:GRV/n1_4mer:RV = 1.539118; n0_4mer:D = 15.636642; n0_4mer:PS = 24.606991
	[3097944:3099284:dir] hypothetical protein
	[3099320:3099562:dir] hypothetical protein
	[3099582:3099839:dir] hypothetical protein
	[3099836:3100150:rev] hypothetical protein
	[3100276:3101100:dir] hypothetical protein
	[3101107:3102873:rev] hypothetical protein
	[3102981:3103832:rev] hypothetical protein
	[3103988:3104305:dir] hypothetical protein
	[3104348:3104665:rev] hypothetical protein
	[3104706:3105269:rev] hypothetical protein
	[3105301:3105807:rev] tRNA-guanine(15) transglycosylase
	[3105879:3107096:rev] Proteasome-activating nucleotidase
	[3107804:3108067:rev] hypothetical protein
	[3108267:3111429:rev] 23S ribosomal RNA
	[3112255:3113598:dir] hypothetical protein
	[3113641:3114384:rev] hypothetical protein
	[3114438:3115211:rev] 4-phosphopantoate--beta-alanine ligase
	[3115390:3116658:dir] Peptide chain release factor subunit 1
	[3116673:3117665:rev] hypothetical protein
	[3117734:3118450:dir] Uridylate kinase
	[3118757:3119095:rev] hypothetical protein
	[3119136:3119378:rev] hypothetical protein
	[3119480:3119863:dir] hypothetical protein
	[3119860:3120441:rev] Inosine/xanthosine triphosphatase
<END>
<GI> CP104013:5 <COORDINATES> 3391236-3412599 <STAT> n1_4mer:GRV/n1_4mer:RV = 1.709782; n0_4mer:D = 15.687824; n0_4mer:PS = 25.019795
	[3391236:3391868:dir] hypothetical protein
	[3391987:3392196:dir] hypothetical protein
	[3392218:3394029:rev] hypothetical protein
	[3394294:3394593:dir] hypothetical protein
	[3394510:3394689:rev] hypothetical protein
	[3394720:3395832:dir] Inositol 2-dehydrogenase/D-chiro-inositol 3-dehydrogenase
	[3395896:3396774:rev] Segregation and condensation protein B
	[3396793:3397803:rev] hypothetical protein
	[3397815:3402332:rev] Chromosome partition protein Smc
	[3402546:3405935:dir] hypothetical protein
	[3405940:3406728:rev] hypothetical protein
	[3406828:3407421:rev] hypothetical protein
	[3407520:3410969:dir] hypothetical protein
	[3410975:3412582:rev] hypothetical protein
<END>
<GI> CP104013:6 <COORDINATES> 3422830-3445001 <STAT> n1_4mer:GRV/n1_4mer:RV = 2.048009; n0_4mer:D = 16.774076; n0_4mer:PS = 32.688861
	[3422830:3424077:rev] hypothetical protein
	[3424127:3424978:rev] hypothetical protein
	[3425243:3426034:rev] hypothetical protein
	[3426097:3426972:rev] hypothetical protein
	[3427326:3436766:dir] hypothetical protein
	[3436770:3437405:rev] hypothetical protein
	[3437410:3438036:rev] hypothetical protein
	[3438243:3439133:dir] 2-hydroxy-3-oxopropionate reductase
	[3439376:3440398:rev] hypothetical protein
	[3440553:3441815:dir] hypothetical protein
	[3441846:3445001:rev] Beta-galactosidase
<END>
<GI> CP104013:7 <COORDINATES> 3663832-3682692 <STAT> n1_4mer:GRV/n1_4mer:RV = 2.278616; n0_4mer:D = 15.882377; n0_4mer:PS = 30.828968
	[3663832:3664827:dir] ATP phosphoribosyltransferase
	[3664828:3666090:dir] Histidinol dehydrogenase
	[3666130:3666621:dir] hypothetical protein
	[3666787:3681504:dir] hypothetical protein
	[3682036:3682374:rev] Peroxiredoxin
	[3682429:3682692:rev] Peroxiredoxin
<END>
<GI> CP104013:8 <COORDINATES> 4171000-4190289 <STAT> n1_4mer:GRV/n1_4mer:RV = 1.839303; n0_4mer:D = 17.337062; n0_4mer:PS = 30.044768
	[4171142:4171327:rev] hypothetical protein
	[4171358:4172143:rev] hypothetical protein
	[4172407:4173414:rev] hypothetical protein
	[4173520:4174011:rev] hypothetical protein
	[4174025:4174570:rev] 50S ribosomal protein L30
	[4174589:4175338:rev] 30S ribosomal protein S5
	[4175342:4175932:rev] 50S ribosomal protein L18
	[4175943:4176392:rev] 50S ribosomal protein L19e
	[4176410:4176982:rev] hypothetical protein
	[4176997:4177578:rev] 50S ribosomal protein L6
	[4177595:4177987:rev] 30S ribosomal protein S8
	[4178001:4178165:rev] hypothetical protein
	[4178176:4178745:rev] 50S ribosomal protein L5
	[4178759:4179505:rev] 30S ribosomal protein S4e
	[4179507:4179941:rev] hypothetical protein
	[4179952:4180380:rev] 50S ribosomal protein L14
	[4180382:4180726:rev] 30S ribosomal protein S17
	[4180719:4180982:rev] hypothetical protein
	[4181027:4181227:rev] 50S ribosomal protein L29
	[4181245:4182039:rev] hypothetical protein
	[4182045:4182512:rev] 50S ribosomal protein L22
	[4182937:4183551:dir] hypothetical protein
	[4183655:4184533:rev] hypothetical protein
	[4184616:4185029:rev] 30S ribosomal protein S19
	[4185161:4186630:rev] hypothetical protein
	[4186726:4188189:dir] Trehalose/maltose-binding protein MalE
	[4188215:4189933:dir] Sensor histidine kinase RcsC
	[4189930:4190289:dir] Chemotaxis protein CheY
<END>
<GI> CP104013:9 <COORDINATES> 4697476-4739377 <STAT> n1_4mer:GRV/n1_4mer:RV = 1.587624; n0_4mer:D = 16.437001; n0_4mer:PS = 26.102436
	[4697476:4700847:dir] hypothetical protein
	[4701140:4704361:rev] hypothetical protein
	[4704457:4704744:dir] hypothetical protein
	[4704823:4711647:dir] hypothetical protein
	[4711668:4711841:rev] hypothetical protein
	[4712006:4712329:dir] hypothetical protein
	[4712398:4712946:dir] hypothetical protein
	[4713026:4713865:dir] hypothetical protein
	[4713868:4714482:dir] hypothetical protein
	[4714492:4715589:rev] 2-dehydro-3-deoxyphosphooctonate aldolase
	[4715655:4716293:dir] 3-phosphoshikimate 1-carboxyvinyltransferase
	[4716322:4717548:rev] hypothetical protein
	[4717816:4718172:dir] 50S ribosomal protein L18e
	[4718183:4718662:dir] 50S ribosomal protein L13
	[4718682:4719083:dir] 30S ribosomal protein S9
	[4719040:4719996:dir] DNA-directed RNA polymerase subunit D
	[4720239:4721549:dir] Serine hydroxymethyltransferase
	[4721666:4722871:rev] hypothetical protein
	[4723033:4724484:dir] hypothetical protein
	[4724473:4726233:rev] hypothetical protein
	[4726360:4727826:rev] hypothetical protein
	[4727992:4728639:rev] Pyridoxal phosphate homeostasis protein
	[4728769:4730406:rev] Thermosome subunit alpha
	[4730596:4731183:dir] hypothetical protein
	[4731372:4732061:dir] hypothetical protein
	[4732241:4733572:dir] Ferredoxin-type protein NapF
	[4733861:4734196:dir] hypothetical protein
	[4734380:4735288:rev] hypothetical protein
	[4735492:4735860:rev] Methylglyoxal synthase
	[4736152:4736736:rev] hypothetical protein
	[4736780:4737121:rev] hypothetical protein
	[4737215:4737340:rev] hypothetical protein
	[4737527:4739377:dir] hypothetical protein
<END>
<GI> CP104013:10 <COORDINATES> 5778000-5823601 <STAT> n1_4mer:GRV/n1_4mer:RV = 1.890429; n0_4mer:D = 28.789916; n0_4mer:PS = 29.083347
	[5778091:5781162:dir] hypothetical protein
	[5781245:5781856:rev] hypothetical protein
	[5782785:5811893:dir] hypothetical protein
	[5811989:5813818:dir] hypothetical protein
	[5813871:5816354:dir] Photosystem I assembly protein Ycf3
	[5816558:5817673:dir] hypothetical protein
	[5817917:5819005:dir] UPF0284 protein PH0034; hypothetical protein
	[5819051:5820454:rev] D-aminopeptidase
	[5820923:5823601:rev] hypothetical protein
<END>