<GI> CP035425:1 <COORDINATES> 112274-138123 <STAT> n1_4mer:GRV/n1_4mer:RV = 1.957450; n0_4mer:D = 20.656875; n0_4mer:PS = 36.139509
	[112274:113413:dir] Derived by automated computational analysis using gene prediction method: Protein Homology.; pyridoxal phosphate-dependent aminotransferase family protein
	[113614:114348:dir] Derived by automated computational analysis using gene prediction method: Protein Homology.; cytochrome C biogenesis protein
	[114353:115453:dir] Derived by automated computational analysis using gene prediction method: Protein Homology.; redoxin domain-containing protein
	[115545:116195:dir] Derived by automated computational analysis using gene prediction method: Protein Homology.; hypothetical protein
	[116188:116529:rev] Derived by automated computational analysis using gene prediction method: Protein Homology.; hypothetical protein
	[116757:117173:rev] Derived by automated computational analysis using gene prediction method: Protein Homology.; DUF371 domain-containing protein
	[117226:117963:dir] Derived by automated computational analysis using gene prediction method: Protein Homology.; archaeal proteasome endopeptidase complex subunit alpha
	[117995:118807:dir] Derived by automated computational analysis using gene prediction method: Protein Homology.; hypothetical protein
	[119013:120008:dir] Derived by automated computational analysis using gene prediction method: Protein Homology.; 50S ribosomal protein L3
	[120005:120820:dir] Derived by automated computational analysis using gene prediction method: Protein Homology.; 50S ribosomal protein L4
	[120817:121083:dir] Derived by automated computational analysis using gene prediction method: Protein Homology.; 50S ribosomal protein L23
	[121111:121506:dir] Derived by automated computational analysis using gene prediction method: Protein Homology.; 30S ribosomal protein S19
	[121512:121970:dir] Derived by automated computational analysis using gene prediction method: Protein Homology.; 50S ribosomal protein L22
	[121973:122728:dir] Derived by automated computational analysis using gene prediction method: Protein Homology.; 30S ribosomal protein S3
	[122725:122931:dir] rpmC; Derived by automated computational analysis using gene prediction method: Protein Homology.; 50S ribosomal protein L29
	[122928:123194:dir] Derived by automated computational analysis using gene prediction method: Protein Homology.; ribonuclease P protein subunit
	[123191:123514:dir] Derived by automated computational analysis using gene prediction method: Protein Homology.; 30S ribosomal protein S17
	[123514:123936:dir] Derived by automated computational analysis using gene prediction method: Protein Homology.; 50S ribosomal protein L14
	[123941:124381:dir] Derived by automated computational analysis using gene prediction method: Protein Homology.; 50S ribosomal protein L24
	[124381:125097:dir] Derived by automated computational analysis using gene prediction method: Protein Homology.; 30S ribosomal protein S4e
	[125102:125623:dir] Derived by automated computational analysis using gene prediction method: Protein Homology.; 50S ribosomal protein L5
	[125623:125802:dir] Derived by automated computational analysis using gene prediction method: Protein Homology.; 30S ribosomal protein S14
	[125809:126201:dir] Derived by automated computational analysis using gene prediction method: Protein Homology.; 30S ribosomal protein S8
	[126191:126748:dir] Derived by automated computational analysis using gene prediction method: Protein Homology.; 50S ribosomal protein L6
	[126766:127053:dir] Derived by automated computational analysis using gene prediction method: Protein Homology.; hypothetical protein
	[127126:127202:dir] tRNA-Asn
	[127391:127639:dir] Derived by automated computational analysis using gene prediction method: Protein Homology.; hypothetical protein
	[127650:127877:dir] Derived by automated computational analysis using gene prediction method: Protein Homology.; hypothetical protein
	[128002:128451:dir] Derived by automated computational analysis using gene prediction method: Protein Homology.; DUF2299 domain-containing protein
	[129576:130064:dir] Derived by automated computational analysis using gene prediction method: Protein Homology.; DUF4352 domain-containing protein
	[130166:130570:dir] Derived by automated computational analysis using gene prediction method: Protein Homology.; histone
	[130652:131056:rev] Derived by automated computational analysis using gene prediction method: Protein Homology.; PPOX class F420-dependent oxidoreductase
	[131049:131369:rev] Derived by automated computational analysis using gene prediction method: Protein Homology.; hypothetical protein
	[131407:131910:rev] Derived by automated computational analysis using gene prediction method: Protein Homology.; ArsR family transcriptional regulator
	[132259:133083:rev] purC; Derived by automated computational analysis using gene prediction method: Protein Homology.; phosphoribosylaminoimidazolesuccinocarboxamide synthase
	[133117:133503:rev] Derived by automated computational analysis using gene prediction method: Protein Homology.; hypothetical protein
	[133538:133816:rev] Derived by automated computational analysis using gene prediction method: Protein Homology.; DUF427 domain-containing protein
	[133819:135288:rev] purF; Derived by automated computational analysis using gene prediction method: Protein Homology.; amidophosphoribosyltransferase
	[135281:137446:rev] purL; Derived by automated computational analysis using gene prediction method: Protein Homology.; phosphoribosylformylglycinamidine synthase subunit PurL
	[137443:138123:rev] purQ; Derived by automated computational analysis using gene prediction method: Protein Homology.; phosphoribosylformylglycinamidine synthase subunit PurQ
<END>
<GI> CP035425:2 <COORDINATES> 308975-328599 <STAT> n1_4mer:GRV/n1_4mer:RV = 1.653935; n0_4mer:D = 19.345817; n0_4mer:PS = 36.982580
	[308975:309304:dir] Derived by automated computational analysis using gene prediction method: Protein Homology.; P-II family nitrogen regulator
	[309536:310117:rev] Derived by automated computational analysis using gene prediction method: Protein Homology.; P-II family nitrogen regulator
	[310306:310671:dir] Derived by automated computational analysis using gene prediction method: Protein Homology.; hypothetical protein
	[310663:312315:rev] Derived by automated computational analysis using gene prediction method: GeneMarkS-2+.; hypothetical protein
	[312744:313469:dir] Derived by automated computational analysis using gene prediction method: Protein Homology.; proteasome assembly chaperone family protein
	[313519:314541:dir] Derived by automated computational analysis using gene prediction method: Protein Homology.; phosphoribosylformylglycinamidine cyclo-ligase
	[314616:315866:dir] Derived by automated computational analysis using gene prediction method: Protein Homology.; cation:proton antiporter
	[315912:316355:dir] Derived by automated computational analysis using gene prediction method: GeneMarkS-2+.; hypothetical protein
	[316412:317995:dir] Derived by automated computational analysis using gene prediction method: Protein Homology.; tRNA uridine(34) 5-carboxymethylaminomethyl modification radical SAM/GNAT enzyme Elp3
	[318004:319593:dir] lysS; Derived by automated computational analysis using gene prediction method: Protein Homology.; lysine--tRNA ligase
	[319596:319796:dir] Derived by automated computational analysis using gene prediction method: Protein Homology.; hypothetical protein
	[319837:320595:dir] Derived by automated computational analysis using gene prediction method: Protein Homology.; DNA repair protein
	[320590:321036:rev] Derived by automated computational analysis using gene prediction method: Protein Homology.; pyridoxamine 5'-phosphate oxidase family protein
	[321430:321732:dir] Derived by automated computational analysis using gene prediction method: Protein Homology.; hypothetical protein
	[322226:322558:rev] Derived by automated computational analysis using gene prediction method: Protein Homology.; hypothetical protein
	[322601:323119:rev] Derived by automated computational analysis using gene prediction method: Protein Homology.; ferritin
	[323155:324417:rev] Derived by automated computational analysis using gene prediction method: Protein Homology.; divalent metal cation transporter
	[324422:324793:rev] Derived by automated computational analysis using gene prediction method: Protein Homology.; hypothetical protein
	[324822:325373:rev] Derived by automated computational analysis using gene prediction method: Protein Homology.; DNA-3-methyladenine glycosylase I
	[325424:325849:dir] Derived by automated computational analysis using gene prediction method: Protein Homology.; hypothetical protein
	[325850:326248:rev] Derived by automated computational analysis using gene prediction method: Protein Homology.; CBS domain-containing protein
	[326305:326901:rev] Derived by automated computational analysis using gene prediction method: Protein Homology.; hypothetical protein
	[327078:327254:dir] incomplete; partial on complete genome; missing start and stop; Derived by automated computational analysis using gene prediction method: Protein Homology.; peptidase
	[327341:328432:rev] incomplete; partial on complete genome; missing stop; Derived by automated computational analysis using gene prediction method: Protein Homology.; hypothetical protein
<END>
<GI> CP035425:3 <COORDINATES> 439244-462559 <STAT> n1_4mer:GRV/n1_4mer:RV = 1.522402; n0_4mer:D = 18.376094; n0_4mer:PS = 22.487514
	[439244:441154:rev] Derived by automated computational analysis using gene prediction method: Protein Homology.; 2-oxoacid:acceptor oxidoreductase subunit alpha
	[441401:442369:dir] Derived by automated computational analysis using gene prediction method: Protein Homology.; D-glycerate dehydrogenase
	[442547:442933:rev] Derived by automated computational analysis using gene prediction method: Protein Homology.; hypothetical protein
	[442960:443241:rev] Derived by automated computational analysis using gene prediction method: Protein Homology.; hypothetical protein
	[443330:444643:dir] Derived by automated computational analysis using gene prediction method: Protein Homology.; FAD-dependent oxidoreductase
	[444919:446151:rev] Derived by automated computational analysis using gene prediction method: Protein Homology.; hypothetical protein
	[446205:446305:rev] tRNA-Ser
	[446357:446803:rev] Derived by automated computational analysis using gene prediction method: Protein Homology.; hypothetical protein
	[446807:447805:rev] Derived by automated computational analysis using gene prediction method: Protein Homology.; RNA-guided pseudouridylation complex pseudouridine synthase subunit Cbf5
	[447802:448362:rev] Derived by automated computational analysis using gene prediction method: Protein Homology.; AAA family ATPase
	[448359:448982:rev] Derived by automated computational analysis using gene prediction method: Protein Homology.; DUF106 domain-containing protein
	[448986:449564:rev] Derived by automated computational analysis using gene prediction method: Protein Homology.; adenylate kinase
	[449551:450981:rev] secY; Derived by automated computational analysis using gene prediction method: Protein Homology.; preprotein translocase subunit SecY
	[450974:451438:rev] Derived by automated computational analysis using gene prediction method: Protein Homology.; 50S ribosomal protein L15
	[451440:451907:rev] Derived by automated computational analysis using gene prediction method: Protein Homology.; 50S ribosomal protein L30
	[451914:452630:rev] Derived by automated computational analysis using gene prediction method: Protein Homology.; 30S ribosomal protein S5
	[452632:453114:rev] Derived by automated computational analysis using gene prediction method: Protein Homology.; 50S ribosomal protein L18
	[453151:454065:rev] argF; Derived by automated computational analysis using gene prediction method: Protein Homology.; ornithine carbamoyltransferase
	[454062:455645:rev] ftsY; Derived by automated computational analysis using gene prediction method: Protein Homology.; signal recognition particle-docking protein FtsY
	[455649:456086:rev] pfdA; Derived by automated computational analysis using gene prediction method: Protein Homology.; prefoldin subunit alpha
	[456169:456789:rev] Derived by automated computational analysis using gene prediction method: Protein Homology.; superoxide dismutase
	[456866:458890:dir] Derived by automated computational analysis using gene prediction method: Protein Homology.; peptidase S8
	[458892:460496:rev] pckA; Derived by automated computational analysis using gene prediction method: Protein Homology.; phosphoenolpyruvate carboxykinase (ATP)
	[460647:461051:dir] Derived by automated computational analysis using gene prediction method: Protein Homology.; 50S ribosomal protein L32e
	[461035:461490:dir] Derived by automated computational analysis using gene prediction method: Protein Homology.; 50S ribosomal protein L19e
	[461487:461786:rev] Derived by automated computational analysis using gene prediction method: Protein Homology.; MGMT family protein
	[461783:462559:rev] Derived by automated computational analysis using gene prediction method: Protein Homology.; D-tyrosyl-tRNA(Tyr) deacylase
<END>
<GI> CP035425:4 <COORDINATES> 757264-780196 <STAT> n1_4mer:GRV/n1_4mer:RV = 1.412414; n0_4mer:D = 27.796693; n0_4mer:PS = 43.482763
	[757264:758289:rev] Derived by automated computational analysis using gene prediction method: Protein Homology.; DNA primase
	[758375:759214:dir] Derived by automated computational analysis using gene prediction method: Protein Homology.; deoxyribonuclease IV
	[759245:760702:dir] glyS; Derived by automated computational analysis using gene prediction method: Protein Homology.; glycine--tRNA ligase
	[760704:769898:rev] Derived by automated computational analysis using gene prediction method: GeneMarkS-2+.; hypothetical protein
	[769945:770136:dir] Derived by automated computational analysis using gene prediction method: GeneMarkS-2+.; hypothetical protein
	[770120:770659:dir] Derived by automated computational analysis using gene prediction method: GeneMarkS-2+.; hypothetical protein
	[771651:772826:rev] Derived by automated computational analysis using gene prediction method: Protein Homology.; glycosyltransferase family 2 protein
	[772859:773620:rev] Derived by automated computational analysis using gene prediction method: GeneMarkS-2+.; hypothetical protein
	[773668:774450:dir] Derived by automated computational analysis using gene prediction method: GeneMarkS-2+.; hypothetical protein
	[774428:775612:rev] Derived by automated computational analysis using gene prediction method: GeneMarkS-2+.; hypothetical protein
	[775662:776243:rev] Derived by automated computational analysis using gene prediction method: GeneMarkS-2+.; hypothetical protein
	[776323:776508:rev] Derived by automated computational analysis using gene prediction method: GeneMarkS-2+.; hypothetical protein
	[776593:777243:rev] Derived by automated computational analysis using gene prediction method: Protein Homology.; hypothetical protein
	[777349:778104:dir] Derived by automated computational analysis using gene prediction method: Protein Homology.; glutamate racemase
	[778085:778855:rev] cobM; Derived by automated computational analysis using gene prediction method: Protein Homology.; precorrin-4 C(11)-methyltransferase
	[778848:779570:rev] cobI; Derived by automated computational analysis using gene prediction method: Protein Homology.; precorrin-2 C(20)-methyltransferase
	[779606:780196:rev] cbiT; Derived by automated computational analysis using gene prediction method: Protein Homology.; precorrin-6Y C5,15-methyltransferase (decarboxylating) subunit CbiT
<END>
<GI> CP035425:5 <COORDINATES> 1052061-1070341 <STAT> n1_4mer:GRV/n1_4mer:RV = 1.684240; n0_4mer:D = 18.066026; n0_4mer:PS = 34.017542
	[1052061:1053023:dir] dusB; Derived by automated computational analysis using gene prediction method: Protein Homology.; tRNA dihydrouridine synthase DusB
	[1053164:1053403:dir] Derived by automated computational analysis using gene prediction method: Protein Homology.; Lrp/AsnC family transcriptional regulator
	[1053547:1053888:rev] Derived by automated computational analysis using gene prediction method: Protein Homology.; P-II family nitrogen regulator
	[1054277:1054990:dir] Derived by automated computational analysis using gene prediction method: Protein Homology.; hypothetical protein
	[1054980:1055564:rev] Derived by automated computational analysis using gene prediction method: Protein Homology.; hypothetical protein
	[1055636:1055857:rev] Derived by automated computational analysis using gene prediction method: Protein Homology.; hypothetical protein
	[1055859:1056422:rev] Derived by automated computational analysis using gene prediction method: Protein Homology.; TATA box-binding protein
	[1056489:1056929:rev] Derived by automated computational analysis using gene prediction method: Protein Homology.; ASCH domain-containing protein
	[1056946:1058487:rev] Derived by automated computational analysis using gene prediction method: Protein Homology.; pyridoxal-phosphate dependent enzyme
	[1058547:1060109:rev] Derived by automated computational analysis using gene prediction method: Protein Homology.; VWA domain-containing protein
	[1060110:1060904:rev] Derived by automated computational analysis using gene prediction method: Protein Homology.; AAA family ATPase
	[1060945:1062402:rev] Derived by automated computational analysis using gene prediction method: Protein Homology.; NAD(P)/FAD-dependent oxidoreductase
	[1062593:1063018:rev] Derived by automated computational analysis using gene prediction method: Protein Homology.; exosome protein
	[1063045:1063656:rev] Derived by automated computational analysis using gene prediction method: Protein Homology.; 30S ribosomal protein S3ae
	[1063697:1064962:rev] Derived by automated computational analysis using gene prediction method: Protein Homology.; serine--tRNA ligase
	[1064962:1065204:rev] Derived by automated computational analysis using gene prediction method: Protein Homology.; hypothetical protein
	[1065167:1066588:rev] Derived by automated computational analysis using gene prediction method: Protein Homology.; DHH family phosphoesterase
	[1066588:1067037:rev] Derived by automated computational analysis using gene prediction method: Protein Homology.; 30S ribosomal protein S15
	[1067162:1067494:dir] Derived by automated computational analysis using gene prediction method: Protein Homology.; hypothetical protein
	[1067605:1067874:dir] Derived by automated computational analysis using gene prediction method: Protein Homology.; hypothetical protein
	[1067975:1068499:rev] Derived by automated computational analysis using gene prediction method: Protein Homology.; hypothetical protein
	[1068540:1068854:rev] Derived by automated computational analysis using gene prediction method: Protein Homology.; hypothetical protein
	[1068953:1069522:rev] Derived by automated computational analysis using gene prediction method: Protein Homology.; ammonia monooxygenase
	[1069778:1070341:dir] Derived by automated computational analysis using gene prediction method: Protein Homology.; ammonia monooxygenase
<END>
<GI> CP035425:6 <COORDINATES> 1194877-1214443 <STAT> n1_4mer:GRV/n1_4mer:RV = 1.686354; n0_4mer:D = 18.213765; n0_4mer:PS = 32.133938
	[1194877:1196019:dir] Derived by automated computational analysis using gene prediction method: Protein Homology.; DNA primase
	[1196028:1196711:dir] Derived by automated computational analysis using gene prediction method: Protein Homology.; DUF120 domain-containing protein
	[1196751:1197185:dir] Derived by automated computational analysis using gene prediction method: Protein Homology.; universal stress protein
	[1197187:1197807:rev] Derived by automated computational analysis using gene prediction method: Protein Homology.; FAD synthase
	[1197848:1198885:rev] dph5; Derived by automated computational analysis using gene prediction method: Protein Homology.; diphthine synthase
	[1198885:1200012:rev] Derived by automated computational analysis using gene prediction method: Protein Homology.; M20/M25/M40 family metallo-hydrolase
	[1200016:1200858:rev] lysX; Derived by automated computational analysis using gene prediction method: Protein Homology.; lysine biosynthesis protein LysX
	[1200855:1201022:rev] Derived by automated computational analysis using gene prediction method: Protein Homology.; lysine biosynthesis protein LysW
	[1201044:1202207:rev] Derived by automated computational analysis using gene prediction method: Protein Homology.; 2-isopropylmalate synthase
	[1202324:1202743:rev] Derived by automated computational analysis using gene prediction method: Protein Homology.; Lrp/AsnC family transcriptional regulator
	[1202730:1203911:rev] Derived by automated computational analysis using gene prediction method: Protein Homology.; acetylornithine/succinylornithine family transaminase
	[1203904:1204707:rev] Derived by automated computational analysis using gene prediction method: Protein Homology.; [LysW]-aminoadipate/[LysW]-glutamate kinase
	[1204710:1205756:rev] Derived by automated computational analysis using gene prediction method: Protein Homology.; N-acetyl-gamma-glutamyl-phosphate reductase
	[1205785:1206642:rev] lysX; Derived by automated computational analysis using gene prediction method: Protein Homology.; lysine biosynthesis protein LysX
	[1206642:1206809:rev] Derived by automated computational analysis using gene prediction method: Protein Homology.; lysine biosynthesis protein LysW
	[1206806:1208005:rev] Derived by automated computational analysis using gene prediction method: Protein Homology.; argininosuccinate synthase
	[1208141:1209169:dir] Derived by automated computational analysis using gene prediction method: Protein Homology.; ABC transporter substrate-binding protein
	[1209166:1209930:dir] Derived by automated computational analysis using gene prediction method: Protein Homology.; ABC transporter ATP-binding protein
	[1209936:1210694:dir] Derived by automated computational analysis using gene prediction method: Protein Homology.; ABC transporter permease
	[1210752:1211192:dir] Derived by automated computational analysis using gene prediction method: Protein Homology.; universal stress protein
	[1211675:1212979:dir] Derived by automated computational analysis using gene prediction method: Protein Homology.; hypothetical protein
	[1213136:1214443:dir] Derived by automated computational analysis using gene prediction method: Protein Homology.; hypothetical protein
<END>
<GI> CP035425:7 <COORDINATES> 1397956-1423206 <STAT> n1_4mer:GRV/n1_4mer:RV = 2.448258; n0_4mer:D = 23.563872; n0_4mer:PS = 27.337591
	[1397956:1398615:rev] Derived by automated computational analysis using gene prediction method: Protein Homology.; molecular chaperone DnaJ
	[1398678:1399040:rev] Derived by automated computational analysis using gene prediction method: Protein Homology.; cupin domain-containing protein
	[1399043:1399498:rev] Derived by automated computational analysis using gene prediction method: Protein Homology.; cupin domain-containing protein
	[1399501:1399863:rev] Derived by automated computational analysis using gene prediction method: Protein Homology.; SHOCT domain-containing protein
	[1399946:1400650:dir] Derived by automated computational analysis using gene prediction method: Protein Homology.; hypothetical protein
	[1400645:1401466:rev] Derived by automated computational analysis using gene prediction method: Protein Homology.; tetratricopeptide repeat protein
	[1401697:1402524:dir] Derived by automated computational analysis using gene prediction method: Protein Homology.; restriction endonuclease
	[1402586:1402939:dir] Derived by automated computational analysis using gene prediction method: Protein Homology.; hypothetical protein
	[1402929:1404230:rev] Derived by automated computational analysis using gene prediction method: Protein Homology.; aminotransferase class III-fold pyridoxal phosphate-dependent enzyme
	[1404610:1406085:dir] 16S ribosomal RNA
	[1406247:1409205:dir] 23S ribosomal RNA
	[1409418:1410755:rev] Derived by automated computational analysis using gene prediction method: Protein Homology.; glycosyltransferase family 39 protein
	[1410925:1411311:dir] incomplete; partial on complete genome; missing stop; Derived by automated computational analysis using gene prediction method: Protein Homology.; PAS domain S-box protein
	[1411333:1412049:dir] Derived by automated computational analysis using gene prediction method: Protein Homology.; HAMP domain-containing histidine kinase
	[1412218:1412697:rev] Derived by automated computational analysis using gene prediction method: Protein Homology.; RDD family protein
	[1412967:1413809:dir] Derived by automated computational analysis using gene prediction method: Protein Homology.; SAM-dependent methyltransferase
	[1413915:1414945:rev] frameshifted; Derived by automated computational analysis using gene prediction method: Protein Homology.; hypothetical protein
	[1415025:1415426:dir] Derived by automated computational analysis using gene prediction method: Protein Homology.; hypothetical protein
	[1415492:1415944:dir] msrA; Derived by automated computational analysis using gene prediction method: Protein Homology.; peptide-methionine (S)-S-oxide reductase
	[1415946:1416377:rev] Derived by automated computational analysis using gene prediction method: Protein Homology.; universal stress protein
	[1416455:1417300:dir] Derived by automated computational analysis using gene prediction method: Protein Homology.; alpha/beta hydrolase
	[1417337:1417762:dir] Derived by automated computational analysis using gene prediction method: Protein Homology.; transcriptional regulator
	[1417759:1418187:dir] Derived by automated computational analysis using gene prediction method: Protein Homology.; hypothetical protein
	[1418225:1419289:rev] phaC; Derived by automated computational analysis using gene prediction method: Protein Homology.; class III poly(R)-hydroxyalkanoic acid synthase subunit PhaC
	[1419279:1419857:rev] Derived by automated computational analysis using gene prediction method: Protein Homology.; hypothetical protein
	[1419911:1420303:dir] Derived by automated computational analysis using gene prediction method: Protein Homology.; hypothetical protein
	[1420340:1420747:dir] Derived by automated computational analysis using gene prediction method: Protein Homology.; phosphoribosyltransferase
	[1420748:1421662:rev] tfb; stabilizes TBP binding to an archaeal box-A promoter; responsible for recruiting RNA polymerase II to the pre-initiation complex; Derived by automated computational analysis using gene prediction method: Protein Homology.; transcription initiation factor IIB
	[1421767:1423206:rev] Derived by automated computational analysis using gene prediction method: Protein Homology.; matrixin family metalloprotease
<END>