<GI> CP010514:1 <COORDINATES> 19942-44402 <STAT> n1_4mer:GRV/n1_4mer:RV = 2.729541; n0_4mer:D = 13.686957; n0_4mer:PS = 25.891298
	[19942:21591:rev] hypothetical protein; disrupted; Derived by automated computational analysis using gene prediction method: Protein Homology.
	[21836:22744:dir] Derived by automated computational analysis using gene prediction method: Protein Homology.; hypothetical protein
	[22780:24111:dir] tuf; EF-1-alpha; EF-Tu; promotes GTP-dependent binding of aminoacyl-tRNA to the A-site of ribosomes during protein biosynthesis; when the tRNA anticodon matches the mRNA codon, GTP hydrolysis results; the inactive EF-1-alpha-GDP leaves the ribosome and GDP/GTP exchange is promoted by EF-1-beta; Derived by automated computational analysis using gene prediction method: Protein Homology.; elongation factor 1-alpha
	[24699:26135:rev] Derived by automated computational analysis using gene prediction method: Protein Homology.; major facilitator transporter
	[26363:26452:rev] tRNA-Ile
	[26591:28522:dir] hypothetical protein; disrupted; Derived by automated computational analysis using gene prediction method: Protein Homology.
	[28525:29139:dir] Derived by automated computational analysis using gene prediction method: Protein Homology.; hypothetical protein
	[29229:29534:dir] hypothetical protein; disrupted; Derived by automated computational analysis using gene prediction method: Protein Homology.
	[29561:29848:dir] Derived by automated computational analysis using gene prediction method: Protein Homology.; hypothetical protein
	[29845:30360:dir] Derived by automated computational analysis using gene prediction method: Protein Homology.; hypothetical protein
	[30569:30874:dir] Derived by automated computational analysis using gene prediction method: Protein Homology.; hypothetical protein
	[30874:30944:dir] tRNA-Trp
	[30984:31172:rev] Derived by automated computational analysis using gene prediction method: GeneMarkS+.; hypothetical protein
	[31211:31576:rev] Derived by automated computational analysis using gene prediction method: GeneMarkS+.; hypothetical protein
	[31629:33509:dir] Derived by automated computational analysis using gene prediction method: Protein Homology.; hypothetical protein
	[33534:33848:dir] Derived by automated computational analysis using gene prediction method: Protein Homology.; hypothetical protein
	[34112:34825:dir] hypothetical protein; disrupted; Derived by automated computational analysis using gene prediction method: Protein Homology.
	[34825:35499:dir] involved in pre-rRNA processing; Derived by automated computational analysis using gene prediction method: Protein Homology.; fibrillarin
	[35530:35805:dir] Derived by automated computational analysis using gene prediction method: Protein Homology.; hypothetical protein
	[35791:36330:rev] Derived by automated computational analysis using gene prediction method: Protein Homology.; hypothetical protein
	[36323:36640:rev] Derived by automated computational analysis using gene prediction method: Protein Homology.; hypothetical protein
	[36693:37016:dir] mediates an interaction between 5S and domains II and V of 23S; Derived by automated computational analysis using gene prediction method: Protein Homology.; 50S ribosomal protein L21
	[36982:37539:rev] Derived by automated computational analysis using gene prediction method: GeneMarkS+.; hypothetical protein
	[37590:38030:dir] Derived by automated computational analysis using gene prediction method: Protein Homology.; hypothetical protein
	[38063:38251:dir] Derived by automated computational analysis using gene prediction method: GeneMarkS+.; hypothetical protein
	[40246:40791:dir] Derived by automated computational analysis using gene prediction method: Protein Homology.; hypothetical protein
	[40915:41361:rev] hypothetical protein; disrupted; Derived by automated computational analysis using gene prediction method: Protein Homology.
	[41861:43102:rev] Derived by automated computational analysis using gene prediction method: GeneMarkS+.; hypothetical protein
	[43194:44402:dir] Derived by automated computational analysis using gene prediction method: GeneMarkS+.; hypothetical protein
<END>
<GI> CP010514:2 <COORDINATES> 95223-117457 <STAT> n1_4mer:GRV/n1_4mer:RV = 2.182280; n0_4mer:D = 13.455199; n0_4mer:PS = 26.986387
	[95223:97193:rev] Derived by automated computational analysis using gene prediction method: GeneMarkS+.; hypothetical protein
	[97199:97960:rev] Derived by automated computational analysis using gene prediction method: GeneMarkS+.; hypothetical protein
	[97997:98404:rev] Derived by automated computational analysis using gene prediction method: Protein Homology.; hypothetical protein
	[98382:99233:rev] Derived by automated computational analysis using gene prediction method: Protein Homology.; hypothetical protein
	[99368:99598:dir] Derived by automated computational analysis using gene prediction method: Protein Homology.; DNA-directed RNA polymerase subunit H
	[99631:101148:dir] Derived by automated computational analysis using gene prediction method: Protein Homology.; hypothetical protein
	[101151:102953:dir] DNA-dependent RNA polymerase catalyzes the transcription of DNA into RNA using the four ribonucleoside triphosphates as substrates. The beta subunit is part of the catalytic core which binds with a sigma factor to produce the holoenzyme; Derived by automated computational analysis using gene prediction method: Protein Homology.; DNA-directed RNA polymerase subunit B'
	[102956:105550:dir] hypothetical protein; disrupted; Derived by automated computational analysis using gene prediction method: Protein Homology.
	[105558:106676:dir] Derived by automated computational analysis using gene prediction method: Protein Homology.; hypothetical protein
	[106703:106975:dir] Derived by automated computational analysis using gene prediction method: Protein Homology.; 50S ribosomal protein L30
	[106968:107396:dir] Derived by automated computational analysis using gene prediction method: Protein Homology.; 30S ribosomal protein S12
	[107511:108326:dir] Derived by automated computational analysis using gene prediction method: GeneMarkS+.; hypothetical protein
	[108358:108963:dir] Derived by automated computational analysis using gene prediction method: Protein Homology.; 30S ribosomal protein S7
	[108999:109484:dir] PvlArgDC; converts arginine to agmatine and carbon dioxide; has a role in polyamine metabolism; in Methanococcus jannaschii this enzyme self-cleaves at serine-serine bond to form alpha (N-terminal) and beta (C-terminal) subunits; the alpha subunit contains a catalytically active pyruvoyl group; the beta subunit contains the substrate-binding residues; forms homotrimers of the alpha/beta complex; Derived by automated computational analysis using gene prediction method: Protein Homology.; pyruvoyl-dependent arginine decarboxylase
	[109521:110882:dir] Derived by automated computational analysis using gene prediction method: Protein Homology.; hypothetical protein
	[110879:111775:dir] Derived by automated computational analysis using gene prediction method: Protein Homology.; hypothetical protein
	[111772:112602:rev] Derived by automated computational analysis using gene prediction method: Protein Homology.; hypothetical protein
	[112776:113405:rev] Derived by automated computational analysis using gene prediction method: Protein Homology.; hypothetical protein
	[113563:114426:rev] Derived by automated computational analysis using gene prediction method: Protein Homology.; hypothetical protein
	[114428:115081:rev] Derived by automated computational analysis using gene prediction method: Protein Homology.; hypothetical protein
	[115267:115746:rev] Derived by automated computational analysis using gene prediction method: Protein Homology.; 50S ribosomal protein L11
	[115787:115972:dir] Derived by automated computational analysis using gene prediction method: GeneMarkS+.; hypothetical protein
	[115954:116391:dir] Derived by automated computational analysis using gene prediction method: Protein Homology.; hypothetical protein
	[116384:117457:rev] Derived by automated computational analysis using gene prediction method: Protein Homology.; cell division protein FtsZ
<END>
<GI> CP010514:3 <COORDINATES> 178662-201333 <STAT> n1_4mer:GRV/n1_4mer:RV = 2.652134; n0_4mer:D = 11.669726; n0_4mer:PS = 25.559646
	[178662:181094:rev] Derived by automated computational analysis using gene prediction method: Protein Homology.; hypothetical protein
	[181160:181699:dir] hypothetical protein; disrupted; Derived by automated computational analysis using gene prediction method: Protein Homology.
	[181807:182046:dir] Derived by automated computational analysis using gene prediction method: GeneMarkS+.; hypothetical protein
	[182047:183465:rev] Derived by automated computational analysis using gene prediction method: Protein Homology.; hypothetical protein
	[183835:184473:dir] Derived by automated computational analysis using gene prediction method: Protein Homology.; peroxiredoxin
	[184475:185827:rev] Derived by automated computational analysis using gene prediction method: Protein Homology.; hypothetical protein
	[185905:187131:rev] Derived by automated computational analysis using gene prediction method: Protein Homology.; hypothetical protein
	[187156:188013:rev] Derived by automated computational analysis using gene prediction method: Protein Homology.; hypothetical protein
	[188010:190250:rev] Derived by automated computational analysis using gene prediction method: Protein Homology.; hypothetical protein
	[190275:190556:rev] Derived by automated computational analysis using gene prediction method: GeneMarkS+.; hypothetical protein
	[190564:191652:rev] Derived by automated computational analysis using gene prediction method: Protein Homology.; hypothetical protein
	[191639:191980:rev] Derived by automated computational analysis using gene prediction method: Protein Homology.; hypothetical protein
	[192058:192744:rev] hypothetical protein; disrupted; Derived by automated computational analysis using gene prediction method: Protein Homology.
	[192741:194027:rev] Derived by automated computational analysis using gene prediction method: Protein Homology.; hypothetical protein
	[194240:194773:rev] hypothetical protein; disrupted; Derived by automated computational analysis using gene prediction method: Protein Homology.
	[194798:195415:dir] Derived by automated computational analysis using gene prediction method: Protein Homology.; deoxycytidine triphosphate deaminase
	[195440:195805:dir] Derived by automated computational analysis using gene prediction method: Protein Homology.; 50S ribosomal protein L18e
	[195802:196248:dir] Derived by automated computational analysis using gene prediction method: Protein Homology.; hypothetical protein
	[196275:196673:dir] Derived by automated computational analysis using gene prediction method: Protein Homology.; 30S ribosomal protein S9
	[196676:197050:rev] Derived by automated computational analysis using gene prediction method: Protein Homology.; hypothetical protein
	[197088:199472:dir] Derived by automated computational analysis using gene prediction method: Protein Homology.; ATPase AAA
	[199465:200187:dir] Derived by automated computational analysis using gene prediction method: Protein Homology.; hypothetical protein
	[200169:201002:dir] Derived by automated computational analysis using gene prediction method: Protein Homology.; hypothetical protein
	[200986:201333:rev] Derived by automated computational analysis using gene prediction method: Protein Homology.; hypothetical protein
<END>
<GI> CP010514:4 <COORDINATES> 412584-431188 <STAT> n1_4mer:GRV/n1_4mer:RV = 2.442319; n0_4mer:D = 12.216278; n0_4mer:PS = 26.349129
	[412584:413180:dir] Derived by automated computational analysis using gene prediction method: GeneMarkS+.; hypothetical protein
	[413207:413623:rev] Derived by automated computational analysis using gene prediction method: GeneMarkS+.; hypothetical protein
	[413634:413885:rev] Derived by automated computational analysis using gene prediction method: GeneMarkS+.; hypothetical protein
	[413959:414927:rev] Derived by automated computational analysis using gene prediction method: Protein Homology.; Replication factor C small subunit
	[414967:415626:dir] Derived by automated computational analysis using gene prediction method: Protein Homology.; hypothetical protein
	[415629:416390:dir] Derived by automated computational analysis using gene prediction method: Protein Homology.; hypothetical protein
	[416432:417181:dir] Derived by automated computational analysis using gene prediction method: Protein Homology.; exodeoxyribonuclease III
	[417205:418755:dir] Derived by automated computational analysis using gene prediction method: Protein Homology.; aldehyde dehydrogenase
	[418805:419653:dir] Derived by automated computational analysis using gene prediction method: GeneMarkS+.; hypothetical protein
	[419784:420266:dir] Derived by automated computational analysis using gene prediction method: Protein Homology.; hypothetical protein
	[420382:421473:dir] Derived by automated computational analysis using gene prediction method: Protein Homology.; hypothetical protein
	[421509:422213:dir] Derived by automated computational analysis using gene prediction method: Protein Homology.; hypothetical protein
	[422251:422700:dir] Derived by automated computational analysis using gene prediction method: GeneMarkS+.; hypothetical protein
	[422751:423695:dir] Derived by automated computational analysis using gene prediction method: Protein Homology.; thioredoxin reductase (NADPH)
	[423689:423985:dir] Derived by automated computational analysis using gene prediction method: Protein Homology.; hypothetical protein
	[423985:424353:dir] Derived by automated computational analysis using gene prediction method: GeneMarkS+.; hypothetical protein
	[424380:424452:dir] tRNA-Val
	[424548:424955:dir] hypothetical protein; disrupted; Derived by automated computational analysis using gene prediction method: Protein Homology.
	[425289:425627:dir] Derived by automated computational analysis using gene prediction method: GeneMarkS+.; hypothetical protein
	[425689:427855:dir] hypothetical protein; disrupted; Derived by automated computational analysis using gene prediction method: Protein Homology.
	[427924:428589:rev] Derived by automated computational analysis using gene prediction method: Protein Homology.; triosephosphate isomerase
	[428630:431188:dir] Derived by automated computational analysis using gene prediction method: Protein Homology.; hypothetical protein
<END>
<GI> CP010514:5 <COORDINATES> 462834-482658 <STAT> n1_4mer:GRV/n1_4mer:RV = 2.232458; n0_4mer:D = 12.382458; n0_4mer:PS = 25.121818
	[462834:463592:dir] Derived by automated computational analysis using gene prediction method: Protein Homology.; hypothetical protein
	[463573:464406:rev] Derived by automated computational analysis using gene prediction method: GeneMarkS+.; hypothetical protein
	[464438:464510:rev] tRNA-Gln
	[464560:464967:dir] Derived by automated computational analysis using gene prediction method: GeneMarkS+.; hypothetical protein
	[465029:466057:dir] Derived by automated computational analysis using gene prediction method: Protein Homology.; tRNA-modifying enzyme
	[466214:467005:rev] Derived by automated computational analysis using gene prediction method: Protein Homology.; hypothetical protein
	[467006:469288:rev] Derived by automated computational analysis using gene prediction method: Protein Homology.; phosphoenolpyruvate synthase
	[469347:470951:rev] Derived by automated computational analysis using gene prediction method: Protein Homology.; hypothetical protein
	[470967:471992:rev] Derived by automated computational analysis using gene prediction method: Protein Homology.; hypothetical protein
	[472075:472467:rev] rpl7ae; multifunctional protein; binds C/D boxes of sRNAs and guides RNA post-transcriptional modification; also binds KT-15 motif in 23S rRNA; Derived by automated computational analysis using gene prediction method: Protein Homology.; 50S ribosomal protein L7
	[472518:472745:rev] Derived by automated computational analysis using gene prediction method: Protein Homology.; hypothetical protein
	[472822:474657:rev] hypothetical protein; disrupted; Derived by automated computational analysis using gene prediction method: Protein Homology.
	[474681:474959:rev] Derived by automated computational analysis using gene prediction method: Protein Homology.; hypothetical protein
	[474961:475071:rev] RNA-binding protein; disrupted; Derived by automated computational analysis using gene prediction method: Protein Homology.
	[475160:476080:rev] Derived by automated computational analysis using gene prediction method: Protein Homology.; hypothetical protein
	[476059:476418:dir] Derived by automated computational analysis using gene prediction method: Protein Homology.; hypothetical protein
	[476452:477057:dir] Derived by automated computational analysis using gene prediction method: Protein Homology.; hypothetical protein
	[477059:477895:rev] Derived by automated computational analysis using gene prediction method: Protein Homology.; hypothetical protein
	[477931:479625:rev] Derived by automated computational analysis using gene prediction method: Protein Homology.; DNA ligase
	[479656:480741:rev] GTPase; similar structure to tubulin; forms ring-shaped polymers at the site of cell division; other proteins such as FtsA, ZipA, and ZapA, interact with and regulate FtsZ function; Derived by automated computational analysis using gene prediction method: Protein Homology.; cell division protein FtsZ
	[481026:481319:dir] Derived by automated computational analysis using gene prediction method: GeneMarkS+.; hypothetical protein
	[481354:482658:dir] Derived by automated computational analysis using gene prediction method: Protein Homology.; hypothetical protein
<END>
<GI> CP010514:6 <COORDINATES> 562033-580815 <STAT> n1_4mer:GRV/n1_4mer:RV = 1.438488; n0_4mer:D = 12.785749; n0_4mer:PS = 16.408820
	[562033:563520:dir] 16S ribosomal RNA
	[563570:564712:dir] hypothetical protein; disrupted; Derived by automated computational analysis using gene prediction method: Protein Homology.
	[564778:565275:dir] Derived by automated computational analysis using gene prediction method: GeneMarkS+.; hypothetical protein
	[565299:565709:dir] rps19p; protein S19 forms a complex with S13 that binds strongly to the 16S ribosomal RNA; Derived by automated computational analysis using gene prediction method: Protein Homology.; 30S ribosomal protein S19
	[565712:566536:rev] Derived by automated computational analysis using gene prediction method: Protein Homology.; hypothetical protein
	[566533:567912:rev] Derived by automated computational analysis using gene prediction method: Protein Homology.; hypothetical protein
	[567982:569448:dir] hypothetical protein; disrupted; Derived by automated computational analysis using gene prediction method: Protein Homology.
	[569492:572384:rev] 23S ribosomal RNA
	[572524:573282:dir] hypothetical protein; disrupted; Derived by automated computational analysis using gene prediction method: Protein Homology.
	[574625:575077:dir] Derived by automated computational analysis using gene prediction method: GeneMarkS+.; hypothetical protein
	[575077:575832:dir] Derived by automated computational analysis using gene prediction method: Protein Homology.; hypothetical protein
	[575823:576095:dir] Derived by automated computational analysis using gene prediction method: Protein Homology.; hypothetical protein
	[576268:576957:rev] Derived by automated computational analysis using gene prediction method: Protein Homology.; hypothetical protein
	[576996:578036:dir] Derived by automated computational analysis using gene prediction method: Protein Homology.; ATPase AAA
	[578125:579108:dir] Derived by automated computational analysis using gene prediction method: Protein Homology.; hypothetical protein
	[579248:579643:rev] hypothetical protein; disrupted; Derived by automated computational analysis using gene prediction method: Protein Homology.
	[579645:580115:rev] rpl30p; L30 binds domain II of the 23S rRNA and the 5S rRNA; similar to eukaryotic protein L7; Derived by automated computational analysis using gene prediction method: Protein Homology.; 50S ribosomal protein L30
	[580117:580815:rev] Derived by automated computational analysis using gene prediction method: Protein Homology.; 30S ribosomal protein S5
<END>