<GI> CP039375:1 <COORDINATES> 719253-755014 <STAT> n1_4mer:GRV/n1_4mer:RV = 5.749453; n0_4mer:D = 44.687270; n0_4mer:PS = 27.415540
	[719253:719960:dir] Derived by automated computational analysis using gene prediction method: Protein Homology.; ABC transporter ATP-binding protein
	[719969:723088:dir] Derived by automated computational analysis using gene prediction method: Protein Homology.; FtsX-like permease family protein
	[723161:724195:dir] Derived by automated computational analysis using gene prediction method: Protein Homology.; DUF1616 domain-containing protein
	[724221:724301:rev] incomplete; partial on complete genome; missing C-terminus; Derived by automated computational analysis using gene prediction method: Protein Homology.; PAS sensor protein
	[724470:725056:rev] frameshifted; incomplete; partial on complete genome; missing N-terminus; Derived by automated computational analysis using gene prediction method: Protein Homology.; transposase
	[725249:726520:dir] internal stop; Derived by automated computational analysis using gene prediction method: Protein Homology.; IS4 family transposase
	[727196:727831:dir] Derived by automated computational analysis using gene prediction method: Protein Homology.; IS6-like element ISHmu2 family transposase
	[727840:727908:rev] incomplete; partial on complete genome; missing C-terminus; Derived by automated computational analysis using gene prediction method: Protein Homology.; IS6 family transposase
	[728085:729260:dir] Derived by automated computational analysis using gene prediction method: Protein Homology.; glycosyltransferase family 4 protein
	[729303:730307:rev] Derived by automated computational analysis using gene prediction method: Protein Homology.; glycosyltransferase family 2 protein
	[730386:731003:rev] internal stop; Derived by automated computational analysis using gene prediction method: Protein Homology.; IS6 family transposase
	[731255:731692:rev] Derived by automated computational analysis using gene prediction method: Protein Homology.; transposase
	[731485:731979:rev] Derived by automated computational analysis using gene prediction method: Protein Homology.; transposase
	[731957:733064:rev] frameshifted; Derived by automated computational analysis using gene prediction method: Protein Homology.; IS630 family transposase
	[733512:734633:dir] Derived by automated computational analysis using gene prediction method: Protein Homology.; glycosyltransferase family 4 protein
	[735140:736312:dir] Derived by automated computational analysis using gene prediction method: GeneMarkS-2+.; hypothetical protein
	[736576:736869:dir] Derived by automated computational analysis using gene prediction method: GeneMarkS-2+.; hypothetical protein
	[736844:738118:rev] Derived by automated computational analysis using gene prediction method: Protein Homology.; IS4 family transposase
	[738455:740266:rev] Derived by automated computational analysis using gene prediction method: Protein Homology.; hypothetical protein
	[740263:741513:rev] Derived by automated computational analysis using gene prediction method: Protein Homology.; glycosyltransferase family 4 protein
	[741520:742815:rev] Derived by automated computational analysis using gene prediction method: Protein Homology.; nucleotide sugar dehydrogenase
	[742812:743921:rev] Derived by automated computational analysis using gene prediction method: Protein Homology.; UDP-N-acetylglucosamine 2-epimerase (non-hydrolyzing)
	[744012:745001:rev] Derived by automated computational analysis using gene prediction method: Protein Homology.; glycosyltransferase family 2 protein
	[745604:746295:rev] frameshifted; incomplete; partial on complete genome; missing C-terminus; Derived by automated computational analysis using gene prediction method: Protein Homology.; SIS domain-containing protein
	[746474:747409:rev] Derived by automated computational analysis using gene prediction method: Protein Homology.; hypothetical protein
	[747598:749631:rev] Derived by automated computational analysis using gene prediction method: GeneMarkS-2+.; hypothetical protein
	[750052:751473:dir] Derived by automated computational analysis using gene prediction method: Protein Homology.; DUF58 domain-containing protein
	[751470:751967:dir] Derived by automated computational analysis using gene prediction method: Protein Homology.; hypothetical protein
	[751957:752886:dir] Derived by automated computational analysis using gene prediction method: Protein Homology.; hypothetical protein
	[752893:753915:rev] Derived by automated computational analysis using gene prediction method: Protein Homology.; MoxR family ATPase
	[753908:755014:rev] Derived by automated computational analysis using gene prediction method: Protein Homology.; DUF4350 domain-containing protein
<END>
<GI> CP039375:2 <COORDINATES> 1078191-1106341 <STAT> n1_4mer:GRV/n1_4mer:RV = 3.133141; n0_4mer:D = 33.423944; n0_4mer:PS = 27.181434
	[1078191:1078532:dir] Derived by automated computational analysis using gene prediction method: Protein Homology.; hypothetical protein
	[1078625:1080385:dir] Derived by automated computational analysis using gene prediction method: Protein Homology.; ferredoxin--nitrite reductase
	[1080438:1080701:dir] Derived by automated computational analysis using gene prediction method: Protein Homology.; hypothetical protein
	[1080862:1081146:dir] Derived by automated computational analysis using gene prediction method: Protein Homology.; hypothetical protein
	[1081215:1081517:dir] Derived by automated computational analysis using gene prediction method: Protein Homology.; hypothetical protein
	[1081597:1082436:dir] Derived by automated computational analysis using gene prediction method: Protein Homology.; aldo/keto reductase
	[1082540:1082791:dir] Derived by automated computational analysis using gene prediction method: GeneMarkS-2+.; hypothetical protein
	[1082860:1083198:rev] Derived by automated computational analysis using gene prediction method: Protein Homology.; hypothetical protein
	[1083469:1084491:rev] Derived by automated computational analysis using gene prediction method: Protein Homology.; integrase
	[1084905:1085201:dir] Derived by automated computational analysis using gene prediction method: Protein Homology.; PhiH1 repressor
	[1085209:1085445:rev] Derived by automated computational analysis using gene prediction method: Protein Homology.; hypothetical protein
	[1085520:1086308:rev] Derived by automated computational analysis using gene prediction method: GeneMarkS-2+.; DUF4199 domain-containing protein
	[1086420:1087472:rev] Derived by automated computational analysis using gene prediction method: Protein Homology.; AAA family ATPase
	[1087549:1088403:rev] Derived by automated computational analysis using gene prediction method: GeneMarkS-2+.; hypothetical protein
	[1088510:1089298:rev] Derived by automated computational analysis using gene prediction method: Protein Homology.; hypothetical protein
	[1089301:1089555:rev] Derived by automated computational analysis using gene prediction method: Protein Homology.; transcriptional regulator
	[1089672:1091030:dir] Derived by automated computational analysis using gene prediction method: Protein Homology.; DNA cytosine methyltransferase
	[1091042:1092697:rev] Derived by automated computational analysis using gene prediction method: GeneMarkS-2+.; hypothetical protein
	[1092707:1093780:rev] Derived by automated computational analysis using gene prediction method: Protein Homology.; hypothetical protein
	[1093894:1094151:rev] Derived by automated computational analysis using gene prediction method: Protein Homology.; hypothetical protein
	[1094375:1094557:rev] Derived by automated computational analysis using gene prediction method: Protein Homology.; hypothetical protein
	[1094684:1095115:dir] Derived by automated computational analysis using gene prediction method: Protein Homology.; hypothetical protein
	[1095112:1095357:dir] Derived by automated computational analysis using gene prediction method: Protein Homology.; hypothetical protein
	[1095354:1097126:dir] Derived by automated computational analysis using gene prediction method: GeneMarkS-2+.; hypothetical protein
	[1097134:1097661:dir] Derived by automated computational analysis using gene prediction method: Protein Homology.; hypothetical protein
	[1097662:1098456:dir] Derived by automated computational analysis using gene prediction method: Protein Homology.; hypothetical protein
	[1098449:1099621:dir] Derived by automated computational analysis using gene prediction method: Protein Homology.; hypothetical protein
	[1099785:1100174:dir] Derived by automated computational analysis using gene prediction method: Protein Homology.; hypothetical protein
	[1100876:1102732:rev] Derived by automated computational analysis using gene prediction method: GeneMarkS-2+.; hypothetical protein
	[1103121:1104770:rev] Derived by automated computational analysis using gene prediction method: Protein Homology.; MarR family transcriptional regulator
	[1105033:1105230:rev] Derived by automated computational analysis using gene prediction method: Protein Homology.; helix-turn-helix domain-containing protein
	[1105227:1106081:rev] Derived by automated computational analysis using gene prediction method: Protein Homology.; DNA adenine methylase
	[1106078:1106341:rev] Derived by automated computational analysis using gene prediction method: Protein Homology.; hypothetical protein
<END>
<GI> CP039375:3 <COORDINATES> 1249325-1272131 <STAT> n1_4mer:GRV/n1_4mer:RV = 2.524189; n0_4mer:D = 27.173517; n0_4mer:PS = 22.566695
	[1249325:1250587:rev] Derived by automated computational analysis using gene prediction method: Protein Homology.; DUF2029 domain-containing protein
	[1250584:1250766:rev] Derived by automated computational analysis using gene prediction method: Protein Homology.; hypothetical protein
	[1250826:1251332:rev] Derived by automated computational analysis using gene prediction method: Protein Homology.; type IV pilin
	[1251403:1252404:rev] Derived by automated computational analysis using gene prediction method: Protein Homology.; glutathione S-transferase family protein
	[1252541:1253071:dir] Derived by automated computational analysis using gene prediction method: Protein Homology.; 50S ribosomal protein L16
	[1253096:1253440:rev] Derived by automated computational analysis using gene prediction method: GeneMarkS-2+.; hypothetical protein
	[1253909:1254307:dir] Derived by automated computational analysis using gene prediction method: Protein Homology.; hypothetical protein
	[1254404:1255270:dir] Derived by automated computational analysis using gene prediction method: Protein Homology.; RimK family alpha-L-glutamate ligase
	[1255280:1255672:rev] Derived by automated computational analysis using gene prediction method: Protein Homology.; Hsp20/alpha crystallin family protein
	[1256612:1257619:dir] gap; Derived by automated computational analysis using gene prediction method: Protein Homology.; type I glyceraldehyde-3-phosphate dehydrogenase
	[1257736:1257811:rev] tRNA-Cys
	[1258056:1258177:rev] rrf; Derived by automated computational analysis using gene prediction method: cmsearch.; 5S ribosomal RNA
	[1258294:1261191:rev] 23S ribosomal RNA
	[1261417:1261488:rev] tRNA-Ala
	[1261596:1263070:rev] 16S ribosomal RNA
	[1263869:1264180:rev] Derived by automated computational analysis using gene prediction method: Protein Homology.; chromosomal protein MC1
	[1264405:1264602:dir] Derived by automated computational analysis using gene prediction method: Protein Homology.; hypothetical protein
	[1264658:1265710:dir] Derived by automated computational analysis using gene prediction method: Protein Homology.; quinone-dependent dihydroorotate dehydrogenase
	[1265811:1267622:rev] Derived by automated computational analysis using gene prediction method: Protein Homology.; phenylalanine--tRNA ligase subunit beta
	[1267622:1269130:rev] Derived by automated computational analysis using gene prediction method: Protein Homology.; phenylalanine--tRNA ligase subunit alpha
	[1269419:1271041:rev] Derived by automated computational analysis using gene prediction method: Protein Homology.; tryptophan--tRNA ligase
	[1271121:1272131:rev] endA; Derived by automated computational analysis using gene prediction method: Protein Homology.; tRNA-intron lyase
<END>
<GI> CP039375:4 <COORDINATES> 1552689-1575465 <STAT> n1_4mer:GRV/n1_4mer:RV = 2.378174; n0_4mer:D = 29.166851; n0_4mer:PS = 30.632842
	[1552689:1553465:dir] Derived by automated computational analysis using gene prediction method: Protein Homology.; IclR family transcriptional regulator
	[1554105:1555172:dir] Derived by automated computational analysis using gene prediction method: Protein Homology.; DUF373 family protein
	[1555202:1555495:dir] Derived by automated computational analysis using gene prediction method: Protein Homology.; hypothetical protein
	[1555596:1555699:dir] tRNA-Arg
	[1556158:1556487:dir] Derived by automated computational analysis using gene prediction method: Protein Homology.; hypothetical protein
	[1556490:1558298:dir] Derived by automated computational analysis using gene prediction method: Protein Homology.; hypothetical protein
	[1558450:1559148:dir] Derived by automated computational analysis using gene prediction method: GeneMarkS-2+.; hypothetical protein
	[1559180:1559614:dir] Derived by automated computational analysis using gene prediction method: GeneMarkS-2+.; hypothetical protein
	[1559678:1560172:dir] Derived by automated computational analysis using gene prediction method: GeneMarkS-2+.; hypothetical protein
	[1560290:1560616:dir] Derived by automated computational analysis using gene prediction method: Protein Homology.; hypothetical protein
	[1560613:1561029:dir] Derived by automated computational analysis using gene prediction method: Protein Homology.; hypothetical protein
	[1562249:1562878:dir] Derived by automated computational analysis using gene prediction method: Protein Homology.; hypothetical protein
	[1562878:1563066:dir] Derived by automated computational analysis using gene prediction method: Protein Homology.; hypothetical protein
	[1563093:1563650:dir] Derived by automated computational analysis using gene prediction method: Protein Homology.; hypothetical protein
	[1563647:1564462:dir] Derived by automated computational analysis using gene prediction method: Protein Homology.; hypothetical protein
	[1564737:1565453:dir] internal stop; Derived by automated computational analysis using gene prediction method: Protein Homology.; hypothetical protein
	[1565510:1566355:dir] Derived by automated computational analysis using gene prediction method: Protein Homology.; serine protease
	[1566612:1567634:rev] Derived by automated computational analysis using gene prediction method: Protein Homology.; hypothetical protein
	[1567751:1567966:rev] Derived by automated computational analysis using gene prediction method: Protein Homology.; hypothetical protein
	[1568073:1569128:dir] Derived by automated computational analysis using gene prediction method: Protein Homology.; site-specific integrase
	[1569736:1570686:rev] Derived by automated computational analysis using gene prediction method: Protein Homology.; hypothetical protein
	[1571023:1572657:dir] Derived by automated computational analysis using gene prediction method: Protein Homology.; TrkA family potassium uptake protein
	[1572566:1572763:dir] Derived by automated computational analysis using gene prediction method: Protein Homology.; hypothetical protein
	[1572860:1573138:dir] Derived by automated computational analysis using gene prediction method: Protein Homology.; hypothetical protein
	[1573223:1573615:dir] Derived by automated computational analysis using gene prediction method: Protein Homology.; hypothetical protein
	[1573807:1575465:dir] Derived by automated computational analysis using gene prediction method: Protein Homology.; thermosome subunit
<END>
<GI> CP039375:5 <COORDINATES> 1787301-1813316 <STAT> n1_4mer:GRV/n1_4mer:RV = 5.809374; n0_4mer:D = 45.206641; n0_4mer:PS = 25.534094
	[1787301:1788194:dir] Derived by automated computational analysis using gene prediction method: Protein Homology.; hypothetical protein
	[1788213:1789964:rev] Derived by automated computational analysis using gene prediction method: Protein Homology.; ATP-dependent DNA helicase
	[1790061:1791302:dir] Derived by automated computational analysis using gene prediction method: Protein Homology.; hypothetical protein
	[1791314:1791514:rev] Derived by automated computational analysis using gene prediction method: Protein Homology.; hypothetical protein
	[1791616:1792593:dir] Derived by automated computational analysis using gene prediction method: Protein Homology.; 4-demethylwyosine synthase TYW1
	[1792604:1793851:rev] Derived by automated computational analysis using gene prediction method: Protein Homology.; hypothetical protein
	[1793992:1794783:rev] frameshifted; incomplete; partial on complete genome; missing C-terminus; Derived by automated computational analysis using gene prediction method: Protein Homology.; IS1595 family transposase
	[1795422:1796342:dir] Derived by automated computational analysis using gene prediction method: GeneMarkS-2+.; hypothetical protein
	[1796437:1797873:dir] Derived by automated computational analysis using gene prediction method: Protein Homology.; hypothetical protein
	[1797892:1799361:dir] Derived by automated computational analysis using gene prediction method: Protein Homology.; flippase
	[1799465:1799784:rev] frameshifted; internal stop; Derived by automated computational analysis using gene prediction method: Protein Homology.; transposase
	[1799893:1800357:dir] Derived by automated computational analysis using gene prediction method: Protein Homology.; dTDP-4-dehydrorhamnose 3,5-epimerase
	[1800361:1801434:dir] Derived by automated computational analysis using gene prediction method: Protein Homology.; glucose-1-phosphate thymidylyltransferase
	[1801437:1801616:dir] Derived by automated computational analysis using gene prediction method: Protein Homology.; hypothetical protein
	[1801613:1802503:rev] rfbD; Derived by automated computational analysis using gene prediction method: Protein Homology.; dTDP-4-dehydrorhamnose reductase
	[1802556:1803482:dir] rfbB; Derived by automated computational analysis using gene prediction method: Protein Homology.; dTDP-glucose 4,6-dehydratase
	[1803485:1803943:dir] Derived by automated computational analysis using gene prediction method: Protein Homology.; NUDIX domain-containing protein
	[1804225:1804472:rev] frameshifted; internal stop; incomplete; partial on complete genome; missing C-terminus; Derived by automated computational analysis using gene prediction method: Protein Homology.; UTP--glucose-1-phosphate uridylyltransferase
	[1804660:1805514:dir] Derived by automated computational analysis using gene prediction method: Protein Homology.; IS5-like element ISHmu1 family transposase
	[1805733:1806040:dir] frameshifted; internal stop; incomplete; partial on complete genome; missing C-terminus; Derived by automated computational analysis using gene prediction method: Protein Homology.; ISH3 family transposase
	[1806201:1806668:dir] Derived by automated computational analysis using gene prediction method: Protein Homology.; DUF4212 domain-containing protein
	[1806665:1808353:dir] Derived by automated computational analysis using gene prediction method: Protein Homology.; cation acetate symporter
	[1808353:1808823:dir] Derived by automated computational analysis using gene prediction method: Protein Homology.; universal stress protein
	[1808823:1809044:dir] Derived by automated computational analysis using gene prediction method: Protein Homology.; hypothetical protein
	[1809562:1810968:rev] Derived by automated computational analysis using gene prediction method: Protein Homology.; signal recognition particle protein
	[1811061:1811435:dir] Derived by automated computational analysis using gene prediction method: Protein Homology.; cupin domain-containing protein
	[1811506:1812156:dir] eda; Derived by automated computational analysis using gene prediction method: Protein Homology.; bifunctional 4-hydroxy-2-oxoglutarate aldolase/2-dehydro-3-deoxy-phosphogluconate aldolase
	[1812213:1813316:rev] ftsY; Derived by automated computational analysis using gene prediction method: Protein Homology.; signal recognition particle-docking protein FtsY
<END>
<GI> CP039375:6 <COORDINATES> 2012680-2040193 <STAT> n1_4mer:GRV/n1_4mer:RV = 2.684034; n0_4mer:D = 31.567445; n0_4mer:PS = 25.558577
	[2012680:2013918:rev] Derived by automated computational analysis using gene prediction method: Protein Homology.; cell surface protein
	[2013982:2014581:rev] trmY; Derived by automated computational analysis using gene prediction method: Protein Homology.; tRNA (pseudouridine(54)-N(1))-methyltransferase TrmY
	[2014876:2015808:dir] Derived by automated computational analysis using gene prediction method: Protein Homology.; ring-cleaving dioxygenase
	[2015805:2016479:dir] Derived by automated computational analysis using gene prediction method: Protein Homology.; phospholipase
	[2016511:2016583:rev] tRNA-Pro
	[2016771:2018219:dir] Derived by automated computational analysis using gene prediction method: Protein Homology.; sugar transferase
	[2019268:2020094:dir] frameshifted; Derived by automated computational analysis using gene prediction method: Protein Homology.; IS5 family transposase
	[2020381:2021733:rev] Derived by automated computational analysis using gene prediction method: Protein Homology.; sulfatase
	[2022019:2023821:dir] Derived by automated computational analysis using gene prediction method: Protein Homology.; ABC transporter ATP-binding protein
	[2023950:2024798:dir] Derived by automated computational analysis using gene prediction method: Protein Homology.; glycosyltransferase
	[2025416:2026480:dir] neuB; Derived by automated computational analysis using gene prediction method: Protein Homology.; N-acetylneuraminate synthase
	[2026473:2027144:dir] Derived by automated computational analysis using gene prediction method: Protein Homology.; PIG-L family deacetylase
	[2027150:2027767:rev] Derived by automated computational analysis using gene prediction method: Protein Homology.; hypothetical protein
	[2027849:2028601:dir] Derived by automated computational analysis using gene prediction method: Protein Homology.; class I SAM-dependent methyltransferase
	[2028677:2029846:dir] Derived by automated computational analysis using gene prediction method: Protein Homology.; ISH3 family transposase
	[2030120:2031352:rev] neuC; Derived by automated computational analysis using gene prediction method: Protein Homology.; UDP-N-acetylglucosamine 2-epimerase (hydrolyzing)
	[2031367:2032323:dir] Derived by automated computational analysis using gene prediction method: Protein Homology.; ATP-grasp domain-containing protein
	[2032316:2033002:dir] Derived by automated computational analysis using gene prediction method: Protein Homology.; HAD family hydrolase
	[2033496:2034281:rev] Derived by automated computational analysis using gene prediction method: Protein Homology.; SDR family oxidoreductase
	[2034265:2034984:rev] Derived by automated computational analysis using gene prediction method: Protein Homology.; acylneuraminate cytidylyltransferase family protein
	[2034981:2035931:rev] Derived by automated computational analysis using gene prediction method: Protein Homology.; Gfo/Idh/MocA family oxidoreductase
	[2035977:2036711:rev] frameshifted; Derived by automated computational analysis using gene prediction method: Protein Homology.; IS6 family transposase
	[2036811:2037950:rev] Derived by automated computational analysis using gene prediction method: Protein Homology.; aminotransferase class I/II-fold pyridoxal phosphate-dependent enzyme
	[2037944:2038969:rev] Derived by automated computational analysis using gene prediction method: Protein Homology.; SDR family NAD(P)-dependent oxidoreductase
	[2039367:2040193:rev] frameshifted; Derived by automated computational analysis using gene prediction method: Protein Homology.; IS5 family transposase
<END>
<GI> CP039375:7 <COORDINATES> 2137500-2157797 <STAT> n1_4mer:GRV/n1_4mer:RV = 2.701596; n0_4mer:D = 29.232733; n0_4mer:PS = 26.856194
	[2137641:2137883:dir] incomplete; partial on complete genome; missing N-terminus; Derived by automated computational analysis using gene prediction method: Protein Homology.; arsenical-resistance protein
	[2138043:2138654:dir] Derived by automated computational analysis using gene prediction method: Protein Homology.; isopentenyl-diphosphate Delta-isomerase
	[2138738:2139571:dir] Derived by automated computational analysis using gene prediction method: Protein Homology.; hypothetical protein
	[2139574:2139720:rev] incomplete; partial on complete genome; missing N-terminus; Derived by automated computational analysis using gene prediction method: Protein Homology.; cupin domain-containing protein
	[2139774:2141558:rev] Derived by automated computational analysis using gene prediction method: Protein Homology.; PAS domain S-box protein
	[2141854:2142417:dir] tcmP; Derived by automated computational analysis using gene prediction method: Protein Homology.; three-Cys-motif partner protein TcmP
	[2142434:2143288:rev] Derived by automated computational analysis using gene prediction method: Protein Homology.; IS5-like element ISHmu1 family transposase
	[2144084:2145112:dir] Derived by automated computational analysis using gene prediction method: Protein Homology.; radical SAM protein
	[2145202:2146473:dir] Derived by automated computational analysis using gene prediction method: Protein Homology.; radical SAM protein
	[2146505:2146801:rev] Derived by automated computational analysis using gene prediction method: Protein Homology.; type II toxin-antitoxin system RelE/ParE family toxin
	[2146782:2147057:rev] Derived by automated computational analysis using gene prediction method: Protein Homology.; ribbon-helix-helix protein, CopG family
	[2147326:2148015:rev] Derived by automated computational analysis using gene prediction method: GeneMarkS-2+.; hypothetical protein
	[2148677:2148750:rev] tRNA-Ile
	[2148916:2149494:rev] fxsA; Derived by automated computational analysis using gene prediction method: Protein Homology.; membrane protein FxsA
	[2149635:2151269:dir] Derived by automated computational analysis using gene prediction method: Protein Homology.; thioredoxin domain-containing protein
	[2151343:2152146:dir] Derived by automated computational analysis using gene prediction method: Protein Homology.; TrmB family transcriptional regulator
	[2152151:2153080:rev] Derived by automated computational analysis using gene prediction method: Protein Homology.; GTP cyclohydrolase I FolE2
	[2153161:2153754:rev] Derived by automated computational analysis using gene prediction method: Protein Homology.; response regulator
	[2153848:2154885:rev] Derived by automated computational analysis using gene prediction method: Protein Homology.; Lrp/AsnC family transcriptional regulator
	[2155022:2156107:dir] Derived by automated computational analysis using gene prediction method: Protein Homology.; anthranilate phosphoribosyltransferase
	[2156135:2157040:dir] Derived by automated computational analysis using gene prediction method: Protein Homology.; alpha/beta fold hydrolase
	[2157030:2157797:rev] Derived by automated computational analysis using gene prediction method: Protein Homology.; hypothetical protein
<END>
<GI> CP039375:8 <COORDINATES> 2263861-2283714 <STAT> n1_4mer:GRV/n1_4mer:RV = 2.652721; n0_4mer:D = 31.061527; n0_4mer:PS = 24.065051
	[2263861:2264718:rev] Derived by automated computational analysis using gene prediction method: Protein Homology.; transporter substrate-binding domain-containing protein
	[2264827:2265672:dir] Derived by automated computational analysis using gene prediction method: Protein Homology.; hypothetical protein
	[2265679:2266229:rev] frameshifted; internal stop; Derived by automated computational analysis using gene prediction method: Protein Homology.; GNAT family N-acetyltransferase
	[2266418:2267185:dir] Derived by automated computational analysis using gene prediction method: Protein Homology.; Nif3-like dinuclear metal center hexameric protein
	[2267238:2267813:dir] Derived by automated computational analysis using gene prediction method: Protein Homology.; transcription elongation protein SprT
	[2268401:2268610:dir] Derived by automated computational analysis using gene prediction method: Protein Homology.; winged helix-turn-helix domain-containing protein
	[2268631:2270139:rev] Derived by automated computational analysis using gene prediction method: GeneMarkS-2+.; hypothetical protein
	[2270305:2270637:rev] Derived by automated computational analysis using gene prediction method: GeneMarkS-2+.; hypothetical protein
	[2270681:2271209:rev] frameshifted; incomplete; partial on complete genome; missing N-terminus; Derived by automated computational analysis using gene prediction method: Protein Homology.; hypothetical protein
	[2271325:2272362:rev] Derived by automated computational analysis using gene prediction method: Protein Homology.; site-specific integrase
	[2272355:2272891:rev] Derived by automated computational analysis using gene prediction method: Protein Homology.; hypothetical protein
	[2272973:2273179:rev] Derived by automated computational analysis using gene prediction method: Protein Homology.; CopG family transcriptional regulator
	[2273297:2273620:dir] Derived by automated computational analysis using gene prediction method: Protein Homology.; MarR family transcriptional regulator
	[2273624:2273914:dir] Derived by automated computational analysis using gene prediction method: Protein Homology.; hypothetical protein
	[2273919:2274863:dir] Derived by automated computational analysis using gene prediction method: Protein Homology.; hypothetical protein
	[2275154:2276038:rev] Derived by automated computational analysis using gene prediction method: Protein Homology.; IS1595 family transposase
	[2276607:2276942:dir] Derived by automated computational analysis using gene prediction method: GeneMarkS-2+.; hypothetical protein
	[2276943:2277530:rev] Derived by automated computational analysis using gene prediction method: Protein Homology.; site-specific integrase
	[2277690:2278115:rev] Derived by automated computational analysis using gene prediction method: Protein Homology.; PIN domain-containing protein
	[2278112:2278345:rev] Derived by automated computational analysis using gene prediction method: Protein Homology.; AbrB/MazE/SpoVT family DNA-binding domain-containing protein
	[2278424:2278651:rev] Derived by automated computational analysis using gene prediction method: Protein Homology.; hypothetical protein
	[2278651:2278860:rev] Derived by automated computational analysis using gene prediction method: Protein Homology.; hypothetical protein
	[2278860:2279303:rev] Derived by automated computational analysis using gene prediction method: GeneMarkS-2+.; hypothetical protein
	[2279300:2279767:rev] incomplete; partial on complete genome; missing N-terminus; Derived by automated computational analysis using gene prediction method: Protein Homology.; hypothetical protein
	[2279937:2280584:rev] Derived by automated computational analysis using gene prediction method: GeneMarkS-2+.; hypothetical protein
	[2280589:2281479:rev] Derived by automated computational analysis using gene prediction method: GeneMarkS-2+.; hypothetical protein
	[2281481:2281936:rev] Derived by automated computational analysis using gene prediction method: Protein Homology.; hypothetical protein
	[2282236:2282964:rev] Derived by automated computational analysis using gene prediction method: Protein Homology.; hypothetical protein
	[2282969:2283451:rev] Derived by automated computational analysis using gene prediction method: Protein Homology.; hypothetical protein
	[2283451:2283714:rev] Derived by automated computational analysis using gene prediction method: Protein Homology.; hypothetical protein
<END>
<GI> CP039375:9 <COORDINATES> 2592092-2613187 <STAT> n1_4mer:GRV/n1_4mer:RV = 2.323205; n0_4mer:D = 27.242421; n0_4mer:PS = 20.443416
	[2592092:2593606:dir] Derived by automated computational analysis using gene prediction method: Protein Homology.; flippase
	[2594365:2596308:dir] Derived by automated computational analysis using gene prediction method: Protein Homology.; chromosome segregation protein SMC
	[2596363:2596971:rev] Derived by automated computational analysis using gene prediction method: Protein Homology.; hypothetical protein
	[2597993:2599465:dir] 16S ribosomal RNA
	[2599854:2602746:dir] 23S ribosomal RNA
	[2602863:2602984:dir] rrf; Derived by automated computational analysis using gene prediction method: cmsearch.; 5S ribosomal RNA
	[2603110:2603352:dir] Derived by automated computational analysis using gene prediction method: Protein Homology.; BolA family transcriptional regulator
	[2603390:2603731:dir] Derived by automated computational analysis using gene prediction method: Protein Homology.; glutaredoxin
	[2603728:2605650:rev] Derived by automated computational analysis using gene prediction method: Protein Homology.; beta-CASP ribonuclease aCPSF1
	[2605814:2606863:rev] Derived by automated computational analysis using gene prediction method: Protein Homology.; low specificity L-threonine aldolase
	[2606867:2607241:rev] Derived by automated computational analysis using gene prediction method: Protein Homology.; helix-turn-helix transcriptional regulator
	[2607377:2607643:rev] Derived by automated computational analysis using gene prediction method: Protein Homology.; MarR family transcriptional regulator
	[2607733:2609724:rev] Derived by automated computational analysis using gene prediction method: Protein Homology.; acetyl-CoA synthetase
	[2609916:2610320:dir] Derived by automated computational analysis using gene prediction method: Protein Homology.; CBS domain-containing protein
	[2610430:2611407:rev] Derived by automated computational analysis using gene prediction method: Protein Homology.; ROK family protein
	[2611658:2613187:dir] Derived by automated computational analysis using gene prediction method: Protein Homology.; DUF1508 domain-containing protein
<END>
<GI> CP039375:10 <COORDINATES> 2685938-2708817 <STAT> n1_4mer:GRV/n1_4mer:RV = 1.810360; n0_4mer:D = 27.486625; n0_4mer:PS = 13.412109
	[2685938:2687680:dir] Derived by automated computational analysis using gene prediction method: Protein Homology.; hypothetical protein
	[2687770:2688522:rev] Derived by automated computational analysis using gene prediction method: Protein Homology.; hypothetical protein
	[2688515:2688958:rev] Derived by automated computational analysis using gene prediction method: Protein Homology.; hypothetical protein
	[2688955:2689950:rev] Derived by automated computational analysis using gene prediction method: Protein Homology.; hypothetical protein
	[2689938:2690546:rev] Derived by automated computational analysis using gene prediction method: Protein Homology.; hypothetical protein
	[2690609:2691103:rev] Derived by automated computational analysis using gene prediction method: Protein Homology.; hypothetical protein
	[2691330:2691401:dir] tRNA-Ala
	[2692291:2695788:dir] Derived by automated computational analysis using gene prediction method: Protein Homology.; hypothetical protein
	[2696121:2696852:rev] Derived by automated computational analysis using gene prediction method: Protein Homology.; hypothetical protein
	[2696855:2697301:rev] Derived by automated computational analysis using gene prediction method: Protein Homology.; hypothetical protein
	[2697301:2698212:rev] Derived by automated computational analysis using gene prediction method: Protein Homology.; hypothetical protein
	[2698206:2698784:rev] Derived by automated computational analysis using gene prediction method: Protein Homology.; hypothetical protein
	[2698787:2699332:rev] Derived by automated computational analysis using gene prediction method: Protein Homology.; hypothetical protein
	[2699641:2701680:rev] Derived by automated computational analysis using gene prediction method: Protein Homology.; flagella assembly protein j
	[2701677:2704172:rev] Derived by automated computational analysis using gene prediction method: Protein Homology.; secretion system protein
	[2704282:2705433:rev] Derived by automated computational analysis using gene prediction method: Protein Homology.; aminotransferase class I/II-fold pyridoxal phosphate-dependent enzyme
	[2705430:2705924:rev] Derived by automated computational analysis using gene prediction method: Protein Homology.; Lrp/AsnC family transcriptional regulator
	[2706023:2706343:dir] Derived by automated computational analysis using gene prediction method: Protein Homology.; hypothetical protein
	[2706389:2706979:dir] Derived by automated computational analysis using gene prediction method: Protein Homology.; thioredoxin family protein
	[2707027:2707824:dir] Derived by automated computational analysis using gene prediction method: Protein Homology.; BtpA/SgcQ family protein
	[2707867:2708817:dir] Derived by automated computational analysis using gene prediction method: Protein Homology.; mechanosensitive ion channel family protein
<END>
<GI> CP039375:11 <COORDINATES> 3087500-3218099 <STAT> n1_4mer:GRV/n1_4mer:RV = 10.569888; n0_4mer:D = 42.926352; n0_4mer:PS = -0.528216
	[3087534:3088436:rev] Derived by automated computational analysis using gene prediction method: Protein Homology.; ribonucleoside-diphosphate reductase
	[3088496:3089287:rev] Derived by automated computational analysis using gene prediction method: Protein Homology.; enoyl-CoA hydratase
	[3089385:3090785:dir] Derived by automated computational analysis using gene prediction method: Protein Homology.; deoxyribodipyrimidine photo-lyase
	[3090939:3091550:dir] Derived by automated computational analysis using gene prediction method: Protein Homology.; superoxide dismutase
	[3091680:3091943:dir] Derived by automated computational analysis using gene prediction method: Protein Homology.; hypothetical protein
	[3091940:3092515:rev] Derived by automated computational analysis using gene prediction method: Protein Homology.; MBL fold metallo-hydrolase
	[3092718:3093302:dir] Derived by automated computational analysis using gene prediction method: Protein Homology.; response regulator transcription factor
	[3093316:3093972:dir] Derived by automated computational analysis using gene prediction method: Protein Homology.; hypothetical protein
	[3094077:2952:dir] Derived by automated computational analysis using gene prediction method: Protein Homology.; FAD-binding protein
<END>
<GI> CP039375:12 <COORDINATES> 3240000-3259099 <STAT> n1_4mer:GRV/n1_4mer:RV = 1.868388; n0_4mer:D = 27.586333; n0_4mer:PS = 23.052442

<END>
<GI> CP039375:13 <COORDINATES> 3260000-3282099 <STAT> n1_4mer:GRV/n1_4mer:RV = 1.713279; n0_4mer:D = 27.456226; n0_4mer:PS = 33.012547

<END>
<GI> CP039375:14 <COORDINATES> 3382000-3400599 <STAT> n1_4mer:GRV/n1_4mer:RV = 2.099926; n0_4mer:D = 29.143361; n0_4mer:PS = 34.683477

<END>