<GI> CP090371:1 <COORDINATES> 79033-117599 <STAT> n1_4mer:GRV/n1_4mer:RV = 3.980994; n0_4mer:D = 31.092878; n0_4mer:PS = 34.415825
	[79033:80493:rev] Derived by automated computational analysis using gene prediction method: Protein Homology.; twin-arginine translocase subunit TatC
	[80622:81893:dir] incomplete; partial on complete genome; missing C-terminus; Derived by automated computational analysis using gene prediction method: Protein Homology.; twin-arginine translocase subunit TatC
	[82734:83444:dir] Derived by automated computational analysis using gene prediction method: Protein Homology.; twin-arginine translocase subunit TatC
	[83552:83809:dir] Derived by automated computational analysis using gene prediction method: Protein Homology.; type II toxin-antitoxin system ParD family antitoxin
	[83806:84543:dir] Derived by automated computational analysis using gene prediction method: Protein Homology.; queuosine precursor transporter
	[84560:85369:rev] Derived by automated computational analysis using gene prediction method: Protein Homology.; 23S rRNA (uridine(2552)-2'-O)-methyltransferase
	[85633:86523:dir] Derived by automated computational analysis using gene prediction method: GeneMarkS-2+.; hypothetical protein
	[86585:87196:rev] Derived by automated computational analysis using gene prediction method: Protein Homology.; hypothetical protein
	[87324:87740:dir] Derived by automated computational analysis using gene prediction method: GeneMarkS-2+.; hypothetical protein
	[87927:89444:dir] Derived by automated computational analysis using gene prediction method: Protein Homology.; site-specific integrase
	[89656:89874:dir] Derived by automated computational analysis using gene prediction method: GeneMarkS-2+.; hypothetical protein
	[89901:91406:rev] Derived by automated computational analysis using gene prediction method: Protein Homology.; tyrosine-type recombinase/integrase
	[91778:93022:dir] Derived by automated computational analysis using gene prediction method: Protein Homology.; AAA family ATPase
	[93019:94794:dir] Derived by automated computational analysis using gene prediction method: Protein Homology.; restriction endonuclease
	[94804:95190:rev] Derived by automated computational analysis using gene prediction method: Protein Homology.; hypothetical protein
	[95193:98453:rev] Derived by automated computational analysis using gene prediction method: Protein Homology.; DUF499 domain-containing protein
	[98589:100553:dir] Derived by automated computational analysis using gene prediction method: GeneMarkS-2+.; hypothetical protein
	[100583:101911:dir] Derived by automated computational analysis using gene prediction method: GeneMarkS-2+.; hypothetical protein
	[102041:104713:dir] Derived by automated computational analysis using gene prediction method: Protein Homology.; DUF1156 domain-containing protein
	[104827:105906:dir] Derived by automated computational analysis using gene prediction method: Protein Homology.; ATP-binding protein
	[105968:107725:dir] Derived by automated computational analysis using gene prediction method: Protein Homology.; DEAD/DEAH box helicase
	[107718:108878:dir] Derived by automated computational analysis using gene prediction method: GeneMarkS-2+.; hypothetical protein
	[108883:109587:rev] Derived by automated computational analysis using gene prediction method: GeneMarkS-2+.; hypothetical protein
	[109644:112532:rev] Derived by automated computational analysis using gene prediction method: Protein Homology.; ATP-dependent helicase
	[112525:115095:rev] Derived by automated computational analysis using gene prediction method: Protein Homology.; PD-(D/E)XK nuclease family protein
	[115230:115556:rev] Derived by automated computational analysis using gene prediction method: Protein Homology.; type II toxin-antitoxin system PemK/MazF family toxin
	[115583:115819:rev] Derived by automated computational analysis using gene prediction method: GeneMarkS-2+.; hypothetical protein
	[115959:116708:rev] Derived by automated computational analysis using gene prediction method: GeneMarkS-2+.; hypothetical protein
	[116809:117348:rev] Derived by automated computational analysis using gene prediction method: GeneMarkS-2+.; hypothetical protein
<END>
<GI> CP090371:2 <COORDINATES> 619711-642675 <STAT> n1_4mer:GRV/n1_4mer:RV = 3.192239; n0_4mer:D = 32.955375; n0_4mer:PS = 19.003533
	[619711:620586:rev] Derived by automated computational analysis using gene prediction method: Protein Homology.; phosphopantothenate/pantothenate synthetase
	[620636:621550:rev] Derived by automated computational analysis using gene prediction method: Protein Homology.; sugar kinase
	[621674:622285:dir] Derived by automated computational analysis using gene prediction method: Protein Homology.; cupin domain-containing protein
	[622325:623629:rev] aspS; Derived by automated computational analysis using gene prediction method: Protein Homology.; aspartate--tRNA(Asn) ligase
	[623772:625040:dir] Derived by automated computational analysis using gene prediction method: Protein Homology.; HAMP domain-containing histidine kinase
	[625215:625937:rev] Derived by automated computational analysis using gene prediction method: Protein Homology.; putative phosphoglycerol geranylgeranyltransferase
	[625944:626939:dir] Derived by automated computational analysis using gene prediction method: Protein Homology.; hypothetical protein
	[626980:627375:rev] Derived by automated computational analysis using gene prediction method: GeneMarkS-2+.; hypothetical protein
	[627417:627956:rev] Derived by automated computational analysis using gene prediction method: GeneMarkS-2+.; hypothetical protein
	[628011:629945:rev] Derived by automated computational analysis using gene prediction method: Protein Homology.; DEAD/DEAH box helicase
	[630123:631001:dir] Derived by automated computational analysis using gene prediction method: GeneMarkS-2+.; hypothetical protein
	[631035:631436:rev] Derived by automated computational analysis using gene prediction method: GeneMarkS-2+.; hypothetical protein
	[631497:632174:rev] Derived by automated computational analysis using gene prediction method: GeneMarkS-2+.; hypothetical protein
	[632296:632952:dir] Derived by automated computational analysis using gene prediction method: GeneMarkS-2+.; hypothetical protein
	[633051:633287:dir] Derived by automated computational analysis using gene prediction method: Protein Homology.; hypothetical protein
	[633426:633662:dir] Derived by automated computational analysis using gene prediction method: GeneMarkS-2+.; hypothetical protein
	[633922:634158:dir] Derived by automated computational analysis using gene prediction method: Protein Homology.; hypothetical protein
	[634177:634983:rev] Derived by automated computational analysis using gene prediction method: GeneMarkS-2+.; hypothetical protein
	[635086:635268:rev] Derived by automated computational analysis using gene prediction method: Protein Homology.; hypothetical protein
	[635557:638121:rev] Derived by automated computational analysis using gene prediction method: Protein Homology.; DNA topoisomerase I
	[638391:639134:dir] Derived by automated computational analysis using gene prediction method: Protein Homology.; creatininase family protein
	[639162:641069:rev] Derived by automated computational analysis using gene prediction method: Protein Homology.; S9 family peptidase
	[641188:642675:rev] Derived by automated computational analysis using gene prediction method: Protein Homology.; M20/M25/M40 family metallo-hydrolase
<END>
<GI> CP090371:3 <COORDINATES> 1201941-1244014 <STAT> n1_4mer:GRV/n1_4mer:RV = 9.759663; n0_4mer:D = 48.541363; n0_4mer:PS = 27.485531
	[1201941:1202120:rev] Derived by automated computational analysis using gene prediction method: Protein Homology.; GtrA family protein
	[1202320:1202712:dir] tnpA; Derived by automated computational analysis using gene prediction method: Protein Homology.; IS200/IS605 family transposase
	[1202714:1203973:dir] Derived by automated computational analysis using gene prediction method: Protein Homology.; transposase
	[1203990:1204328:dir] Derived by automated computational analysis using gene prediction method: Protein Homology.; hypothetical protein
	[1204667:1205968:rev] Derived by automated computational analysis using gene prediction method: Protein Homology.; UDP-glucose/GDP-mannose dehydrogenase family protein
	[1206083:1206817:dir] Derived by automated computational analysis using gene prediction method: Protein Homology.; sugar nucleotidyltransferase
	[1207077:1208381:rev] Derived by automated computational analysis using gene prediction method: Protein Homology.; UDP-glucose/GDP-mannose dehydrogenase family protein
	[1208470:1209203:dir] frameshifted; internal stop; Derived by automated computational analysis using gene prediction method: Protein Homology.; sugar nucleotidyltransferase
	[1209456:1210010:dir] Derived by automated computational analysis using gene prediction method: Protein Homology.; VTT domain-containing protein
	[1210025:1211005:rev] Derived by automated computational analysis using gene prediction method: Protein Homology.; flippase-like domain-containing protein
	[1211005:1211643:rev] Derived by automated computational analysis using gene prediction method: Protein Homology.; PHP domain-containing protein
	[1211640:1212551:rev] Derived by automated computational analysis using gene prediction method: Protein Homology.; UbiA prenyltransferase family protein
	[1213245:1214318:dir] Derived by automated computational analysis using gene prediction method: Protein Homology.; NAD(P)-dependent oxidoreductase
	[1214323:1215591:dir] Derived by automated computational analysis using gene prediction method: Protein Homology.; glycosyltransferase family 39 protein
	[1215880:1216392:dir] Derived by automated computational analysis using gene prediction method: GeneMarkS-2+.; hypothetical protein
	[1216854:1218527:dir] Derived by automated computational analysis using gene prediction method: GeneMarkS-2+.; hypothetical protein
	[1218773:1219609:dir] frameshifted; internal stop; Derived by automated computational analysis using gene prediction method: Protein Homology.; IS5 family transposase
	[1219612:1220385:dir] Derived by automated computational analysis using gene prediction method: Protein Homology.; FkbM family methyltransferase
	[1220555:1220666:rev] frameshifted; incomplete; partial on complete genome; missing C-terminus; Derived by automated computational analysis using gene prediction method: Protein Homology.; IS110 family transposase
	[1221135:1222274:dir] Derived by automated computational analysis using gene prediction method: Protein Homology.; glycosyltransferase family 4 protein
	[1222320:1222508:rev] internal stop; incomplete; partial on complete genome; missing N-terminus; Derived by automated computational analysis using gene prediction method: Protein Homology.; hypothetical protein
	[1222512:1223531:rev] frameshifted; internal stop; Derived by automated computational analysis using gene prediction method: Protein Homology.; IS630 family transposase
	[1223575:1224428:rev] frameshifted; internal stop; incomplete; partial on complete genome; missing C-terminus; Derived by automated computational analysis using gene prediction method: Protein Homology.; IS630 family transposase
	[1224496:1225353:rev] Derived by automated computational analysis using gene prediction method: Protein Homology.; FkbM family methyltransferase
	[1225389:1226852:rev] Derived by automated computational analysis using gene prediction method: Protein Homology.; flippase
	[1226881:1227732:rev] Derived by automated computational analysis using gene prediction method: Protein Homology.; glycosyltransferase
	[1227689:1228897:rev] Derived by automated computational analysis using gene prediction method: Protein Homology.; sulfatase-like hydrolase/transferase
	[1229070:1230227:rev] Derived by automated computational analysis using gene prediction method: Protein Homology.; glycosyltransferase family 4 protein
	[1230465:1231469:dir] Derived by automated computational analysis using gene prediction method: Protein Homology.; NAD-dependent epimerase/dehydratase family protein
	[1231478:1232494:dir] Derived by automated computational analysis using gene prediction method: Protein Homology.; NAD-dependent epimerase/dehydratase family protein
	[1232632:1233753:dir] Derived by automated computational analysis using gene prediction method: Protein Homology.; glycosyltransferase family 4 protein
	[1233875:1234069:rev] Derived by automated computational analysis using gene prediction method: GeneMarkS-2+.; hypothetical protein
	[1234433:1234585:rev] Derived by automated computational analysis using gene prediction method: Protein Homology.; hypothetical protein
	[1235053:1236516:rev] secY; Derived by automated computational analysis using gene prediction method: Protein Homology.; preprotein translocase subunit SecY
	[1236727:1237230:rev] Derived by automated computational analysis using gene prediction method: Protein Homology.; 50S ribosomal protein L15
	[1237230:1237688:rev] rpmD; Derived by automated computational analysis using gene prediction method: Protein Homology.; 50S ribosomal protein L30
	[1237688:1238335:rev] Derived by automated computational analysis using gene prediction method: Protein Homology.; 30S ribosomal protein S5
	[1238328:1238891:rev] Derived by automated computational analysis using gene prediction method: Protein Homology.; 50S ribosomal protein L18
	[1238891:1239352:rev] Derived by automated computational analysis using gene prediction method: Protein Homology.; 50S ribosomal protein L19e
	[1239349:1240059:rev] Derived by automated computational analysis using gene prediction method: Protein Homology.; 50S ribosomal protein L32e
	[1240061:1240597:rev] Derived by automated computational analysis using gene prediction method: Protein Homology.; 50S ribosomal protein L6
	[1240600:1240992:rev] Derived by automated computational analysis using gene prediction method: Protein Homology.; 30S ribosomal protein S8
	[1240995:1241186:rev] Derived by automated computational analysis using gene prediction method: Protein Homology.; 30S ribosomal protein S14
	[1241183:1241716:rev] Derived by automated computational analysis using gene prediction method: Protein Homology.; 50S ribosomal protein L5
	[1241713:1242423:rev] Derived by automated computational analysis using gene prediction method: Protein Homology.; 30S ribosomal protein S4e
	[1242425:1242787:rev] rplX; Derived by automated computational analysis using gene prediction method: Protein Homology.; 50S ribosomal protein L24
	[1242784:1243182:rev] Derived by automated computational analysis using gene prediction method: Protein Homology.; 50S ribosomal protein L14
	[1243182:1243514:rev] Derived by automated computational analysis using gene prediction method: Protein Homology.; 30S ribosomal protein S17
	[1243514:1244014:rev] Derived by automated computational analysis using gene prediction method: Protein Homology.; ribonuclease P protein subunit
<END>
<GI> CP090371:4 <COORDINATES> 1279759-1311428 <STAT> n1_4mer:GRV/n1_4mer:RV = 7.884683; n0_4mer:D = 43.098162; n0_4mer:PS = 30.243003
	[1279759:1283169:rev] Derived by automated computational analysis using gene prediction method: Protein Homology.; oligosaccharyl transferase, archaeosortase A system-associated
	[1283301:1284614:dir] Derived by automated computational analysis using gene prediction method: Protein Homology.; sulfatase
	[1284641:1286050:dir] Derived by automated computational analysis using gene prediction method: Protein Homology.; polysaccharide biosynthesis C-terminal domain-containing protein
	[1286087:1287616:rev] Derived by automated computational analysis using gene prediction method: Protein Homology.; glycosyltransferase family 39 protein
	[1288581:1289018:dir] Derived by automated computational analysis using gene prediction method: GeneMarkS-2+.; hypothetical protein
	[1289105:1290001:dir] Derived by automated computational analysis using gene prediction method: GeneMarkS-2+.; hypothetical protein
	[1290120:1290272:dir] incomplete; partial on complete genome; missing C-terminus; Derived by automated computational analysis using gene prediction method: Protein Homology.; glycosyltransferase
	[1290320:1291241:rev] frameshifted; internal stop; Derived by automated computational analysis using gene prediction method: Protein Homology.; IS1595 family transposase
	[1292081:1293058:rev] Derived by automated computational analysis using gene prediction method: Protein Homology.; flippase-like domain-containing protein
	[1293055:1293693:rev] Derived by automated computational analysis using gene prediction method: Protein Homology.; PHP domain-containing protein
	[1293690:1294601:rev] Derived by automated computational analysis using gene prediction method: Protein Homology.; UbiA prenyltransferase family protein
	[1294811:1294978:dir] Derived by automated computational analysis using gene prediction method: GeneMarkS-2+.; hypothetical protein
	[1295272:1296363:dir] Derived by automated computational analysis using gene prediction method: Protein Homology.; NAD(P)-dependent oxidoreductase
	[1296386:1297828:dir] Derived by automated computational analysis using gene prediction method: GeneMarkS-2+.; glycosyltransferase family 39 protein
	[1298120:1298578:rev] Derived by automated computational analysis using gene prediction method: GeneMarkS-2+.; hypothetical protein
	[1299225:1300241:rev] Derived by automated computational analysis using gene prediction method: Protein Homology.; glycosyltransferase family 4 protein
	[1300238:1301143:rev] Derived by automated computational analysis using gene prediction method: GeneMarkS-2+.; hypothetical protein
	[1301140:1302036:rev] Derived by automated computational analysis using gene prediction method: Protein Homology.; alkaline phosphatase family protein
	[1302064:1302624:rev] Derived by automated computational analysis using gene prediction method: GeneMarkS-2+.; hypothetical protein
	[1302685:1303749:rev] Derived by automated computational analysis using gene prediction method: Protein Homology.; glycosyltransferase family 4 protein
	[1303746:1304903:rev] Derived by automated computational analysis using gene prediction method: Protein Homology.; glycosyltransferase
	[1305030:1306058:dir] aglJ; Derived by automated computational analysis using gene prediction method: Protein Homology.; S-layer glycoprotein N-glycosyltransferase AglJ
	[1306020:1306346:rev] Derived by automated computational analysis using gene prediction method: Protein Homology.; hypothetical protein
	[1306487:1306696:dir] Derived by automated computational analysis using gene prediction method: Protein Homology.; ribbon-helix-helix domain-containing protein
	[1306733:1307296:rev] Derived by automated computational analysis using gene prediction method: Protein Homology.; hypothetical protein
	[1307307:1307981:rev] Derived by automated computational analysis using gene prediction method: Protein Homology.; hypothetical protein
	[1308045:1308812:dir] Derived by automated computational analysis using gene prediction method: GeneMarkS-2+.; fosmidomycin resistance protein
	[1308809:1309465:dir] Derived by automated computational analysis using gene prediction method: Protein Homology.; cupin domain-containing protein
	[1309618:1309908:rev] Derived by automated computational analysis using gene prediction method: Protein Homology.; DUF5779 family protein
	[1310247:1311428:dir] Derived by automated computational analysis using gene prediction method: Protein Homology.; 2-isopropylmalate synthase
<END>
<GI> CP090371:5 <COORDINATES> 2880019-3041599 <STAT> n1_4mer:GRV/n1_4mer:RV = 14.818220; n0_4mer:D = 39.752669; n0_4mer:PS = -0.615369
	[2880019:2881530:rev] Derived by automated computational analysis using gene prediction method: Protein Homology.; MATE family efflux transporter
	[2881735:2882622:dir] Derived by automated computational analysis using gene prediction method: GeneMarkS-2+.; carboxypeptidase-like regulatory domain-containing protein
	[2882628:2883269:dir] Derived by automated computational analysis using gene prediction method: Protein Homology.; PH domain-containing protein
	[2883452:2884207:rev] Derived by automated computational analysis using gene prediction method: Protein Homology.; Zn-ribbon domain-containing protein
	[2884210:2884608:rev] Derived by automated computational analysis using gene prediction method: Protein Homology.; DUF2073 domain-containing protein
	[2884608:2885249:rev] Derived by automated computational analysis using gene prediction method: Protein Homology.; Era-like GTP-binding protein
<END>
<GI> CP090371:6 <COORDINATES> 3292500-3388599 <STAT> n1_4mer:GRV/n1_4mer:RV = 21.250185; n0_4mer:D = 39.703323; n0_4mer:PS = -0.648254

<END>
<GI> CP090371:7 <COORDINATES> 3420500-3446099 <STAT> n1_4mer:GRV/n1_4mer:RV = 2.678907; n0_4mer:D = 29.222398; n0_4mer:PS = 24.485321

<END>
<GI> CP090371:8 <COORDINATES> 3464000-3494099 <STAT> n1_4mer:GRV/n1_4mer:RV = 3.284353; n0_4mer:D = 31.594197; n0_4mer:PS = 25.156616

<END>
<GI> CP090371:9 <COORDINATES> 3507500-3551599 <STAT> n1_4mer:GRV/n1_4mer:RV = 22.717587; n0_4mer:D = 39.096547; n0_4mer:PS = 0.043087

<END>