<GI> CP071462:1 <COORDINATES> 273232-298668 <STAT> n1_4mer:GRV/n1_4mer:RV = 4.169478; n0_4mer:D = 40.842656; n0_4mer:PS = 24.121174
	[273232:274650:rev] Derived by automated computational analysis using gene prediction method: Protein Homology.; amidohydrolase
	[274775:275746:dir] Derived by automated computational analysis using gene prediction method: Protein Homology.; D-2-hydroxyacid dehydrogenase
	[276016:276366:dir] Derived by automated computational analysis using gene prediction method: Protein Homology.; MarR family transcriptional regulator
	[276363:276704:dir] Derived by automated computational analysis using gene prediction method: Protein Homology.; type II toxin-antitoxin system PemK/MazF family toxin
	[276774:277952:rev] Derived by automated computational analysis using gene prediction method: Protein Homology.; M24 family metallopeptidase
	[278169:278714:dir] Derived by automated computational analysis using gene prediction method: Protein Homology.; CDP-2,3-bis-(O-geranylgeranyl)-sn-glycerol synthase
	[278799:279143:rev] Derived by automated computational analysis using gene prediction method: Protein Homology.; DUF5615 family PIN-like protein
	[279144:279437:rev] Derived by automated computational analysis using gene prediction method: Protein Homology.; DUF433 domain-containing protein
	[279557:279859:rev] Derived by automated computational analysis using gene prediction method: Protein Homology.; UPF0175 family protein
	[280066:280815:rev] Derived by automated computational analysis using gene prediction method: Protein Homology.; sugar nucleotidyltransferase
	[281401:282852:rev] Derived by automated computational analysis using gene prediction method: Protein Homology.; flippase
	[282959:283900:dir] Derived by automated computational analysis using gene prediction method: Protein Homology.; hypothetical protein
	[284056:284751:dir] Derived by automated computational analysis using gene prediction method: Protein Homology.; CatB-related O-acetyltransferase
	[285232:286410:rev] Derived by automated computational analysis using gene prediction method: Protein Homology.; glycosyltransferase family 61 protein
	[286966:287820:rev] Derived by automated computational analysis using gene prediction method: GeneMarkS-2+.; hypothetical protein
	[287820:288581:rev] Derived by automated computational analysis using gene prediction method: Protein Homology.; FkbM family methyltransferase
	[288932:289828:dir] Derived by automated computational analysis using gene prediction method: Protein Homology.; glycosyltransferase
	[289825:290706:dir] Derived by automated computational analysis using gene prediction method: Protein Homology.; glycosyltransferase
	[290782:291741:rev] Derived by automated computational analysis using gene prediction method: Protein Homology.; glycosyltransferase
	[291928:294906:dir] Derived by automated computational analysis using gene prediction method: Protein Homology.; oligosaccharyl transferase, archaeosortase A system-associated
	[295141:296067:dir] Derived by automated computational analysis using gene prediction method: Protein Homology.; DUF368 domain-containing protein
	[296113:297321:rev] Derived by automated computational analysis using gene prediction method: Protein Homology.; AAA family ATPase
	[297322:298668:rev] Derived by automated computational analysis using gene prediction method: Protein Homology.; anaerobic glycerol-3-phosphate dehydrogenase subunit C
<END>
<GI> CP071462:2 <COORDINATES> 1173715-1194599 <STAT> n1_4mer:GRV/n1_4mer:RV = 2.533433; n0_4mer:D = 30.481923; n0_4mer:PS = 30.382507
	[1173715:1178136:rev] Derived by automated computational analysis using gene prediction method: GeneMarkS-2+.; hypothetical protein
	[1178526:1178601:rev] Derived by automated computational analysis using gene prediction method: tRNAscan-SE.; tRNA-Cys
	[1178783:1178904:rev] rrf; Derived by automated computational analysis using gene prediction method: cmsearch.; 5S ribosomal RNA
	[1179046:1181965:rev] Derived by automated computational analysis using gene prediction method: cmsearch.; 23S ribosomal RNA
	[1182189:1182260:rev] Derived by automated computational analysis using gene prediction method: tRNAscan-SE.; tRNA-Ala
	[1182418:1183892:rev] Derived by automated computational analysis using gene prediction method: cmsearch.; 16S ribosomal RNA
	[1184829:1185206:dir] Derived by automated computational analysis using gene prediction method: Protein Homology.; helix-turn-helix domain-containing protein
	[1185203:1185499:dir] Derived by automated computational analysis using gene prediction method: Protein Homology.; hypothetical protein
	[1185515:1186675:rev] Derived by automated computational analysis using gene prediction method: Protein Homology.; multicopper oxidase domain-containing protein
	[1186864:1188339:rev] lpdA; Derived by automated computational analysis using gene prediction method: Protein Homology.; dihydrolipoyl dehydrogenase
	[1188468:1189112:dir] Derived by automated computational analysis using gene prediction method: Protein Homology.; hypothetical protein
	[1189090:1189350:dir] Derived by automated computational analysis using gene prediction method: Protein Homology.; hypothetical protein
	[1189363:1191069:rev] Derived by automated computational analysis using gene prediction method: Protein Homology.; 2-oxo acid dehydrogenase subunit E2
	[1191071:1192093:rev] Derived by automated computational analysis using gene prediction method: Protein Homology.; alpha-ketoacid dehydrogenase subunit beta
	[1192098:1193225:rev] pdhA; Derived by automated computational analysis using gene prediction method: Protein Homology.; pyruvate dehydrogenase (acetyl-transferring) E1 component subunit alpha
	[1193493:1194455:rev] lipA; Derived by automated computational analysis using gene prediction method: Protein Homology.; lipoyl synthase
<END>
<GI> CP071462:3 <COORDINATES> 1644534-1667663 <STAT> n1_4mer:GRV/n1_4mer:RV = 3.519351; n0_4mer:D = 33.204645; n0_4mer:PS = 28.663662
	[1644534:1646603:dir] Derived by automated computational analysis using gene prediction method: Protein Homology.; DEAD/DEAH box helicase
	[1646759:1647454:dir] Derived by automated computational analysis using gene prediction method: Protein Homology.; hypothetical protein
	[1647496:1647750:rev] Derived by automated computational analysis using gene prediction method: Protein Homology.; hypothetical protein
	[1647835:1647907:dir] Derived by automated computational analysis using gene prediction method: tRNAscan-SE.; tRNA-Pro
	[1647987:1648229:dir] Derived by automated computational analysis using gene prediction method: Protein Homology.; hypothetical protein
	[1648222:1648809:dir] Derived by automated computational analysis using gene prediction method: GeneMarkS-2+.; J domain-containing protein
	[1648802:1649134:dir] Derived by automated computational analysis using gene prediction method: Protein Homology.; hypothetical protein
	[1649131:1649583:dir] Derived by automated computational analysis using gene prediction method: GeneMarkS-2+.; hypothetical protein
	[1649580:1650107:dir] Derived by automated computational analysis using gene prediction method: Protein Homology.; DUF488 domain-containing protein
	[1650104:1651723:dir] Derived by automated computational analysis using gene prediction method: Protein Homology.; DNA-binding protein
	[1652025:1653320:dir] Derived by automated computational analysis using gene prediction method: GeneMarkS-2+.; hypothetical protein
	[1653326:1654720:dir] Derived by automated computational analysis using gene prediction method: GeneMarkS-2+.; hypothetical protein
	[1655093:1655347:dir] Derived by automated computational analysis using gene prediction method: Protein Homology.; hypothetical protein
	[1655973:1656662:rev] Derived by automated computational analysis using gene prediction method: GeneMarkS-2+.; hypothetical protein
	[1656750:1657133:rev] Derived by automated computational analysis using gene prediction method: Protein Homology.; hypothetical protein
	[1657369:1658544:rev] Derived by automated computational analysis using gene prediction method: Protein Homology.; hypothetical protein
	[1658541:1658921:rev] Derived by automated computational analysis using gene prediction method: Protein Homology.; hypothetical protein
	[1659046:1659861:rev] Derived by automated computational analysis using gene prediction method: Protein Homology.; hypothetical protein
	[1659858:1660448:rev] Derived by automated computational analysis using gene prediction method: Protein Homology.; hypothetical protein
	[1660451:1662283:rev] Derived by automated computational analysis using gene prediction method: GeneMarkS-2+.; hypothetical protein
	[1662283:1662804:rev] Derived by automated computational analysis using gene prediction method: Protein Homology.; PGF-CTERM sorting domain-containing protein
	[1662823:1663254:rev] Derived by automated computational analysis using gene prediction method: Protein Homology.; hypothetical protein
	[1663365:1663550:dir] Derived by automated computational analysis using gene prediction method: Protein Homology.; hypothetical protein
	[1663795:1664055:dir] Derived by automated computational analysis using gene prediction method: Protein Homology.; hypothetical protein
	[1664081:1664947:rev] Derived by automated computational analysis using gene prediction method: GeneMarkS-2+.; hypothetical protein
	[1665055:1665294:rev] Derived by automated computational analysis using gene prediction method: Protein Homology.; MarR family transcriptional regulator
	[1665924:1666082:dir] Derived by automated computational analysis using gene prediction method: GeneMarkS-2+.; hypothetical protein
	[1666126:1667148:dir] Derived by automated computational analysis using gene prediction method: Protein Homology.; tyrosine-type recombinase/integrase
	[1667457:1667663:rev] Derived by automated computational analysis using gene prediction method: Protein Homology.; hypothetical protein
<END>
<GI> CP071462:4 <COORDINATES> 1716138-1737753 <STAT> n1_4mer:GRV/n1_4mer:RV = 2.861871; n0_4mer:D = 31.997811; n0_4mer:PS = 23.109653
	[1716138:1719065:dir] Derived by automated computational analysis using gene prediction method: Protein Homology.; DNA-directed RNA polymerase subunit A'
	[1719058:1720251:dir] rpoA2; Derived by automated computational analysis using gene prediction method: Protein Homology.; DNA-directed RNA polymerase subunit A''
	[1720255:1720698:dir] Derived by automated computational analysis using gene prediction method: Protein Homology.; NusA-like transcription termination signal-binding factor
	[1720928:1721356:dir] Derived by automated computational analysis using gene prediction method: Protein Homology.; 30S ribosomal protein S12
	[1721359:1721967:dir] Derived by automated computational analysis using gene prediction method: Protein Homology.; 30S ribosomal protein S7
	[1722039:1724075:rev] Derived by automated computational analysis using gene prediction method: Protein Homology.; hypothetical protein
	[1724254:1724820:dir] Derived by automated computational analysis using gene prediction method: Protein Homology.; HalX domain-containing protein
	[1725091:1727157:rev] Derived by automated computational analysis using gene prediction method: Protein Homology.; hypothetical protein
	[1727236:1727967:rev] Derived by automated computational analysis using gene prediction method: Protein Homology.; hypothetical protein
	[1728057:1728812:rev] Derived by automated computational analysis using gene prediction method: Protein Homology.; DUF5781 family protein
	[1729291:1731477:dir] Derived by automated computational analysis using gene prediction method: Protein Homology.; elongation factor EF-2
	[1731730:1732386:dir] Derived by automated computational analysis using gene prediction method: Protein Homology.; lactate utilization protein
	[1732440:1733819:rev] serS; Derived by automated computational analysis using gene prediction method: Protein Homology.; serine--tRNA ligase
	[1733986:1735206:dir] Derived by automated computational analysis using gene prediction method: Protein Homology.; potassium channel protein
	[1735304:1735444:rev] Derived by automated computational analysis using gene prediction method: Protein Homology.; hypothetical protein
	[1735677:1735829:rev] Derived by automated computational analysis using gene prediction method: GeneMarkS-2+.; hypothetical protein
	[1735828:1736919:dir] Derived by automated computational analysis using gene prediction method: Protein Homology.; SDR family oxidoreductase
	[1736975:1737343:rev] crcB; Derived by automated computational analysis using gene prediction method: Protein Homology.; fluoride efflux transporter CrcB
	[1737340:1737753:rev] Derived by automated computational analysis using gene prediction method: Protein Homology.; CrcB family protein
<END>
<GI> CP071462:5 <COORDINATES> 1772373-1796398 <STAT> n1_4mer:GRV/n1_4mer:RV = 3.127847; n0_4mer:D = 36.065175; n0_4mer:PS = 25.013353
	[1772373:1773551:rev] Derived by automated computational analysis using gene prediction method: GeneMarkS-2+.; hypothetical protein
	[1773544:1775298:rev] Derived by automated computational analysis using gene prediction method: Protein Homology.; DEAD/DEAH box helicase
	[1775468:1778662:dir] Derived by automated computational analysis using gene prediction method: Protein Homology.; DUF499 domain-containing protein
	[1778679:1779752:rev] Derived by automated computational analysis using gene prediction method: Protein Homology.; DUF4238 domain-containing protein
	[1779831:1780133:dir] Derived by automated computational analysis using gene prediction method: GeneMarkS-2+.; hypothetical protein
	[1780184:1782034:rev] Derived by automated computational analysis using gene prediction method: Protein Homology.; DUF262 domain-containing protein
	[1782157:1783581:rev] Derived by automated computational analysis using gene prediction method: GeneMarkS-2+.; hypothetical protein
	[1783682:1786342:dir] Derived by automated computational analysis using gene prediction method: Protein Homology.; DUF1156 domain-containing protein
	[1786600:1786983:dir] Derived by automated computational analysis using gene prediction method: Protein Homology.; hypothetical protein
	[1787413:1788294:rev] Derived by automated computational analysis using gene prediction method: Protein Homology.; hypothetical protein
	[1788320:1790071:rev] Derived by automated computational analysis using gene prediction method: Protein Homology.; McrC family protein
	[1790071:1791303:rev] Derived by automated computational analysis using gene prediction method: Protein Homology.; AAA family ATPase
	[1791395:1792423:rev] Derived by automated computational analysis using gene prediction method: Protein Homology.; hypothetical protein
	[1793573:1793782:dir] Derived by automated computational analysis using gene prediction method: GeneMarkS-2+.; ribbon-helix-helix protein, CopG family
	[1793779:1794900:dir] Derived by automated computational analysis using gene prediction method: Protein Homology.; site-specific integrase
	[1794970:1795602:rev] Derived by automated computational analysis using gene prediction method: Protein Homology.; hypothetical protein
	[1795802:1796398:dir] Derived by automated computational analysis using gene prediction method: Protein Homology.; winged helix-turn-helix domain-containing protein
<END>
<GI> CP071462:6 <COORDINATES> 1860271-1904099 <STAT> n1_4mer:GRV/n1_4mer:RV = 3.144139; n0_4mer:D = 33.906094; n0_4mer:PS = 28.901438
	[1860271:1861074:rev] Derived by automated computational analysis using gene prediction method: Protein Homology.; TrmB family transcriptional regulator
	[1861161:1862810:rev] Derived by automated computational analysis using gene prediction method: Protein Homology.; DUF255 domain-containing protein
	[1862970:1863569:dir] fxsA; Derived by automated computational analysis using gene prediction method: Protein Homology.; membrane protein FxsA
	[1863637:1863710:dir] Derived by automated computational analysis using gene prediction method: tRNAscan-SE.; tRNA-Ile
	[1864170:1864340:rev] Derived by automated computational analysis using gene prediction method: GeneMarkS-2+.; hypothetical protein
	[1864724:1865263:rev] Derived by automated computational analysis using gene prediction method: Protein Homology.; hypothetical protein
	[1865564:1865905:dir] Derived by automated computational analysis using gene prediction method: GeneMarkS-2+.; hypothetical protein
	[1865927:1866772:rev] Derived by automated computational analysis using gene prediction method: GeneMarkS-2+.; hypothetical protein
	[1866992:1867903:dir] Derived by automated computational analysis using gene prediction method: Protein Homology.; metallophosphoesterase family protein
	[1867913:1868218:rev] Derived by automated computational analysis using gene prediction method: Protein Homology.; DUF3892 domain-containing protein
	[1868320:1869210:dir] Derived by automated computational analysis using gene prediction method: GeneMarkS-2+.; hypothetical protein
	[1869253:1869552:dir] Derived by automated computational analysis using gene prediction method: Protein Homology.; DUF5518 domain-containing protein
	[1869754:1870080:rev] Derived by automated computational analysis using gene prediction method: Protein Homology.; hypothetical protein
	[1870325:1871608:rev] Derived by automated computational analysis using gene prediction method: GeneMarkS-2+.; hypothetical protein
	[1871926:1873014:dir] Derived by automated computational analysis using gene prediction method: GeneMarkS-2+.; hypothetical protein
	[1873007:1873579:dir] Derived by automated computational analysis using gene prediction method: GeneMarkS-2+.; hypothetical protein
	[1873693:1874277:rev] Derived by automated computational analysis using gene prediction method: Protein Homology.; hypothetical protein
	[1874791:1875171:rev] Derived by automated computational analysis using gene prediction method: Protein Homology.; hypothetical protein
	[1875293:1877287:rev] Derived by automated computational analysis using gene prediction method: GeneMarkS-2+.; hypothetical protein
	[1877979:1879394:dir] Derived by automated computational analysis using gene prediction method: GeneMarkS-2+.; hypothetical protein
	[1879881:1880333:rev] Derived by automated computational analysis using gene prediction method: GeneMarkS-2+.; hypothetical protein
	[1881254:1883734:dir] Derived by automated computational analysis using gene prediction method: GeneMarkS-2+.; hypothetical protein
	[1883938:1886088:dir] Derived by automated computational analysis using gene prediction method: Protein Homology.; DEAD/DEAH box helicase family protein
	[1886090:1886275:dir] Derived by automated computational analysis using gene prediction method: GeneMarkS-2+.; hypothetical protein
	[1886288:1888264:dir] Derived by automated computational analysis using gene prediction method: Protein Homology.; AAA family ATPase
	[1888270:1888776:dir] Derived by automated computational analysis using gene prediction method: GeneMarkS-2+.; hypothetical protein
	[1888849:1889421:rev] Derived by automated computational analysis using gene prediction method: Protein Homology.; class I SAM-dependent methyltransferase
	[1889503:1890705:rev] Derived by automated computational analysis using gene prediction method: Protein Homology.; cysteine desulfurase
	[1890721:1891113:rev] dndE; Derived by automated computational analysis using gene prediction method: Protein Homology.; DNA sulfur modification protein DndE
	[1891106:1893178:rev] dndD; Derived by automated computational analysis using gene prediction method: Protein Homology.; DNA sulfur modification protein DndD
	[1893175:1894665:rev] dndC; Derived by automated computational analysis using gene prediction method: Protein Homology.; DNA phosphorothioation system sulfurtransferase DndC
	[1894852:1895280:rev] Derived by automated computational analysis using gene prediction method: Protein Homology.; hypothetical protein
	[1895682:1895897:dir] Derived by automated computational analysis using gene prediction method: Protein Homology.; hypothetical protein
	[1896652:1898344:dir] frameshifted; Derived by automated computational analysis using gene prediction method: Protein Homology.; ammonium transporter
	[1898673:1899107:dir] Derived by automated computational analysis using gene prediction method: Protein Homology.; heme-binding protein
	[1899140:1899958:rev] Derived by automated computational analysis using gene prediction method: Protein Homology.; hypothetical protein
	[1900502:1902487:dir] Derived by automated computational analysis using gene prediction method: Protein Homology.; primary-amine oxidase
	[1902715:1903509:dir] Derived by automated computational analysis using gene prediction method: Protein Homology.; sulfite exporter TauE/SafE family protein
<END>
<GI> CP071462:7 <COORDINATES> 1942741-1980970 <STAT> n1_4mer:GRV/n1_4mer:RV = 3.858289; n0_4mer:D = 38.609405; n0_4mer:PS = 26.409413
	[1942741:1943721:dir] Derived by automated computational analysis using gene prediction method: Protein Homology.; branched-chain amino acid ABC transporter permease
	[1943791:1944870:dir] Derived by automated computational analysis using gene prediction method: Protein Homology.; branched-chain amino acid ABC transporter permease
	[1944872:1945684:dir] Derived by automated computational analysis using gene prediction method: Protein Homology.; ABC transporter ATP-binding protein
	[1945681:1946388:dir] Derived by automated computational analysis using gene prediction method: Protein Homology.; ABC transporter ATP-binding protein
	[1946435:1946851:rev] Derived by automated computational analysis using gene prediction method: Protein Homology.; cupin domain-containing protein
	[1946944:1947852:rev] Derived by automated computational analysis using gene prediction method: Protein Homology.; MBL fold metallo-hydrolase
	[1948082:1948960:rev] Derived by automated computational analysis using gene prediction method: Protein Homology.; amidohydrolase family protein
	[1949330:1949815:rev] Derived by automated computational analysis using gene prediction method: Protein Homology.; GNAT family N-acetyltransferase
	[1951961:1953118:rev] Derived by automated computational analysis using gene prediction method: Protein Homology.; epoxide hydrolase
	[1953424:1953627:dir] Derived by automated computational analysis using gene prediction method: GeneMarkS-2+.; hypothetical protein
	[1953695:1953952:dir] Derived by automated computational analysis using gene prediction method: Protein Homology.; hypothetical protein
	[1954051:1955274:rev] Derived by automated computational analysis using gene prediction method: GeneMarkS-2+.; hypothetical protein
	[1955500:1956060:rev] Derived by automated computational analysis using gene prediction method: Protein Homology.; TATA-box-binding protein
	[1956372:1957085:rev] incomplete; partial on complete genome; missing N-terminus; Derived by automated computational analysis using gene prediction method: Protein Homology.; transcription initiation factor IIB 3
	[1957308:1957406:rev] incomplete; partial on complete genome; missing C-terminus; Derived by automated computational analysis using gene prediction method: Protein Homology.; AbrB/MazE/SpoVT family DNA-binding domain-containing protein
	[1957460:1957810:rev] Derived by automated computational analysis using gene prediction method: Protein Homology.; type II toxin-antitoxin system PemK/MazF family toxin
	[1958102:1958623:dir] Derived by automated computational analysis using gene prediction method: Protein Homology.; ArsR family transcriptional regulator
	[1959155:1960306:dir] Derived by automated computational analysis using gene prediction method: Protein Homology.; hypothetical protein
	[1960323:1960577:rev] Derived by automated computational analysis using gene prediction method: GeneMarkS-2+.; hypothetical protein
	[1960660:1961586:rev] Derived by automated computational analysis using gene prediction method: Protein Homology.; GIY-YIG nuclease family protein
	[1962257:1962748:dir] Derived by automated computational analysis using gene prediction method: GeneMarkS-2+.; YbaB/EbfC family nucleoid-associated protein
	[1962797:1963453:rev] Derived by automated computational analysis using gene prediction method: Protein Homology.; hypothetical protein
	[1964139:1964291:rev] Derived by automated computational analysis using gene prediction method: Protein Homology.; hypothetical protein
	[1964528:1965256:dir] Derived by automated computational analysis using gene prediction method: Protein Homology.; hypothetical protein
	[1965290:1966018:rev] Derived by automated computational analysis using gene prediction method: GeneMarkS-2+.; hypothetical protein
	[1966312:1966653:rev] Derived by automated computational analysis using gene prediction method: GeneMarkS-2+.; hypothetical protein
	[1966807:1967190:rev] Derived by automated computational analysis using gene prediction method: GeneMarkS-2+.; hypothetical protein
	[1967786:1969165:rev] Derived by automated computational analysis using gene prediction method: Protein Homology.; PD-(D/E)XK nuclease family protein
	[1969525:1974003:rev] Derived by automated computational analysis using gene prediction method: Protein Homology.; AAA domain-containing protein
	[1973978:1975027:rev] Derived by automated computational analysis using gene prediction method: Protein Homology.; site-specific integrase
	[1975536:1976747:dir] Derived by automated computational analysis using gene prediction method: GeneMarkS-2+.; NAD(P)/FAD-dependent oxidoreductase
	[1976863:1977264:rev] Derived by automated computational analysis using gene prediction method: Protein Homology.; universal stress protein
	[1977425:1977862:dir] Derived by automated computational analysis using gene prediction method: Protein Homology.; universal stress protein
	[1978046:1978651:dir] Derived by automated computational analysis using gene prediction method: Protein Homology.; metal-dependent hydrolase
	[1978758:1979312:dir] Derived by automated computational analysis using gene prediction method: Protein Homology.; hypothetical protein
	[1979543:1980970:dir] Derived by automated computational analysis using gene prediction method: Protein Homology.; sodium-dependent transporter
<END>
<GI> CP071462:8 <COORDINATES> 2504526-2545286 <STAT> n1_4mer:GRV/n1_4mer:RV = 3.649567; n0_4mer:D = 37.564854; n0_4mer:PS = 25.793724
	[2504526:2507927:rev] fdhF; Derived by automated computational analysis using gene prediction method: Protein Homology.; formate dehydrogenase subunit alpha
	[2507924:2509537:rev] Derived by automated computational analysis using gene prediction method: Protein Homology.; NADH dehydrogenase FAD-containing subunit
	[2509980:2511281:rev] Derived by automated computational analysis using gene prediction method: Protein Homology.; OFA family MFS transporter
	[2511670:2511900:dir] Derived by automated computational analysis using gene prediction method: Protein Homology.; hypothetical protein
	[2511910:2512326:dir] Derived by automated computational analysis using gene prediction method: Protein Homology.; PIN domain-containing protein
	[2512538:2514214:dir] Derived by automated computational analysis using gene prediction method: Protein Homology.; DUF262 domain-containing HNH endonuclease family protein
	[2514923:2515933:dir] Derived by automated computational analysis using gene prediction method: Protein Homology.; tyrosine-type recombinase/integrase
	[2516053:2517600:dir] Derived by automated computational analysis using gene prediction method: GeneMarkS-2+.; hypothetical protein
	[2517820:2518350:dir] Derived by automated computational analysis using gene prediction method: GeneMarkS-2+.; hypothetical protein
	[2518483:2518953:rev] Derived by automated computational analysis using gene prediction method: Protein Homology.; hypothetical protein
	[2518980:2519309:rev] Derived by automated computational analysis using gene prediction method: GeneMarkS-2+.; hypothetical protein
	[2519357:2520532:rev] Derived by automated computational analysis using gene prediction method: Protein Homology.; tyrosine-type recombinase/integrase
	[2520529:2521143:rev] Derived by automated computational analysis using gene prediction method: GeneMarkS-2+.; hypothetical protein
	[2521686:2523704:rev] Derived by automated computational analysis using gene prediction method: GeneMarkS-2+.; hypothetical protein
	[2524182:2524532:dir] Derived by automated computational analysis using gene prediction method: GeneMarkS-2+.; hypothetical protein
	[2524661:2525545:rev] Derived by automated computational analysis using gene prediction method: Protein Homology.; IS1595 family transposase
	[2525660:2526529:dir] Derived by automated computational analysis using gene prediction method: GeneMarkS-2+.; hypothetical protein
	[2526752:2527696:rev] Derived by automated computational analysis using gene prediction method: Protein Homology.; phosphatase PAP2 family protein
	[2528160:2529212:dir] Derived by automated computational analysis using gene prediction method: Protein Homology.; metal ABC transporter substrate-binding protein
	[2529209:2530033:dir] Derived by automated computational analysis using gene prediction method: Protein Homology.; metal ABC transporter ATP-binding protein
	[2530030:2531109:dir] Derived by automated computational analysis using gene prediction method: Protein Homology.; metal ABC transporter permease
	[2531193:2531894:dir] Derived by automated computational analysis using gene prediction method: Protein Homology.; metal-dependent transcriptional regulator
	[2531893:2532213:dir] internal stop; incomplete; partial on complete genome; missing N-terminus and C-terminus; Derived by automated computational analysis using gene prediction method: Protein Homology.; IS5/IS1182 family transposase
	[2532375:2532593:dir] Derived by automated computational analysis using gene prediction method: Protein Homology.; hypothetical protein
	[2533027:2533815:rev] Derived by automated computational analysis using gene prediction method: GeneMarkS-2+.; hypothetical protein
	[2533808:2533996:rev] Derived by automated computational analysis using gene prediction method: Protein Homology.; AbrB/MazE/SpoVT family DNA-binding domain-containing protein
	[2534252:2535007:dir] Derived by automated computational analysis using gene prediction method: Protein Homology.; rhomboid family intramembrane serine protease
	[2535153:2535347:rev] Derived by automated computational analysis using gene prediction method: GeneMarkS-2+.; hypothetical protein
	[2535724:2536635:dir] Derived by automated computational analysis using gene prediction method: GeneMarkS-2+.; hypothetical protein
	[2536768:2537619:dir] Derived by automated computational analysis using gene prediction method: Protein Homology.; ParA family protein
	[2537622:2538002:dir] Derived by automated computational analysis using gene prediction method: GeneMarkS-2+.; hypothetical protein
	[2538157:2538936:dir] Derived by automated computational analysis using gene prediction method: GeneMarkS-2+.; hypothetical protein
	[2539201:2540358:rev] Derived by automated computational analysis using gene prediction method: Protein Homology.; DUF2791 family P-loop domain-containing protein
	[2540358:2541254:rev] Derived by automated computational analysis using gene prediction method: Protein Homology.; hypothetical protein
	[2541251:2542285:rev] Derived by automated computational analysis using gene prediction method: Protein Homology.; tRNA-guanine transglycosylase
	[2542383:2545286:rev] Derived by automated computational analysis using gene prediction method: Protein Homology.; queuine tRNA-ribosyltransferase tRNA-guanine transglycosylase
<END>
<GI> CP071462:9 <COORDINATES> 2589000-2615883 <STAT> n1_4mer:GRV/n1_4mer:RV = 6.933296; n0_4mer:D = 47.463137; n0_4mer:PS = 21.696715
	[2589059:2589214:dir] Derived by automated computational analysis using gene prediction method: GeneMarkS-2+.; hypothetical protein
	[2589255:2589677:rev] Derived by automated computational analysis using gene prediction method: Protein Homology.; DUF86 domain-containing protein
	[2589677:2590120:rev] Derived by automated computational analysis using gene prediction method: Protein Homology.; nucleotidyltransferase domain-containing protein
	[2590340:2590825:rev] Derived by automated computational analysis using gene prediction method: GeneMarkS-2+.; hypothetical protein
	[2590866:2591162:rev] Derived by automated computational analysis using gene prediction method: Protein Homology.; UPF0175 family protein
	[2592754:2593890:rev] Derived by automated computational analysis using gene prediction method: Protein Homology.; glycosyltransferase family 4 protein
	[2593970:2595286:dir] Derived by automated computational analysis using gene prediction method: Protein Homology.; sulfatase
	[2595303:2596424:dir] Derived by automated computational analysis using gene prediction method: Protein Homology.; glycosyltransferase family 4 protein
	[2596444:2598051:rev] Derived by automated computational analysis using gene prediction method: Protein Homology.; alkaline phosphatase family protein
	[2598179:2599258:dir] Derived by automated computational analysis using gene prediction method: Protein Homology.; glycosyltransferase family 4 protein
	[2599255:2600016:rev] Derived by automated computational analysis using gene prediction method: Protein Homology.; FkbM family methyltransferase
	[2600178:2601224:dir] Derived by automated computational analysis using gene prediction method: Protein Homology.; glycosyltransferase family 4 protein
	[2601946:2602308:rev] Derived by automated computational analysis using gene prediction method: GeneMarkS-2+.; hypothetical protein
	[2602328:2602936:dir] Derived by automated computational analysis using gene prediction method: GeneMarkS-2+.; hypothetical protein
	[2602995:2604527:dir] Derived by automated computational analysis using gene prediction method: Protein Homology.; polysaccharide biosynthesis C-terminal domain-containing protein
	[2604532:2605263:rev] Derived by automated computational analysis using gene prediction method: Protein Homology.; sugar nucleotidyltransferase
	[2605366:2605686:dir] Derived by automated computational analysis using gene prediction method: Protein Homology.; hypothetical protein
	[2605693:2605941:dir] Derived by automated computational analysis using gene prediction method: GeneMarkS-2+.; type II toxin-antitoxin system RelE/ParE family toxin
	[2605973:2606467:dir] Derived by automated computational analysis using gene prediction method: Protein Homology.; transcriptional regulator
	[2606614:2606895:dir] Derived by automated computational analysis using gene prediction method: Protein Homology.; hypothetical protein
	[2607005:2607190:dir] Derived by automated computational analysis using gene prediction method: Protein Homology.; hypothetical protein
	[2607253:2607397:rev] Derived by automated computational analysis using gene prediction method: tRNAscan-SE.; tRNA-OTHER
	[2607618:2608897:dir] frameshifted; Derived by automated computational analysis using gene prediction method: Protein Homology.; transposase
	[2608948:2610084:rev] Derived by automated computational analysis using gene prediction method: Protein Homology.; glycosyltransferase family 2 protein
	[2610658:2610825:dir] Derived by automated computational analysis using gene prediction method: Protein Homology.; hypothetical protein
	[2610922:2611839:dir] Derived by automated computational analysis using gene prediction method: Protein Homology.; NAD-dependent epimerase/dehydratase family protein
	[2612144:2612281:rev] Derived by automated computational analysis using gene prediction method: GeneMarkS-2+.; hypothetical protein
	[2612653:2613402:dir] Derived by automated computational analysis using gene prediction method: Protein Homology.; ABC transporter ATP-binding protein
	[2613392:2614654:dir] Derived by automated computational analysis using gene prediction method: Protein Homology.; ABC transporter permease
	[2614657:2615883:dir] Derived by automated computational analysis using gene prediction method: Protein Homology.; ABC transporter permease
<END>
<GI> CP071462:10 <COORDINATES> 3291884-3314616 <STAT> n1_4mer:GRV/n1_4mer:RV = 2.004973; n0_4mer:D = 25.337427; n0_4mer:PS = 33.140456
	[3291884:3292873:dir] Derived by automated computational analysis using gene prediction method: Protein Homology.; metal-dependent hydrolase
	[3292948:3293565:dir] Derived by automated computational analysis using gene prediction method: Protein Homology.; hypothetical protein
	[3293558:3294217:dir] Derived by automated computational analysis using gene prediction method: Protein Homology.; hypothetical protein
	[3294385:3294585:dir] Derived by automated computational analysis using gene prediction method: Protein Homology.; dodecin family protein
	[3294668:3295042:rev] Derived by automated computational analysis using gene prediction method: Protein Homology.; iron-sulfur cluster assembly accessory protein
	[3295192:3295446:rev] Derived by automated computational analysis using gene prediction method: Protein Homology.; hypothetical protein
	[3295528:3296826:rev] hisD; Derived by automated computational analysis using gene prediction method: Protein Homology.; histidinol dehydrogenase
	[3296881:3297102:rev] Derived by automated computational analysis using gene prediction method: Protein Homology.; hypothetical protein
	[3297291:3297917:dir] Derived by automated computational analysis using gene prediction method: Protein Homology.; metal-dependent hydrolase
	[3298631:3300105:dir] Derived by automated computational analysis using gene prediction method: cmsearch.; 16S ribosomal RNA
	[3300263:3300334:dir] Derived by automated computational analysis using gene prediction method: tRNAscan-SE.; tRNA-Ala
	[3300558:3303477:dir] Derived by automated computational analysis using gene prediction method: cmsearch.; 23S ribosomal RNA
	[3303619:3303740:dir] rrf; Derived by automated computational analysis using gene prediction method: cmsearch.; 5S ribosomal RNA
	[3303937:3304347:dir] Derived by automated computational analysis using gene prediction method: Protein Homology.; hypothetical protein
	[3304814:3305584:rev] coxB; Derived by automated computational analysis using gene prediction method: Protein Homology.; cytochrome c oxidase subunit II
	[3305803:3308082:dir] Derived by automated computational analysis using gene prediction method: Protein Homology.; cbb3-type cytochrome c oxidase subunit I
	[3308079:3308651:dir] Derived by automated computational analysis using gene prediction method: Protein Homology.; hypothetical protein
	[3308742:3309641:rev] Derived by automated computational analysis using gene prediction method: Protein Homology.; manganese catalase family protein
	[3309759:3310190:dir] Derived by automated computational analysis using gene prediction method: Protein Homology.; hypothetical protein
	[3310282:3310467:dir] Derived by automated computational analysis using gene prediction method: Protein Homology.; hypothetical protein
	[3310540:3311487:rev] Derived by automated computational analysis using gene prediction method: Protein Homology.; cytochrome c oxidase subunit 3
	[3311586:3312659:rev] incomplete; partial on complete genome; missing N-terminus; Derived by automated computational analysis using gene prediction method: Protein Homology.; ATP-binding protein
	[3313225:3314616:rev] Derived by automated computational analysis using gene prediction method: Protein Homology.; NAD(P)/FAD-dependent oxidoreductase
<END>
<GI> CP071462:11 <COORDINATES> 3816913-3988099 <STAT> n1_4mer:GRV/n1_4mer:RV = 12.881556; n0_4mer:D = 43.845144; n0_4mer:PS = -0.611945
	[3816913:3818094:dir] Derived by automated computational analysis using gene prediction method: Protein Homology.; hypothetical protein
	[3818412:3821096:dir] Derived by automated computational analysis using gene prediction method: Protein Homology.; hypothetical protein
	[3821154:3822365:rev] Derived by automated computational analysis using gene prediction method: Protein Homology.; PQQ-binding-like beta-propeller repeat protein
	[3822483:3823403:rev] Derived by automated computational analysis using gene prediction method: Protein Homology.; transcriptional regulator
<END>
<GI> CP071462:12 <COORDINATES> 4042000-4065599 <STAT> n1_4mer:GRV/n1_4mer:RV = 3.550831; n0_4mer:D = 36.641231; n0_4mer:PS = 29.450144

<END>
<GI> CP071462:13 <COORDINATES> 4148000-4222099 <STAT> n1_4mer:GRV/n1_4mer:RV = 2.882359; n0_4mer:D = 34.371468; n0_4mer:PS = 25.220864

<END>
<GI> CP071462:14 <COORDINATES> 4254000-4362099 <STAT> n1_4mer:GRV/n1_4mer:RV = 9.863870; n0_4mer:D = 43.569036; n0_4mer:PS = -0.247751

<END>