<GI> CP082286:1 <COORDINATES> 656406-717099 <STAT> n1_4mer:GRV/n1_4mer:RV = 10.353174; n0_4mer:D = 49.450445; n0_4mer:PS = 25.321915
	[656406:656564:dir] Derived by automated computational analysis using gene prediction method: GeneMarkS-2+.; hypothetical protein
	[656738:656935:dir] Derived by automated computational analysis using gene prediction method: Protein Homology.; antitoxin VapB family protein
	[657260:658864:dir] Derived by automated computational analysis using gene prediction method: Protein Homology.; SufS family cysteine desulfurase
	[658948:659520:rev] Derived by automated computational analysis using gene prediction method: Protein Homology.; metal-dependent hydrolase
	[659581:659925:rev] Derived by automated computational analysis using gene prediction method: Protein Homology.; MarR family transcriptional regulator
	[660183:660455:dir] Derived by automated computational analysis using gene prediction method: Protein Homology.; NUDIX hydrolase
	[661001:661171:dir] Derived by automated computational analysis using gene prediction method: Protein Homology.; UvrD-helicase domain-containing protein
	[661477:662169:dir] Derived by automated computational analysis using gene prediction method: GeneMarkS-2+.; hypothetical protein
	[662470:663504:rev] Derived by automated computational analysis using gene prediction method: GeneMarkS-2+.; hypothetical protein
	[664237:665475:dir] Derived by automated computational analysis using gene prediction method: Protein Homology.; hypothetical protein
	[665621:665755:dir] incomplete; partial on complete genome; missing C-terminus; Derived by automated computational analysis using gene prediction method: Protein Homology.; IS6 family transposase
	[665964:667107:rev] frameshifted; Derived by automated computational analysis using gene prediction method: Protein Homology.; ISH3 family transposase
	[667192:667728:dir] frameshifted; incomplete; partial on complete genome; missing N-terminus; Derived by automated computational analysis using gene prediction method: Protein Homology.; IS6 family transposase
	[667772:669268:rev] Derived by automated computational analysis using gene prediction method: Protein Homology.; flippase
	[669571:670656:dir] Derived by automated computational analysis using gene prediction method: Protein Homology.; glycosyltransferase family 4 protein
	[670653:671864:rev] Derived by automated computational analysis using gene prediction method: Protein Homology.; sulfatase-like hydrolase/transferase
	[671993:672925:dir] Derived by automated computational analysis using gene prediction method: GeneMarkS-2+.; hypothetical protein
	[673018:673899:dir] frameshifted; internal stop; Derived by automated computational analysis using gene prediction method: Protein Homology.; IS1595 family transposase
	[673963:674559:rev] frameshifted; internal stop; Derived by automated computational analysis using gene prediction method: Protein Homology.; IS6 family transposase
	[674744:675895:rev] Derived by automated computational analysis using gene prediction method: Protein Homology.; glycosyltransferase family 4 protein
	[677951:678952:dir] Derived by automated computational analysis using gene prediction method: GeneMarkS-2+.; hypothetical protein
	[679384:680577:dir] kdsB; Derived by automated computational analysis using gene prediction method: Protein Homology.; 3-deoxy-manno-octulosonate cytidylyltransferase
	[680564:681382:dir] kdsA; Derived by automated computational analysis using gene prediction method: Protein Homology.; 3-deoxy-8-phosphooctulonate synthase
	[681357:682364:dir] Derived by automated computational analysis using gene prediction method: Protein Homology.; KpsF/GutQ family sugar-phosphate isomerase
	[682547:683419:dir] Derived by automated computational analysis using gene prediction method: Protein Homology.; class I SAM-dependent methyltransferase
	[684037:685371:dir] Derived by automated computational analysis using gene prediction method: Protein Homology.; sulfatase-like hydrolase/transferase
	[685560:686576:dir] Derived by automated computational analysis using gene prediction method: Protein Homology.; NAD-dependent epimerase/dehydratase family protein
	[686573:687589:dir] Derived by automated computational analysis using gene prediction method: Protein Homology.; NAD-dependent epimerase/dehydratase family protein
	[687611:688849:dir] Derived by automated computational analysis using gene prediction method: Protein Homology.; glycosyltransferase family 4 protein
	[688853:689371:rev] Derived by automated computational analysis using gene prediction method: Protein Homology.; NUDIX hydrolase
	[689690:689926:rev] Derived by automated computational analysis using gene prediction method: GeneMarkS-2+.; MarR family transcriptional regulator
	[690199:691173:dir] Derived by automated computational analysis using gene prediction method: Protein Homology.; endonuclease I
	[691214:691732:dir] Derived by automated computational analysis using gene prediction method: Protein Homology.; UTP--glucose-1-phosphate uridylyltransferase
	[691965:692429:rev] Derived by automated computational analysis using gene prediction method: Protein Homology.; hypothetical protein
	[692429:693058:rev] Derived by automated computational analysis using gene prediction method: GeneMarkS-2+.; winged helix-turn-helix domain-containing protein
	[693201:693452:dir] Derived by automated computational analysis using gene prediction method: Protein Homology.; ribbon-helix-helix protein, CopG family
	[693449:693574:dir] incomplete; partial on complete genome; missing C-terminus; Derived by automated computational analysis using gene prediction method: Protein Homology.; nucleic acid-binding protein
	[693739:694608:rev] Derived by automated computational analysis using gene prediction method: Protein Homology.; hypothetical protein
	[694605:695555:rev] Derived by automated computational analysis using gene prediction method: Protein Homology.; MarR family transcriptional regulator
	[695648:695923:rev] Derived by automated computational analysis using gene prediction method: GeneMarkS-2+.; hypothetical protein
	[696044:696601:dir] Derived by automated computational analysis using gene prediction method: Protein Homology.; hypothetical protein
	[696611:697117:dir] Derived by automated computational analysis using gene prediction method: Protein Homology.; hypothetical protein
	[697168:698442:rev] Derived by automated computational analysis using gene prediction method: Protein Homology.; transposase
	[698790:699080:dir] Derived by automated computational analysis using gene prediction method: Protein Homology.; UPF0175 family protein
	[699389:699730:dir] Derived by automated computational analysis using gene prediction method: Protein Homology.; DUF6516 family protein
	[699711:700148:dir] Derived by automated computational analysis using gene prediction method: GeneMarkS-2+.; hypothetical protein
	[700229:701482:rev] Derived by automated computational analysis using gene prediction method: Protein Homology.; transposase
	[701948:703450:rev] Derived by automated computational analysis using gene prediction method: GeneMarkS-2+.; hypothetical protein
	[703884:704327:rev] Derived by automated computational analysis using gene prediction method: Protein Homology.; ArsR family transcriptional regulator
	[704678:705058:dir] Derived by automated computational analysis using gene prediction method: Protein Homology.; hypothetical protein
	[705261:705932:dir] Derived by automated computational analysis using gene prediction method: GeneMarkS-2+.; hypothetical protein
	[706643:706963:dir] Derived by automated computational analysis using gene prediction method: Protein Homology.; MarR family transcriptional regulator
	[707207:707602:dir] Derived by automated computational analysis using gene prediction method: Protein Homology.; hypothetical protein
	[707661:708890:rev] Derived by automated computational analysis using gene prediction method: Protein Homology.; transposase
	[708894:709043:rev] Derived by automated computational analysis using gene prediction method: Protein Homology.; DUF2080 family transposase-associated protein
	[709209:710021:rev] Derived by automated computational analysis using gene prediction method: Protein Homology.; hypothetical protein
	[710018:710941:rev] Derived by automated computational analysis using gene prediction method: Protein Homology.; helix-turn-helix domain-containing protein
	[711138:712520:rev] Derived by automated computational analysis using gene prediction method: Protein Homology.; ATP-binding protein
	[712855:715272:rev] Derived by automated computational analysis using gene prediction method: GeneMarkS-2+.; hypothetical protein
	[715272:716615:rev] Derived by automated computational analysis using gene prediction method: GeneMarkS-2+.; hypothetical protein
<END>
<GI> CP082286:2 <COORDINATES> 2259717-2282775 <STAT> n1_4mer:GRV/n1_4mer:RV = 4.202251; n0_4mer:D = 35.293045; n0_4mer:PS = 36.642709
	[2259717:2260235:rev] Derived by automated computational analysis using gene prediction method: Protein Homology.; cupin domain-containing protein
	[2260377:2261507:dir] Derived by automated computational analysis using gene prediction method: Protein Homology.; zinc-binding dehydrogenase
	[2263088:2263255:rev] Derived by automated computational analysis using gene prediction method: GeneMarkS-2+.; hypothetical protein
	[2263636:2264514:dir] Derived by automated computational analysis using gene prediction method: GeneMarkS-2+.; hypothetical protein
	[2264857:2265330:dir] Derived by automated computational analysis using gene prediction method: GeneMarkS-2+.; hypothetical protein
	[2265573:2266661:rev] Derived by automated computational analysis using gene prediction method: Protein Homology.; DUF5677 domain-containing protein
	[2267028:2267222:dir] Derived by automated computational analysis using gene prediction method: GeneMarkS-2+.; hypothetical protein
	[2267262:2267528:dir] Derived by automated computational analysis using gene prediction method: GeneMarkS-2+.; hypothetical protein
	[2267542:2268426:rev] Derived by automated computational analysis using gene prediction method: Protein Homology.; IS1595 family transposase
	[2268734:2269360:dir] Derived by automated computational analysis using gene prediction method: GeneMarkS-2+.; hypothetical protein
	[2269357:2269809:dir] Derived by automated computational analysis using gene prediction method: GeneMarkS-2+.; hypothetical protein
	[2270111:2270485:rev] Derived by automated computational analysis using gene prediction method: GeneMarkS-2+.; hypothetical protein
	[2270617:2272017:dir] Derived by automated computational analysis using gene prediction method: GeneMarkS-2+.; hypothetical protein
	[2272117:2273106:dir] Derived by automated computational analysis using gene prediction method: GeneMarkS-2+.; hypothetical protein
	[2273462:2274012:dir] frameshifted; Derived by automated computational analysis using gene prediction method: Protein Homology.; transcription initiation factor IIB family protein
	[2274195:2275121:dir] Derived by automated computational analysis using gene prediction method: Protein Homology.; ssDNA-binding domain-containing protein
	[2275181:2275639:dir] Derived by automated computational analysis using gene prediction method: Protein Homology.; SWIM zinc finger domain-containing protein
	[2275803:2276627:dir] Derived by automated computational analysis using gene prediction method: Protein Homology.; transcription initiation factor IIB family protein
	[2276816:2278108:rev] Derived by automated computational analysis using gene prediction method: GeneMarkS-2+.; hypothetical protein
	[2278386:2278757:dir] Derived by automated computational analysis using gene prediction method: GeneMarkS-2+.; hypothetical protein
	[2279024:2279713:rev] Derived by automated computational analysis using gene prediction method: Protein Homology.; SOS response-associated peptidase
	[2279990:2280454:dir] Derived by automated computational analysis using gene prediction method: GeneMarkS-2+.; hypothetical protein
	[2280593:2281450:rev] Derived by automated computational analysis using gene prediction method: GeneMarkS-2+.; hypothetical protein
	[2281678:2282775:rev] Derived by automated computational analysis using gene prediction method: GeneMarkS-2+.; hypothetical protein
<END>
<GI> CP082286:3 <COORDINATES> 2976249-3125599 <STAT> n1_4mer:GRV/n1_4mer:RV = 14.870507; n0_4mer:D = 41.970336; n0_4mer:PS = 0.626692
	[2976249:2978501:rev] Derived by automated computational analysis using gene prediction method: GeneMarkS-2+.; Ig-like domain-containing protein
	[2978577:2979155:rev] Derived by automated computational analysis using gene prediction method: Protein Homology.; DUF2150 family protein
	[2979377:2980240:rev] Derived by automated computational analysis using gene prediction method: Protein Homology.; TatD family hydrolase
	[2980362:2980814:rev] Derived by automated computational analysis using gene prediction method: Protein Homology.; type IV pilin N-terminal domain-containing protein
<END>
<GI> CP082286:4 <COORDINATES> 3238000-3270099 <STAT> n1_4mer:GRV/n1_4mer:RV = 3.841094; n0_4mer:D = 36.075296; n0_4mer:PS = 22.944127

<END>
<GI> CP082286:5 <COORDINATES> 3274500-3299099 <STAT> n1_4mer:GRV/n1_4mer:RV = 4.238371; n0_4mer:D = 38.523301; n0_4mer:PS = 29.705608

<END>
<GI> CP082286:6 <COORDINATES> 3329000-3347599 <STAT> n1_4mer:GRV/n1_4mer:RV = 3.748283; n0_4mer:D = 36.317485; n0_4mer:PS = 26.470947

<END>
<GI> CP082286:7 <COORDINATES> 3349500-3554099 <STAT> n1_4mer:GRV/n1_4mer:RV = 13.195070; n0_4mer:D = 43.255954; n0_4mer:PS = -0.662216

<END>
<GI> CP082286:8 <COORDINATES> 3874000-3988099 <STAT> n1_4mer:GRV/n1_4mer:RV = 17.026832; n0_4mer:D = 43.274749; n0_4mer:PS = -0.686197

<END>
<GI> CP082286:9 <COORDINATES> 4018000-4047599 <STAT> n1_4mer:GRV/n1_4mer:RV = 4.312166; n0_4mer:D = 34.810756; n0_4mer:PS = 21.115281

<END>