<GI> CP078063:1 <COORDINATES> 425000-448599 <STAT> n1_4mer:GRV/n1_4mer:RV = 4.435795; n0_4mer:D = 48.138656; n0_4mer:PS = 29.994518
	[425000:425761:rev] Derived by automated computational analysis using gene prediction method: Protein Homology.; PGF-CTERM sorting domain-containing protein
	[425822:429748:rev] Derived by automated computational analysis using gene prediction method: Protein Homology.; surface glycoprotein
	[430209:431456:dir] Derived by automated computational analysis using gene prediction method: Protein Homology.; glycosyltransferase family 2 protein
	[431898:434138:dir] Derived by automated computational analysis using gene prediction method: Protein Homology.; DUF2206 domain-containing protein
	[434541:436016:rev] Derived by automated computational analysis using gene prediction method: Protein Homology.; flippase
	[436087:437127:rev] Derived by automated computational analysis using gene prediction method: Protein Homology.; polysaccharide pyruvyl transferase family protein
	[437130:438407:rev] Derived by automated computational analysis using gene prediction method: Protein Homology.; sulfatase
	[438497:439648:dir] Derived by automated computational analysis using gene prediction method: Protein Homology.; glycosyltransferase family 4 protein
	[439983:441044:dir] Derived by automated computational analysis using gene prediction method: Protein Homology.; tubulin/FtsZ family protein
	[441200:441754:dir] Derived by automated computational analysis using gene prediction method: Protein Homology.; hypothetical protein
	[441747:442247:dir] Derived by automated computational analysis using gene prediction method: Protein Homology.; metal-dependent hydrolase
	[442316:442522:dir] Derived by automated computational analysis using gene prediction method: Protein Homology.; hypothetical protein
	[442617:442922:dir] Derived by automated computational analysis using gene prediction method: Protein Homology.; hypothetical protein
	[443339:443731:rev] Derived by automated computational analysis using gene prediction method: Protein Homology.; hypothetical protein
	[443800:444114:rev] Derived by automated computational analysis using gene prediction method: Protein Homology.; ArsR family transcriptional regulator
	[444422:444733:rev] Derived by automated computational analysis using gene prediction method: Protein Homology.; winged helix-turn-helix domain-containing protein
	[444876:445145:rev] Derived by automated computational analysis using gene prediction method: Protein Homology.; hypothetical protein
	[445443:447200:rev] Derived by automated computational analysis using gene prediction method: Protein Homology.; DUF5591 domain-containing protein
	[447291:448580:dir] Derived by automated computational analysis using gene prediction method: Protein Homology.; PQQ-binding-like beta-propeller repeat protein
<END>
<GI> CP078063:2 <COORDINATES> 463600-485557 <STAT> n1_4mer:GRV/n1_4mer:RV = 2.789912; n0_4mer:D = 38.975863; n0_4mer:PS = 27.558603
	[463600:464109:rev] Derived by automated computational analysis using gene prediction method: Protein Homology.; hypothetical protein
	[464145:464702:rev] Derived by automated computational analysis using gene prediction method: Protein Homology.; hypothetical protein
	[465750:466787:rev] Derived by automated computational analysis using gene prediction method: Protein Homology.; site-specific integrase
	[467266:467532:dir] Derived by automated computational analysis using gene prediction method: Protein Homology.; winged helix-turn-helix domain-containing protein
	[467875:470004:rev] Derived by automated computational analysis using gene prediction method: GeneMarkS-2+.; hypothetical protein
	[470026:471660:rev] Derived by automated computational analysis using gene prediction method: Protein Homology.; ATP-binding protein
	[471761:473005:rev] Derived by automated computational analysis using gene prediction method: Protein Homology.; DNA cytosine methyltransferase
	[473369:474028:dir] Derived by automated computational analysis using gene prediction method: Protein Homology.; ribonuclease H-like domain-containing protein
	[474781:475407:dir] Derived by automated computational analysis using gene prediction method: GeneMarkS-2+.; hypothetical protein
	[475411:475896:dir] Derived by automated computational analysis using gene prediction method: GeneMarkS-2+.; hypothetical protein
	[475955:476158:rev] Derived by automated computational analysis using gene prediction method: Protein Homology.; hypothetical protein
	[476299:476697:dir] Derived by automated computational analysis using gene prediction method: Protein Homology.; hypothetical protein
	[476697:476906:dir] Derived by automated computational analysis using gene prediction method: GeneMarkS-2+.; hypothetical protein
	[476903:477433:dir] Derived by automated computational analysis using gene prediction method: Protein Homology.; hypothetical protein
	[477523:479247:dir] Derived by automated computational analysis using gene prediction method: GeneMarkS-2+.; hypothetical protein
	[479301:479876:dir] Derived by automated computational analysis using gene prediction method: Protein Homology.; hypothetical protein
	[479876:480631:dir] Derived by automated computational analysis using gene prediction method: Protein Homology.; hypothetical protein
	[480628:481782:dir] Derived by automated computational analysis using gene prediction method: Protein Homology.; hypothetical protein
	[482428:483288:rev] Derived by automated computational analysis using gene prediction method: GeneMarkS-2+.; hypothetical protein
	[483306:483671:rev] Derived by automated computational analysis using gene prediction method: GeneMarkS-2+.; hypothetical protein
	[483809:485557:rev] Derived by automated computational analysis using gene prediction method: Protein Homology.; ATP-binding protein
<END>
<GI> CP078063:3 <COORDINATES> 2305500-2324483 <STAT> n1_4mer:GRV/n1_4mer:RV = 1.821900; n0_4mer:D = 34.259484; n0_4mer:PS = 30.442198
	[2305577:2306635:dir] Derived by automated computational analysis using gene prediction method: Protein Homology.; NAD-dependent epimerase/dehydratase family protein
	[2306702:2306926:rev] Derived by automated computational analysis using gene prediction method: Protein Homology.; DUF1059 domain-containing protein
	[2307190:2308707:dir] Derived by automated computational analysis using gene prediction method: Protein Homology.; molybdopterin-dependent oxidoreductase
	[2308822:2309514:rev] Derived by automated computational analysis using gene prediction method: Protein Homology.; PKD domain-containing protein
	[2310063:2310275:dir] Derived by automated computational analysis using gene prediction method: Protein Homology.; hypothetical protein
	[2310642:2312252:dir] Derived by automated computational analysis using gene prediction method: GeneMarkS-2+.; hypothetical protein
	[2312406:2313203:rev] Derived by automated computational analysis using gene prediction method: Protein Homology.; hypothetical protein
	[2313222:2313452:rev] Derived by automated computational analysis using gene prediction method: GeneMarkS-2+.; hypothetical protein
	[2313497:2313751:rev] incomplete; partial on complete genome; missing N-terminus; Derived by automated computational analysis using gene prediction method: Protein Homology.; hypothetical protein
	[2314004:2315053:rev] Derived by automated computational analysis using gene prediction method: Protein Homology.; tyrosine-type recombinase/integrase
	[2315610:2315864:dir] Derived by automated computational analysis using gene prediction method: Protein Homology.; winged helix-turn-helix domain-containing protein
	[2315962:2316951:dir] Derived by automated computational analysis using gene prediction method: GeneMarkS-2+.; hypothetical protein
	[2316967:2317944:rev] Derived by automated computational analysis using gene prediction method: Protein Homology.; hypothetical protein
	[2317941:2318330:rev] Derived by automated computational analysis using gene prediction method: Protein Homology.; hypothetical protein
	[2318327:2319130:rev] Derived by automated computational analysis using gene prediction method: Protein Homology.; hypothetical protein
	[2319190:2319786:rev] Derived by automated computational analysis using gene prediction method: Protein Homology.; hypothetical protein
	[2319816:2319986:rev] Derived by automated computational analysis using gene prediction method: Protein Homology.; hypothetical protein
	[2319988:2321694:rev] Derived by automated computational analysis using gene prediction method: GeneMarkS-2+.; hypothetical protein
	[2321806:2322213:rev] Derived by automated computational analysis using gene prediction method: Protein Homology.; hypothetical protein
	[2322213:2322566:rev] Derived by automated computational analysis using gene prediction method: Protein Homology.; hypothetical protein
	[2322666:2324483:rev] Derived by automated computational analysis using gene prediction method: Protein Homology.; hypothetical protein
<END>
<GI> CP078063:4 <COORDINATES> 2783485-2803908 <STAT> n1_4mer:GRV/n1_4mer:RV = 1.823139; n0_4mer:D = 33.862273; n0_4mer:PS = 22.572786
	[2783485:2784993:dir] Derived by automated computational analysis using gene prediction method: Protein Homology.; DASH family cryptochrome
	[2785038:2785469:rev] Derived by automated computational analysis using gene prediction method: Protein Homology.; disulfide bond formation protein B
	[2785781:2787103:rev] Derived by automated computational analysis using gene prediction method: Protein Homology.; MgtC/SapB family protein
	[2787336:2791223:dir] Derived by automated computational analysis using gene prediction method: Protein Homology.; N-6 DNA methylase
	[2791224:2791682:rev] Derived by automated computational analysis using gene prediction method: Protein Homology.; DUF4065 domain-containing protein
	[2791679:2792413:rev] Derived by automated computational analysis using gene prediction method: Protein Homology.; hypothetical protein
	[2792552:2792887:dir] Derived by automated computational analysis using gene prediction method: GeneMarkS-2+.; hypothetical protein
	[2792894:2793190:dir] Derived by automated computational analysis using gene prediction method: GeneMarkS-2+.; hypothetical protein
	[2793572:2794171:rev] Derived by automated computational analysis using gene prediction method: GeneMarkS-2+.; hypothetical protein
	[2794576:2795151:rev] Derived by automated computational analysis using gene prediction method: GeneMarkS-2+.; hypothetical protein
	[2795295:2796407:rev] Derived by automated computational analysis using gene prediction method: Protein Homology.; site-specific integrase
	[2796656:2796726:rev] Derived by automated computational analysis using gene prediction method: tRNAscan-SE.; tRNA-Glu
	[2796920:2797528:rev] Derived by automated computational analysis using gene prediction method: GeneMarkS-2+.; DndE family protein
	[2797664:2798215:rev] Derived by automated computational analysis using gene prediction method: GeneMarkS-2+.; hypothetical protein
	[2798218:2798508:rev] Derived by automated computational analysis using gene prediction method: GeneMarkS-2+.; hypothetical protein
	[2800455:2801609:rev] Derived by automated computational analysis using gene prediction method: Protein Homology.; site-specific integrase
	[2801767:2801841:rev] Derived by automated computational analysis using gene prediction method: tRNAscan-SE.; tRNA-Glu
	[2801929:2803908:rev] Derived by automated computational analysis using gene prediction method: Protein Homology.; 3-hydroxyacyl-CoA dehydrogenase/enoyl-CoA hydratase family protein
<END>
<GI> CP078063:5 <COORDINATES> 3043000-3243099 <STAT> n1_4mer:GRV/n1_4mer:RV = 7.594247; n0_4mer:D = 43.365335; n0_4mer:PS = -0.671195
	[3043191:3043622:rev] Derived by automated computational analysis using gene prediction method: Protein Homology.; hypothetical protein
	[3043713:3044630:rev] Derived by automated computational analysis using gene prediction method: Protein Homology.; isoaspartyl peptidase/L-asparaginase
	[3044753:3046012:dir] icd; Derived by automated computational analysis using gene prediction method: Protein Homology.; isocitrate dehydrogenase (NADP(+))
	[3046271:3046729:rev] Derived by automated computational analysis using gene prediction method: Protein Homology.; hypothetical protein
	[3047126:3047275:dir] Derived by automated computational analysis using gene prediction method: Protein Homology.; DUF2080 family transposase-associated protein
	[3047276:3048562:dir] Derived by automated computational analysis using gene prediction method: Protein Homology.; transposase
	[3048606:284:rev] Derived by automated computational analysis using gene prediction method: Protein Homology.; hypothetical protein
<END>
<GI> CP078063:6 <COORDINATES> 3372000-3394099 <STAT> n1_4mer:GRV/n1_4mer:RV = 1.977239; n0_4mer:D = 33.311041; n0_4mer:PS = 26.288220

<END>
<GI> CP078063:7 <COORDINATES> 3402000-3461599 <STAT> n1_4mer:GRV/n1_4mer:RV = 2.322112; n0_4mer:D = 36.356064; n0_4mer:PS = 22.108191

<END>
<GI> CP078063:8 <COORDINATES> 3502000-3532099 <STAT> n1_4mer:GRV/n1_4mer:RV = 1.954970; n0_4mer:D = 34.603895; n0_4mer:PS = 22.544929

<END>
<GI> CP078063:9 <COORDINATES> 3570500-3770099 <STAT> n1_4mer:GRV/n1_4mer:RV = 6.487003; n0_4mer:D = 43.361526; n0_4mer:PS = -0.637406

<END>