<GI> CP058529:1 <COORDINATES> 547523-568503 <STAT> n1_4mer:GRV/n1_4mer:RV = 4.239428; n0_4mer:D = 34.232348; n0_4mer:PS = 26.812702
	[547523:548560:dir] Derived by automated computational analysis using gene prediction method: Protein Homology.; TrmB family transcriptional regulator
	[548686:548970:dir] eif1A; Derived by automated computational analysis using gene prediction method: Protein Homology.; translation initiation factor eIF-1A
	[549097:550158:rev] Derived by automated computational analysis using gene prediction method: Protein Homology.; M42 family peptidase
	[550330:550575:dir] Derived by automated computational analysis using gene prediction method: GeneMarkS-2+.; hypothetical protein
	[550580:551389:rev] Derived by automated computational analysis using gene prediction method: Protein Homology.; succinylglutamate desuccinylase/aspartoacylase family protein
	[552213:552659:rev] Derived by automated computational analysis using gene prediction method: GeneMarkS-2+.; hypothetical protein
	[553287:553685:rev] Derived by automated computational analysis using gene prediction method: GeneMarkS-2+.; hypothetical protein
	[553801:554220:dir] Derived by automated computational analysis using gene prediction method: GeneMarkS-2+.; universal stress protein
	[554834:555337:dir] Derived by automated computational analysis using gene prediction method: Protein Homology.; DUF1003 domain-containing protein
	[555412:556542:dir] Derived by automated computational analysis using gene prediction method: Protein Homology.; VIT1/CCC1 transporter family protein
	[556675:557466:rev] Derived by automated computational analysis using gene prediction method: GeneMarkS-2+.; hypothetical protein
	[557834:558484:dir] Derived by automated computational analysis using gene prediction method: Protein Homology.; helix-turn-helix domain-containing protein
	[558562:558903:dir] Derived by automated computational analysis using gene prediction method: Protein Homology.; hypothetical protein
	[559154:559357:dir] Derived by automated computational analysis using gene prediction method: Protein Homology.; hypothetical protein
	[559691:559999:dir] Derived by automated computational analysis using gene prediction method: Protein Homology.; hypothetical protein
	[560951:561739:rev] Derived by automated computational analysis using gene prediction method: Protein Homology.; TrmB family transcriptional regulator
	[561982:562254:dir] Derived by automated computational analysis using gene prediction method: Protein Homology.; hypothetical protein
	[562508:563338:rev] Derived by automated computational analysis using gene prediction method: Protein Homology.; methyltransferase domain-containing protein
	[563952:564218:dir] Derived by automated computational analysis using gene prediction method: Protein Homology.; helix-turn-helix transcriptional regulator
	[564675:565088:rev] Derived by automated computational analysis using gene prediction method: Protein Homology.; winged helix-turn-helix transcriptional regulator
	[565219:565767:dir] Derived by automated computational analysis using gene prediction method: Protein Homology.; hypothetical protein
	[565958:566435:rev] frameshifted; incomplete; partial on complete genome; missing N-terminus; Derived by automated computational analysis using gene prediction method: Protein Homology.; DUF955 domain-containing protein
	[566684:567070:dir] Derived by automated computational analysis using gene prediction method: Protein Homology.; DUF302 domain-containing protein
	[567067:568503:dir] Derived by automated computational analysis using gene prediction method: Protein Homology.; multicopper oxidase family protein
<END>
<GI> CP058529:2 <COORDINATES> 865518-887448 <STAT> n1_4mer:GRV/n1_4mer:RV = 4.937843; n0_4mer:D = 39.174216; n0_4mer:PS = 23.472495
	[865518:866087:dir] Derived by automated computational analysis using gene prediction method: Protein Homology.; acetyltransferase
	[866123:866965:rev] Derived by automated computational analysis using gene prediction method: Protein Homology.; mechanosensitive ion channel
	[866969:867778:rev] Derived by automated computational analysis using gene prediction method: Protein Homology.; DNA integrity scanning protein DisA nucleotide-binding domain protein
	[867867:868898:rev] Derived by automated computational analysis using gene prediction method: Protein Homology.; PAS domain S-box protein
	[869130:869810:rev] Derived by automated computational analysis using gene prediction method: Protein Homology.; DUF4336 domain-containing protein
	[870377:871273:dir] Derived by automated computational analysis using gene prediction method: Protein Homology.; Dam family site-specific DNA-(adenine-N6)-methyltransferase
	[871275:872324:rev] Derived by automated computational analysis using gene prediction method: Protein Homology.; restriction endonuclease
	[872370:872591:rev] Derived by automated computational analysis using gene prediction method: Protein Homology.; hypothetical protein
	[872639:872785:rev] Derived by automated computational analysis using gene prediction method: Protein Homology.; hypothetical protein
	[872788:873291:rev] Derived by automated computational analysis using gene prediction method: Protein Homology.; hypothetical protein
	[873464:873706:dir] Derived by automated computational analysis using gene prediction method: Protein Homology.; helix-turn-helix transcriptional regulator
	[873961:874728:dir] Derived by automated computational analysis using gene prediction method: GeneMarkS-2+.; hypothetical protein
	[876071:876700:dir] Derived by automated computational analysis using gene prediction method: Protein Homology.; SHOCT domain-containing protein
	[877997:878263:rev] Derived by automated computational analysis using gene prediction method: GeneMarkS-2+.; hypothetical protein
	[878266:879363:rev] Derived by automated computational analysis using gene prediction method: Protein Homology.; site-specific integrase
	[879427:879511:rev] Derived by automated computational analysis using gene prediction method: tRNAscan-SE.; tRNA-Leu
	[879595:879903:dir] Derived by automated computational analysis using gene prediction method: Protein Homology.; transcription initiation factor IIB family protein
	[879974:880162:rev] Derived by automated computational analysis using gene prediction method: GeneMarkS-2+.; hypothetical protein
	[880164:880658:rev] Derived by automated computational analysis using gene prediction method: Protein Homology.; phosphopantetheine adenylyltransferase
	[880695:881300:rev] Derived by automated computational analysis using gene prediction method: Protein Homology.; winged helix-turn-helix transcriptional regulator
	[881355:882467:rev] Derived by automated computational analysis using gene prediction method: Protein Homology.; glutamate--cysteine ligase
	[882714:883346:rev] Derived by automated computational analysis using gene prediction method: Protein Homology.; fibrillarin-like rRNA/tRNA 2'-O-methyltransferase
	[883339:884202:rev] Derived by automated computational analysis using gene prediction method: Protein Homology.; NOP58 family protein
	[884442:884840:dir] Derived by automated computational analysis using gene prediction method: GeneMarkS-2+.; hypothetical protein
	[884928:886106:dir] Derived by automated computational analysis using gene prediction method: Protein Homology.; alanine--glyoxylate aminotransferase family protein
	[886189:887448:rev] Derived by automated computational analysis using gene prediction method: Protein Homology.; MFS transporter
<END>
<GI> CP058529:3 <COORDINATES> 1443625-1471599 <STAT> n1_4mer:GRV/n1_4mer:RV = 10.206423; n0_4mer:D = 49.703003; n0_4mer:PS = 25.671439
	[1443625:1445790:dir] Derived by automated computational analysis using gene prediction method: GeneMarkS-2+.; hypothetical protein
	[1446130:1447356:dir] Derived by automated computational analysis using gene prediction method: Protein Homology.; AAA family ATPase
	[1447653:1447931:dir] Derived by automated computational analysis using gene prediction method: Protein Homology.; hypothetical protein
	[1447932:1448648:dir] Derived by automated computational analysis using gene prediction method: GeneMarkS-2+.; hypothetical protein
	[1448806:1449000:rev] Derived by automated computational analysis using gene prediction method: GeneMarkS-2+.; hypothetical protein
	[1449332:1449547:dir] Derived by automated computational analysis using gene prediction method: Protein Homology.; MarR family transcriptional regulator
	[1449749:1451050:rev] Derived by automated computational analysis using gene prediction method: Protein Homology.; UDP-glucose/GDP-mannose dehydrogenase family protein
	[1451150:1451887:dir] Derived by automated computational analysis using gene prediction method: Protein Homology.; sugar nucleotidyltransferase
	[1452140:1453459:rev] Derived by automated computational analysis using gene prediction method: Protein Homology.; polysaccharide biosynthesis C-terminal domain-containing protein
	[1453598:1454941:rev] Derived by automated computational analysis using gene prediction method: Protein Homology.; sulfatase-like hydrolase/transferase
	[1455082:1456206:dir] Derived by automated computational analysis using gene prediction method: GeneMarkS-2+.; hypothetical protein
	[1456221:1458110:rev] Derived by automated computational analysis using gene prediction method: GeneMarkS-2+.; hypothetical protein
	[1458107:1459027:rev] Derived by automated computational analysis using gene prediction method: Protein Homology.; glycosyltransferase family 2 protein
	[1459047:1460084:rev] Derived by automated computational analysis using gene prediction method: Protein Homology.; DUF354 domain-containing protein
	[1460088:1461374:rev] Derived by automated computational analysis using gene prediction method: Protein Homology.; nucleotide sugar dehydrogenase
	[1461371:1462471:rev] wecB; Derived by automated computational analysis using gene prediction method: Protein Homology.; UDP-N-acetylglucosamine 2-epimerase (non-hydrolyzing)
	[1462472:1463431:rev] Derived by automated computational analysis using gene prediction method: Protein Homology.; glycosyltransferase family 2 protein
	[1463982:1464257:rev] Derived by automated computational analysis using gene prediction method: GeneMarkS-2+.; hypothetical protein
	[1464341:1464526:rev] Derived by automated computational analysis using gene prediction method: GeneMarkS-2+.; hypothetical protein
	[1465303:1467207:dir] Derived by automated computational analysis using gene prediction method: Protein Homology.; PAS domain S-box protein
	[1467478:1467930:dir] Derived by automated computational analysis using gene prediction method: GeneMarkS-2+.; hypothetical protein
	[1469466:1470767:rev] Derived by automated computational analysis using gene prediction method: GeneMarkS-2+.; hypothetical protein
<END>
<GI> CP058529:4 <COORDINATES> 2296397-2328599 <STAT> n1_4mer:GRV/n1_4mer:RV = 5.626775; n0_4mer:D = 43.039229; n0_4mer:PS = 28.592329
	[2296397:2297134:dir] Derived by automated computational analysis using gene prediction method: Protein Homology.; queuosine precursor transporter
	[2297300:2297749:dir] Derived by automated computational analysis using gene prediction method: Protein Homology.; hypothetical protein
	[2297907:2298686:rev] Derived by automated computational analysis using gene prediction method: Protein Homology.; TRAM domain-containing protein
	[2298740:2299144:dir] Derived by automated computational analysis using gene prediction method: GeneMarkS-2+.; hypothetical protein
	[2299145:2300176:dir] Derived by automated computational analysis using gene prediction method: Protein Homology.; site-specific integrase
	[2300301:2301167:dir] Derived by automated computational analysis using gene prediction method: GeneMarkS-2+.; hypothetical protein
	[2301372:2301854:rev] Derived by automated computational analysis using gene prediction method: GeneMarkS-2+.; hypothetical protein
	[2302803:2303213:dir] Derived by automated computational analysis using gene prediction method: Protein Homology.; hypothetical protein
	[2303231:2303779:rev] Derived by automated computational analysis using gene prediction method: Protein Homology.; TATA-box-binding protein
	[2303922:2306144:dir] Derived by automated computational analysis using gene prediction method: Protein Homology.; DEAD/DEAH box helicase family protein
	[2306141:2307547:dir] Derived by automated computational analysis using gene prediction method: Protein Homology.; SAM-dependent DNA methyltransferase
	[2307540:2308754:dir] Derived by automated computational analysis using gene prediction method: Protein Homology.; restriction endonuclease subunit S
	[2309336:2309992:rev] Derived by automated computational analysis using gene prediction method: Protein Homology.; winged helix DNA-binding protein
	[2309989:2310792:rev] Derived by automated computational analysis using gene prediction method: GeneMarkS-2+.; hypothetical protein
	[2310795:2312870:rev] Derived by automated computational analysis using gene prediction method: Protein Homology.; N-6 DNA methylase
	[2313153:2314079:rev] Derived by automated computational analysis using gene prediction method: GeneMarkS-2+.; hypothetical protein
	[2314273:2314986:dir] Derived by automated computational analysis using gene prediction method: Protein Homology.; hypothetical protein
	[2315066:2315491:dir] Derived by automated computational analysis using gene prediction method: Protein Homology.; hypothetical protein
	[2315784:2316368:dir] Derived by automated computational analysis using gene prediction method: GeneMarkS-2+.; hypothetical protein
	[2317118:2317444:dir] Derived by automated computational analysis using gene prediction method: GeneMarkS-2+.; hypothetical protein
	[2317437:2318156:dir] Derived by automated computational analysis using gene prediction method: Protein Homology.; recombinase family protein
	[2318447:2320186:dir] Derived by automated computational analysis using gene prediction method: Protein Homology.; winged helix-turn-helix transcriptional regulator
	[2321223:2323100:dir] Derived by automated computational analysis using gene prediction method: Protein Homology.; DUF262 domain-containing protein
	[2323204:2323461:dir] Derived by automated computational analysis using gene prediction method: GeneMarkS-2+.; hypothetical protein
	[2323822:2324145:dir] Derived by automated computational analysis using gene prediction method: GeneMarkS-2+.; hypothetical protein
	[2324449:2325147:rev] Derived by automated computational analysis using gene prediction method: Protein Homology.; SOS response-associated peptidase
	[2325217:2326650:rev] Derived by automated computational analysis using gene prediction method: GeneMarkS-2+.; hypothetical protein
	[2326860:2327501:rev] Derived by automated computational analysis using gene prediction method: Protein Homology.; PH domain-containing protein
	[2327503:2328372:rev] Derived by automated computational analysis using gene prediction method: GeneMarkS-2+.; hypothetical protein
<END>
<GI> CP058529:5 <COORDINATES> 3164172-3185730 <STAT> n1_4mer:GRV/n1_4mer:RV = 3.761654; n0_4mer:D = 34.237192; n0_4mer:PS = 23.085942
	[3164172:3165338:dir] Derived by automated computational analysis using gene prediction method: Protein Homology.; PQQ-like beta-propeller repeat protein
	[3165331:3166620:dir] Derived by automated computational analysis using gene prediction method: Protein Homology.; PQQ-binding-like beta-propeller repeat protein
	[3167126:3168004:dir] Derived by automated computational analysis using gene prediction method: Protein Homology.; DNA-binding protein
	[3168368:3169132:dir] Derived by automated computational analysis using gene prediction method: Protein Homology.; TIR domain-containing protein
	[3169129:3169629:dir] Derived by automated computational analysis using gene prediction method: GeneMarkS-2+.; hypothetical protein
	[3169714:3171777:dir] Derived by automated computational analysis using gene prediction method: GeneMarkS-2+.; hypothetical protein
	[3172057:3172485:rev] Derived by automated computational analysis using gene prediction method: Protein Homology.; hypothetical protein
	[3172731:3173357:dir] frameshifted; Derived by automated computational analysis using gene prediction method: Protein Homology.; site-specific integrase
	[3173418:3173669:dir] Derived by automated computational analysis using gene prediction method: GeneMarkS-2+.; hypothetical protein
	[3173904:3175102:dir] frameshifted; Derived by automated computational analysis using gene prediction method: Protein Homology.; hypothetical protein
	[3175313:3175825:dir] Derived by automated computational analysis using gene prediction method: Protein Homology.; SWIM zinc finger family protein
	[3175890:3176810:dir] Derived by automated computational analysis using gene prediction method: Protein Homology.; transcription initiation factor IIB family protein
	[3177405:3177839:rev] Derived by automated computational analysis using gene prediction method: Protein Homology.; universal stress protein
	[3178302:3179783:rev] Derived by automated computational analysis using gene prediction method: Protein Homology.; tripartite tricarboxylate transporter permease
	[3179783:3180298:rev] Derived by automated computational analysis using gene prediction method: Protein Homology.; tripartite tricarboxylate transporter TctB family protein
	[3180509:3181183:dir] Derived by automated computational analysis using gene prediction method: Protein Homology.; MBL fold metallo-hydrolase
	[3181505:3182548:rev] Derived by automated computational analysis using gene prediction method: Protein Homology.; alcohol dehydrogenase catalytic domain-containing protein
	[3182790:3183788:dir] Derived by automated computational analysis using gene prediction method: Protein Homology.; tripartite tricarboxylate transporter substrate binding protein
	[3184080:3184769:dir] Derived by automated computational analysis using gene prediction method: Protein Homology.; 4-carboxy-4-hydroxy-2-oxoadipate aldolase/oxaloacetate decarboxylase
	[3184954:3185730:dir] Derived by automated computational analysis using gene prediction method: Protein Homology.; IclR family transcriptional regulator
<END>
<GI> CP058529:6 <COORDINATES> 3672087-3832099 <STAT> n1_4mer:GRV/n1_4mer:RV = 14.593421; n0_4mer:D = 44.695692; n0_4mer:PS = -0.639199
	[3672087:3673472:dir] Derived by automated computational analysis using gene prediction method: Protein Homology.; PQQ-dependent sugar dehydrogenase
	[3673549:3676185:dir] mutS; Derived by automated computational analysis using gene prediction method: Protein Homology.; DNA mismatch repair protein MutS
	[3676249:3676773:rev] Derived by automated computational analysis using gene prediction method: Protein Homology.; hypothetical protein
	[3677037:3678176:dir] Derived by automated computational analysis using gene prediction method: Protein Homology.; Fic family protein
<END>
<GI> CP058529:7 <COORDINATES> 4081000-4191099 <STAT> n1_4mer:GRV/n1_4mer:RV = 18.277443; n0_4mer:D = 44.551781; n0_4mer:PS = -0.576439

<END>
<GI> CP058529:8 <COORDINATES> 4200000-4238099 <STAT> n1_4mer:GRV/n1_4mer:RV = 4.232856; n0_4mer:D = 34.825183; n0_4mer:PS = 21.986286

<END>
<GI> CP058529:9 <COORDINATES> 4241500-4259099 <STAT> n1_4mer:GRV/n1_4mer:RV = 5.181931; n0_4mer:D = 33.967378; n0_4mer:PS = 23.066340

<END>
<GI> CP058529:10 <COORDINATES> 4304500-4322099 <STAT> n1_4mer:GRV/n1_4mer:RV = 3.807020; n0_4mer:D = 32.736503; n0_4mer:PS = 19.813619

<END>
<GI> CP058529:11 <COORDINATES> 4335000-4356599 <STAT> n1_4mer:GRV/n1_4mer:RV = 5.308747; n0_4mer:D = 37.923760; n0_4mer:PS = 32.717478

<END>
<GI> CP058529:12 <COORDINATES> 4360500-4483099 <STAT> n1_4mer:GRV/n1_4mer:RV = 22.313134; n0_4mer:D = 44.589180; n0_4mer:PS = -0.470210

<END>