<GI> CP089466:1 <COORDINATES> 1-18515 <STAT> n1_4mer:GRV/n1_4mer:RV = 1.846367; n0_4mer:D = 22.726167; n0_4mer:PS = 20.075527
	[56:1075:dir] Derived by automated computational analysis using gene prediction method: Protein Homology.; orc1/cdc6 family replication initiation protein
	[1328:2527:rev] Derived by automated computational analysis using gene prediction method: GeneMarkS-2+.; hypothetical protein
	[2699:3841:dir] Derived by automated computational analysis using gene prediction method: Protein Homology.; PD-(D/E)XK nuclease family protein
	[3962:4426:rev] Derived by automated computational analysis using gene prediction method: GeneMarkS-2+.; hypothetical protein
	[4669:5778:dir] Derived by automated computational analysis using gene prediction method: GeneMarkS-2+.; hypothetical protein
	[5785:7521:dir] Derived by automated computational analysis using gene prediction method: Protein Homology.; transposase
	[7759:8814:dir] Derived by automated computational analysis using gene prediction method: Protein Homology.; dipeptidase
	[8815:9276:rev] Derived by automated computational analysis using gene prediction method: Protein Homology.; DUF4442 domain-containing protein
	[9314:10720:rev] Derived by automated computational analysis using gene prediction method: Protein Homology.; DHH family phosphoesterase
	[10853:11863:dir] Derived by automated computational analysis using gene prediction method: Protein Homology.; ABC transporter substrate-binding protein
	[11860:12696:dir] Derived by automated computational analysis using gene prediction method: Protein Homology.; ABC transporter permease
	[12675:13502:dir] Derived by automated computational analysis using gene prediction method: Protein Homology.; ABC transporter ATP-binding protein
	[13513:14223:rev] Derived by automated computational analysis using gene prediction method: Protein Homology.; uroporphyrinogen-III synthase
	[14220:14948:rev] cobA; Derived by automated computational analysis using gene prediction method: Protein Homology.; uroporphyrinogen-III C-methyltransferase
	[14951:16129:rev] hemC; Derived by automated computational analysis using gene prediction method: Protein Homology.; hydroxymethylbilane synthase
	[16179:16694:rev] Derived by automated computational analysis using gene prediction method: GeneMarkS-2+.; hypothetical protein
	[16691:17182:rev] Derived by automated computational analysis using gene prediction method: Protein Homology.; hypothetical protein
	[17244:18515:rev] Derived by automated computational analysis using gene prediction method: Protein Homology.; glutamate-1-semialdehyde 2,1-aminomutase
<END>
<GI> CP089466:2 <COORDINATES> 70412-88632 <STAT> n1_4mer:GRV/n1_4mer:RV = 1.529674; n0_4mer:D = 19.090467; n0_4mer:PS = 11.883299
	[70412:72061:dir] Derived by automated computational analysis using gene prediction method: Protein Homology.; ATP-binding protein
	[72095:72835:dir] Derived by automated computational analysis using gene prediction method: Protein Homology.; ParA family protein
	[72832:73338:rev] Derived by automated computational analysis using gene prediction method: Protein Homology.; hypothetical protein
	[73511:73804:dir] Derived by automated computational analysis using gene prediction method: Protein Homology.; hypothetical protein
	[74098:74898:dir] Derived by automated computational analysis using gene prediction method: Protein Homology.; HEPN domain-containing protein
	[75299:75619:rev] Derived by automated computational analysis using gene prediction method: Protein Homology.; MarR family transcriptional regulator
	[75612:76340:rev] Derived by automated computational analysis using gene prediction method: GeneMarkS-2+.; hypothetical protein
	[76427:77143:rev] Derived by automated computational analysis using gene prediction method: GeneMarkS-2+.; hypothetical protein
	[77146:77397:rev] Derived by automated computational analysis using gene prediction method: GeneMarkS-2+.; hypothetical protein
	[77394:77684:rev] Derived by automated computational analysis using gene prediction method: GeneMarkS-2+.; hypothetical protein
	[77684:77905:rev] Derived by automated computational analysis using gene prediction method: GeneMarkS-2+.; hypothetical protein
	[78465:79166:dir] Derived by automated computational analysis using gene prediction method: GeneMarkS-2+.; hypothetical protein
	[79510:80064:dir] Derived by automated computational analysis using gene prediction method: GeneMarkS-2+.; hypothetical protein
	[80069:80302:rev] Derived by automated computational analysis using gene prediction method: GeneMarkS-2+.; hypothetical protein
	[80374:81390:rev] Derived by automated computational analysis using gene prediction method: Protein Homology.; tyrosine-type recombinase/integrase
	[81604:82302:dir] Derived by automated computational analysis using gene prediction method: Protein Homology.; transcription initiation factor IIB family protein
	[82284:82940:rev] Derived by automated computational analysis using gene prediction method: Protein Homology.; AAA family ATPase
	[82937:83437:rev] Derived by automated computational analysis using gene prediction method: GeneMarkS-2+.; hypothetical protein
	[83464:84291:rev] Derived by automated computational analysis using gene prediction method: Protein Homology.; hypothetical protein
	[84288:84626:rev] Derived by automated computational analysis using gene prediction method: Protein Homology.; hypothetical protein
	[84674:84952:rev] Derived by automated computational analysis using gene prediction method: Protein Homology.; hypothetical protein
	[84952:88632:rev] Derived by automated computational analysis using gene prediction method: Protein Homology.; ATP-binding protein
<END>
<GI> CP089466:3 <COORDINATES> 1245625-1283186 <STAT> n1_4mer:GRV/n1_4mer:RV = 5.490240; n0_4mer:D = 39.373754; n0_4mer:PS = 28.668535
	[1245625:1247085:dir] menE; Derived by automated computational analysis using gene prediction method: Protein Homology.; o-succinylbenzoate--CoA ligase
	[1247111:1247797:dir] Derived by automated computational analysis using gene prediction method: Protein Homology.; NRDE family protein
	[1247823:1248185:dir] Derived by automated computational analysis using gene prediction method: Protein Homology.; MarR family transcriptional regulator
	[1248249:1248608:rev] Derived by automated computational analysis using gene prediction method: Protein Homology.; hypothetical protein
	[1248651:1249589:rev] Derived by automated computational analysis using gene prediction method: Protein Homology.; DUF368 domain-containing protein
	[1249586:1252849:rev] Derived by automated computational analysis using gene prediction method: Protein Homology.; oligosaccharyl transferase, archaeosortase A system-associated
	[1252985:1253932:rev] rfbB; Derived by automated computational analysis using gene prediction method: Protein Homology.; dTDP-glucose 4,6-dehydratase
	[1254221:1255294:rev] Derived by automated computational analysis using gene prediction method: Protein Homology.; glucose-1-phosphate thymidylyltransferase
	[1255334:1256467:rev] Derived by automated computational analysis using gene prediction method: Protein Homology.; glycosyltransferase
	[1256460:1257593:rev] Derived by automated computational analysis using gene prediction method: Protein Homology.; DegT/DnrJ/EryC1/StrS family aminotransferase
	[1257670:1258200:rev] Derived by automated computational analysis using gene prediction method: Protein Homology.; NUDIX hydrolase
	[1258238:1259227:rev] Derived by automated computational analysis using gene prediction method: Protein Homology.; NAD(P)-dependent oxidoreductase
	[1259224:1260510:rev] Derived by automated computational analysis using gene prediction method: Protein Homology.; nucleotide sugar dehydrogenase
	[1260858:1261640:rev] Derived by automated computational analysis using gene prediction method: Protein Homology.; hypothetical protein
	[1262072:1262842:rev] Derived by automated computational analysis using gene prediction method: Protein Homology.; glycosyltransferase
	[1263412:1264896:dir] Derived by automated computational analysis using gene prediction method: Protein Homology.; alkaline phosphatase family protein
	[1265044:1266480:dir] Derived by automated computational analysis using gene prediction method: Protein Homology.; sulfatase-like hydrolase/transferase
	[1266486:1267928:rev] Derived by automated computational analysis using gene prediction method: Protein Homology.; oligosaccharide flippase family protein
	[1267999:1268925:rev] Derived by automated computational analysis using gene prediction method: Protein Homology.; glycosyltransferase family 2 protein
	[1268987:1269706:rev] Derived by automated computational analysis using gene prediction method: Protein Homology.; sugar nucleotidyltransferase
	[1269941:1270888:dir] Derived by automated computational analysis using gene prediction method: GeneMarkS-2+.; hypothetical protein
	[1270889:1271833:rev] Derived by automated computational analysis using gene prediction method: GeneMarkS-2+.; hypothetical protein
	[1271906:1273048:rev] Derived by automated computational analysis using gene prediction method: Protein Homology.; glycosyltransferase
	[1273138:1274052:dir] aglJ; Derived by automated computational analysis using gene prediction method: Protein Homology.; S-layer glycoprotein N-glycosyltransferase AglJ
	[1274068:1274751:rev] Derived by automated computational analysis using gene prediction method: Protein Homology.; hypothetical protein
	[1274822:1275505:dir] Derived by automated computational analysis using gene prediction method: Protein Homology.; VOC family protein
	[1275568:1275918:dir] Derived by automated computational analysis using gene prediction method: Protein Homology.; hypothetical protein
	[1275942:1276319:rev] Derived by automated computational analysis using gene prediction method: Protein Homology.; methylglyoxal synthase
	[1276439:1277716:dir] Derived by automated computational analysis using gene prediction method: Protein Homology.; UDP-glucose/GDP-mannose dehydrogenase family protein
	[1277717:1278010:rev] Derived by automated computational analysis using gene prediction method: Protein Homology.; DUF5779 family protein
	[1278087:1278233:dir] Derived by automated computational analysis using gene prediction method: Protein Homology.; hypothetical protein
	[1278230:1278700:rev] Derived by automated computational analysis using gene prediction method: Protein Homology.; DUF5799 family protein
	[1278775:1279170:rev] Derived by automated computational analysis using gene prediction method: Protein Homology.; OsmC family protein
	[1279284:1280012:rev] Derived by automated computational analysis using gene prediction method: Protein Homology.; metal-dependent hydrolase
	[1280139:1281122:dir] Derived by automated computational analysis using gene prediction method: Protein Homology.; aldo/keto reductase
	[1281180:1281917:dir] Derived by automated computational analysis using gene prediction method: Protein Homology.; fumarylacetoacetate hydrolase family protein
	[1281945:1283186:rev] Derived by automated computational analysis using gene prediction method: GeneMarkS-2+.; DUF2268 domain-containing protein
<END>
<GI> CP089466:4 <COORDINATES> 1323975-1346379 <STAT> n1_4mer:GRV/n1_4mer:RV = 1.795503; n0_4mer:D = 20.611169; n0_4mer:PS = 16.410560
	[1323975:1325924:rev] acs; Derived by automated computational analysis using gene prediction method: Protein Homology.; acetate--CoA ligase
	[1326433:1327509:rev] Derived by automated computational analysis using gene prediction method: Protein Homology.; site-specific integrase
	[1327506:1327685:rev] Derived by automated computational analysis using gene prediction method: GeneMarkS-2+.; hypothetical protein
	[1327688:1327960:rev] Derived by automated computational analysis using gene prediction method: GeneMarkS-2+.; hypothetical protein
	[1327953:1328546:rev] Derived by automated computational analysis using gene prediction method: Protein Homology.; J domain-containing protein
	[1328543:1328809:rev] Derived by automated computational analysis using gene prediction method: GeneMarkS-2+.; hypothetical protein
	[1328806:1328952:rev] Derived by automated computational analysis using gene prediction method: GeneMarkS-2+.; hypothetical protein
	[1328949:1329239:rev] Derived by automated computational analysis using gene prediction method: Protein Homology.; winged helix-turn-helix domain-containing protein
	[1329239:1329640:rev] Derived by automated computational analysis using gene prediction method: GeneMarkS-2+.; hypothetical protein
	[1329907:1330158:dir] Derived by automated computational analysis using gene prediction method: Protein Homology.; ArsR family transcriptional regulator
	[1330372:1332009:dir] Derived by automated computational analysis using gene prediction method: GeneMarkS-2+.; hypothetical protein
	[1332018:1333022:rev] Derived by automated computational analysis using gene prediction method: Protein Homology.; orc1/cdc6 family replication initiation protein
	[1333138:1333731:dir] Derived by automated computational analysis using gene prediction method: GeneMarkS-2+.; hypothetical protein
	[1334412:1335119:rev] Derived by automated computational analysis using gene prediction method: GeneMarkS-2+.; hypothetical protein
	[1335536:1336117:dir] Derived by automated computational analysis using gene prediction method: Protein Homology.; site-specific integrase
	[1336248:1336964:dir] Derived by automated computational analysis using gene prediction method: GeneMarkS-2+.; hypothetical protein
	[1337084:1337305:rev] Derived by automated computational analysis using gene prediction method: GeneMarkS-2+.; hypothetical protein
	[1337606:1338031:dir] Derived by automated computational analysis using gene prediction method: GeneMarkS-2+.; hypothetical protein
	[1338191:1339657:dir] Derived by automated computational analysis using gene prediction method: GeneMarkS-2+.; hypothetical protein
	[1339657:1340127:dir] Derived by automated computational analysis using gene prediction method: GeneMarkS-2+.; hypothetical protein
	[1340174:1340611:dir] Derived by automated computational analysis using gene prediction method: GeneMarkS-2+.; hypothetical protein
	[1340613:1341080:dir] Derived by automated computational analysis using gene prediction method: GeneMarkS-2+.; hypothetical protein
	[1341077:1341373:dir] Derived by automated computational analysis using gene prediction method: GeneMarkS-2+.; hypothetical protein
	[1341376:1341726:dir] Derived by automated computational analysis using gene prediction method: GeneMarkS-2+.; hypothetical protein
	[1341758:1341970:dir] Derived by automated computational analysis using gene prediction method: GeneMarkS-2+.; hypothetical protein
	[1341967:1342284:dir] Derived by automated computational analysis using gene prediction method: GeneMarkS-2+.; hypothetical protein
	[1342281:1344023:dir] Derived by automated computational analysis using gene prediction method: GeneMarkS-2+.; hypothetical protein
	[1344023:1344814:dir] Derived by automated computational analysis using gene prediction method: GeneMarkS-2+.; hypothetical protein
	[1344811:1346379:dir] Derived by automated computational analysis using gene prediction method: GeneMarkS-2+.; hypothetical protein
<END>
<GI> CP089466:5 <COORDINATES> 1747500-1772337 <STAT> n1_4mer:GRV/n1_4mer:RV = 2.474215; n0_4mer:D = 27.373541; n0_4mer:PS = 24.895846
	[1747536:1747943:dir] Derived by automated computational analysis using gene prediction method: GeneMarkS-2+.; hypothetical protein
	[1747940:1748347:dir] Derived by automated computational analysis using gene prediction method: Protein Homology.; hypothetical protein
	[1748577:1749770:dir] Derived by automated computational analysis using gene prediction method: Protein Homology.; MBL fold metallo-hydrolase
	[1749832:1751007:dir] Derived by automated computational analysis using gene prediction method: Protein Homology.; inorganic phosphate transporter family protein
	[1751239:1751388:dir] Derived by automated computational analysis using gene prediction method: Protein Homology.; hypothetical protein
	[1751391:1752419:dir] Derived by automated computational analysis using gene prediction method: Protein Homology.; sulfite exporter TauE/SafE family protein
	[1752508:1752912:dir] Derived by automated computational analysis using gene prediction method: Protein Homology.; MarR family transcriptional regulator
	[1753118:1753462:dir] trxA; Derived by automated computational analysis using gene prediction method: Protein Homology.; thioredoxin
	[1753664:1754701:rev] Derived by automated computational analysis using gene prediction method: Protein Homology.; site-specific integrase
	[1754698:1754886:rev] Derived by automated computational analysis using gene prediction method: GeneMarkS-2+.; hypothetical protein
	[1755219:1755332:dir] Derived by automated computational analysis using gene prediction method: Protein Homology.; winged helix-turn-helix domain-containing protein
	[1755428:1756012:dir] Derived by automated computational analysis using gene prediction method: GeneMarkS-2+.; hypothetical protein
	[1756056:1756421:rev] Derived by automated computational analysis using gene prediction method: GeneMarkS-2+.; hypothetical protein
	[1756549:1757226:rev] Derived by automated computational analysis using gene prediction method: GeneMarkS-2+.; hypothetical protein
	[1757357:1758595:rev] Derived by automated computational analysis using gene prediction method: GeneMarkS-2+.; hypothetical protein
	[1758863:1759108:dir] Derived by automated computational analysis using gene prediction method: Protein Homology.; hypothetical protein
	[1759130:1759531:rev] Derived by automated computational analysis using gene prediction method: GeneMarkS-2+.; hypothetical protein
	[1759593:1759973:rev] Derived by automated computational analysis using gene prediction method: Protein Homology.; hypothetical protein
	[1760161:1761345:rev] Derived by automated computational analysis using gene prediction method: Protein Homology.; hypothetical protein
	[1761342:1762169:rev] Derived by automated computational analysis using gene prediction method: GeneMarkS-2+.; hypothetical protein
	[1762166:1762702:rev] Derived by automated computational analysis using gene prediction method: GeneMarkS-2+.; hypothetical protein
	[1762722:1764194:rev] Derived by automated computational analysis using gene prediction method: GeneMarkS-2+.; hypothetical protein
	[1764291:1764704:rev] Derived by automated computational analysis using gene prediction method: GeneMarkS-2+.; hypothetical protein
	[1765156:1766403:rev] Derived by automated computational analysis using gene prediction method: GeneMarkS-2+.; hypothetical protein
	[1766400:1766672:rev] Derived by automated computational analysis using gene prediction method: GeneMarkS-2+.; hypothetical protein
	[1766669:1767142:rev] Derived by automated computational analysis using gene prediction method: GeneMarkS-2+.; hypothetical protein
	[1767139:1767414:rev] Derived by automated computational analysis using gene prediction method: GeneMarkS-2+.; hypothetical protein
	[1767407:1767619:rev] Derived by automated computational analysis using gene prediction method: GeneMarkS-2+.; hypothetical protein
	[1767804:1767878:rev] Derived by automated computational analysis using gene prediction method: tRNAscan-SE.; tRNA-Arg
	[1767930:1768616:rev] Derived by automated computational analysis using gene prediction method: GeneMarkS-2+.; cupredoxin domain-containing protein
	[1768613:1768900:rev] Derived by automated computational analysis using gene prediction method: GeneMarkS-2+.; hypothetical protein
	[1768897:1770642:rev] Derived by automated computational analysis using gene prediction method: Protein Homology.; multicopper oxidase domain-containing protein
	[1770733:1771572:dir] Derived by automated computational analysis using gene prediction method: Protein Homology.; geranylgeranylglycerol-phosphate geranylgeranyltransferase
	[1771690:1772337:dir] Derived by automated computational analysis using gene prediction method: Protein Homology.; recombinase RecA
<END>
<GI> CP089466:6 <COORDINATES> 2419991-2445186 <STAT> n1_4mer:GRV/n1_4mer:RV = 2.797255; n0_4mer:D = 27.035419; n0_4mer:PS = 29.448950
	[2419991:2421262:dir] Derived by automated computational analysis using gene prediction method: Protein Homology.; MBL fold metallo-hydrolase
	[2421317:2421703:dir] Derived by automated computational analysis using gene prediction method: Protein Homology.; hypothetical protein
	[2421704:2421967:rev] Derived by automated computational analysis using gene prediction method: Protein Homology.; DUF6360 family protein
	[2421970:2423730:rev] Derived by automated computational analysis using gene prediction method: Protein Homology.; ferredoxin--nitrite reductase
	[2423774:2424103:rev] Derived by automated computational analysis using gene prediction method: Protein Homology.; hypothetical protein
	[2424344:2424481:dir] Derived by automated computational analysis using gene prediction method: Protein Homology.; hypothetical protein
	[2424514:2425170:dir] Derived by automated computational analysis using gene prediction method: Protein Homology.; hypothetical protein
	[2425161:2426402:rev] Derived by automated computational analysis using gene prediction method: Protein Homology.; M20/M25/M40 family metallo-hydrolase
	[2426494:2426567:dir] Derived by automated computational analysis using gene prediction method: tRNAscan-SE.; tRNA-Lys
	[2426706:2426906:rev] Derived by automated computational analysis using gene prediction method: Protein Homology.; hypothetical protein
	[2426961:2427761:rev] Derived by automated computational analysis using gene prediction method: Protein Homology.; hypothetical protein
	[2427866:2427941:rev] Derived by automated computational analysis using gene prediction method: tRNAscan-SE.; tRNA-Cys
	[2428067:2428188:rev] rrf; Derived by automated computational analysis using gene prediction method: cmsearch.; 5S ribosomal RNA
	[2428298:2431213:rev] Derived by automated computational analysis using gene prediction method: cmsearch.; 23S ribosomal RNA
	[2431585:2431656:rev] Derived by automated computational analysis using gene prediction method: tRNAscan-SE.; tRNA-Ala
	[2431768:2433240:rev] Derived by automated computational analysis using gene prediction method: cmsearch.; 16S ribosomal RNA
	[2434113:2434424:rev] Derived by automated computational analysis using gene prediction method: Protein Homology.; non-histone chromosomal MC1 family protein
	[2434655:2434852:dir] Derived by automated computational analysis using gene prediction method: Protein Homology.; AbrB/MazE/SpoVT family DNA-binding domain-containing protein
	[2434858:2435907:dir] Derived by automated computational analysis using gene prediction method: Protein Homology.; quinone-dependent dihydroorotate dehydrogenase
	[2435959:2437674:rev] pheT; Derived by automated computational analysis using gene prediction method: Protein Homology.; phenylalanine--tRNA ligase subunit beta
	[2437674:2439182:rev] Derived by automated computational analysis using gene prediction method: Protein Homology.; phenylalanine--tRNA ligase subunit alpha
	[2439443:2440987:rev] Derived by automated computational analysis using gene prediction method: Protein Homology.; tryptophan--tRNA ligase
	[2440984:2442015:rev] endA; Derived by automated computational analysis using gene prediction method: Protein Homology.; tRNA-intron lyase
	[2442039:2442776:rev] Derived by automated computational analysis using gene prediction method: Protein Homology.; endonuclease NucS
	[2442850:2445186:rev] Derived by automated computational analysis using gene prediction method: Protein Homology.; DEAD/DEAH box helicase
<END>
<GI> CP089466:7 <COORDINATES> 2491000-2518548 <STAT> n1_4mer:GRV/n1_4mer:RV = 3.302277; n0_4mer:D = 29.924900; n0_4mer:PS = 23.672494
	[2491058:2491801:rev] Derived by automated computational analysis using gene prediction method: Protein Homology.; DNA polymerase sliding clamp
	[2491874:2492881:rev] Derived by automated computational analysis using gene prediction method: Protein Homology.; sodium:calcium antiporter
	[2493025:2494362:dir] Derived by automated computational analysis using gene prediction method: Protein Homology.; DUF4382 domain-containing protein
	[2494464:2495126:dir] Derived by automated computational analysis using gene prediction method: Protein Homology.; heme-binding protein
	[2495215:2495985:dir] Derived by automated computational analysis using gene prediction method: Protein Homology.; 23S rRNA (uridine(2552)-2'-O)-methyltransferase
	[2495982:2496704:rev] Derived by automated computational analysis using gene prediction method: Protein Homology.; queuosine precursor transporter
	[2496694:2496870:rev] Derived by automated computational analysis using gene prediction method: Protein Homology.; ribbon-helix-helix domain-containing protein
	[2497099:2497635:rev] Derived by automated computational analysis using gene prediction method: Protein Homology.; TATA-box-binding protein C
	[2497688:2499088:dir] Derived by automated computational analysis using gene prediction method: GeneMarkS-2+.; hypothetical protein
	[2499081:2500046:dir] Derived by automated computational analysis using gene prediction method: GeneMarkS-2+.; hypothetical protein
	[2500079:2500288:dir] Derived by automated computational analysis using gene prediction method: Protein Homology.; helix-turn-helix transcriptional regulator
	[2500290:2501822:rev] Derived by automated computational analysis using gene prediction method: Protein Homology.; site-specific DNA-methyltransferase
	[2501819:2502943:rev] Derived by automated computational analysis using gene prediction method: Protein Homology.; hypothetical protein
	[2504146:2505348:rev] Derived by automated computational analysis using gene prediction method: GeneMarkS-2+.; hypothetical protein
	[2505341:2505664:rev] Derived by automated computational analysis using gene prediction method: GeneMarkS-2+.; hypothetical protein
	[2505959:2506918:rev] Derived by automated computational analysis using gene prediction method: Protein Homology.; tyrosine-type recombinase/integrase
	[2506922:2507470:rev] Derived by automated computational analysis using gene prediction method: GeneMarkS-2+.; hypothetical protein
	[2507839:2510019:rev] tatC; Derived by automated computational analysis using gene prediction method: Protein Homology.; Sec-independent protein translocase TatC
	[2510112:2511233:dir] Derived by automated computational analysis using gene prediction method: Protein Homology.; twin-arginine translocase subunit TatC
	[2511281:2513641:dir] Derived by automated computational analysis using gene prediction method: Protein Homology.; ATP-dependent DNA helicase
	[2513638:2514123:dir] Derived by automated computational analysis using gene prediction method: Protein Homology.; KEOPS complex subunit Cgi121
	[2514353:2516902:dir] Derived by automated computational analysis using gene prediction method: Protein Homology.; pyruvate, phosphate dikinase
	[2516903:2517733:rev] Derived by automated computational analysis using gene prediction method: Protein Homology.; universal stress protein
	[2517775:2518548:rev] Derived by automated computational analysis using gene prediction method: Protein Homology.; DUF2270 domain-containing protein
<END>
<GI> CP089466:8 <COORDINATES> 2679020-2706099 <STAT> n1_4mer:GRV/n1_4mer:RV = 1.669515; n0_4mer:D = 18.579767; n0_4mer:PS = 18.577171
	[2679020:2682583:dir] Derived by automated computational analysis using gene prediction method: Protein Homology.; DNA polymerase II large subunit
	[2682669:2683049:rev] Derived by automated computational analysis using gene prediction method: Protein Homology.; SHOCT domain-containing protein
	[2683465:2685612:dir] Derived by automated computational analysis using gene prediction method: Protein Homology.; heavy metal translocating P-type ATPase
	[2685704:2685997:dir] Derived by automated computational analysis using gene prediction method: Protein Homology.; hypothetical protein
	[2686038:2686391:rev] Derived by automated computational analysis using gene prediction method: Protein Homology.; NifU family protein
	[2686417:2686767:rev] Derived by automated computational analysis using gene prediction method: Protein Homology.; DUF5783 family protein
	[2687809:2688237:dir] queF; Derived by automated computational analysis using gene prediction method: Protein Homology.; preQ(1) synthase
	[2688342:2689280:dir] Derived by automated computational analysis using gene prediction method: Protein Homology.; hypothetical protein
	[2689277:2690122:dir] Derived by automated computational analysis using gene prediction method: GeneMarkS-2+.; hypothetical protein
	[2690109:2690576:dir] Derived by automated computational analysis using gene prediction method: GeneMarkS-2+.; hypothetical protein
	[2690581:2694585:dir] Derived by automated computational analysis using gene prediction method: GeneMarkS-2+.; hypothetical protein
	[2694588:2695706:dir] Derived by automated computational analysis using gene prediction method: GeneMarkS-2+.; hypothetical protein
	[2695703:2696866:dir] Derived by automated computational analysis using gene prediction method: Protein Homology.; ATP-binding protein
	[2696863:2697351:dir] Derived by automated computational analysis using gene prediction method: Protein Homology.; GNAT family N-acetyltransferase
<END>