<GI> CP039833:1 <COORDINATES> 41206-77216 <STAT> n1_4mer:GRV/n1_4mer:RV = 2.257383; n0_4mer:D = 26.581907; n0_4mer:PS = 34.516923
	[41206:43119:rev] Derived by automated computational analysis using gene prediction method: Protein Homology.; DEAD/DEAH box helicase
	[43460:43966:rev] Derived by automated computational analysis using gene prediction method: GeneMarkS-2+.; hypothetical protein
	[44309:44836:rev] Derived by automated computational analysis using gene prediction method: Protein Homology.; hypothetical protein
	[46488:47693:dir] Derived by automated computational analysis using gene prediction method: Protein Homology.; AAA family ATPase
	[47886:48677:rev] Derived by automated computational analysis using gene prediction method: Protein Homology.; hypothetical protein
	[48809:49369:rev] Derived by automated computational analysis using gene prediction method: Protein Homology.; TATA-box-binding protein
	[49921:51394:dir] 16S ribosomal RNA
	[51548:51619:dir] tRNA-Ala
	[51862:54704:dir] 23S ribosomal RNA
	[54923:55044:dir] rrf; Derived by automated computational analysis using gene prediction method: cmsearch.; 5S ribosomal RNA
	[55154:55229:dir] tRNA-Cys
	[55541:57793:dir] Derived by automated computational analysis using gene prediction method: Protein Homology.; PAS domain S-box protein
	[57910:58770:dir] Derived by automated computational analysis using gene prediction method: Protein Homology.; hypothetical protein
	[58873:59763:rev] Derived by automated computational analysis using gene prediction method: Protein Homology.; universal stress protein
	[59858:60208:dir] Derived by automated computational analysis using gene prediction method: Protein Homology.; hypothetical protein
	[60272:60831:rev] frameshifted; incomplete; partial on complete genome; missing N-terminus; Derived by automated computational analysis using gene prediction method: Protein Homology.; hypothetical protein
	[61009:61824:rev] Derived by automated computational analysis using gene prediction method: GeneMarkS-2+.; hypothetical protein
	[62287:62586:rev] Derived by automated computational analysis using gene prediction method: Protein Homology.; hypothetical protein
	[62708:66757:rev] Derived by automated computational analysis using gene prediction method: Protein Homology.; DEAD/DEAH box helicase
	[67205:71863:dir] Derived by automated computational analysis using gene prediction method: Protein Homology.; DEAD/DEAH box helicase
	[71860:72792:dir] Derived by automated computational analysis using gene prediction method: Protein Homology.; hypothetical protein
	[72789:73616:dir] Derived by automated computational analysis using gene prediction method: Protein Homology.; hypothetical protein
	[73979:76549:dir] Derived by automated computational analysis using gene prediction method: Protein Homology.; hypothetical protein
	[76539:77216:dir] Derived by automated computational analysis using gene prediction method: GeneMarkS-2+.; hypothetical protein
<END>
<GI> CP039833:2 <COORDINATES> 277205-300839 <STAT> n1_4mer:GRV/n1_4mer:RV = 1.698483; n0_4mer:D = 22.504256; n0_4mer:PS = 26.617128
	[277205:278389:dir] Derived by automated computational analysis using gene prediction method: Protein Homology.; glucose-1-phosphate thymidylyltransferase
	[278568:279824:dir] Derived by automated computational analysis using gene prediction method: Protein Homology.; nucleotidyl transferase
	[279824:281632:dir] glmS; Derived by automated computational analysis using gene prediction method: Protein Homology.; glutamine--fructose-6-phosphate transaminase (isomerizing)
	[281682:281927:rev] Derived by automated computational analysis using gene prediction method: Protein Homology.; ribbon-helix-helix protein, CopG family
	[282138:282866:rev] incomplete; partial on complete genome; missing C-terminus; Derived by automated computational analysis using gene prediction method: Protein Homology.; ArsR family transcriptional regulator
	[283034:283546:dir] Derived by automated computational analysis using gene prediction method: Protein Homology.; universal stress protein
	[283752:284009:rev] Derived by automated computational analysis using gene prediction method: Protein Homology.; transcriptional regulator
	[284542:285009:rev] Derived by automated computational analysis using gene prediction method: GeneMarkS-2+.; hypothetical protein
	[285227:285586:rev] Derived by automated computational analysis using gene prediction method: GeneMarkS-2+.; hypothetical protein
	[285857:287029:rev] Derived by automated computational analysis using gene prediction method: Protein Homology.; IS200/IS605 family element transposase accessory protein TnpB
	[287031:287420:rev] tnpA; Derived by automated computational analysis using gene prediction method: Protein Homology.; IS200/IS605 family transposase
	[287615:288697:rev] Derived by automated computational analysis using gene prediction method: Protein Homology.; saccharopine dehydrogenase
	[288906:289697:dir] Derived by automated computational analysis using gene prediction method: Protein Homology.; CPBP family intramembrane metalloprotease
	[290061:291044:rev] Derived by automated computational analysis using gene prediction method: Protein Homology.; hypothetical protein
	[291158:292612:rev] Derived by automated computational analysis using gene prediction method: Protein Homology.; ethanolamine ammonia lyase-activating protein
	[292627:293361:rev] Derived by automated computational analysis using gene prediction method: Protein Homology.; ethanolamine ammonia-lyase subunit EutC
	[293358:294731:rev] Derived by automated computational analysis using gene prediction method: Protein Homology.; ethanolamine ammonia-lyase subunit EutB
	[295561:295770:dir] Derived by automated computational analysis using gene prediction method: Protein Homology.; hypothetical protein
	[295958:296326:dir] Derived by automated computational analysis using gene prediction method: GeneMarkS-2+.; hypothetical protein
	[296524:297087:dir] Derived by automated computational analysis using gene prediction method: Protein Homology.; DoxX family membrane protein
	[297295:297687:rev] Derived by automated computational analysis using gene prediction method: GeneMarkS-2+.; helix-turn-helix transcriptional regulator
	[298658:299401:dir] Derived by automated computational analysis using gene prediction method: Protein Homology.; ABC transporter ATP-binding protein
	[299394:300839:dir] Derived by automated computational analysis using gene prediction method: Protein Homology.; hypothetical protein
<END>
<GI> CP039833:3 <COORDINATES> 300914-355099 <STAT> n1_4mer:GRV/n1_4mer:RV = 2.270503; n0_4mer:D = 28.276269; n0_4mer:PS = 22.867177
	[300914:303856:rev] Derived by automated computational analysis using gene prediction method: Protein Homology.; PAS domain S-box protein
	[304371:305099:dir] Derived by automated computational analysis using gene prediction method: Protein Homology.; hypothetical protein
	[305277:306509:rev] Derived by automated computational analysis using gene prediction method: Protein Homology.; MFS transporter
	[306690:306872:rev] Derived by automated computational analysis using gene prediction method: GeneMarkS-2+.; orc1/cdc6 family replication initiation protein
	[307409:308173:rev] Derived by automated computational analysis using gene prediction method: Protein Homology.; YihY/virulence factor BrkB family protein
	[308515:308943:dir] Derived by automated computational analysis using gene prediction method: GeneMarkS-2+.; HNH endonuclease
	[309234:309515:rev] Derived by automated computational analysis using gene prediction method: Protein Homology.; helix-turn-helix transcriptional regulator
	[310440:314087:rev] Derived by automated computational analysis using gene prediction method: Protein Homology.; ATP-binding protein
	[314350:315603:dir] Derived by automated computational analysis using gene prediction method: Protein Homology.; IS200/IS605 family element transposase accessory protein TnpB
	[316763:317059:dir] Derived by automated computational analysis using gene prediction method: Protein Homology.; CopG family transcriptional regulator
	[317049:317333:dir] Derived by automated computational analysis using gene prediction method: Protein Homology.; type II toxin-antitoxin system RelE/ParE family toxin
	[317629:318060:rev] Derived by automated computational analysis using gene prediction method: Protein Homology.; ArsR family transcriptional regulator
	[318167:318454:rev] Derived by automated computational analysis using gene prediction method: Protein Homology.; hypothetical protein
	[318899:319792:dir] Derived by automated computational analysis using gene prediction method: Protein Homology.; DNA-binding protein
	[319909:320193:rev] Derived by automated computational analysis using gene prediction method: Protein Homology.; type II toxin-antitoxin system RelE/ParE family toxin
	[320186:320470:rev] Derived by automated computational analysis using gene prediction method: Protein Homology.; CopG family transcriptional regulator
	[321335:321829:dir] Derived by automated computational analysis using gene prediction method: Protein Homology.; DUF4188 domain-containing protein
	[321899:322315:dir] Derived by automated computational analysis using gene prediction method: Protein Homology.; DUF1428 domain-containing protein
	[322526:323908:rev] Derived by automated computational analysis using gene prediction method: Protein Homology.; ATP-binding protein
	[324087:325727:rev] Derived by automated computational analysis using gene prediction method: Protein Homology.; AMP-dependent synthetase
	[325839:326258:dir] Derived by automated computational analysis using gene prediction method: Protein Homology.; SWIM zinc finger family protein
	[326365:327339:dir] Derived by automated computational analysis using gene prediction method: Protein Homology.; transcription initiation factor IIB family protein
	[327489:328022:dir] Derived by automated computational analysis using gene prediction method: Protein Homology.; sugar-specific transcriptional regulator TrmB
	[328031:328465:dir] Derived by automated computational analysis using gene prediction method: Protein Homology.; hypothetical protein
	[328630:329787:dir] Derived by automated computational analysis using gene prediction method: Protein Homology.; hypothetical protein
	[329859:331037:dir] Derived by automated computational analysis using gene prediction method: GeneMarkS-2+.; hypothetical protein
	[331307:331588:dir] incomplete; partial on complete genome; missing N-terminus; Derived by automated computational analysis using gene prediction method: Protein Homology.; hypothetical protein
	[331663:333297:dir] Derived by automated computational analysis using gene prediction method: Protein Homology.; hypothetical protein
	[333642:334157:dir] Derived by automated computational analysis using gene prediction method: GeneMarkS-2+.; hypothetical protein
	[334182:335450:dir] Derived by automated computational analysis using gene prediction method: GeneMarkS-2+.; hypothetical protein
	[335447:336460:dir] Derived by automated computational analysis using gene prediction method: Protein Homology.; hypothetical protein
	[336505:338373:dir] incomplete; partial on complete genome; missing N-terminus and C-terminus; Derived by automated computational analysis using gene prediction method: Protein Homology.; transfer complex protein
	[339588:339980:dir] Derived by automated computational analysis using gene prediction method: Protein Homology.; helix-turn-helix transcriptional regulator
	[340162:341133:dir] Derived by automated computational analysis using gene prediction method: Protein Homology.; aldo/keto reductase
	[341244:341978:dir] Derived by automated computational analysis using gene prediction method: Protein Homology.; MBL fold metallo-hydrolase
	[342183:342506:rev] Derived by automated computational analysis using gene prediction method: Protein Homology.; HNH endonuclease
	[342493:342711:rev] Derived by automated computational analysis using gene prediction method: Protein Homology.; hypothetical protein
	[342898:343236:dir] Derived by automated computational analysis using gene prediction method: GeneMarkS-2+.; hypothetical protein
	[343233:343481:dir] Derived by automated computational analysis using gene prediction method: GeneMarkS-2+.; hypothetical protein
	[343478:344443:dir] Derived by automated computational analysis using gene prediction method: GeneMarkS-2+.; hypothetical protein
	[344689:344970:rev] Derived by automated computational analysis using gene prediction method: Protein Homology.; PadR family transcriptional regulator
	[345182:346624:dir] Derived by automated computational analysis using gene prediction method: Protein Homology.; sugar transferase
	[347054:348253:rev] Derived by automated computational analysis using gene prediction method: Protein Homology.; glycosyltransferase
	[348253:349377:rev] Derived by automated computational analysis using gene prediction method: Protein Homology.; glycosyltransferase family 4 protein
	[349467:351095:dir] Derived by automated computational analysis using gene prediction method: Protein Homology.; O-antigen ligase family protein
	[351171:352658:dir] Derived by automated computational analysis using gene prediction method: Protein Homology.; flippase
	[352655:353722:dir] Derived by automated computational analysis using gene prediction method: Protein Homology.; glycosyltransferase family 4 protein
	[353769:354698:dir] Derived by automated computational analysis using gene prediction method: Protein Homology.; glycosyltransferase family 4 protein
	[354862:355083:dir] Derived by automated computational analysis using gene prediction method: GeneMarkS-2+.; hypothetical protein
<END>
<GI> CP039833:4 <COORDINATES> 397937-485066 <STAT> n1_4mer:GRV/n1_4mer:RV = 4.140961; n0_4mer:D = 40.382209; n0_4mer:PS = 27.885986
	[397937:399604:dir] Derived by automated computational analysis using gene prediction method: Protein Homology.; gamma-glutamyltransferase family protein
	[399816:401387:dir] Derived by automated computational analysis using gene prediction method: GeneMarkS-2+.; hypothetical protein
	[401468:401695:dir] Derived by automated computational analysis using gene prediction method: Protein Homology.; hypothetical protein
	[401682:402065:dir] Derived by automated computational analysis using gene prediction method: Protein Homology.; type II toxin-antitoxin system VapC family toxin
	[402094:403944:rev] Derived by automated computational analysis using gene prediction method: Protein Homology.; ABC transporter ATP-binding protein
	[404288:404563:dir] Derived by automated computational analysis using gene prediction method: Protein Homology.; PadR family transcriptional regulator
	[404659:405264:rev] Derived by automated computational analysis using gene prediction method: Protein Homology.; MarR family transcriptional regulator
	[405958:406479:dir] Derived by automated computational analysis using gene prediction method: Protein Homology.; ArsR family transcriptional regulator
	[407612:407791:dir] Derived by automated computational analysis using gene prediction method: GeneMarkS-2+.; hypothetical protein
	[408564:408974:dir] Derived by automated computational analysis using gene prediction method: Protein Homology.; type IV pilin
	[409766:411631:dir] Derived by automated computational analysis using gene prediction method: Protein Homology.; LamG domain-containing protein
	[411631:412698:dir] Derived by automated computational analysis using gene prediction method: GeneMarkS-2+.; hypothetical protein
	[412813:413751:dir] Derived by automated computational analysis using gene prediction method: GeneMarkS-2+.; hypothetical protein
	[414220:414807:rev] Derived by automated computational analysis using gene prediction method: Protein Homology.; YdcF family protein
	[415493:416137:rev] Derived by automated computational analysis using gene prediction method: Protein Homology.; hypothetical protein
	[416446:416709:dir] Derived by automated computational analysis using gene prediction method: Protein Homology.; ArsR family transcriptional regulator
	[416720:416950:rev] Derived by automated computational analysis using gene prediction method: Protein Homology.; HTH domain-containing protein
	[417143:417448:dir] Derived by automated computational analysis using gene prediction method: Protein Homology.; hypothetical protein
	[417445:417642:dir] Derived by automated computational analysis using gene prediction method: Protein Homology.; hypothetical protein
	[417816:418736:dir] Derived by automated computational analysis using gene prediction method: Protein Homology.; NAD-dependent epimerase/dehydratase family protein
	[418844:419995:rev] Derived by automated computational analysis using gene prediction method: Protein Homology.; glycosyltransferase family 4 protein
	[420485:421756:dir] Derived by automated computational analysis using gene prediction method: Protein Homology.; sulfatase
	[421757:422836:dir] Derived by automated computational analysis using gene prediction method: Protein Homology.; glycosyltransferase family 4 protein
	[422838:423869:dir] Derived by automated computational analysis using gene prediction method: Protein Homology.; glycosyltransferase family 4 protein
	[425342:426910:rev] Derived by automated computational analysis using gene prediction method: GeneMarkS-2+.; hypothetical protein
	[427306:428388:dir] Derived by automated computational analysis using gene prediction method: Protein Homology.; glycosyltransferase family 4 protein
	[428511:429518:dir] Derived by automated computational analysis using gene prediction method: Protein Homology.; polysaccharide pyruvyl transferase family protein
	[429648:431108:rev] Derived by automated computational analysis using gene prediction method: Protein Homology.; polysaccharide biosynthesis protein
	[431225:432466:rev] Derived by automated computational analysis using gene prediction method: Protein Homology.; glycosyltransferase family 2 protein
	[433281:434306:dir] Derived by automated computational analysis using gene prediction method: Protein Homology.; NDP-sugar synthase
	[434307:435605:rev] Derived by automated computational analysis using gene prediction method: Protein Homology.; UDP-glucose/GDP-mannose dehydrogenase family protein
	[435717:436448:dir] Derived by automated computational analysis using gene prediction method: Protein Homology.; sugar nucleotidyltransferase
	[436529:437089:rev] Derived by automated computational analysis using gene prediction method: Protein Homology.; hypothetical protein
	[437086:437544:rev] Derived by automated computational analysis using gene prediction method: Protein Homology.; hypothetical protein
	[438793:440466:dir] Derived by automated computational analysis using gene prediction method: Protein Homology.; PAS domain S-box protein
	[440890:441762:dir] Derived by automated computational analysis using gene prediction method: Protein Homology.; GAF domain-containing protein
	[441834:442391:dir] Derived by automated computational analysis using gene prediction method: GeneMarkS-2+.; hypothetical protein
	[442412:443395:dir] Derived by automated computational analysis using gene prediction method: Protein Homology.; signal peptidase I
	[443877:444977:dir] Derived by automated computational analysis using gene prediction method: GeneMarkS-2+.; hypothetical protein
	[445214:445495:dir] Derived by automated computational analysis using gene prediction method: Protein Homology.; ribbon-helix-helix protein, CopG family
	[445584:446747:rev] Derived by automated computational analysis using gene prediction method: Protein Homology.; cell division protein
	[446909:447610:dir] Derived by automated computational analysis using gene prediction method: Protein Homology.; HTH domain-containing protein
	[447591:448076:dir] Derived by automated computational analysis using gene prediction method: Protein Homology.; hypothetical protein
	[448204:449013:rev] Derived by automated computational analysis using gene prediction method: GeneMarkS-2+.; hypothetical protein
	[449226:449912:dir] Derived by automated computational analysis using gene prediction method: GeneMarkS-2+.; hypothetical protein
	[451553:452107:dir] Derived by automated computational analysis using gene prediction method: Protein Homology.; DoxX family protein
	[452218:452394:dir] incomplete; partial on complete genome; missing C-terminus; Derived by automated computational analysis using gene prediction method: Protein Homology.; manganese-dependent inorganic pyrophosphatase
	[452926:453486:dir] Derived by automated computational analysis using gene prediction method: Protein Homology.; metal-dependent hydrolase
	[453737:454759:rev] Derived by automated computational analysis using gene prediction method: GeneMarkS-2+.; hypothetical protein
	[454936:457521:dir] Derived by automated computational analysis using gene prediction method: Protein Homology.; PGF-pre-PGF domain-containing protein
	[457708:458436:dir] Derived by automated computational analysis using gene prediction method: Protein Homology.; ABC transporter ATP-binding protein
	[458429:459667:dir] Derived by automated computational analysis using gene prediction method: Protein Homology.; ABC transporter permease
	[459664:460896:dir] Derived by automated computational analysis using gene prediction method: Protein Homology.; FtsX-like permease family protein
	[460990:461466:dir] Derived by automated computational analysis using gene prediction method: Protein Homology.; ArsR family transcriptional regulator
	[462158:462433:dir] Derived by automated computational analysis using gene prediction method: Protein Homology.; hypothetical protein
	[462434:463534:dir] Derived by automated computational analysis using gene prediction method: Protein Homology.; DUF4350 domain-containing protein
	[463527:464495:dir] Derived by automated computational analysis using gene prediction method: Protein Homology.; MoxR family ATPase
	[464625:465473:rev] Derived by automated computational analysis using gene prediction method: GeneMarkS-2+.; hypothetical protein
	[465755:466147:dir] Derived by automated computational analysis using gene prediction method: Protein Homology.; hypothetical protein
	[466041:467597:rev] Derived by automated computational analysis using gene prediction method: Protein Homology.; DUF58 domain-containing protein
	[467609:469765:dir] Derived by automated computational analysis using gene prediction method: GeneMarkS-2+.; hypothetical protein
	[469897:470922:dir] Derived by automated computational analysis using gene prediction method: Protein Homology.; DUF1616 domain-containing protein
	[471380:471871:dir] Derived by automated computational analysis using gene prediction method: Protein Homology.; hypothetical protein
	[471946:473232:rev] Derived by automated computational analysis using gene prediction method: Protein Homology.; ATP-binding cassette domain-containing protein
	[473225:474343:rev] Derived by automated computational analysis using gene prediction method: Protein Homology.; ABC transporter ATP-binding protein
	[474343:475344:rev] Derived by automated computational analysis using gene prediction method: Protein Homology.; ABC transporter permease
	[475347:476345:rev] Derived by automated computational analysis using gene prediction method: Protein Homology.; ABC transporter permease
	[476449:478140:rev] Derived by automated computational analysis using gene prediction method: Protein Homology.; ABC transporter substrate-binding protein
	[478564:479160:dir] trmY; Derived by automated computational analysis using gene prediction method: Protein Homology.; tRNA (pseudouridine(54)-N(1))-methyltransferase TrmY
	[479160:479531:dir] Derived by automated computational analysis using gene prediction method: Protein Homology.; hypothetical protein
	[479588:479660:dir] tRNA-Pro
	[480250:481464:dir] Derived by automated computational analysis using gene prediction method: GeneMarkS-2+.; carboxylate--amine ligase
	[481574:482857:dir] Derived by automated computational analysis using gene prediction method: Protein Homology.; hypothetical protein
	[483027:483500:dir] Derived by automated computational analysis using gene prediction method: Protein Homology.; NUDIX hydrolase
	[483576:485066:dir] tgtA; Derived by automated computational analysis using gene prediction method: Protein Homology.; tRNA guanosine(15) transglycosylase TgtA
<END>
<GI> CP039833:5 <COORDINATES> 866628-890270 <STAT> n1_4mer:GRV/n1_4mer:RV = 2.649026; n0_4mer:D = 29.125951; n0_4mer:PS = 24.616275
	[866628:868223:dir] Derived by automated computational analysis using gene prediction method: Protein Homology.; peptidase S8
	[868475:869371:rev] Derived by automated computational analysis using gene prediction method: Protein Homology.; SDR family NAD(P)-dependent oxidoreductase
	[869387:870655:rev] tuf; Derived by automated computational analysis using gene prediction method: Protein Homology.; translation elongation factor EF-1 subunit alpha
	[870841:871266:rev] Derived by automated computational analysis using gene prediction method: Protein Homology.; CBS domain-containing protein
	[871479:872789:rev] Derived by automated computational analysis using gene prediction method: Protein Homology.; M20 family metallopeptidase
	[872798:874015:dir] Derived by automated computational analysis using gene prediction method: Protein Homology.; threonine ammonia-lyase
	[874369:876297:dir] Derived by automated computational analysis using gene prediction method: GeneMarkS-2+.; hypothetical protein
	[876294:877289:dir] Derived by automated computational analysis using gene prediction method: GeneMarkS-2+.; hypothetical protein
	[877328:877828:dir] Derived by automated computational analysis using gene prediction method: GeneMarkS-2+.; hypothetical protein
	[877972:879576:dir] Derived by automated computational analysis using gene prediction method: Protein Homology.; transposase
	[880274:881386:dir] gcvT; Derived by automated computational analysis using gene prediction method: Protein Homology.; glycine cleavage system aminomethyltransferase GcvT
	[881387:881764:dir] gcvH; Derived by automated computational analysis using gene prediction method: Protein Homology.; glycine cleavage system protein GcvH
	[881761:883089:dir] Derived by automated computational analysis using gene prediction method: Protein Homology.; aminomethyl-transferring glycine dehydrogenase subunit GcvPA
	[883089:884519:dir] Derived by automated computational analysis using gene prediction method: Protein Homology.; glycine dehydrogenase subunit 2
	[884525:884884:rev] Derived by automated computational analysis using gene prediction method: Protein Homology.; cupin domain-containing protein
	[885557:885799:dir] Derived by automated computational analysis using gene prediction method: Protein Homology.; NrdH-redoxin
	[885796:886329:dir] Derived by automated computational analysis using gene prediction method: Protein Homology.; cob(I)yrinic acid a,c-diamide adenosyltransferase
	[886619:886693:dir] tRNA-Val
	[887010:887621:dir] Derived by automated computational analysis using gene prediction method: Protein Homology.; TetR family transcriptional regulator
	[887618:889120:dir] Derived by automated computational analysis using gene prediction method: Protein Homology.; MATE family efflux transporter
	[889261:889548:dir] Derived by automated computational analysis using gene prediction method: Protein Homology.; zinc ribbon domain-containing protein
	[889587:890270:rev] Derived by automated computational analysis using gene prediction method: Protein Homology.; PGF-CTERM sorting domain-containing protein
<END>
<GI> CP039833:6 <COORDINATES> 1218537-1243050 <STAT> n1_4mer:GRV/n1_4mer:RV = 1.999341; n0_4mer:D = 25.780642; n0_4mer:PS = 34.244258
	[1218537:1220141:dir] Derived by automated computational analysis using gene prediction method: GeneMarkS-2+.; hypothetical protein
	[1220163:1220471:rev] Derived by automated computational analysis using gene prediction method: GeneMarkS-2+.; hypothetical protein
	[1220734:1221081:dir] Derived by automated computational analysis using gene prediction method: Protein Homology.; four-helix bundle copper-binding protein
	[1221270:1222724:dir] Derived by automated computational analysis using gene prediction method: Protein Homology.; arylsulfotransferase (asst)
	[1222796:1223062:rev] Derived by automated computational analysis using gene prediction method: Protein Homology.; hypothetical protein
	[1223077:1223454:rev] Derived by automated computational analysis using gene prediction method: Protein Homology.; helix-turn-helix transcriptional regulator
	[1223577:1224824:rev] ychF; Derived by automated computational analysis using gene prediction method: Protein Homology.; redox-regulated ATPase YchF
	[1224980:1225258:dir] Derived by automated computational analysis using gene prediction method: Protein Homology.; hypothetical protein
	[1225259:1226116:rev] Derived by automated computational analysis using gene prediction method: GeneMarkS-2+.; hypothetical protein
	[1226276:1226397:rev] rrf; Derived by automated computational analysis using gene prediction method: cmsearch.; 5S ribosomal RNA
	[1226616:1229458:rev] 23S ribosomal RNA
	[1229701:1229772:rev] tRNA-Ala
	[1229926:1231399:rev] 16S ribosomal RNA
	[1232174:1232482:rev] Derived by automated computational analysis using gene prediction method: Protein Homology.; chromosomal protein MC1
	[1232724:1232921:dir] Derived by automated computational analysis using gene prediction method: Protein Homology.; AbrB/MazE/SpoVT family DNA-binding domain-containing protein
	[1233003:1234058:dir] Derived by automated computational analysis using gene prediction method: Protein Homology.; quinone-dependent dihydroorotate dehydrogenase
	[1234085:1234864:rev] Derived by automated computational analysis using gene prediction method: Protein Homology.; formate/nitrite transporter family protein
	[1234999:1237591:rev] frameshifted; Derived by automated computational analysis using gene prediction method: Protein Homology.; valine--tRNA ligase
	[1237716:1238145:dir] frameshifted; incomplete; partial on complete genome; missing C-terminus; Derived by automated computational analysis using gene prediction method: Protein Homology.; pyridoxamine 5'-phosphate oxidase family protein
	[1238341:1239536:rev] frameshifted; incomplete; partial on complete genome; missing C-terminus; Derived by automated computational analysis using gene prediction method: Protein Homology.; PLP-dependent transferase
	[1239758:1241551:rev] frameshifted; internal stop; Derived by automated computational analysis using gene prediction method: Protein Homology.; phenylalanine--tRNA ligase subunit beta
	[1241551:1243050:rev] frameshifted; Derived by automated computational analysis using gene prediction method: Protein Homology.; phenylalanine--tRNA ligase subunit alpha
<END>
<GI> CP039833:7 <COORDINATES> 1744172-1794651 <STAT> n1_4mer:GRV/n1_4mer:RV = 3.348118; n0_4mer:D = 35.585952; n0_4mer:PS = 28.391869
	[1744172:1745014:dir] Derived by automated computational analysis using gene prediction method: Protein Homology.; ABC transporter ATP-binding protein
	[1745044:1746147:dir] Derived by automated computational analysis using gene prediction method: Protein Homology.; ABC transporter permease
	[1746172:1746366:rev] Derived by automated computational analysis using gene prediction method: GeneMarkS-2+.; hypothetical protein
	[1746463:1746594:dir] Derived by automated computational analysis using gene prediction method: Protein Homology.; transporter
	[1746628:1747647:dir] Derived by automated computational analysis using gene prediction method: Protein Homology.; hypothetical protein
	[1747763:1748551:dir] Derived by automated computational analysis using gene prediction method: Protein Homology.; creatininase family protein
	[1748645:1749457:rev] Derived by automated computational analysis using gene prediction method: GeneMarkS-2+.; hypothetical protein
	[1749729:1750763:rev] Derived by automated computational analysis using gene prediction method: Protein Homology.; site-specific integrase
	[1750947:1751360:rev] Derived by automated computational analysis using gene prediction method: GeneMarkS-2+.; hypothetical protein
	[1751357:1751680:rev] Derived by automated computational analysis using gene prediction method: Protein Homology.; hypothetical protein
	[1751677:1751961:rev] Derived by automated computational analysis using gene prediction method: Protein Homology.; PadR family transcriptional regulator
	[1752067:1752342:rev] incomplete; partial on complete genome; missing C-terminus; Derived by automated computational analysis using gene prediction method: Protein Homology.; hypothetical protein
	[1752339:1752710:rev] Derived by automated computational analysis using gene prediction method: Protein Homology.; hypothetical protein
	[1752951:1753232:dir] Derived by automated computational analysis using gene prediction method: Protein Homology.; ArsR family transcriptional regulator
	[1753336:1754424:dir] Derived by automated computational analysis using gene prediction method: GeneMarkS-2+.; hypothetical protein
	[1754603:1755157:dir] Derived by automated computational analysis using gene prediction method: GeneMarkS-2+.; hypothetical protein
	[1755154:1755894:dir] Derived by automated computational analysis using gene prediction method: GeneMarkS-2+.; hypothetical protein
	[1755891:1756892:dir] Derived by automated computational analysis using gene prediction method: GeneMarkS-2+.; hypothetical protein
	[1757275:1759296:dir] Derived by automated computational analysis using gene prediction method: Protein Homology.; DEAD/DEAH box helicase
	[1759342:1759545:dir] Derived by automated computational analysis using gene prediction method: Protein Homology.; hypothetical protein
	[1759538:1761538:dir] Derived by automated computational analysis using gene prediction method: Protein Homology.; chromosome segregation protein
	[1761535:1761996:dir] Derived by automated computational analysis using gene prediction method: Protein Homology.; hypothetical protein
	[1762090:1763454:dir] Derived by automated computational analysis using gene prediction method: Protein Homology.; site-specific DNA-methyltransferase
	[1763451:1764059:dir] Derived by automated computational analysis using gene prediction method: Protein Homology.; hypothetical protein
	[1764052:1764519:dir] Derived by automated computational analysis using gene prediction method: GeneMarkS-2+.; hypothetical protein
	[1764800:1765807:rev] Derived by automated computational analysis using gene prediction method: Protein Homology.; AAA family ATPase
	[1765817:1767928:rev] Derived by automated computational analysis using gene prediction method: Protein Homology.; type B DNA-directed DNA polymerase
	[1767932:1768192:rev] Derived by automated computational analysis using gene prediction method: Protein Homology.; hypothetical protein
	[1768179:1768859:rev] Derived by automated computational analysis using gene prediction method: Protein Homology.; hypothetical protein
	[1768931:1769944:rev] Derived by automated computational analysis using gene prediction method: Protein Homology.; AAA family ATPase
	[1770190:1770993:dir] Derived by automated computational analysis using gene prediction method: Protein Homology.; DNA adenine methylase
	[1771184:1771438:rev] Derived by automated computational analysis using gene prediction method: GeneMarkS-2+.; hypothetical protein
	[1771658:1772323:dir] Derived by automated computational analysis using gene prediction method: Protein Homology.; resolvase
	[1772414:1774447:rev] Derived by automated computational analysis using gene prediction method: Protein Homology.; DUF262 domain-containing protein
	[1774893:1777940:dir] Derived by automated computational analysis using gene prediction method: Protein Homology.; DUF262 domain-containing protein
	[1778431:1782294:dir] Derived by automated computational analysis using gene prediction method: Protein Homology.; hypothetical protein
	[1782476:1782730:rev] Derived by automated computational analysis using gene prediction method: Protein Homology.; hypothetical protein
	[1783020:1783283:dir] Derived by automated computational analysis using gene prediction method: GeneMarkS-2+.; hypothetical protein
	[1783417:1784928:dir] Derived by automated computational analysis using gene prediction method: GeneMarkS-2+.; hypothetical protein
	[1784931:1785383:dir] Derived by automated computational analysis using gene prediction method: GeneMarkS-2+.; hypothetical protein
	[1785448:1785822:dir] Derived by automated computational analysis using gene prediction method: GeneMarkS-2+.; hypothetical protein
	[1785819:1786295:dir] Derived by automated computational analysis using gene prediction method: GeneMarkS-2+.; hypothetical protein
	[1786295:1786552:dir] Derived by automated computational analysis using gene prediction method: GeneMarkS-2+.; hypothetical protein
	[1786625:1786807:dir] Derived by automated computational analysis using gene prediction method: GeneMarkS-2+.; hypothetical protein
	[1786786:1787046:dir] Derived by automated computational analysis using gene prediction method: GeneMarkS-2+.; hypothetical protein
	[1787047:1788801:dir] Derived by automated computational analysis using gene prediction method: GeneMarkS-2+.; hypothetical protein
	[1788833:1789711:dir] Derived by automated computational analysis using gene prediction method: Protein Homology.; hypothetical protein
	[1789708:1791048:dir] Derived by automated computational analysis using gene prediction method: GeneMarkS-2+.; hypothetical protein
	[1791190:1794651:dir] Derived by automated computational analysis using gene prediction method: GeneMarkS-2+.; hypothetical protein
<END>
<GI> CP039833:8 <COORDINATES> 1972047-1992737 <STAT> n1_4mer:GRV/n1_4mer:RV = 1.563593; n0_4mer:D = 24.789235; n0_4mer:PS = 21.154627
	[1972047:1973531:dir] Derived by automated computational analysis using gene prediction method: Protein Homology.; flippase
	[1973622:1974944:rev] Derived by automated computational analysis using gene prediction method: Protein Homology.; glycosyltransferase family 2 protein
	[1975378:1976400:rev] Derived by automated computational analysis using gene prediction method: Protein Homology.; glycosyltransferase family 2 protein
	[1976397:1978745:rev] Derived by automated computational analysis using gene prediction method: Protein Homology.; DUF2206 domain-containing protein
	[1978927:1980360:rev] Derived by automated computational analysis using gene prediction method: Protein Homology.; flippase
	[1980488:1981687:rev] Derived by automated computational analysis using gene prediction method: Protein Homology.; ATP-grasp domain-containing protein
	[1981918:1982766:dir] Derived by automated computational analysis using gene prediction method: Protein Homology.; FkbM family methyltransferase
	[1982749:1983333:rev] Derived by automated computational analysis using gene prediction method: Protein Homology.; metal-dependent hydrolase
	[1983834:1985645:dir] Derived by automated computational analysis using gene prediction method: Protein Homology.; glycoside hydrolase family 16 protein
	[1985703:1986569:rev] Derived by automated computational analysis using gene prediction method: Protein Homology.; glycoside hydrolase family 16 protein
	[1986566:1987753:rev] Derived by automated computational analysis using gene prediction method: Protein Homology.; glycosyltransferase family 4 protein
	[1987756:1988832:rev] Derived by automated computational analysis using gene prediction method: Protein Homology.; GNAT family N-acetyltransferase
	[1988829:1989740:rev] Derived by automated computational analysis using gene prediction method: Protein Homology.; DUF3473 domain-containing protein
	[1989936:1990535:rev] Derived by automated computational analysis using gene prediction method: Protein Homology.; DUF1616 domain-containing protein
	[1991076:1991612:rev] Derived by automated computational analysis using gene prediction method: GeneMarkS-2+.; hypothetical protein
	[1991609:1992067:rev] Derived by automated computational analysis using gene prediction method: Protein Homology.; hypothetical protein
	[1992060:1992737:rev] Derived by automated computational analysis using gene prediction method: GeneMarkS-2+.; hypothetical protein
<END>