<GI> CP054585 RIZC01000000 RIZC01000001 RIZC01000002 RIZC01000003:1 <COORDINATES> 211491-281398 <STAT> n1_4mer:GRV/n1_4mer:RV = 5.731095; n0_4mer:D = 43.541647; n0_4mer:PS = 27.506394
	[211491:211766:dir] Derived by automated computational analysis using gene prediction method: Protein Homology.; AbrB/MazE/SpoVT family DNA-binding domain-containing protein
	[211775:212719:rev] Derived by automated computational analysis using gene prediction method: Protein Homology.; DUF368 domain-containing protein
	[212726:215866:rev] Derived by automated computational analysis using gene prediction method: Protein Homology.; oligosaccharyl transferase, archaeosortase A system-associated
	[215965:216903:dir] Derived by automated computational analysis using gene prediction method: Protein Homology.; glycosyltransferase family 2 protein
	[216936:217919:rev] Derived by automated computational analysis using gene prediction method: Protein Homology.; hypothetical protein
	[217980:219365:rev] Derived by automated computational analysis using gene prediction method: Protein Homology.; sulfatase-like hydrolase/transferase
	[219537:219965:rev] Derived by automated computational analysis using gene prediction method: Protein Homology.; acyltransferase
	[220354:221793:dir] Derived by automated computational analysis using gene prediction method: Protein Homology.; sulfatase-like hydrolase/transferase
	[221817:223010:dir] Derived by automated computational analysis using gene prediction method: Protein Homology.; glycosyltransferase
	[223026:223958:rev] Derived by automated computational analysis using gene prediction method: Protein Homology.; glycosyltransferase family 2 protein
	[224037:225464:rev] Derived by automated computational analysis using gene prediction method: GeneMarkS-2+.; hypothetical protein
	[225674:226660:dir] internal stop; Derived by automated computational analysis using gene prediction method: Protein Homology.; transposase
	[226813:227628:dir] Derived by automated computational analysis using gene prediction method: Protein Homology.; FkbM family methyltransferase
	[227664:228608:dir] Derived by automated computational analysis using gene prediction method: GeneMarkS-2+.; hypothetical protein
	[228780:229478:dir] Derived by automated computational analysis using gene prediction method: Protein Homology.; acylneuraminate cytidylyltransferase family protein
	[229475:231364:rev] Derived by automated computational analysis using gene prediction method: Protein Homology.; N-acetylneuraminate synthase family protein
	[231578:232990:rev] Derived by automated computational analysis using gene prediction method: Protein Homology.; polysaccharide biosynthesis C-terminal domain-containing protein
	[233178:233945:dir] Derived by automated computational analysis using gene prediction method: Protein Homology.; sugar nucleotidyltransferase
	[234140:235594:dir] Derived by automated computational analysis using gene prediction method: Protein Homology.; DUF2029 domain-containing protein
	[236220:236666:rev] Derived by automated computational analysis using gene prediction method: Protein Homology.; GtrA family protein
	[236656:237426:rev] Derived by automated computational analysis using gene prediction method: Protein Homology.; glycosyltransferase
	[238871:239294:rev] frameshifted; Derived by automated computational analysis using gene prediction method: Protein Homology.; NUDIX domain-containing protein
	[239796:242531:rev] Derived by automated computational analysis using gene prediction method: Protein Homology.; PGF-CTERM sorting domain-containing protein
	[242876:245392:rev] Derived by automated computational analysis using gene prediction method: Protein Homology.; hypothetical protein
	[245544:245990:dir] vanZ; Derived by automated computational analysis using gene prediction method: Protein Homology.; VanZ family protein
	[246161:249163:dir] Derived by automated computational analysis using gene prediction method: Protein Homology.; APHP domain-containing protein
	[249236:250063:rev] Derived by automated computational analysis using gene prediction method: Protein Homology.; undecaprenyl-diphosphate phosphatase
	[250175:251353:rev] Derived by automated computational analysis using gene prediction method: Protein Homology.; cell division protein
	[251500:251976:rev] Derived by automated computational analysis using gene prediction method: Protein Homology.; hypothetical protein
	[252236:253330:rev] Derived by automated computational analysis using gene prediction method: Protein Homology.; DUF4330 domain-containing protein
	[254212:255423:dir] Derived by automated computational analysis using gene prediction method: Protein Homology.; AAA family ATPase
	[256337:257845:rev] Derived by automated computational analysis using gene prediction method: Protein Homology.; flippase
	[257876:258832:rev] Derived by automated computational analysis using gene prediction method: Protein Homology.; hypothetical protein
	[258892:259698:rev] Derived by automated computational analysis using gene prediction method: Protein Homology.; FkbM family methyltransferase
	[260669:261805:dir] Derived by automated computational analysis using gene prediction method: GeneMarkS-2+.; hypothetical protein
	[261887:262786:dir] Derived by automated computational analysis using gene prediction method: Protein Homology.; glycosyltransferase family 2 protein
	[262888:263820:rev] Derived by automated computational analysis using gene prediction method: Protein Homology.; polysaccharide deacetylase family protein
	[263822:265375:rev] Derived by automated computational analysis using gene prediction method: Protein Homology.; alkaline phosphatase family protein
	[265489:266601:rev] Derived by automated computational analysis using gene prediction method: Protein Homology.; glycosyltransferase family 4 protein
	[266686:267597:dir] Derived by automated computational analysis using gene prediction method: Protein Homology.; GDP-mannose 4,6-dehydratase
	[267769:268154:dir] frameshifted; incomplete; partial on complete genome; missing N-terminus; Derived by automated computational analysis using gene prediction method: Protein Homology.; NAD-dependent epimerase/dehydratase family protein
	[268215:268412:dir] Derived by automated computational analysis using gene prediction method: Protein Homology.; hypothetical protein
	[268635:269390:dir] Derived by automated computational analysis using gene prediction method: Protein Homology.; sugar nucleotidyltransferase
	[270039:271013:dir] Derived by automated computational analysis using gene prediction method: Protein Homology.; GDP-mannose 4,6-dehydratase
	[271010:272335:dir] Derived by automated computational analysis using gene prediction method: Protein Homology.; nucleotide sugar dehydrogenase
	[272389:272645:rev] frameshifted; incomplete; partial on complete genome; missing C-terminus; Derived by automated computational analysis using gene prediction method: Protein Homology.; IS6 family transposase
	[273035:274453:rev] Derived by automated computational analysis using gene prediction method: Protein Homology.; sugar transferase
	[274699:276708:rev] Derived by automated computational analysis using gene prediction method: Protein Homology.; transferase
	[276701:277795:rev] Derived by automated computational analysis using gene prediction method: Protein Homology.; hypothetical protein
	[277792:278931:rev] Derived by automated computational analysis using gene prediction method: Protein Homology.; hypothetical protein
	[278931:279740:rev] Derived by automated computational analysis using gene prediction method: Protein Homology.; hypothetical protein
	[279737:281398:rev] Derived by automated computational analysis using gene prediction method: Protein Homology.; hypothetical protein
<END>
<GI> CP054585 RIZC01000000 RIZC01000001 RIZC01000002 RIZC01000003:2 <COORDINATES> 1624000-1659345 <STAT> n1_4mer:GRV/n1_4mer:RV = 5.686127; n0_4mer:D = 40.999784; n0_4mer:PS = 24.456034
	[1624266:1628015:dir] Derived by automated computational analysis using gene prediction method: Protein Homology.; hypothetical protein
	[1628939:1629541:dir] Derived by automated computational analysis using gene prediction method: GeneMarkS-2+.; hypothetical protein
	[1629894:1630904:dir] Derived by automated computational analysis using gene prediction method: Protein Homology.; site-specific integrase
	[1631134:1632465:rev] Derived by automated computational analysis using gene prediction method: GeneMarkS-2+.; hypothetical protein
	[1633017:1633172:rev] Derived by automated computational analysis using gene prediction method: GeneMarkS-2+.; hypothetical protein
	[1633215:1633364:rev] Derived by automated computational analysis using gene prediction method: GeneMarkS-2+.; hypothetical protein
	[1633361:1634308:rev] Derived by automated computational analysis using gene prediction method: Protein Homology.; winged helix-turn-helix transcriptional regulator
	[1634553:1637039:rev] Derived by automated computational analysis using gene prediction method: Protein Homology.; AAA family ATPase
	[1637026:1637211:rev] Derived by automated computational analysis using gene prediction method: GeneMarkS-2+.; hypothetical protein
	[1637493:1638692:dir] Derived by automated computational analysis using gene prediction method: Protein Homology.; DNA repair exonuclease
	[1638692:1641415:dir] Derived by automated computational analysis using gene prediction method: Protein Homology.; AAA family ATPase
	[1641408:1642694:dir] Derived by automated computational analysis using gene prediction method: GeneMarkS-2+.; DNA double-strand break repair nuclease NurA
	[1642701:1644503:dir] Derived by automated computational analysis using gene prediction method: Protein Homology.; ATP-binding protein
	[1644631:1645458:rev] Derived by automated computational analysis using gene prediction method: Protein Homology.; IS5 family transposase
	[1646226:1647692:rev] Derived by automated computational analysis using gene prediction method: GeneMarkS-2+.; hypothetical protein
	[1647695:1649833:rev] Derived by automated computational analysis using gene prediction method: Protein Homology.; AAA family ATPase
	[1649844:1651865:rev] Derived by automated computational analysis using gene prediction method: GeneMarkS-2+.; hypothetical protein
	[1652067:1652279:rev] incomplete; partial on complete genome; missing C-terminus; Derived by automated computational analysis using gene prediction method: Protein Homology.; DUF262 domain-containing protein
	[1653262:1654530:dir] Derived by automated computational analysis using gene prediction method: Protein Homology.; AAA family ATPase
	[1654631:1656676:dir] Derived by automated computational analysis using gene prediction method: Protein Homology.; DEAD/DEAH box helicase family protein
	[1656923:1658893:dir] Derived by automated computational analysis using gene prediction method: Protein Homology.; chromosome segregation protein
	[1658890:1659345:dir] Derived by automated computational analysis using gene prediction method: Protein Homology.; hypothetical protein
<END>
<GI> CP054585 RIZC01000000 RIZC01000001 RIZC01000002 RIZC01000003:3 <COORDINATES> 2559176-2582825 <STAT> n1_4mer:GRV/n1_4mer:RV = 4.836451; n0_4mer:D = 35.007296; n0_4mer:PS = 26.303109
	[2559176:2560321:rev] Derived by automated computational analysis using gene prediction method: Protein Homology.; site-specific integrase
	[2560318:2560626:rev] Derived by automated computational analysis using gene prediction method: Protein Homology.; hypothetical protein
	[2560754:2561353:rev] Derived by automated computational analysis using gene prediction method: Protein Homology.; J domain-containing protein
	[2561410:2561718:dir] Derived by automated computational analysis using gene prediction method: Protein Homology.; hypothetical protein
	[2561720:2562199:rev] Derived by automated computational analysis using gene prediction method: Protein Homology.; hypothetical protein
	[2562199:2562597:rev] Derived by automated computational analysis using gene prediction method: Protein Homology.; hypothetical protein
	[2562597:2562944:rev] Derived by automated computational analysis using gene prediction method: Protein Homology.; helix-turn-helix transcriptional regulator
	[2563420:2563659:dir] Derived by automated computational analysis using gene prediction method: Protein Homology.; hypothetical protein
	[2563754:2564194:dir] Derived by automated computational analysis using gene prediction method: GeneMarkS-2+.; hypothetical protein
	[2564221:2564421:dir] Derived by automated computational analysis using gene prediction method: GeneMarkS-2+.; hypothetical protein
	[2564445:2564768:rev] Derived by automated computational analysis using gene prediction method: Protein Homology.; hypothetical protein
	[2564889:2566247:rev] Derived by automated computational analysis using gene prediction method: Protein Homology.; ATP-binding protein
	[2566317:2567342:rev] Derived by automated computational analysis using gene prediction method: Protein Homology.; AAA family ATPase
	[2567412:2567954:rev] Derived by automated computational analysis using gene prediction method: GeneMarkS-2+.; hypothetical protein
	[2568144:2568929:dir] Derived by automated computational analysis using gene prediction method: GeneMarkS-2+.; hypothetical protein
	[2569315:2569773:rev] Derived by automated computational analysis using gene prediction method: GeneMarkS-2+.; hypothetical protein
	[2570037:2570939:dir] Derived by automated computational analysis using gene prediction method: GeneMarkS-2+.; hypothetical protein
	[2571202:2571369:dir] Derived by automated computational analysis using gene prediction method: Protein Homology.; rubrerythrin-like domain-containing protein
	[2571738:2572343:rev] Derived by automated computational analysis using gene prediction method: Protein Homology.; site-specific integrase
	[2572517:2573566:rev] Derived by automated computational analysis using gene prediction method: Protein Homology.; sensor histidine kinase
	[2573798:2574061:rev] Derived by automated computational analysis using gene prediction method: Protein Homology.; hypothetical protein
	[2574234:2574425:dir] Derived by automated computational analysis using gene prediction method: GeneMarkS-2+.; hypothetical protein
	[2574422:2575864:dir] Derived by automated computational analysis using gene prediction method: Protein Homology.; hypothetical protein
	[2575866:2576357:dir] Derived by automated computational analysis using gene prediction method: Protein Homology.; hypothetical protein
	[2576473:2576946:dir] Derived by automated computational analysis using gene prediction method: GeneMarkS-2+.; hypothetical protein
	[2577141:2577521:dir] Derived by automated computational analysis using gene prediction method: Protein Homology.; hypothetical protein
	[2577518:2577799:dir] Derived by automated computational analysis using gene prediction method: Protein Homology.; hypothetical protein
	[2577861:2578214:dir] Derived by automated computational analysis using gene prediction method: Protein Homology.; hypothetical protein
	[2578214:2578444:dir] Derived by automated computational analysis using gene prediction method: GeneMarkS-2+.; hypothetical protein
	[2578657:2578848:dir] Derived by automated computational analysis using gene prediction method: Protein Homology.; hypothetical protein
	[2578845:2580704:dir] Derived by automated computational analysis using gene prediction method: Protein Homology.; hypothetical protein
	[2580697:2581458:dir] Derived by automated computational analysis using gene prediction method: Protein Homology.; hypothetical protein
	[2581455:2582825:dir] Derived by automated computational analysis using gene prediction method: Protein Homology.; hypothetical protein
<END>
<GI> CP054585 RIZC01000000 RIZC01000001 RIZC01000002 RIZC01000003:4 <COORDINATES> 3151085-3204599 <STAT> n1_4mer:GRV/n1_4mer:RV = 6.064572; n0_4mer:D = 39.846030; n0_4mer:PS = 29.696012
	[3151085:3153760:rev] Derived by automated computational analysis using gene prediction method: Protein Homology.; PD-(D/E)XK nuclease family protein
	[3153942:3154373:dir] Derived by automated computational analysis using gene prediction method: Protein Homology.; universal stress protein
	[3154453:3155658:rev] Derived by automated computational analysis using gene prediction method: Protein Homology.; inorganic phosphate transporter
	[3155949:3156980:rev] Derived by automated computational analysis using gene prediction method: Protein Homology.; phage integrase N-terminal SAM-like domain-containing protein
	[3157102:3157266:rev] Derived by automated computational analysis using gene prediction method: GeneMarkS-2+.; hypothetical protein
	[3157263:3157529:rev] Derived by automated computational analysis using gene prediction method: Protein Homology.; hypothetical protein
	[3157526:3157831:rev] Derived by automated computational analysis using gene prediction method: Protein Homology.; helix-turn-helix transcriptional regulator
	[3158205:3158537:dir] Derived by automated computational analysis using gene prediction method: Protein Homology.; phage repressor protein
	[3158538:3158873:dir] Derived by automated computational analysis using gene prediction method: Protein Homology.; repressor phrH2
	[3158879:3159823:rev] Derived by automated computational analysis using gene prediction method: GeneMarkS-2+.; hypothetical protein
	[3160401:3161333:rev] Derived by automated computational analysis using gene prediction method: GeneMarkS-2+.; hypothetical protein
	[3161527:3165729:rev] Derived by automated computational analysis using gene prediction method: Protein Homology.; AAA family ATPase
	[3165925:3167994:rev] Derived by automated computational analysis using gene prediction method: Protein Homology.; DNA cytosine methyltransferase
	[3168077:3169366:rev] Derived by automated computational analysis using gene prediction method: Protein Homology.; DNA methyltransferase
	[3169677:3170123:dir] Derived by automated computational analysis using gene prediction method: Protein Homology.; NUDIX domain-containing protein
	[3170537:3171145:dir] Derived by automated computational analysis using gene prediction method: Protein Homology.; transcriptional regulator
	[3171275:3171586:rev] Derived by automated computational analysis using gene prediction method: Protein Homology.; hypothetical protein
	[3171586:3175260:rev] Derived by automated computational analysis using gene prediction method: GeneMarkS-2+.; hypothetical protein
	[3175409:3176785:rev] Derived by automated computational analysis using gene prediction method: Protein Homology.; hypothetical protein
	[3176782:3177564:rev] Derived by automated computational analysis using gene prediction method: Protein Homology.; hypothetical protein
	[3177557:3179422:rev] Derived by automated computational analysis using gene prediction method: Protein Homology.; hypothetical protein
	[3179419:3179616:rev] Derived by automated computational analysis using gene prediction method: Protein Homology.; hypothetical protein
	[3180053:3180406:rev] Derived by automated computational analysis using gene prediction method: Protein Homology.; hypothetical protein
	[3180468:3180749:rev] Derived by automated computational analysis using gene prediction method: Protein Homology.; hypothetical protein
	[3180746:3181123:rev] Derived by automated computational analysis using gene prediction method: Protein Homology.; hypothetical protein
	[3181312:3181758:rev] Derived by automated computational analysis using gene prediction method: GeneMarkS-2+.; hypothetical protein
	[3181807:3182295:rev] Derived by automated computational analysis using gene prediction method: Protein Homology.; hypothetical protein
	[3182297:3183739:rev] Derived by automated computational analysis using gene prediction method: Protein Homology.; hypothetical protein
	[3184155:3184325:dir] Derived by automated computational analysis using gene prediction method: GeneMarkS-2+.; hypothetical protein
	[3184480:3185148:dir] Derived by automated computational analysis using gene prediction method: Protein Homology.; site-specific integrase
	[3185346:3187346:dir] Derived by automated computational analysis using gene prediction method: Protein Homology.; AAA family ATPase
	[3187394:3187921:rev] Derived by automated computational analysis using gene prediction method: Protein Homology.; winged helix-turn-helix transcriptional regulator
	[3188510:3188782:rev] Derived by automated computational analysis using gene prediction method: GeneMarkS-2+.; hypothetical protein
	[3188898:3189518:dir] Derived by automated computational analysis using gene prediction method: Protein Homology.; rhomboid family intramembrane serine protease
	[3189658:3190803:rev] Derived by automated computational analysis using gene prediction method: Protein Homology.; DUF4238 domain-containing protein
	[3190965:3191261:rev] Derived by automated computational analysis using gene prediction method: GeneMarkS-2+.; hypothetical protein
	[3191575:3191925:dir] Derived by automated computational analysis using gene prediction method: GeneMarkS-2+.; hypothetical protein
	[3192156:3192437:rev] Derived by automated computational analysis using gene prediction method: GeneMarkS-2+.; hypothetical protein
	[3193040:3193195:dir] Derived by automated computational analysis using gene prediction method: GeneMarkS-2+.; hypothetical protein
	[3193447:3193704:rev] Derived by automated computational analysis using gene prediction method: GeneMarkS-2+.; hypothetical protein
	[3194020:3195555:rev] Derived by automated computational analysis using gene prediction method: Protein Homology.; DNA cytosine methyltransferase
	[3195933:3196454:rev] Derived by automated computational analysis using gene prediction method: Protein Homology.; HNH endonuclease
	[3196462:3197319:rev] Derived by automated computational analysis using gene prediction method: Protein Homology.; hypothetical protein
	[3197319:3197504:rev] Derived by automated computational analysis using gene prediction method: Protein Homology.; hypothetical protein
	[3197618:3197848:rev] Derived by automated computational analysis using gene prediction method: Protein Homology.; hypothetical protein
	[3197838:3198293:rev] Derived by automated computational analysis using gene prediction method: GeneMarkS-2+.; hypothetical protein
	[3198290:3198784:rev] Derived by automated computational analysis using gene prediction method: GeneMarkS-2+.; hypothetical protein
	[3198781:3199281:rev] Derived by automated computational analysis using gene prediction method: Protein Homology.; hypothetical protein
	[3199274:3199870:rev] Derived by automated computational analysis using gene prediction method: Protein Homology.; J domain-containing protein
	[3200139:3200606:rev] Derived by automated computational analysis using gene prediction method: Protein Homology.; hypothetical protein
	[3200603:3200710:rev] Derived by automated computational analysis using gene prediction method: Protein Homology.; zf-TFIIB domain-containing protein
	[3200835:3201009:rev] Derived by automated computational analysis using gene prediction method: tRNAscan-SE.; tRNA-Trp
	[3201142:3201363:rev] Derived by automated computational analysis using gene prediction method: Protein Homology.; hypothetical protein
	[3201490:3202506:rev] Derived by automated computational analysis using gene prediction method: Protein Homology.; hypothetical protein
	[3203107:3204594:dir] guaB; Derived by automated computational analysis using gene prediction method: Protein Homology.; IMP dehydrogenase
<END>
<GI> CP054585 RIZC01000000 RIZC01000001 RIZC01000002 RIZC01000003:5 <COORDINATES> 3213304-3436099 <STAT> n1_4mer:GRV/n1_4mer:RV = 19.212717; n0_4mer:D = 39.984420; n0_4mer:PS = -0.704388
	[3213304:3214293:rev] Derived by automated computational analysis using gene prediction method: Protein Homology.; cation transporter
	[3214533:3215234:dir] Derived by automated computational analysis using gene prediction method: Protein Homology.; HD domain-containing protein
	[3215289:3215960:rev] Derived by automated computational analysis using gene prediction method: Protein Homology.; TetR/AcrR family transcriptional regulator
	[3216130:3217815:dir] Derived by automated computational analysis using gene prediction method: Protein Homology.; hypothetical protein
	[3217885:2043:dir] Derived by automated computational analysis using gene prediction method: Protein Homology.; MMPL family transporter
<END>
<GI> CP054585 RIZC01000000 RIZC01000001 RIZC01000002 RIZC01000003:6 <COORDINATES> 3498500-3523099 <STAT> n1_4mer:GRV/n1_4mer:RV = 5.592726; n0_4mer:D = 36.064795; n0_4mer:PS = 37.375645

<END>
<GI> CP054585 RIZC01000000 RIZC01000001 RIZC01000002 RIZC01000003:7 <COORDINATES> 3538500-3559099 <STAT> n1_4mer:GRV/n1_4mer:RV = 4.341968; n0_4mer:D = 34.159168; n0_4mer:PS = 27.961471

<END>
<GI> CP054585 RIZC01000000 RIZC01000001 RIZC01000002 RIZC01000003:8 <COORDINATES> 3593500-3618599 <STAT> n1_4mer:GRV/n1_4mer:RV = 4.692661; n0_4mer:D = 38.342840; n0_4mer:PS = 26.095716

<END>
<GI> CP054585 RIZC01000000 RIZC01000001 RIZC01000002 RIZC01000003:9 <COORDINATES> 3630000-3647599 <STAT> n1_4mer:GRV/n1_4mer:RV = 2.605372; n0_4mer:D = 30.687622; n0_4mer:PS = 23.194055

<END>
<GI> CP054585 RIZC01000000 RIZC01000001 RIZC01000002 RIZC01000003:10 <COORDINATES> 3670000-3691099 <STAT> n1_4mer:GRV/n1_4mer:RV = 2.512896; n0_4mer:D = 30.433742; n0_4mer:PS = 16.786454

<END>
<GI> CP054585 RIZC01000000 RIZC01000001 RIZC01000002 RIZC01000003:11 <COORDINATES> 3699500-3717599 <STAT> n1_4mer:GRV/n1_4mer:RV = 3.245450; n0_4mer:D = 30.917639; n0_4mer:PS = 22.588013

<END>
<GI> CP054585 RIZC01000000 RIZC01000001 RIZC01000002 RIZC01000003:12 <COORDINATES> 3760500-3784999 <STAT> n1_4mer:GRV/n1_4mer:RV = 4.303637; n0_4mer:D = 34.078611; n0_4mer:PS = 27.716096

<END>