<GI> AM774415:1 <COORDINATES> 39215-55599 <STAT> n1_4mer:GRV/n1_4mer:RV = 3.861661; n0_4mer:D = 38.945464; n0_4mer:PS = 31.575100
	[39215:40447:dir] orc9; Orc1-type DNA replication protein
	[40626:41918:rev] aglM2; UDP-glucose 6-dehydrogenase AglM
	[42006:42734:dir] aglF1; UTP--glucose-1-phosphate uridylyltransferase AglF
	[42895:43674:dir] FkbM family methyltransferase
	[43722:45164:dir] probable RfbX family transport protein
	[45260:46471:rev] gth6; probable glycosyltransferase, type 1
	[46695:48083:rev] 
	[46870:48036:rev] ISH3-type transposase ISH3
	[48085:50237:dir] locus_tag: OE_1086A1F; gene has been targetted by a transposon and is truncated at the N-terminus; product: uncharacterized protein (nonfunctional)
	[48201:49602:rev] 
	[48214:49488:rev] ISH8-type transposase ISH8
	[50367:51044:rev] uncharacterized protein
	[51571:53199:rev] 
	[51579:53036:rev] ISH10-type transposase ISH10
	[53584:54069:dir] pectin lyase domain protein
	[54207:55382:dir] uncharacterized protein
<END>
<GI> AM774415:2 <COORDINATES> 1994563-2099099 <STAT> n1_4mer:GRV/n1_4mer:RV = 20.604172; n0_4mer:D = 43.722936; n0_4mer:PS = -0.517116
	[1994563:1996422:dir] probable secreted glycoprotein
	[1996432:1998264:rev] probable secreted glycoprotein
	[1998404:2000962:dir] csg; S-layer glycoprotein
<END>
<GI> AM774415:3 <COORDINATES> 2151500-2169599 <STAT> n1_4mer:GRV/n1_4mer:RV = 2.943204; n0_4mer:D = 38.807150; n0_4mer:PS = 21.272384

<END>
<GI> AM774415:4 <COORDINATES> 2229500-2360599 <STAT> n1_4mer:GRV/n1_4mer:RV = 19.360903; n0_4mer:D = 43.632917; n0_4mer:PS = -0.166697

<END>
<GI> AM774415:5 <COORDINATES> 2460000-2482099 <STAT> n1_4mer:GRV/n1_4mer:RV = 2.980582; n0_4mer:D = 37.147374; n0_4mer:PS = 19.576075

<END>
<GI> AM774415:6 <COORDINATES> 2538000-2707599 <STAT> n1_4mer:GRV/n1_4mer:RV = 16.564604; n0_4mer:D = 43.933506; n0_4mer:PS = -0.593231

<END>
<GI> AM774415:7 <COORDINATES> 2977500-3016099 <STAT> n1_4mer:GRV/n1_4mer:RV = 16.090198; n0_4mer:D = 43.577141; n0_4mer:PS = -0.412480

<END>