<GI> CP060866:1 <COORDINATES> 226494-267599 <STAT> n1_4mer:GRV/n1_4mer:RV = 1.846499; n0_4mer:D = 19.904214; n0_4mer:PS = 31.727580
	[226494:228776:dir] Derived by automated computational analysis using gene prediction method: Protein Homology.; PAS domain S-box protein
	[228897:229208:dir] Derived by automated computational analysis using gene prediction method: GeneMarkS-2+.; hypothetical protein
	[229458:230168:dir] Derived by automated computational analysis using gene prediction method: GeneMarkS-2+.; hypothetical protein
	[230152:230478:dir] Derived by automated computational analysis using gene prediction method: Protein Homology.; DUF4325 domain-containing protein
	[231174:231560:dir] Derived by automated computational analysis using gene prediction method: GeneMarkS-2+.; hypothetical protein
	[231603:232856:dir] Derived by automated computational analysis using gene prediction method: Protein Homology.; glycosyltransferase family 2 protein
	[232853:234394:dir] Derived by automated computational analysis using gene prediction method: GeneMarkS-2+.; hypothetical protein
	[234407:235369:dir] Derived by automated computational analysis using gene prediction method: Protein Homology.; glycosyltransferase family 2 protein
	[235424:236389:dir] Derived by automated computational analysis using gene prediction method: Protein Homology.; NAD-dependent epimerase/dehydratase family protein
	[236399:237634:dir] Derived by automated computational analysis using gene prediction method: Protein Homology.; glycosyltransferase family 4 protein
	[237678:238451:dir] Derived by automated computational analysis using gene prediction method: Protein Homology.; class I SAM-dependent methyltransferase
	[238485:239687:dir] Derived by automated computational analysis using gene prediction method: Protein Homology.; glycosyltransferase
	[240122:241174:dir] Derived by automated computational analysis using gene prediction method: Protein Homology.; Gfo/Idh/MocA family oxidoreductase
	[241190:241435:rev] Derived by automated computational analysis using gene prediction method: GeneMarkS-2+.; hypothetical protein
	[241482:242285:dir] Derived by automated computational analysis using gene prediction method: Protein Homology.; glycosyltransferase
	[242282:244987:dir] Derived by automated computational analysis using gene prediction method: GeneMarkS-2+.; hypothetical protein
	[245002:246165:dir] Derived by automated computational analysis using gene prediction method: Protein Homology.; glycosyltransferase
	[246519:246800:dir] Derived by automated computational analysis using gene prediction method: GeneMarkS-2+.; hypothetical protein
	[246817:247899:dir] wecB; Derived by automated computational analysis using gene prediction method: Protein Homology.; UDP-N-acetylglucosamine 2-epimerase (non-hydrolyzing)
	[248155:248850:dir] Derived by automated computational analysis using gene prediction method: GeneMarkS-2+.; hypothetical protein
	[248879:249190:dir] Derived by automated computational analysis using gene prediction method: Protein Homology.; UDP-N-acetylglucosamine 2-epimerase
	[249328:250785:dir] Derived by automated computational analysis using gene prediction method: GeneMarkS-2+.; hypothetical protein
	[251145:251633:dir] Derived by automated computational analysis using gene prediction method: GeneMarkS-2+.; hypothetical protein
	[251823:252203:dir] Derived by automated computational analysis using gene prediction method: GeneMarkS-2+.; hypothetical protein
	[252379:252567:dir] Derived by automated computational analysis using gene prediction method: GeneMarkS-2+.; hypothetical protein
	[252930:253211:dir] Derived by automated computational analysis using gene prediction method: GeneMarkS-2+.; hypothetical protein
	[253224:253673:dir] Derived by automated computational analysis using gene prediction method: GeneMarkS-2+.; hypothetical protein
	[254357:254593:dir] Derived by automated computational analysis using gene prediction method: GeneMarkS-2+.; hypothetical protein
	[254606:254950:dir] Derived by automated computational analysis using gene prediction method: Protein Homology.; AbrB/MazE/SpoVT family DNA-binding domain-containing protein
	[255052:255210:rev] Derived by automated computational analysis using gene prediction method: GeneMarkS-2+.; hypothetical protein
	[255306:255530:dir] Derived by automated computational analysis using gene prediction method: Protein Homology.; type II toxin-antitoxin system HicB family antitoxin
	[255717:256328:dir] Derived by automated computational analysis using gene prediction method: Protein Homology.; nucleotidyltransferase domain-containing protein
	[256318:256818:dir] Derived by automated computational analysis using gene prediction method: Protein Homology.; HEPN domain-containing protein
	[257140:257292:dir] incomplete; partial on complete genome; missing C-terminus; Derived by automated computational analysis using gene prediction method: Protein Homology.; type II toxin-antitoxin system HicB family antitoxin
	[257342:257560:dir] Derived by automated computational analysis using gene prediction method: Protein Homology.; type II toxin-antitoxin system HicA family toxin
	[257820:258032:rev] Derived by automated computational analysis using gene prediction method: Protein Homology.; DUF2283 domain-containing protein
	[258477:258707:dir] Derived by automated computational analysis using gene prediction method: Protein Homology.; type II toxin-antitoxin system CcdA family antitoxin
	[258704:259111:dir] Derived by automated computational analysis using gene prediction method: GeneMarkS-2+.; type II toxin-antitoxin system VapC family toxin
	[259392:259703:rev] Derived by automated computational analysis using gene prediction method: Protein Homology.; DUF86 domain-containing protein
	[259730:260023:rev] Derived by automated computational analysis using gene prediction method: Protein Homology.; nucleotidyltransferase family protein
	[260510:260722:dir] Derived by automated computational analysis using gene prediction method: GeneMarkS-2+.; hypothetical protein
	[260715:260996:dir] Derived by automated computational analysis using gene prediction method: Protein Homology.; type II toxin-antitoxin system RelE/ParE family toxin
	[261242:261661:dir] Derived by automated computational analysis using gene prediction method: GeneMarkS-2+.; hypothetical protein
	[261893:262156:rev] Derived by automated computational analysis using gene prediction method: GeneMarkS-2+.; hypothetical protein
	[262270:262806:dir] Derived by automated computational analysis using gene prediction method: GeneMarkS-2+.; hypothetical protein
	[263552:263950:rev] Derived by automated computational analysis using gene prediction method: Protein Homology.; PIN domain-containing protein
	[263943:264170:rev] Derived by automated computational analysis using gene prediction method: Protein Homology.; AbrB/MazE/SpoVT family DNA-binding domain-containing protein
	[264387:265952:rev] tadA; Derived by automated computational analysis using gene prediction method: Protein Homology.; Flp pilus assembly complex ATPase component TadA
	[266075:267016:rev] Derived by automated computational analysis using gene prediction method: Protein Homology.; SDR family NAD(P)-dependent oxidoreductase
	[267320:267538:dir] Derived by automated computational analysis using gene prediction method: Protein Homology.; type II toxin-antitoxin system HicA family toxin
<END>
<GI> CP060866:2 <COORDINATES> 337958-361908 <STAT> n1_4mer:GRV/n1_4mer:RV = 1.625618; n0_4mer:D = 23.721425; n0_4mer:PS = 20.608478
	[337958:339448:rev] Derived by automated computational analysis using gene prediction method: Protein Homology.; hypothetical protein
	[339667:340620:rev] Derived by automated computational analysis using gene prediction method: Protein Homology.; NAD(P)-binding domain-containing protein
	[340657:341511:rev] rfbD; Derived by automated computational analysis using gene prediction method: Protein Homology.; dTDP-4-dehydrorhamnose reductase
	[341508:342566:rev] Derived by automated computational analysis using gene prediction method: Protein Homology.; NAD(P)-dependent oxidoreductase
	[342536:343051:rev] Derived by automated computational analysis using gene prediction method: Protein Homology.; dTDP-4-dehydrorhamnose 3,5-epimerase family protein
	[343048:344106:rev] Derived by automated computational analysis using gene prediction method: Protein Homology.; glucose-1-phosphate thymidylyltransferase
	[344286:344861:dir] Derived by automated computational analysis using gene prediction method: GeneMarkS-2+.; hypothetical protein
	[345178:345510:dir] Derived by automated computational analysis using gene prediction method: GeneMarkS-2+.; hypothetical protein
	[346600:346854:rev] Derived by automated computational analysis using gene prediction method: GeneMarkS-2+.; hypothetical protein
	[346859:348049:rev] Derived by automated computational analysis using gene prediction method: GeneMarkS-2+.; hypothetical protein
	[348245:348460:rev] Derived by automated computational analysis using gene prediction method: GeneMarkS-2+.; hypothetical protein
	[348465:348719:rev] Derived by automated computational analysis using gene prediction method: GeneMarkS-2+.; hypothetical protein
	[348726:349478:rev] Derived by automated computational analysis using gene prediction method: GeneMarkS-2+.; hypothetical protein
	[350188:351543:rev] Derived by automated computational analysis using gene prediction method: GeneMarkS-2+.; hypothetical protein
	[352204:352416:dir] Derived by automated computational analysis using gene prediction method: Protein Homology.; cold shock domain-containing protein
	[352405:353583:rev] Derived by automated computational analysis using gene prediction method: Protein Homology.; cation:proton antiporter
	[353654:353935:rev] Derived by automated computational analysis using gene prediction method: Protein Homology.; DUF1294 domain-containing protein
	[354023:355282:dir] Derived by automated computational analysis using gene prediction method: Protein Homology.; amino acid permease
	[355329:357110:rev] Derived by automated computational analysis using gene prediction method: Protein Homology.; hypothetical protein
	[357569:359062:rev] Derived by automated computational analysis using gene prediction method: Protein Homology.; NAD(P)/FAD-dependent oxidoreductase
	[359250:359882:rev] Derived by automated computational analysis using gene prediction method: Protein Homology.; AAA family ATPase
	[359998:360459:rev] Derived by automated computational analysis using gene prediction method: GeneMarkS-2+.; hypothetical protein
	[360492:360830:rev] Derived by automated computational analysis using gene prediction method: GeneMarkS-2+.; hypothetical protein
	[361081:361908:rev] Derived by automated computational analysis using gene prediction method: Protein Homology.; CBS domain-containing protein
<END>
<GI> CP060866:3 <COORDINATES> 677691-698832 <STAT> n1_4mer:GRV/n1_4mer:RV = 2.055248; n0_4mer:D = 21.958910; n0_4mer:PS = 36.749127
	[677691:678092:dir] Derived by automated computational analysis using gene prediction method: GeneMarkS-2+.; hypothetical protein
	[678134:678279:rev] Derived by automated computational analysis using gene prediction method: tRNAscan-SE.; tRNA-Arg
	[678450:678569:dir] Derived by automated computational analysis using gene prediction method: tRNAscan-SE.; tRNA-Leu
	[678618:679463:dir] Derived by automated computational analysis using gene prediction method: Protein Homology.; tyrosine-type recombinase/integrase
	[679837:680100:dir] Derived by automated computational analysis using gene prediction method: GeneMarkS-2+.; hypothetical protein
	[680119:680658:dir] Derived by automated computational analysis using gene prediction method: GeneMarkS-2+.; hypothetical protein
	[680939:681553:dir] Derived by automated computational analysis using gene prediction method: Protein Homology.; DUF5343 domain-containing protein
	[681553:682077:dir] Derived by automated computational analysis using gene prediction method: GeneMarkS-2+.; hypothetical protein
	[683403:683702:rev] Derived by automated computational analysis using gene prediction method: GeneMarkS-2+.; hypothetical protein
	[683870:684475:dir] Derived by automated computational analysis using gene prediction method: GeneMarkS-2+.; ArsR family transcriptional regulator
	[684505:685059:rev] Derived by automated computational analysis using gene prediction method: Protein Homology.; M48 family metallopeptidase
	[685043:688072:rev] Derived by automated computational analysis using gene prediction method: Protein Homology.; HsdR family type I site-specific deoxyribonuclease
	[688065:689282:rev] Derived by automated computational analysis using gene prediction method: Protein Homology.; restriction endonuclease subunit S
	[689279:689950:rev] Derived by automated computational analysis using gene prediction method: GeneMarkS-2+.; hypothetical protein
	[689943:691727:rev] Derived by automated computational analysis using gene prediction method: Protein Homology.; SAM-dependent DNA methyltransferase
	[691840:695400:rev] Derived by automated computational analysis using gene prediction method: Protein Homology.; AAA family ATPase
	[696309:697118:rev] Derived by automated computational analysis using gene prediction method: GeneMarkS-2+.; hypothetical protein
	[697429:697689:rev] Derived by automated computational analysis using gene prediction method: Protein Homology.; helix-turn-helix transcriptional regulator
	[697813:698304:dir] Derived by automated computational analysis using gene prediction method: GeneMarkS-2+.; hypothetical protein
	[698587:698832:dir] Derived by automated computational analysis using gene prediction method: GeneMarkS-2+.; hypothetical protein
<END>
<GI> CP060866:4 <COORDINATES> 751413-774725 <STAT> n1_4mer:GRV/n1_4mer:RV = 1.653097; n0_4mer:D = 19.187743; n0_4mer:PS = 33.621635
	[751413:752219:rev] Derived by automated computational analysis using gene prediction method: Protein Homology.; TPM domain-containing protein
	[752249:752830:rev] Derived by automated computational analysis using gene prediction method: Protein Homology.; LemA family protein
	[752959:754548:rev] Derived by automated computational analysis using gene prediction method: Protein Homology.; FMN-binding glutamate synthase family protein
	[754809:755648:rev] Derived by automated computational analysis using gene prediction method: Protein Homology.; hypothetical protein
	[756234:756821:rev] Derived by automated computational analysis using gene prediction method: GeneMarkS-2+.; hypothetical protein
	[756928:758220:rev] Derived by automated computational analysis using gene prediction method: GeneMarkS-2+.; hypothetical protein
	[758301:759266:rev] Derived by automated computational analysis using gene prediction method: GeneMarkS-2+.; hypothetical protein
	[759374:760114:rev] Derived by automated computational analysis using gene prediction method: GeneMarkS-2+.; hypothetical protein
	[760250:760344:dir] Derived by automated computational analysis using gene prediction method: tRNAscan-SE.; tRNA-Gly
	[760548:761990:rev] Derived by automated computational analysis using gene prediction method: Protein Homology.; Ni/Fe hydrogenase subunit alpha
	[761983:762516:rev] Derived by automated computational analysis using gene prediction method: Protein Homology.; oxidoreductase
	[762522:763217:rev] Derived by automated computational analysis using gene prediction method: Protein Homology.; (2Fe-2S)-binding protein
	[763226:764878:rev] Derived by automated computational analysis using gene prediction method: Protein Homology.; SLBB domain-containing protein
	[764865:765404:rev] Derived by automated computational analysis using gene prediction method: Protein Homology.; NAD(P)H-dependent oxidoreductase subunit E
	[765644:765737:dir] Derived by automated computational analysis using gene prediction method: tRNAscan-SE.; tRNA-Gly
	[765966:766895:dir] Derived by automated computational analysis using gene prediction method: GeneMarkS-2+.; hypothetical protein
	[767108:770284:dir] Derived by automated computational analysis using gene prediction method: GeneMarkS-2+.; hypothetical protein
	[770641:771102:dir] brxF; Derived by automated computational analysis using gene prediction method: Protein Homology.; BREX-3 system P-loop-containing protein BrxF
	[771105:774725:dir] Derived by automated computational analysis using gene prediction method: GeneMarkS-2+.; hypothetical protein
<END>
<GI> CP060866:5 <COORDINATES> 777176-810960 <STAT> n1_4mer:GRV/n1_4mer:RV = 1.590504; n0_4mer:D = 24.819055; n0_4mer:PS = 31.285276
	[777176:780058:dir] Derived by automated computational analysis using gene prediction method: Protein Homology.; DEAD/DEAH box helicase family protein
	[780055:781983:dir] pglZ; Derived by automated computational analysis using gene prediction method: Protein Homology.; BREX-3 system phosphatase PglZ
	[781974:782717:dir] Derived by automated computational analysis using gene prediction method: GeneMarkS-2+.; hypothetical protein
	[783044:784288:dir] Derived by automated computational analysis using gene prediction method: Protein Homology.; DUF1073 domain-containing protein
	[784281:785111:dir] Derived by automated computational analysis using gene prediction method: Protein Homology.; DUF2213 domain-containing protein
	[785224:785706:dir] Derived by automated computational analysis using gene prediction method: GeneMarkS-2+.; hypothetical protein
	[785709:786185:dir] Derived by automated computational analysis using gene prediction method: GeneMarkS-2+.; hypothetical protein
	[786199:787080:dir] Derived by automated computational analysis using gene prediction method: Protein Homology.; encapsulin
	[787153:787389:dir] Derived by automated computational analysis using gene prediction method: GeneMarkS-2+.; hypothetical protein
	[787445:787690:dir] Derived by automated computational analysis using gene prediction method: GeneMarkS-2+.; hypothetical protein
	[787735:790641:rev] Derived by automated computational analysis using gene prediction method: GeneMarkS-2+.; hypothetical protein
	[790948:791166:dir] Derived by automated computational analysis using gene prediction method: GeneMarkS-2+.; hypothetical protein
	[791170:791607:dir] Derived by automated computational analysis using gene prediction method: GeneMarkS-2+.; hypothetical protein
	[791608:791775:dir] Derived by automated computational analysis using gene prediction method: GeneMarkS-2+.; hypothetical protein
	[791765:792088:dir] Derived by automated computational analysis using gene prediction method: GeneMarkS-2+.; hypothetical protein
	[792078:792524:dir] Derived by automated computational analysis using gene prediction method: Protein Homology.; hypothetical protein
	[792524:792940:dir] Derived by automated computational analysis using gene prediction method: GeneMarkS-2+.; hypothetical protein
	[792998:793390:dir] Derived by automated computational analysis using gene prediction method: GeneMarkS-2+.; hypothetical protein
	[793405:793827:dir] Derived by automated computational analysis using gene prediction method: GeneMarkS-2+.; hypothetical protein
	[793937:794998:dir] Derived by automated computational analysis using gene prediction method: GeneMarkS-2+.; hypothetical protein
	[794995:795354:dir] Derived by automated computational analysis using gene prediction method: GeneMarkS-2+.; hypothetical protein
	[795366:796724:dir] Derived by automated computational analysis using gene prediction method: GeneMarkS-2+.; hypothetical protein
	[796734:796985:dir] Derived by automated computational analysis using gene prediction method: GeneMarkS-2+.; hypothetical protein
	[797007:797669:dir] Derived by automated computational analysis using gene prediction method: GeneMarkS-2+.; hypothetical protein
	[797733:798134:dir] Derived by automated computational analysis using gene prediction method: GeneMarkS-2+.; hypothetical protein
	[798118:798360:dir] Derived by automated computational analysis using gene prediction method: GeneMarkS-2+.; hypothetical protein
	[798344:798802:dir] Derived by automated computational analysis using gene prediction method: GeneMarkS-2+.; hypothetical protein
	[798759:800210:dir] Derived by automated computational analysis using gene prediction method: Protein Homology.; hypothetical protein
	[800222:800368:dir] Derived by automated computational analysis using gene prediction method: GeneMarkS-2+.; hypothetical protein
	[800365:801795:dir] Derived by automated computational analysis using gene prediction method: Protein Homology.; ATP-binding cassette domain-containing protein
	[801903:802196:rev] Derived by automated computational analysis using gene prediction method: Protein Homology.; winged helix-turn-helix domain-containing protein
	[802357:802788:dir] Derived by automated computational analysis using gene prediction method: Protein Homology.; AIR carboxylase family protein
	[802824:804371:dir] ppcA; Derived by automated computational analysis using gene prediction method: Protein Homology.; phosphoenolpyruvate carboxylase
	[804467:804871:dir] Derived by automated computational analysis using gene prediction method: Protein Homology.; hypothetical protein
	[804952:807705:dir] Derived by automated computational analysis using gene prediction method: Protein Homology.; cation-translocating P-type ATPase
	[807912:808106:dir] Derived by automated computational analysis using gene prediction method: GeneMarkS-2+.; hypothetical protein
	[808300:808689:dir] Derived by automated computational analysis using gene prediction method: GeneMarkS-2+.; hypothetical protein
	[808809:809051:dir] Derived by automated computational analysis using gene prediction method: GeneMarkS-2+.; hypothetical protein
	[809087:809437:dir] Derived by automated computational analysis using gene prediction method: GeneMarkS-2+.; hypothetical protein
	[809458:810960:dir] Derived by automated computational analysis using gene prediction method: Protein Homology.; site-specific integrase
<END>
<GI> CP060866:6 <COORDINATES> 829328-852099 <STAT> n1_4mer:GRV/n1_4mer:RV = 1.513624; n0_4mer:D = 24.045477; n0_4mer:PS = 35.832623
	[829328:830374:rev] hypE; Derived by automated computational analysis using gene prediction method: Protein Homology.; hydrogenase expression/formation protein HypE
	[830525:831460:dir] Derived by automated computational analysis using gene prediction method: Protein Homology.; 4Fe-4S dicluster domain-containing protein
	[831461:833875:dir] Derived by automated computational analysis using gene prediction method: Protein Homology.; hydrogenase iron-sulfur subunit
	[833921:836065:rev] Derived by automated computational analysis using gene prediction method: Protein Homology.; right-handed parallel beta-helix repeat-containing protein
	[836287:836724:rev] Derived by automated computational analysis using gene prediction method: Protein Homology.; NusA-like transcription termination signal-binding factor
	[836730:837032:rev] Derived by automated computational analysis using gene prediction method: Protein Homology.; 50S ribosomal protein L30e
	[837029:840850:rev] Derived by automated computational analysis using gene prediction method: Protein Homology.; DNA-directed RNA polymerase subunit A'
	[840852:844214:rev] Derived by automated computational analysis using gene prediction method: Protein Homology.; DNA-directed RNA polymerase subunit B
	[844599:844856:dir] Derived by automated computational analysis using gene prediction method: Protein Homology.; hypothetical protein
	[844927:845277:dir] Derived by automated computational analysis using gene prediction method: GeneMarkS-2+.; hypothetical protein
	[845647:846159:dir] Derived by automated computational analysis using gene prediction method: GeneMarkS-2+.; hypothetical protein
	[846198:846698:rev] Derived by automated computational analysis using gene prediction method: GeneMarkS-2+.; alpha-ribazole phosphatase CobZ
	[846820:847908:dir] Derived by automated computational analysis using gene prediction method: Protein Homology.; TIGR00303 family protein
	[847962:848546:dir] Derived by automated computational analysis using gene prediction method: GeneMarkS-2+.; hypothetical protein
	[848556:848840:rev] Derived by automated computational analysis using gene prediction method: Protein Homology.; 4Fe-4S dicluster domain-containing protein
	[848925:849248:dir] Derived by automated computational analysis using gene prediction method: Protein Homology.; winged helix-turn-helix transcriptional regulator
	[849276:849437:dir] Derived by automated computational analysis using gene prediction method: GeneMarkS-2+.; hypothetical protein
	[849512:850303:rev] arsM; Derived by automated computational analysis using gene prediction method: Protein Homology.; arsenite methyltransferase
	[850419:850799:dir] Derived by automated computational analysis using gene prediction method: Protein Homology.; winged helix-turn-helix transcriptional regulator
	[850810:851211:dir] Derived by automated computational analysis using gene prediction method: Protein Homology.; arsenate reductase ArsC
	[851641:851718:rev] Derived by automated computational analysis using gene prediction method: tRNAscan-SE.; tRNA-Asp
<END>
<GI> CP060866:7 <COORDINATES> 885075-908099 <STAT> n1_4mer:GRV/n1_4mer:RV = 1.302007; n0_4mer:D = 20.038911; n0_4mer:PS = 33.968815
	[885075:886964:rev] dnaK; Derived by automated computational analysis using gene prediction method: Protein Homology.; molecular chaperone DnaK
	[886957:887529:rev] Derived by automated computational analysis using gene prediction method: Protein Homology.; nucleotide exchange factor GrpE
	[887501:888178:rev] Derived by automated computational analysis using gene prediction method: Protein Homology.; ArsR family transcriptional regulator
	[888439:888879:dir] Derived by automated computational analysis using gene prediction method: Protein Homology.; cobalamin B12-binding domain-containing protein
	[889024:889509:rev] Derived by automated computational analysis using gene prediction method: GeneMarkS-2+.; hypothetical protein
	[889767:890699:rev] guaA; Derived by automated computational analysis using gene prediction method: Protein Homology.; glutamine-hydrolyzing GMP synthase subunit GuaA
	[891274:891444:dir] Derived by automated computational analysis using gene prediction method: GeneMarkS-2+.; hypothetical protein
	[891596:893464:dir] Derived by automated computational analysis using gene prediction method: Protein Homology.; right-handed parallel beta-helix repeat-containing protein
	[893461:894636:dir] Derived by automated computational analysis using gene prediction method: Protein Homology.; right-handed parallel beta-helix repeat-containing protein
	[894861:896138:dir] Derived by automated computational analysis using gene prediction method: Protein Homology.; class II fructose-bisphosphate aldolase
	[896208:896684:rev] Derived by automated computational analysis using gene prediction method: Protein Homology.; Lrp/AsnC family transcriptional regulator
	[896690:897169:rev] Derived by automated computational analysis using gene prediction method: Protein Homology.; Lrp/AsnC family transcriptional regulator
	[897392:897724:dir] Derived by automated computational analysis using gene prediction method: GeneMarkS-2+.; hypothetical protein
	[897741:898988:dir] Derived by automated computational analysis using gene prediction method: Protein Homology.; Glu/Leu/Phe/Val dehydrogenase
	[899064:900041:dir] Derived by automated computational analysis using gene prediction method: Protein Homology.; DUF128 domain-containing protein
	[900104:900502:dir] Derived by automated computational analysis using gene prediction method: GeneMarkS-2+.; hypothetical protein
	[900591:901616:rev] Derived by automated computational analysis using gene prediction method: Protein Homology.; nucleotidyl transferase AbiEii/AbiGii toxin family protein
	[901555:902370:rev] Derived by automated computational analysis using gene prediction method: Protein Homology.; hypothetical protein
	[903096:903320:dir] Derived by automated computational analysis using gene prediction method: GeneMarkS-2+.; hypothetical protein
	[903363:903437:rev] Derived by automated computational analysis using gene prediction method: tRNAscan-SE.; tRNA-Ile
	[903537:904031:rev] Derived by automated computational analysis using gene prediction method: GeneMarkS-2+.; hypothetical protein
	[904156:905610:rev] Derived by automated computational analysis using gene prediction method: Protein Homology.; molybdopterin-dependent oxidoreductase
	[905854:905954:dir] Derived by automated computational analysis using gene prediction method: tRNAscan-SE.; tRNA-Arg
	[906084:907994:dir] acs; Derived by automated computational analysis using gene prediction method: Protein Homology.; acetate--CoA ligase
<END>
<GI> CP060866:8 <COORDINATES> 1337463-1369399 <STAT> n1_4mer:GRV/n1_4mer:RV = 1.719652; n0_4mer:D = 21.699707; n0_4mer:PS = 36.019535
	[1337463:1340159:rev] Derived by automated computational analysis using gene prediction method: Protein Homology.; cation-translocating P-type ATPase
	[1340332:1340598:rev] Derived by automated computational analysis using gene prediction method: GeneMarkS-2+.; hypothetical protein
	[1340691:1341038:dir] Derived by automated computational analysis using gene prediction method: GeneMarkS-2+.; hypothetical protein
	[1341181:1342089:dir] Derived by automated computational analysis using gene prediction method: GeneMarkS-2+.; hypothetical protein
	[1342108:1344156:rev] brxL; Derived by automated computational analysis using gene prediction method: Protein Homology.; protease Lon-related BREX system protein BrxL
	[1344153:1346501:rev] pglZ; Derived by automated computational analysis using gene prediction method: Protein Homology.; BREX-1 system phosphatase PglZ type B
	[1346530:1349970:rev] brxC; Derived by automated computational analysis using gene prediction method: Protein Homology.; BREX system P-loop protein BrxC
	[1349994:1353419:rev] Derived by automated computational analysis using gene prediction method: Protein Homology.; N-6 DNA methylase
	[1353422:1353970:rev] Derived by automated computational analysis using gene prediction method: Protein Homology.; DUF1788 domain-containing protein
	[1353957:1354760:rev] Derived by automated computational analysis using gene prediction method: Protein Homology.; hypothetical protein
	[1354979:1355491:dir] Derived by automated computational analysis using gene prediction method: GeneMarkS-2+.; hypothetical protein
	[1355522:1356094:dir] Derived by automated computational analysis using gene prediction method: GeneMarkS-2+.; hypothetical protein
	[1356104:1356829:rev] Derived by automated computational analysis using gene prediction method: Protein Homology.; phosphoadenosine phosphosulfate reductase family protein
	[1357079:1357267:rev] Derived by automated computational analysis using gene prediction method: Protein Homology.; ribbon-helix-helix protein, CopG family
	[1357385:1358620:dir] Derived by automated computational analysis using gene prediction method: Protein Homology.; DUF1073 domain-containing protein
	[1358622:1359452:dir] Derived by automated computational analysis using gene prediction method: Protein Homology.; DUF2213 domain-containing protein
	[1359566:1360048:dir] Derived by automated computational analysis using gene prediction method: GeneMarkS-2+.; hypothetical protein
	[1360051:1360527:dir] Derived by automated computational analysis using gene prediction method: GeneMarkS-2+.; hypothetical protein
	[1360541:1361422:dir] Derived by automated computational analysis using gene prediction method: Protein Homology.; encapsulin
	[1361495:1361731:dir] Derived by automated computational analysis using gene prediction method: GeneMarkS-2+.; hypothetical protein
	[1361782:1362039:dir] Derived by automated computational analysis using gene prediction method: GeneMarkS-2+.; hypothetical protein
	[1362068:1362856:rev] Derived by automated computational analysis using gene prediction method: GeneMarkS-2+.; hypothetical protein
	[1362946:1363494:dir] Derived by automated computational analysis using gene prediction method: GeneMarkS-2+.; hypothetical protein
	[1363623:1363841:dir] Derived by automated computational analysis using gene prediction method: GeneMarkS-2+.; hypothetical protein
	[1363845:1364282:dir] Derived by automated computational analysis using gene prediction method: GeneMarkS-2+.; hypothetical protein
	[1364440:1364763:dir] Derived by automated computational analysis using gene prediction method: GeneMarkS-2+.; hypothetical protein
	[1364753:1365199:dir] Derived by automated computational analysis using gene prediction method: GeneMarkS-2+.; hypothetical protein
	[1365199:1365615:dir] Derived by automated computational analysis using gene prediction method: GeneMarkS-2+.; hypothetical protein
	[1365673:1366065:dir] Derived by automated computational analysis using gene prediction method: GeneMarkS-2+.; hypothetical protein
	[1366080:1366502:dir] Derived by automated computational analysis using gene prediction method: GeneMarkS-2+.; hypothetical protein
	[1366612:1367673:dir] Derived by automated computational analysis using gene prediction method: GeneMarkS-2+.; hypothetical protein
	[1367670:1368029:dir] Derived by automated computational analysis using gene prediction method: GeneMarkS-2+.; hypothetical protein
	[1368041:1369399:dir] Derived by automated computational analysis using gene prediction method: GeneMarkS-2+.; hypothetical protein
<END>
<GI> CP060866:9 <COORDINATES> 1544000-1566678 <STAT> n1_4mer:GRV/n1_4mer:RV = 1.432075; n0_4mer:D = 19.759241; n0_4mer:PS = 13.533926
	[1544055:1544192:dir] Derived by automated computational analysis using gene prediction method: GeneMarkS-2+.; hypothetical protein
	[1544220:1544738:dir] Derived by automated computational analysis using gene prediction method: Protein Homology.; GNAT family N-acetyltransferase
	[1544837:1544910:dir] Derived by automated computational analysis using gene prediction method: tRNAscan-SE.; tRNA-Thr
	[1545115:1545975:dir] Derived by automated computational analysis using gene prediction method: Protein Homology.; TIR domain-containing protein
	[1545993:1546529:dir] Derived by automated computational analysis using gene prediction method: GeneMarkS-2+.; hypothetical protein
	[1546585:1547988:dir] Derived by automated computational analysis using gene prediction method: Protein Homology.; toll/interleukin-1 receptor domain-containing protein
	[1547978:1549555:dir] Derived by automated computational analysis using gene prediction method: GeneMarkS-2+.; hypothetical protein
	[1549787:1550683:dir] Derived by automated computational analysis using gene prediction method: Protein Homology.; restriction endonuclease
	[1550683:1551792:dir] Derived by automated computational analysis using gene prediction method: Protein Homology.; HNH endonuclease
	[1552533:1553087:rev] Derived by automated computational analysis using gene prediction method: GeneMarkS-2+.; hypothetical protein
	[1553252:1554802:dir] Derived by automated computational analysis using gene prediction method: GeneMarkS-2+.; MBL fold metallo-hydrolase
	[1555377:1557101:dir] Derived by automated computational analysis using gene prediction method: Protein Homology.; AAA family ATPase
	[1557145:1557915:rev] Derived by automated computational analysis using gene prediction method: Protein Homology.; HD domain-containing protein
	[1558022:1558180:rev] Derived by automated computational analysis using gene prediction method: GeneMarkS-2+.; hypothetical protein
	[1558329:1558493:dir] Derived by automated computational analysis using gene prediction method: GeneMarkS-2+.; hypothetical protein
	[1558503:1558778:dir] Derived by automated computational analysis using gene prediction method: GeneMarkS-2+.; hypothetical protein
	[1559259:1559471:dir] Derived by automated computational analysis using gene prediction method: GeneMarkS-2+.; hypothetical protein
	[1559560:1560834:dir] Derived by automated computational analysis using gene prediction method: GeneMarkS-2+.; hypothetical protein
	[1560921:1561433:rev] Derived by automated computational analysis using gene prediction method: GeneMarkS-2+.; hypothetical protein
	[1561423:1562475:rev] Derived by automated computational analysis using gene prediction method: GeneMarkS-2+.; hypothetical protein
	[1562792:1563571:dir] Derived by automated computational analysis using gene prediction method: Protein Homology.; hypothetical protein
	[1563749:1564633:dir] Derived by automated computational analysis using gene prediction method: Protein Homology.; HD domain-containing protein
	[1564744:1566678:rev] Derived by automated computational analysis using gene prediction method: Protein Homology.; aconitate hydratase
<END>
<GI> CP060866:10 <COORDINATES> 1802856-1821312 <STAT> n1_4mer:GRV/n1_4mer:RV = 1.501692; n0_4mer:D = 20.999514; n0_4mer:PS = 32.884639
	[1802856:1803674:dir] Derived by automated computational analysis using gene prediction method: Protein Homology.; ABC transporter ATP-binding protein
	[1803761:1804513:dir] Derived by automated computational analysis using gene prediction method: Protein Homology.; adenosylcobinamide amidohydrolase
	[1804542:1805405:dir] Derived by automated computational analysis using gene prediction method: Protein Homology.; ATP-binding cassette domain-containing protein
	[1805417:1806157:dir] Derived by automated computational analysis using gene prediction method: Protein Homology.; ABC transporter permease
	[1806182:1807006:rev] cobJ; Derived by automated computational analysis using gene prediction method: Protein Homology.; precorrin-3B C(17)-methyltransferase
	[1806904:1808025:rev] Derived by automated computational analysis using gene prediction method: Protein Homology.; cobalamin biosynthesis protein
	[1807973:1808746:rev] cobM; Derived by automated computational analysis using gene prediction method: Protein Homology.; precorrin-4 C(11)-methyltransferase
	[1808743:1809480:rev] cobI; Derived by automated computational analysis using gene prediction method: Protein Homology.; precorrin-2 C(20)-methyltransferase
	[1809490:1810089:rev] cbiT; Derived by automated computational analysis using gene prediction method: Protein Homology.; precorrin-6Y C5,15-methyltransferase (decarboxylating) subunit CbiT
	[1810113:1810766:rev] cbiE; Derived by automated computational analysis using gene prediction method: Protein Homology.; precorrin-6y C5,15-methyltransferase (decarboxylating) subunit CbiE
	[1810763:1811848:rev] cbiD; Derived by automated computational analysis using gene prediction method: Protein Homology.; cobalamin biosynthesis protein CbiD
	[1811868:1814228:rev] Derived by automated computational analysis using gene prediction method: Protein Homology.; glutamyl-tRNA reductase
	[1814300:1815859:dir] Derived by automated computational analysis using gene prediction method: Protein Homology.; AAA family ATPase
	[1815862:1816536:dir] Derived by automated computational analysis using gene prediction method: Protein Homology.; bifunctional precorrin-2 dehydrogenase/sirohydrochlorin ferrochelatase
	[1816560:1817522:dir] hemB; Derived by automated computational analysis using gene prediction method: Protein Homology.; porphobilinogen synthase
	[1817504:1818823:dir] hemL; Derived by automated computational analysis using gene prediction method: Protein Homology.; glutamate-1-semialdehyde 2,1-aminomutase
	[1818820:1819752:dir] hemC; Derived by automated computational analysis using gene prediction method: Protein Homology.; hydroxymethylbilane synthase
	[1819739:1820494:dir] cobA; Derived by automated computational analysis using gene prediction method: Protein Homology.; uroporphyrinogen-III C-methyltransferase
	[1820470:1821312:dir] Derived by automated computational analysis using gene prediction method: Protein Homology.; uroporphyrinogen-III synthase
<END>