<GI> CP061211:1 <COORDINATES> 120353-140849 <STAT> n1_4mer:GRV/n1_4mer:RV = 2.230859; n0_4mer:D = 16.848249; n0_4mer:PS = 32.136984
	[120353:121576:dir] Derived by automated computational analysis using gene prediction method: Protein Homology.; hypothetical protein
	[121573:122298:rev] Derived by automated computational analysis using gene prediction method: Protein Homology.; ZIP family metal transporter
	[122303:122584:rev] Derived by automated computational analysis using gene prediction method: Protein Homology.; demethoxyubiquinone hydroxylase family protein
	[122675:122938:dir] Derived by automated computational analysis using gene prediction method: GeneMarkS-2+.; hypothetical protein
	[122939:123835:rev] Derived by automated computational analysis using gene prediction method: Protein Homology.; ATP-binding protein
	[123832:124671:rev] Derived by automated computational analysis using gene prediction method: Protein Homology.; ATP-binding protein
	[124803:125201:rev] Derived by automated computational analysis using gene prediction method: Protein Homology.; NifB/NifX family molybdenum-iron cluster-binding protein
	[125278:125484:rev] Derived by automated computational analysis using gene prediction method: Protein Homology.; hypothetical protein
	[125519:126022:rev] Derived by automated computational analysis using gene prediction method: Protein Homology.; DUF134 domain-containing protein
	[126105:126545:rev] Derived by automated computational analysis using gene prediction method: Protein Homology.; DUF5320 domain-containing protein
	[126675:127829:rev] Derived by automated computational analysis using gene prediction method: GeneMarkS-2+.; hypothetical protein
	[127826:128434:rev] Derived by automated computational analysis using gene prediction method: GeneMarkS-2+.; HEAT repeat domain-containing protein
	[128479:129066:rev] Derived by automated computational analysis using gene prediction method: Protein Homology.; AAA family ATPase
	[129156:129545:dir] Derived by automated computational analysis using gene prediction method: GeneMarkS-2+.; hypothetical protein
	[129550:130350:rev] Derived by automated computational analysis using gene prediction method: Protein Homology.; hypothetical protein
	[130358:130648:rev] Derived by automated computational analysis using gene prediction method: GeneMarkS-2+.; hypothetical protein
	[130670:130972:rev] Derived by automated computational analysis using gene prediction method: Protein Homology.; hypothetical protein
	[130974:132974:rev] Derived by automated computational analysis using gene prediction method: Protein Homology.; minichromosome maintenance protein MCM
	[133113:133721:rev] Derived by automated computational analysis using gene prediction method: Protein Homology.; TATA-box-binding protein
	[133779:134519:rev] Derived by automated computational analysis using gene prediction method: Protein Homology.; rhomboid family intramembrane serine protease
	[134521:135204:rev] Derived by automated computational analysis using gene prediction method: Protein Homology.; hypothetical protein
	[135282:135854:dir] Derived by automated computational analysis using gene prediction method: GeneMarkS-2+.; hypothetical protein
	[135866:136249:dir] Derived by automated computational analysis using gene prediction method: GeneMarkS-2+.; hypothetical protein
	[136221:136856:rev] Derived by automated computational analysis using gene prediction method: GeneMarkS-2+.; hypothetical protein
	[136906:137406:rev] Derived by automated computational analysis using gene prediction method: GeneMarkS-2+.; hypothetical protein
	[137499:137885:rev] Derived by automated computational analysis using gene prediction method: GeneMarkS-2+.; hypothetical protein
	[137989:138177:dir] Derived by automated computational analysis using gene prediction method: GeneMarkS-2+.; hypothetical protein
	[138170:138805:dir] Derived by automated computational analysis using gene prediction method: GeneMarkS-2+.; hypothetical protein
	[138795:139943:rev] Derived by automated computational analysis using gene prediction method: Protein Homology.; N-6 DNA methylase
	[139947:140849:rev] Derived by automated computational analysis using gene prediction method: Protein Homology.; IS1/IS6 family transposase
<END>
<GI> CP061211:2 <COORDINATES> 179420-204180 <STAT> n1_4mer:GRV/n1_4mer:RV = 2.395384; n0_4mer:D = 18.388761; n0_4mer:PS = 31.988772
	[179420:180034:dir] Derived by automated computational analysis using gene prediction method: Protein Homology.; hypothetical protein
	[180090:180371:dir] Derived by automated computational analysis using gene prediction method: GeneMarkS-2+.; hypothetical protein
	[180373:181050:dir] Derived by automated computational analysis using gene prediction method: GeneMarkS-2+.; hypothetical protein
	[181082:182311:dir] Derived by automated computational analysis using gene prediction method: Protein Homology.; translation initiation factor IF-2 subunit gamma
	[182351:182944:dir] Derived by automated computational analysis using gene prediction method: GeneMarkS-2+.; hypothetical protein
	[182946:183257:dir] Derived by automated computational analysis using gene prediction method: GeneMarkS-2+.; hypothetical protein
	[183207:183986:rev] lgt; Derived by automated computational analysis using gene prediction method: Protein Homology.; prolipoprotein diacylglyceryl transferase
	[184092:184550:dir] Derived by automated computational analysis using gene prediction method: GeneMarkS-2+.; hypothetical protein
	[184537:185700:dir] Derived by automated computational analysis using gene prediction method: GeneMarkS-2+.; hypothetical protein
	[185697:186746:dir] Derived by automated computational analysis using gene prediction method: Protein Homology.; metallophosphoesterase family protein
	[186952:188396:dir] 16S ribosomal RNA
	[188480:188600:dir] Derived by automated computational analysis using gene prediction method: tRNAscan-SE.; tRNA-Ala
	[188778:191609:dir] 23S ribosomal RNA
	[191786:193279:dir] Derived by automated computational analysis using gene prediction method: GeneMarkS-2+.; hypothetical protein
	[193281:194054:dir] Derived by automated computational analysis using gene prediction method: GeneMarkS-2+.; hypothetical protein
	[194036:194893:dir] Derived by automated computational analysis using gene prediction method: GeneMarkS-2+.; hypothetical protein
	[194896:196299:dir] Derived by automated computational analysis using gene prediction method: GeneMarkS-2+.; hypothetical protein
	[196296:196664:rev] Derived by automated computational analysis using gene prediction method: Protein Homology.; hypothetical protein
	[196669:196983:rev] Derived by automated computational analysis using gene prediction method: GeneMarkS-2+.; hypothetical protein
	[197000:199399:rev] Derived by automated computational analysis using gene prediction method: GeneMarkS-2+.; hypothetical protein
	[199489:201903:dir] Derived by automated computational analysis using gene prediction method: Protein Homology.; valine--tRNA ligase
	[201900:203162:rev] Derived by automated computational analysis using gene prediction method: Protein Homology.; B12-binding domain-containing radical SAM protein
	[203131:204180:rev] Derived by automated computational analysis using gene prediction method: Protein Homology.; ABC transporter substrate-binding protein
<END>
<GI> CP061211:3 <COORDINATES> 380488-399939 <STAT> n1_4mer:GRV/n1_4mer:RV = 1.593386; n0_4mer:D = 17.053745; n0_4mer:PS = 23.921915
	[380488:381030:rev] Derived by automated computational analysis using gene prediction method: GeneMarkS-2+.; hypothetical protein
	[381081:381653:dir] Derived by automated computational analysis using gene prediction method: Protein Homology.; hypothetical protein
	[381684:383156:dir] lysS; Derived by automated computational analysis using gene prediction method: Protein Homology.; lysine--tRNA ligase
	[383207:383371:dir] Derived by automated computational analysis using gene prediction method: Protein Homology.; hypothetical protein
	[383393:383560:dir] Derived by automated computational analysis using gene prediction method: Protein Homology.; DUF1931 family protein
	[383535:383861:rev] Derived by automated computational analysis using gene prediction method: GeneMarkS-2+.; hypothetical protein
	[383912:384295:dir] Derived by automated computational analysis using gene prediction method: Protein Homology.; Holliday junction resolvase
	[384331:384401:dir] Derived by automated computational analysis using gene prediction method: tRNAscan-SE.; tRNA-Trp
	[384499:387930:rev] Derived by automated computational analysis using gene prediction method: GeneMarkS-2+.; hypothetical protein
	[387927:388169:rev] Derived by automated computational analysis using gene prediction method: GeneMarkS-2+.; hypothetical protein
	[388177:388485:rev] Derived by automated computational analysis using gene prediction method: GeneMarkS-2+.; hypothetical protein
	[388487:390310:rev] Derived by automated computational analysis using gene prediction method: GeneMarkS-2+.; hypothetical protein
	[390322:391146:rev] Derived by automated computational analysis using gene prediction method: GeneMarkS-2+.; hypothetical protein
	[391215:391952:rev] pcn; Derived by automated computational analysis using gene prediction method: Protein Homology.; proliferating cell nuclear antigen (pcna)
	[392073:393197:dir] Derived by automated computational analysis using gene prediction method: GeneMarkS-2+.; hypothetical protein
	[393268:394680:dir] Derived by automated computational analysis using gene prediction method: Protein Homology.; hypothetical protein
	[394687:397041:dir] Derived by automated computational analysis using gene prediction method: GeneMarkS-2+.; hypothetical protein
	[397090:399456:dir] Derived by automated computational analysis using gene prediction method: GeneMarkS-2+.; hypothetical protein
	[399466:399939:rev] Derived by automated computational analysis using gene prediction method: GeneMarkS-2+.; hypothetical protein
<END>
<GI> CP061211:4 <COORDINATES> 433751-457613 <STAT> n1_4mer:GRV/n1_4mer:RV = 3.448020; n0_4mer:D = 19.318458; n0_4mer:PS = 33.471706
	[433751:434419:rev] Derived by automated computational analysis using gene prediction method: Protein Homology.; 50S ribosomal protein L11
	[434535:434792:rev] Derived by automated computational analysis using gene prediction method: Protein Homology.; 50S ribosomal protein L35ae
	[434794:436605:rev] Derived by automated computational analysis using gene prediction method: Protein Homology.; nucleotidyltransferase domain-containing protein
	[436667:436739:dir] Derived by automated computational analysis using gene prediction method: tRNAscan-SE.; tRNA-Val
	[436755:437441:dir] Derived by automated computational analysis using gene prediction method: GeneMarkS-2+.; hypothetical protein
	[437538:438509:dir] rplC; Derived by automated computational analysis using gene prediction method: Protein Homology.; 50S ribosomal protein L3
	[438511:439287:dir] rplD; Derived by automated computational analysis using gene prediction method: Protein Homology.; 50S ribosomal protein L4
	[439284:439535:dir] rplW; Derived by automated computational analysis using gene prediction method: Protein Homology.; 50S ribosomal protein L23
	[439537:440238:dir] rpl2p; one of the primary rRNA-binding proteins; required for association of the 30S and 50S subunits to form the 70S ribosome, for tRNA binding and peptide bond formation; Derived by automated computational analysis using gene prediction method: Protein Homology.; 50S ribosomal protein L2
	[440240:440626:dir] Derived by automated computational analysis using gene prediction method: Protein Homology.; 30S ribosomal protein S19
	[440634:441230:dir] rplV; Derived by automated computational analysis using gene prediction method: Protein Homology.; 50S ribosomal protein L22
	[441227:441991:dir] Derived by automated computational analysis using gene prediction method: Protein Homology.; 30S ribosomal protein S3
	[441993:442187:dir] rpmC; Derived by automated computational analysis using gene prediction method: Protein Homology.; 50S ribosomal protein L29
	[442189:442479:dir] yciH; Derived by automated computational analysis using gene prediction method: Protein Homology.; stress response translation initiation inhibitor YciH
	[442503:442724:dir] Derived by automated computational analysis using gene prediction method: Protein Homology.; ribonuclease P protein subunit
	[442681:443019:dir] rpsQ; Derived by automated computational analysis using gene prediction method: Protein Homology.; 30S ribosomal protein S17
	[443021:443422:dir] Derived by automated computational analysis using gene prediction method: Protein Homology.; uL14 family ribosomal protein
	[443426:443818:dir] Derived by automated computational analysis using gene prediction method: Protein Homology.; 50S ribosomal protein L24
	[443820:444482:dir] Derived by automated computational analysis using gene prediction method: Protein Homology.; KOW motif-containing protein
	[444479:444982:dir] rplE; Derived by automated computational analysis using gene prediction method: Protein Homology.; 50S ribosomal protein L5
	[444984:445214:dir] Derived by automated computational analysis using gene prediction method: Protein Homology.; 30S ribosomal protein S14
	[445217:445603:dir] Derived by automated computational analysis using gene prediction method: Protein Homology.; 30S ribosomal protein S8
	[445605:446162:dir] rplF; Derived by automated computational analysis using gene prediction method: Protein Homology.; 50S ribosomal protein L6
	[446159:446767:dir] Derived by automated computational analysis using gene prediction method: Protein Homology.; hypothetical protein
	[446764:447192:dir] Derived by automated computational analysis using gene prediction method: Protein Homology.; 50S ribosomal protein L19e
	[447189:447689:dir] Derived by automated computational analysis using gene prediction method: Protein Homology.; 50S ribosomal protein L18
	[447808:448521:dir] Derived by automated computational analysis using gene prediction method: Protein Homology.; 30S ribosomal protein S5
	[448527:448964:dir] Derived by automated computational analysis using gene prediction method: Protein Homology.; 50S ribosomal protein L30
	[448966:449406:dir] Derived by automated computational analysis using gene prediction method: Protein Homology.; uL15 family ribosomal protein
	[449433:450779:dir] secY; Derived by automated computational analysis using gene prediction method: Protein Homology.; preprotein translocase subunit SecY
	[450835:451287:dir] Derived by automated computational analysis using gene prediction method: Protein Homology.; DUF106 domain-containing protein
	[451289:451711:dir] pfdA; Derived by automated computational analysis using gene prediction method: Protein Homology.; prefoldin subunit alpha
	[451701:452537:rev] Derived by automated computational analysis using gene prediction method: Protein Homology.; hypothetical protein
	[452643:453521:dir] Derived by automated computational analysis using gene prediction method: Protein Homology.; stage II sporulation protein M
	[453532:454776:dir] Derived by automated computational analysis using gene prediction method: Protein Homology.; oligosaccharide flippase family protein
	[454824:457613:dir] Derived by automated computational analysis using gene prediction method: Protein Homology.; hypothetical protein
<END>
<GI> CP061211:5 <COORDINATES> 585500-608430 <STAT> n1_4mer:GRV/n1_4mer:RV = 1.665662; n0_4mer:D = 19.773612; n0_4mer:PS = 40.189814
	[585571:585786:dir] Derived by automated computational analysis using gene prediction method: GeneMarkS-2+.; hypothetical protein
	[585786:586205:dir] Derived by automated computational analysis using gene prediction method: Protein Homology.; PIN domain-containing protein
	[586242:588080:rev] recJ; Derived by automated computational analysis using gene prediction method: Protein Homology.; single-stranded-DNA-specific exonuclease RecJ
	[588232:588354:dir] Derived by automated computational analysis using gene prediction method: tRNAscan-SE.; tRNA-Thr
	[588392:588790:dir] Derived by automated computational analysis using gene prediction method: Protein Homology.; arsenate reductase ArsC
	[588864:589256:dir] Derived by automated computational analysis using gene prediction method: GeneMarkS-2+.; hypothetical protein
	[589262:589465:dir] Derived by automated computational analysis using gene prediction method: GeneMarkS-2+.; hypothetical protein
	[589546:589618:dir] Derived by automated computational analysis using gene prediction method: tRNAscan-SE.; tRNA-Val
	[589660:589995:dir] Derived by automated computational analysis using gene prediction method: Protein Homology.; DUF4870 domain-containing protein
	[590099:591967:dir] Derived by automated computational analysis using gene prediction method: GeneMarkS-2+.; hypothetical protein
	[591964:599652:dir] Derived by automated computational analysis using gene prediction method: Protein Homology.; M23 family metallopeptidase
	[599674:600072:rev] Derived by automated computational analysis using gene prediction method: GeneMarkS-2+.; hypothetical protein
	[600169:600252:rev] Derived by automated computational analysis using gene prediction method: tRNAscan-SE.; tRNA-Leu
	[600327:600569:rev] Enables 3` processing of polyadenylated mRNAs and tRNA precursors; Derived by automated computational analysis using gene prediction method: Protein Homology.; small nuclear ribonucleoprotein
	[600667:601041:dir] Derived by automated computational analysis using gene prediction method: Protein Homology.; 30S ribosomal protein S8e
	[601130:602074:dir] Derived by automated computational analysis using gene prediction method: Protein Homology.; transcription initiation factor IIB
	[602084:602983:rev] rnz; Derived by automated computational analysis using gene prediction method: Protein Homology.; ribonuclease Z
	[603080:603703:dir] endA; Derived by automated computational analysis using gene prediction method: Protein Homology.; tRNA-intron lyase
	[603711:604607:dir] Derived by automated computational analysis using gene prediction method: GeneMarkS-2+.; hypothetical protein
	[604796:604904:dir] Derived by automated computational analysis using gene prediction method: tRNAscan-SE.; tRNA-Gln
	[604947:605348:dir] Derived by automated computational analysis using gene prediction method: Protein Homology.; 30S ribosomal protein S15
	[605397:606791:dir] Derived by automated computational analysis using gene prediction method: Protein Homology.; DHH family phosphoesterase
	[606825:607010:dir] Derived by automated computational analysis using gene prediction method: Protein Homology.; 30S ribosomal protein S27e
	[607025:607666:dir] Derived by automated computational analysis using gene prediction method: Protein Homology.; 3'-5' exonuclease
	[607663:608430:dir] Derived by automated computational analysis using gene prediction method: Protein Homology.; S1 RNA-binding domain-containing protein
<END>