<GI> AP025586:1 <COORDINATES> 51578-74099 <STAT> n1_4mer:GRV/n1_4mer:RV = 2.078638; n0_4mer:D = 16.266415; n0_4mer:PS = 18.796443
	[51578:52063:rev] hypothetical protein
	[52075:52290:rev] hypothetical protein
	[52524:55754:dir] hypothetical protein
	[55766:57193:rev] asparagine synthase
	[62494:62754:rev] CRISPR-associated endonuclease Cas2
	[62754:63725:rev] subtype I-B CRISPR-associated endonuclease Cas1
	[63734:64231:rev] hypothetical protein
	[64241:66616:rev] CRISPR-associated helicase/endonuclease Cas3
	[66603:67313:rev] hypothetical protein
	[67323:68291:rev] type I-B CRISPR-associated protein Cas7/Csh2
	[68284:70074:rev] type I-B CRISPR-associated protein Cas8b/Csh1
	[70080:70787:rev] CRISPR-associated protein Cas6
	[71191:73503:rev] hypothetical protein
	[73750:74064:dir] hypothetical protein
<END>
<GI> AP025586:2 <COORDINATES> 221158-251264 <STAT> n1_4mer:GRV/n1_4mer:RV = 1.910170; n0_4mer:D = 16.602829; n0_4mer:PS = 31.364965
	[221158:222204:rev] hypothetical protein
	[222209:223579:rev] hypothetical protein
	[223576:224619:rev] polyferredoxin
	[224621:225745:rev] hypothetical protein
	[225742:226191:rev] hypothetical protein
	[226230:226622:rev] Ni/Fe hydrogenase
	[226633:226932:rev] hypothetical protein
	[226943:227197:rev] hypothetical protein
	[227208:228068:rev] NADH-ubiquinone oxidoreductase
	[228076:228291:rev] hypothetical protein
	[228299:228970:rev] membrane protein
	[228977:229672:rev] membrane protein
	[229672:230265:rev] hypothetical protein
	[230262:230522:rev] membrane protein
	[230515:230784:rev] hypothetical protein
	[230794:231045:rev] hypothetical protein
	[231050:231547:rev] hypothetical protein
	[231547:231924:rev] hypothetical protein
	[232029:232958:dir] UDP-glucose 4-epimerase-like protein
	[232970:233344:rev] hypothetical protein
	[233580:234131:dir] transcriptional regulator
	[234151:235821:dir] acetyl-CoA synthetase
	[235830:236069:dir] ketoisovalerate oxidoreductase subunit vorC
	[236062:237174:dir] 3-methyl-2-oxobutanoate dehydrogenase subunit VorB
	[237187:238647:dir] ketoisovalerate oxidoreductase
	[238663:239973:dir] glutamyl-tRNA(Gln) amidotransferase subunit D
	[239986:241851:dir] glutamyl-tRNA(Gln) amidotransferase subunit E
	[242016:242219:rev] hypothetical protein
	[242687:243241:dir] hypothetical protein
	[243352:244266:dir] thioredoxin-disulfide reductase
	[244465:244953:dir] hypothetical protein
	[245289:245861:dir] GMP synthase
	[245854:246120:dir] hypothetical protein
	[246139:247065:dir] GMP synthase [glutamine-hydrolyzing] subunit B
	[247153:248328:dir] hypothetical protein
	[248336:249310:dir] hypothetical protein
	[249294:249782:rev] hypothetical protein
	[249792:251264:rev] 2-isopropylmalate synthase
<END>
<GI> AP025586:3 <COORDINATES> 396764-421466 <STAT> n1_4mer:GRV/n1_4mer:RV = 1.792407; n0_4mer:D = 17.330375; n0_4mer:PS = 28.840297
	[396764:399364:dir] ATP-dependent helicase
	[399377:399844:dir] hypothetical protein
	[399850:400218:dir] hypothetical protein
	[400231:400638:dir] hypothetical protein
	[400641:401732:rev] purP; 5-formaminoimidazole-4-carboxamide-1-(beta)-D- ribofuranosyl 5'-monophosphate synthetase
	[401939:402469:dir] phosphodiesterase
	[402473:403105:dir] 23S rRNA (uridine(2552)-2'-O)-methyltransferase
	[403102:403524:rev] hypothetical protein
	[403540:403728:rev] hypothetical protein
	[403661:405661:dir] ATPase AAA
	[405767:406174:dir] translation initiation factor IF-2 subunit beta
	[406204:407247:dir] hypothetical protein
	[407253:408212:dir] tyrosine--tRNA ligase
	[408216:408425:dir] hypothetical protein
	[408719:410104:dir] methanol-5-hydroxybenzimidazolylcobamide methyltransferase
	[410123:410950:dir] methanol-5-hydroxybenzimidazolylcobamide methyltransferase
	[410957:412561:dir] methylamine utilization protein
	[412570:413574:dir] methylcobamide--CoM methyltransferase
	[413571:414122:rev] hypothetical protein
	[414127:414705:rev] thymidylate kinase
	[414883:416361:dir] hypothetical protein
	[416591:419104:dir] peptidase U32
	[419091:421466:dir] protease
<END>
<GI> AP025586:4 <COORDINATES> 434773-452971 <STAT> n1_4mer:GRV/n1_4mer:RV = 2.397962; n0_4mer:D = 16.418410; n0_4mer:PS = 29.169205
	[434773:435267:rev] hypothetical protein
	[435326:436624:rev] hypothetical protein
	[436674:436868:rev] hypothetical protein
	[436953:437192:dir] hypothetical protein
	[437185:438480:dir] hypothetical protein
	[438540:439022:dir] hypothetical protein
	[439356:439709:dir] hypothetical protein
	[440151:441170:dir] cell division protein Fic
	[442362:445337:rev] 23S ribosomal RNA
	[445820:447291:rev] 16S ribosomal RNA
	[447962:448927:dir] 5,10-methylenetetrahydromethanopterin reductase
	[448956:449747:rev] splB; radical SAM protein
	[449939:451021:dir] TIGR01210 family radical SAM protein
	[451058:452350:rev] hypothetical protein
	[452489:452971:dir] hypothetical protein
<END>
<GI> AP025586:5 <COORDINATES> 1081272-1101895 <STAT> n1_4mer:GRV/n1_4mer:RV = 1.589471; n0_4mer:D = 17.987597; n0_4mer:PS = 35.191863
	[1081272:1082192:dir] methanogenesis marker 7 protein
	[1082207:1083454:rev] methanogenesis-associated radical SAM protein
	[1083546:1083737:rev] hypothetical protein
	[1084043:1085374:dir] methyl-coenzyme M reductase
	[1085403:1085870:dir] methyl-coenzyme M reductase
	[1085872:1086471:dir] methyl-coenzyme M reductase
	[1086474:1087235:dir] methyl-coenzyme M reductase
	[1087238:1088893:dir] methyl-coenzyme M reductase
	[1089146:1090024:dir] tetrahydromethanopterin S-methyltransferase subunit E
	[1090038:1090739:dir] tetrahydromethanopterin S-methyltransferase subunit D
	[1090741:1091553:dir] tetrahydromethanopterin S-methyltransferase subunit C
	[1091570:1091899:dir] tetrahydromethanopterin S-methyltransferase subunit B
	[1091900:1092616:dir] tetrahydromethanopterin S-methyltransferase subunit A
	[1092629:1092835:dir] tetrahydromethanopterin S-methyltransferase subunit F
	[1092848:1093093:dir] tetrahydromethanopterin S-methyltransferase subunit G
	[1093106:1094044:dir] tetrahydromethanopterin S-methyltransferase subunit H
	[1094205:1095674:dir] methanogenesis marker 14 protein
	[1095696:1096313:dir] nucleotidyltransferase
	[1096375:1096641:dir] photosystem reaction center subunit H
	[1096809:1097567:dir] ABC transporter ATP-binding protein
	[1097548:1098783:dir] hypothetical protein
	[1099102:1099527:dir] methyl-viologen-reducing hydrogenase subunit delta
	[1099543:1100469:dir] methyl viologen-reducing hydrogenase subunit gamma
	[1100471:1101895:dir] methyl viologen-reducing hydrogenase subunit alpha
<END>
<GI> AP025586:6 <COORDINATES> 1346829-1378261 <STAT> n1_4mer:GRV/n1_4mer:RV = 1.736259; n0_4mer:D = 17.266684; n0_4mer:PS = 29.187889
	[1346829:1347746:rev] biotin--[acetyl-CoA-carboxylase] ligase
	[1347763:1349256:rev] biotin carboxylase
	[1349327:1349941:dir] RNA methyltransferase
	[1350160:1350987:dir] RNA-binding protein
	[1351325:1352335:dir] 50S ribosomal protein L3
	[1352338:1353102:dir] 50S ribosomal protein L4
	[1353127:1353387:dir] 50S ribosomal protein L23
	[1353400:1354125:dir] 50S ribosomal protein L2
	[1354141:1354551:dir] 30S ribosomal protein S19
	[1354564:1355028:dir] 50S ribosomal protein L22
	[1355028:1355780:dir] 30S ribosomal protein S3
	[1355819:1356025:dir] 50S ribosomal protein L29
	[1356026:1356367:dir] stress response translation initiation inhibitor YciH
	[1356441:1356719:dir] ribonuclease P
	[1356733:1357050:dir] 30S ribosomal protein S17
	[1357056:1357454:dir] 50S ribosomal protein L14
	[1357463:1357816:dir] 50S ribosomal protein L24
	[1357818:1358546:dir] 30S ribosomal protein S4e
	[1358543:1359055:dir] 50S ribosomal protein L5
	[1359072:1359215:dir] rps14P; 30S ribosomal protein S14
	[1359228:1359620:dir] 30S ribosomal protein S8
	[1359629:1360165:dir] 50S ribosomal protein L6
	[1360181:1360510:dir] 50S ribosomal protein L32e
	[1360637:1361083:dir] 50S ribosomal protein L19e
	[1361095:1361676:dir] 50S ribosomal protein L18
	[1361679:1362320:dir] 30S ribosomal protein S5
	[1362334:1362792:dir] 50S ribosomal protein L30
	[1362802:1363239:dir] 50S ribosomal protein L15
	[1363277:1364641:dir] preprotein translocase subunit SecY
	[1364682:1365242:dir] adenylate kinase
	[1365252:1365827:dir] membrane protein
	[1365945:1366211:dir] 50S ribosomal protein L34e
	[1366211:1366729:dir] cytidylate kinase
	[1366729:1366950:dir] 50S ribosomal protein L14e
	[1367029:1367991:dir] rRNA pseudouridine synthase
	[1368147:1376480:dir] hypothetical protein
	[1376477:1378261:rev] hypothetical protein
<END>