<GI> CP166185:1 <COORDINATES> 8777-32166 <STAT> n1_4mer:GRV/n1_4mer:RV = 1.533495; n0_4mer:D = 34.460117; n0_4mer:PS = 48.020465
	[8777:10363:dir] Derived by automated computational analysis using gene prediction method: Protein Homology.; dihydropteroate synthase-like protein
	[10409:11326:dir] Derived by automated computational analysis using gene prediction method: Protein Homology. GO_function: GO:0000049 - tRNA binding [Evidence IEA]; GO_process: GO:0002098 - tRNA wobble uridine modification [Evidence IEA]; GO_process: GO:0034227 - tRNA thio-modification [Evidence IEA]; TIGR00269 family protein
	[11329:11529:dir] Derived by automated computational analysis using gene prediction method: Protein Homology.; MoaD/ThiS family protein
	[11542:12399:dir] Derived by automated computational analysis using gene prediction method: Protein Homology.; DUF89 domain-containing protein
	[12472:12912:dir] Derived by automated computational analysis using gene prediction method: Protein Homology.; thioredoxin family protein
	[12917:13498:dir] Derived by automated computational analysis using gene prediction method: Protein Homology. GO_component: GO:0016020 - membrane [Evidence IEA]; GO_process: GO:0017004 - cytochrome complex assembly [Evidence IEA]; cytochrome c biogenesis CcdA family protein
	[13495:14391:dir] Derived by automated computational analysis using gene prediction method: Protein Homology.; DUF1932 domain-containing protein
	[14417:14641:dir] Derived by automated computational analysis using gene prediction method: Protein Homology.; hypothetical protein
	[14634:15917:rev] Derived by automated computational analysis using gene prediction method: Protein Homology. GO_function: GO:0003824 - catalytic activity [Evidence IEA]; GO_process: GO:0009058 - biosynthetic process [Evidence IEA]; adenylyltransferase/cytidyltransferase family protein
	[15939:17006:rev] Derived by automated computational analysis using gene prediction method: Protein Homology.; archaeosine biosynthesis radical SAM protein RaSEA
	[17205:18170:rev] mer; Derived by automated computational analysis using gene prediction method: Protein Homology. GO_function: GO:0018537 - coenzyme F420-dependent N5,N10-methenyltetrahydromethanopterin reductase activity [Evidence IEA]; GO_function: GO:0070967 - coenzyme F420 binding [Evidence IEA]; GO_process: GO:0015948 - methanogenesis [Evidence IEA]; 5,10-methylenetetrahydromethanopterin reductase
	[18773:20254:dir] Derived by automated computational analysis using gene prediction method: cmsearch.; 16S ribosomal RNA
	[20360:20433:dir] Derived by automated computational analysis using gene prediction method: tRNAscan-SE.; tRNA-Ala
	[20595:23624:dir] Derived by automated computational analysis using gene prediction method: cmsearch.; 23S ribosomal RNA
	[23739:23859:dir] rrf; Derived by automated computational analysis using gene prediction method: cmsearch.; 5S ribosomal RNA
	[23902:24022:dir] rrf; Derived by automated computational analysis using gene prediction method: cmsearch.; 5S ribosomal RNA
	[24301:25764:rev] Derived by automated computational analysis using gene prediction method: Protein Homology. GO_function: GO:0003824 - catalytic activity [Evidence IEA]; GO_process: GO:0005992 - trehalose biosynthetic process [Evidence IEA]; trehalose-6-phosphate synthase
	[25781:27082:rev] Derived by automated computational analysis using gene prediction method: Protein Homology.; phosphomannomutase
	[27088:28242:rev] Derived by automated computational analysis using gene prediction method: Protein Homology.; NDP-sugar synthase
	[28359:29153:rev] otsB; Derived by automated computational analysis using gene prediction method: Protein Homology. GO_function: GO:0004805 - trehalose-phosphatase activity [Evidence IEA]; GO_process: GO:0005992 - trehalose biosynthetic process [Evidence IEA]; trehalose-phosphatase
	[29146:30213:rev] Derived by automated computational analysis using gene prediction method: Protein Homology.; hypothetical protein
	[30238:32166:rev] Derived by automated computational analysis using gene prediction method: Protein Homology.; helix-hairpin-helix domain-containing protein
<END>
<GI> CP166185:2 <COORDINATES> 137538-184244 <STAT> n1_4mer:GRV/n1_4mer:RV = 1.783538; n0_4mer:D = 30.895684; n0_4mer:PS = 44.220839
	[137538:140570:dir] Derived by automated computational analysis using gene prediction method: cmsearch.; 23S ribosomal RNA
	[140684:140805:dir] rrf; Derived by automated computational analysis using gene prediction method: cmsearch.; 5S ribosomal RNA
	[141229:141444:dir] Derived by automated computational analysis using gene prediction method: GeneMarkS-2+.; hypothetical protein
	[141457:142350:rev] Derived by automated computational analysis using gene prediction method: Protein Homology. GO_function: GO:0008324 - monoatomic cation transmembrane transporter activity [Evidence IEA]; cation diffusion facilitator family transporter
	[142352:143470:rev] Derived by automated computational analysis using gene prediction method: Protein Homology.; pyridoxal phosphate-dependent aminotransferase
	[143467:145035:rev] Derived by automated computational analysis using gene prediction method: Protein Homology. GO_function: GO:0003824 - catalytic activity [Evidence IEA]; GO_function: GO:0051536 - iron-sulfur cluster binding [Evidence IEA]; radical SAM protein
	[145149:145649:dir] Derived by automated computational analysis using gene prediction method: Protein Homology.; phosphopantetheine adenylyltransferase
	[145665:146192:dir] yjjX; Derived by automated computational analysis using gene prediction method: Protein Homology. GO_component: GO:0005737 - cytoplasm [Evidence IEA]; GO_function: GO:0016462 - pyrophosphatase activity [Evidence IEA]; GO_process: GO:0046128 - purine ribonucleoside metabolic process [Evidence IEA]; inosine/xanthosine triphosphatase
	[146196:148307:dir] Derived by automated computational analysis using gene prediction method: Protein Homology. GO_component: GO:0016020 - membrane [Evidence IEA]; GO_function: GO:0004576 - oligosaccharyl transferase activity [Evidence IEA]; GO_process: GO:0006486 - protein glycosylation [Evidence IEA]; STT3 domain-containing protein
	[148340:150460:dir] Derived by automated computational analysis using gene prediction method: Protein Homology. GO_component: GO:0016020 - membrane [Evidence IEA]; GO_function: GO:0004576 - oligosaccharyl transferase activity [Evidence IEA]; GO_process: GO:0006486 - protein glycosylation [Evidence IEA]; STT3 domain-containing protein
	[150536:150706:rev] Derived by automated computational analysis using gene prediction method: Protein Homology.; class III signal peptide-containing protein
	[150722:150907:rev] Derived by automated computational analysis using gene prediction method: Protein Homology.; Flp family type IVb pilin
	[151068:151616:dir] Derived by automated computational analysis using gene prediction method: Protein Homology.; hypothetical protein
	[151633:151812:rev] Derived by automated computational analysis using gene prediction method: Protein Homology.; class III signal peptide-containing protein
	[151959:153329:dir] Derived by automated computational analysis using gene prediction method: Protein Homology.; hypothetical protein
	[153329:154021:dir] Derived by automated computational analysis using gene prediction method: Protein Homology.; metal-dependent hydrolase
	[154041:154661:dir] Derived by automated computational analysis using gene prediction method: Protein Homology.; Era-like GTP-binding protein
	[154671:155039:dir] Derived by automated computational analysis using gene prediction method: Protein Homology.; DUF2073 domain-containing protein
	[155023:155310:dir] Derived by automated computational analysis using gene prediction method: Protein Homology.; Zn-ribbon domain-containing protein
	[155312:157273:rev] rqcH; Derived by automated computational analysis using gene prediction method: Protein Homology.; ribosome rescue protein RqcH
	[157406:157699:dir] Derived by automated computational analysis using gene prediction method: Protein Homology.; DUF5379 family protein
	[157804:159621:rev] Derived by automated computational analysis using gene prediction method: Protein Homology.; DUF2070 family protein
	[159802:160398:dir] Derived by automated computational analysis using gene prediction method: Protein Homology. GO_function: GO:0016836 - hydro-lyase activity [Evidence IEA]; FumA C-terminus/TtdB family hydratase beta subunit
	[160404:161192:dir] Derived by automated computational analysis using gene prediction method: Protein Homology.; DUF6282 family protein
	[161304:161630:dir] Derived by automated computational analysis using gene prediction method: Protein Homology.; hypothetical protein
	[161741:162262:dir] Derived by automated computational analysis using gene prediction method: Protein Homology.; TIGR00288 family NYN domain-containing protein
	[162272:163411:dir] Derived by automated computational analysis using gene prediction method: Protein Homology.; TIGR03576 family pyridoxal phosphate-dependent enzyme
	[163563:164567:dir] rtcA; Derived by automated computational analysis using gene prediction method: Protein Homology. GO_function: GO:0003963 - RNA-3'-phosphate cyclase activity [Evidence IEA]; GO_process: GO:0006396 - RNA processing [Evidence IEA]; RNA 3'-terminal phosphate cyclase
	[164618:165403:rev] Derived by automated computational analysis using gene prediction method: Protein Homology. GO_function: GO:0004077 - biotin-[acetyl-CoA-carboxylase] ligase activity [Evidence IEA]; GO_process: GO:0036211 - protein modification process [Evidence IEA]; biotin--[acetyl-CoA-carboxylase] ligase
	[165408:166883:rev] Derived by automated computational analysis using gene prediction method: Protein Homology.; acetyl-CoA carboxylase biotin carboxylase subunit
	[166967:167599:dir] Derived by automated computational analysis using gene prediction method: Protein Homology.; METTL5 family protein
	[167918:168718:dir] Derived by automated computational analysis using gene prediction method: Protein Homology.; putative RNA uridine N3 methyltransferase
	[168748:169761:dir] rpl3p; Derived by automated computational analysis using gene prediction method: Protein Homology. GO_component: GO:0005840 - ribosome [Evidence IEA]; GO_function: GO:0003735 - structural constituent of ribosome [Evidence IEA]; GO_process: GO:0006412 - translation [Evidence IEA]; 50S ribosomal protein L3
	[169774:170538:dir] rpl4p; Derived by automated computational analysis using gene prediction method: Protein Homology. GO_component: GO:0005840 - ribosome [Evidence IEA]; GO_function: GO:0003735 - structural constituent of ribosome [Evidence IEA]; GO_function: GO:0019843 - rRNA binding [Evidence IEA]; GO_process: GO:0006412 - translation [Evidence IEA]; 50S ribosomal protein L4
	[170560:170820:dir] Derived by automated computational analysis using gene prediction method: Protein Homology. GO_component: GO:0005840 - ribosome [Evidence IEA]; GO_function: GO:0003735 - structural constituent of ribosome [Evidence IEA]; GO_process: GO:0006412 - translation [Evidence IEA]; 50S ribosomal protein L23
	[170842:171567:dir] Derived by automated computational analysis using gene prediction method: Protein Homology.; 50S ribosomal protein L2
	[171585:171995:dir] rpsS; Derived by automated computational analysis using gene prediction method: Protein Homology. GO_component: GO:0015935 - small ribosomal subunit [Evidence IEA]; GO_function: GO:0003735 - structural constituent of ribosome [Evidence IEA]; GO_process: GO:0006412 - translation [Evidence IEA]; 30S ribosomal protein S19
	[172008:172469:dir] rplV; Derived by automated computational analysis using gene prediction method: Protein Homology. GO_component: GO:0015934 - large ribosomal subunit [Evidence IEA]; GO_function: GO:0003735 - structural constituent of ribosome [Evidence IEA]; GO_process: GO:0006412 - translation [Evidence IEA]; 50S ribosomal protein L22
	[172473:173309:dir] Derived by automated computational analysis using gene prediction method: Protein Homology.; 30S ribosomal protein S3
	[173356:173550:dir] rpmC; Derived by automated computational analysis using gene prediction method: Protein Homology. GO_component: GO:0005840 - ribosome [Evidence IEA]; GO_function: GO:0003735 - structural constituent of ribosome [Evidence IEA]; GO_process: GO:0006412 - translation [Evidence IEA]; 50S ribosomal protein L29
	[173563:173868:dir] yciH; Derived by automated computational analysis using gene prediction method: Protein Homology. GO_function: GO:0003743 - translation initiation factor activity [Evidence IEA]; stress response translation initiation inhibitor YciH
	[173878:174159:dir] rnp1; Derived by automated computational analysis using gene prediction method: Protein Homology. GO_component: GO:0030677 - ribonuclease P complex [Evidence IEA]; GO_function: GO:0004526 - ribonuclease P activity [Evidence IEA]; GO_process: GO:0001682 - tRNA 5'-leader removal [Evidence IEA]; ribonuclease P protein component 1
	[174170:174490:dir] Derived by automated computational analysis using gene prediction method: Protein Homology.; 30S ribosomal protein S17
	[174492:174890:dir] Derived by automated computational analysis using gene prediction method: Protein Homology.; 50S ribosomal protein L14
	[174900:175253:dir] rplX; Derived by automated computational analysis using gene prediction method: Protein Homology. GO_component: GO:0015934 - large ribosomal subunit [Evidence IEA]; GO_function: GO:0003735 - structural constituent of ribosome [Evidence IEA]; GO_process: GO:0006412 - translation [Evidence IEA]; 50S ribosomal protein L24
	[175256:175983:dir] frameshifted; Derived by automated computational analysis using gene prediction method: Protein Homology.; 30S ribosomal protein S4e
	[175984:176490:dir] Derived by automated computational analysis using gene prediction method: Protein Homology.; 50S ribosomal protein L5
	[176493:176645:dir] Derived by automated computational analysis using gene prediction method: Protein Homology.; 30S ribosomal protein S14
	[176660:177052:dir] Derived by automated computational analysis using gene prediction method: Protein Homology.; 30S ribosomal protein S8
	[177061:177594:dir] Derived by automated computational analysis using gene prediction method: Protein Homology.; 50S ribosomal protein L6
	[177608:177934:dir] Derived by automated computational analysis using gene prediction method: Protein Homology.; 50S ribosomal protein L32e
	[178043:178489:dir] Derived by automated computational analysis using gene prediction method: Protein Homology.; 50S ribosomal protein L19e
	[178501:179079:dir] Derived by automated computational analysis using gene prediction method: Protein Homology.; 50S ribosomal protein L18
	[179082:179726:dir] rpsE; Derived by automated computational analysis using gene prediction method: Protein Homology. GO_component: GO:0015935 - small ribosomal subunit [Evidence IEA]; GO_function: GO:0003735 - structural constituent of ribosome [Evidence IEA]; GO_process: GO:0006412 - translation [Evidence IEA]; 30S ribosomal protein S5
	[179739:180197:dir] rpmD; Derived by automated computational analysis using gene prediction method: Protein Homology. GO_component: GO:0015934 - large ribosomal subunit [Evidence IEA]; GO_function: GO:0003735 - structural constituent of ribosome [Evidence IEA]; GO_process: GO:0006412 - translation [Evidence IEA]; 50S ribosomal protein L30
	[180213:180653:dir] Derived by automated computational analysis using gene prediction method: Protein Homology. GO_function: GO:0003735 - structural constituent of ribosome [Evidence IEA]; GO_process: GO:0006412 - translation [Evidence IEA]; uL15m family ribosomal protein
	[180671:182041:dir] secY; Derived by automated computational analysis using gene prediction method: Protein Homology.; preprotein translocase subunit SecY
	[182072:182629:dir] Derived by automated computational analysis using gene prediction method: Protein Homology.; adenylate kinase
	[182648:183214:dir] Derived by automated computational analysis using gene prediction method: Protein Homology. GO_component: GO:0016020 - membrane [Evidence IEA]; EMC3/TMCO1 family protein
	[183233:183499:dir] Derived by automated computational analysis using gene prediction method: Protein Homology.; 50S ribosomal protein L34e
	[183499:184017:dir] cmk; Derived by automated computational analysis using gene prediction method: Protein Homology. GO_function: GO:0004127 - (d)CMP kinase activity [Evidence IEA]; GO_function: GO:0005524 - ATP binding [Evidence IEA]; GO_process: GO:0006139 - nucleobase-containing compound metabolic process [Evidence IEA]; (d)CMP kinase
	[184017:184244:dir] Derived by automated computational analysis using gene prediction method: Protein Homology.; 50S ribosomal protein L14e
<END>
<GI> CP166185:3 <COORDINATES> 390732-421636 <STAT> n1_4mer:GRV/n1_4mer:RV = 2.809699; n0_4mer:D = 39.032439; n0_4mer:PS = 22.135258
	[390732:391004:rev] Derived by automated computational analysis using gene prediction method: Protein Homology.; DUF3467 domain-containing protein
	[391020:391436:rev] Derived by automated computational analysis using gene prediction method: GeneMarkS-2+. GO_function: GO:0003677 - DNA binding [Evidence IEA]; winged helix-turn-helix domain-containing protein
	[391582:391908:dir] Derived by automated computational analysis using gene prediction method: GeneMarkS-2+.; hypothetical protein
	[391992:392549:rev] Derived by automated computational analysis using gene prediction method: GeneMarkS-2+.; hypothetical protein
	[392678:393712:dir] arsB; Derived by automated computational analysis using gene prediction method: Protein Homology. GO_component: GO:0016020 - membrane [Evidence IEA]; GO_function: GO:0008490 - arsenite secondary active transmembrane transporter activity [Evidence IEA]; GO_function: GO:0015103 - inorganic anion transmembrane transporter activity [Evidence IEA]; GO_function: GO:0015297 - antiporter activity [Evidence IEA]; GO_process: GO:0015700 - arsenite transport [Evidence IEA]; GO_process: GO:0046685 - response to arsenic-containing substance [Evidence IEA]; ACR3 family arsenite efflux transporter
	[393811:394506:dir] Derived by automated computational analysis using gene prediction method: Protein Homology.; glycosyltransferase
	[394711:395739:rev] gmd; Derived by automated computational analysis using gene prediction method: Protein Homology. GO_function: GO:0008446 - GDP-mannose 4,6-dehydratase activity [Evidence IEA]; GO_process: GO:0000271 - polysaccharide biosynthetic process [Evidence IEA]; GO_process: GO:0019673 - GDP-mannose metabolic process [Evidence IEA]; GDP-mannose 4,6-dehydratase
	[395906:397069:rev] Derived by automated computational analysis using gene prediction method: Protein Homology.; D-glucuronyl C5-epimerase family protein
	[397266:397928:dir] Derived by automated computational analysis using gene prediction method: Protein Homology. GO_function: GO:0016757 - glycosyltransferase activity [Evidence IEA]; glycosyltransferase family 2 protein
	[397944:399065:dir] Derived by automated computational analysis using gene prediction method: Protein Homology. GO_function: GO:0016757 - glycosyltransferase activity [Evidence IEA]; glycosyltransferase family 4 protein
	[399119:400324:dir] Derived by automated computational analysis using gene prediction method: Protein Homology.; glycosyltransferase family 4 protein
	[400321:401508:dir] Derived by automated computational analysis using gene prediction method: Protein Homology.; glycosyltransferase family 4 protein
	[401505:403601:dir] Derived by automated computational analysis using gene prediction method: Protein Homology.; DUF2206 domain-containing protein
	[404179:405279:dir] Derived by automated computational analysis using gene prediction method: Protein Homology.; glycosyltransferase family 4 protein
	[405332:406558:dir] Derived by automated computational analysis using gene prediction method: Protein Homology.; polysaccharide pyruvyl transferase family protein
	[406551:407768:rev] Derived by automated computational analysis using gene prediction method: Protein Homology.; Coenzyme F420 hydrogenase/dehydrogenase, beta subunit C-terminal domain
	[407768:409198:rev] Derived by automated computational analysis using gene prediction method: Protein Homology. GO_function: GO:0140327 - flippase activity [Evidence IEA]; flippase
	[409338:409934:dir] Derived by automated computational analysis using gene prediction method: GeneMarkS-2+.; hypothetical protein
	[409941:410525:dir] Derived by automated computational analysis using gene prediction method: Protein Homology. GO_function: GO:0016787 - hydrolase activity [Evidence IEA]; GO_function: GO:0046872 - metal ion binding [Evidence IEA]; metal-dependent hydrolase
	[410628:415301:dir] Derived by automated computational analysis using gene prediction method: Protein Homology. GO_function: GO:0051116 - cobaltochelatase activity [Evidence IEA]; GO_process: GO:0009236 - cobalamin biosynthetic process [Evidence IEA]; cobaltochelatase subunit CobN
	[415733:421636:dir] Derived by automated computational analysis using gene prediction method: Protein Homology.; right-handed parallel beta-helix repeat-containing protein
<END>
<GI> CP166185:4 <COORDINATES> 974726-999828 <STAT> n1_4mer:GRV/n1_4mer:RV = 1.988238; n0_4mer:D = 34.529426; n0_4mer:PS = 31.839445
	[974726:975067:dir] Derived by automated computational analysis using gene prediction method: Protein Homology.; Mth938-like domain-containing protein
	[975064:975627:rev] Derived by automated computational analysis using gene prediction method: Protein Homology. GO_function: GO:0046872 - metal ion binding [Evidence IEA]; M48 family metallopeptidase
	[975756:977207:dir] ppcA; Derived by automated computational analysis using gene prediction method: Protein Homology. GO_function: GO:0008964 - phosphoenolpyruvate carboxylase activity [Evidence IEA]; phosphoenolpyruvate carboxylase
	[977323:978147:dir] heR; Derived by automated computational analysis using gene prediction method: Protein Homology.; heliorhodopsin HeR
	[978201:980255:rev] brxL; Derived by automated computational analysis using gene prediction method: Protein Homology. GO_component: GO:0005575 - cellular_component [Evidence IEA]; GO_function: GO:0003674 - molecular_function [Evidence IEA]; GO_process: GO:0008150 - biological_process [Evidence IEA]; protease Lon-related BREX system protein BrxL
	[980272:982776:rev] pglZ; Derived by automated computational analysis using gene prediction method: Protein Homology. GO_function: GO:0003824 - catalytic activity [Evidence IEA]; BREX-1 system phosphatase PglZ type A
	[982804:986346:rev] pglX; Derived by automated computational analysis using gene prediction method: Protein Homology. GO_function: GO:0003677 - DNA binding [Evidence IEA]; GO_function: GO:0008170 - N-methyltransferase activity [Evidence IEA]; BREX-1 system adenine-specific DNA-methyltransferase PglX
	[986346:989894:rev] brxC; Derived by automated computational analysis using gene prediction method: Protein Homology.; BREX system P-loop protein BrxC
	[989918:990499:rev] Derived by automated computational analysis using gene prediction method: Protein Homology.; DUF1788 domain-containing protein
	[990509:991102:rev] Derived by automated computational analysis using gene prediction method: Protein Homology.; DUF1819 family protein
	[991297:991368:dir] Derived by automated computational analysis using gene prediction method: tRNAscan-SE.; tRNA-Gln
	[991433:991504:dir] Derived by automated computational analysis using gene prediction method: tRNAscan-SE.; tRNA-Gln
	[991531:992625:dir] Derived by automated computational analysis using gene prediction method: Protein Homology. GO_function: GO:0005524 - ATP binding [Evidence IEA]; GO_function: GO:0046872 - metal ion binding [Evidence IEA]; ATP-grasp domain-containing protein
	[992690:992854:rev] Derived by automated computational analysis using gene prediction method: GeneMarkS-2+.; hypothetical protein
	[992854:993261:rev] Derived by automated computational analysis using gene prediction method: Protein Homology.; DUF61 family protein
	[993324:993656:dir] Derived by automated computational analysis using gene prediction method: Protein Homology.; hypothetical protein
	[993670:994092:dir] Derived by automated computational analysis using gene prediction method: Protein Homology.; hypothetical protein
	[994151:994534:rev] Derived by automated computational analysis using gene prediction method: Protein Homology.; DUF22 domain-containing protein
	[994534:995175:rev] Derived by automated computational analysis using gene prediction method: Protein Homology.; V-type ATP synthase subunit D
	[995209:996600:rev] Derived by automated computational analysis using gene prediction method: Protein Homology. GO_component: GO:0033178 - proton-transporting two-sector ATPase complex, catalytic domain [Evidence IEA]; GO_function: GO:0046933 - proton-transporting ATP synthase activity, rotational mechanism [Evidence IEA]; GO_process: GO:0015986 - proton motive force-driven ATP synthesis [Evidence IEA]; ATP synthase subunit B
	[996603:998357:rev] Derived by automated computational analysis using gene prediction method: Protein Homology. GO_component: GO:0033178 - proton-transporting two-sector ATPase complex, catalytic domain [Evidence IEA]; GO_function: GO:0046961 - proton-transporting ATPase activity, rotational mechanism [Evidence IEA]; GO_process: GO:0015986 - proton motive force-driven ATP synthesis [Evidence IEA]; ATP synthase subunit A
	[998354:998674:rev] Derived by automated computational analysis using gene prediction method: Protein Homology.; V-type ATP synthase subunit F
	[998671:999828:rev] Derived by automated computational analysis using gene prediction method: Protein Homology.; V-type ATP synthase subunit C
<END>
<GI> CP166185:5 <COORDINATES> 1083951-1105978 <STAT> n1_4mer:GRV/n1_4mer:RV = 1.695038; n0_4mer:D = 30.655703; n0_4mer:PS = 54.241280
	[1083951:1085495:dir] Derived by automated computational analysis using gene prediction method: Protein Homology.; DNA-directed RNA polymerase subunit B''
	[1085519:1087330:dir] rpoB; Derived by automated computational analysis using gene prediction method: Protein Homology. GO_function: GO:0003677 - DNA binding [Evidence IEA]; GO_function: GO:0003899 - DNA-directed 5'-3' RNA polymerase activity [Evidence IEA]; GO_function: GO:0008270 - zinc ion binding [Evidence IEA]; GO_process: GO:0006351 - DNA-templated transcription [Evidence IEA]; DNA-directed RNA polymerase subunit B
	[1087369:1089981:dir] rpoA1; Derived by automated computational analysis using gene prediction method: Protein Homology. GO_function: GO:0003677 - DNA binding [Evidence IEA]; GO_function: GO:0003899 - DNA-directed 5'-3' RNA polymerase activity [Evidence IEA]; GO_function: GO:0008270 - zinc ion binding [Evidence IEA]; GO_process: GO:0006351 - DNA-templated transcription [Evidence IEA]; DNA-directed RNA polymerase subunit A'
	[1089991:1091346:dir] rpoA2; Derived by automated computational analysis using gene prediction method: Protein Homology. GO_function: GO:0003677 - DNA binding [Evidence IEA]; GO_function: GO:0003899 - DNA-directed 5'-3' RNA polymerase activity [Evidence IEA]; GO_process: GO:0006351 - DNA-templated transcription [Evidence IEA]; DNA-directed RNA polymerase subunit A''
	[1091357:1091653:dir] Derived by automated computational analysis using gene prediction method: Protein Homology.; 50S ribosomal protein L30e
	[1091660:1092091:dir] Derived by automated computational analysis using gene prediction method: Protein Homology.; NusA-like transcription termination signal-binding factor
	[1092113:1092538:dir] Derived by automated computational analysis using gene prediction method: Protein Homology. GO_component: GO:0015935 - small ribosomal subunit [Evidence IEA]; GO_function: GO:0003735 - structural constituent of ribosome [Evidence IEA]; GO_process: GO:0006412 - translation [Evidence IEA]; 30S ribosomal protein S12
	[1092544:1093104:dir] rpsG; Derived by automated computational analysis using gene prediction method: Protein Homology. GO_component: GO:0015935 - small ribosomal subunit [Evidence IEA]; GO_function: GO:0003735 - structural constituent of ribosome [Evidence IEA]; GO_process: GO:0006412 - translation [Evidence IEA]; 30S ribosomal protein S7
	[1093122:1095314:dir] Derived by automated computational analysis using gene prediction method: Protein Homology. GO_function: GO:0003746 - translation elongation factor activity [Evidence IEA]; GO_function: GO:0005525 - GTP binding [Evidence IEA]; GO_process: GO:0006414 - translational elongation [Evidence IEA]; elongation factor EF-2
	[1095425:1096666:dir] tuf; Derived by automated computational analysis using gene prediction method: Protein Homology. GO_function: GO:0003746 - translation elongation factor activity [Evidence IEA]; GO_function: GO:0005525 - GTP binding [Evidence IEA]; GO_process: GO:0006414 - translational elongation [Evidence IEA]; translation elongation factor EF-1 subunit alpha
	[1096702:1097010:dir] rpsJ; Derived by automated computational analysis using gene prediction method: Protein Homology. GO_component: GO:0015935 - small ribosomal subunit [Evidence IEA]; GO_function: GO:0003735 - structural constituent of ribosome [Evidence IEA]; GO_process: GO:0006412 - translation [Evidence IEA]; 30S ribosomal protein S10
	[1097093:1097177:dir] Derived by automated computational analysis using gene prediction method: tRNAscan-SE.; tRNA-Ser
	[1097214:1097298:dir] Derived by automated computational analysis using gene prediction method: tRNAscan-SE.; tRNA-Ser
	[1097378:1097923:rev] mtrA; Derived by automated computational analysis using gene prediction method: Protein Homology. GO_component: GO:0016020 - membrane [Evidence IEA]; GO_function: GO:0030269 - tetrahydromethanopterin S-methyltransferase activity [Evidence IEA]; GO_function: GO:0050897 - cobalt ion binding [Evidence IEA]; GO_process: GO:0006814 - sodium ion transport [Evidence IEA]; tetrahydromethanopterin S-methyltransferase subunit A
	[1098067:1098720:dir] Derived by automated computational analysis using gene prediction method: Protein Homology. GO_function: GO:0003677 - DNA binding [Evidence IEA]; GO_function: GO:0003700 - DNA-binding transcription factor activity [Evidence IEA]; GO_process: GO:0006355 - regulation of DNA-templated transcription [Evidence IEA]; TetR/AcrR family transcriptional regulator
	[1098807:1099274:dir] Derived by automated computational analysis using gene prediction method: Protein Homology.; TIGR00288 family NYN domain-containing protein
	[1099274:1099720:dir] Derived by automated computational analysis using gene prediction method: Protein Homology.; universal stress protein
	[1099739:1100146:dir] Derived by automated computational analysis using gene prediction method: Protein Homology.; GyrI-like domain-containing protein
	[1100233:1101369:rev] pscS; Derived by automated computational analysis using gene prediction method: Protein Homology. GO_function: GO:0043766 - Sep-tRNA:Cys-tRNA synthase activity [Evidence IEA]; O-phospho-L-seryl-tRNA:Cys-tRNA synthase
	[1101372:1101881:rev] Derived by automated computational analysis using gene prediction method: Protein Homology.; NTPase
	[1101966:1102958:rev] Derived by automated computational analysis using gene prediction method: Protein Homology. GO_function: GO:0003824 - catalytic activity [Evidence IEA]; GO_function: GO:0051536 - iron-sulfur cluster binding [Evidence IEA]; radical SAM protein
	[1102960:1104252:rev] Derived by automated computational analysis using gene prediction method: Protein Homology. GO_function: GO:0008270 - zinc ion binding [Evidence IEA]; GO_process: GO:0006508 - proteolysis [Evidence IEA]; TldD/PmbA family protein
	[1104252:1104923:rev] Derived by automated computational analysis using gene prediction method: Protein Homology. GO_function: GO:0008967 - phosphoglycolate phosphatase activity [Evidence IEA]; phosphoglycolate phosphatase
	[1104923:1105978:rev] hypD; Derived by automated computational analysis using gene prediction method: Protein Homology. GO_function: GO:0016530 - metallochaperone activity [Evidence IEA]; GO_process: GO:0036211 - protein modification process [Evidence IEA]; hydrogenase formation protein HypD
<END>
<GI> CP166185:6 <COORDINATES> 1116500-1144690 <STAT> n1_4mer:GRV/n1_4mer:RV = 2.447102; n0_4mer:D = 43.413678; n0_4mer:PS = 28.530493
	[1124315:1124578:rev] cas2; Derived by automated computational analysis using gene prediction method: Protein Homology. GO_function: GO:0004521 - RNA endonuclease activity [Evidence IEA]; GO_process: GO:0043571 - maintenance of CRISPR repeat elements [Evidence IEA]; CRISPR-associated endonuclease Cas2
	[1124657:1125628:rev] cas1b; Derived by automated computational analysis using gene prediction method: Protein Homology. GO_function: GO:0004520 - DNA endonuclease activity [Evidence IEA]; GO_function: GO:0046872 - metal ion binding [Evidence IEA]; GO_process: GO:0043571 - maintenance of CRISPR repeat elements [Evidence IEA]; type I-B CRISPR-associated endonuclease Cas1b
	[1125641:1126129:rev] cas4; Derived by automated computational analysis using gene prediction method: Protein Homology. GO_process: GO:0043571 - maintenance of CRISPR repeat elements [Evidence IEA]; CRISPR-associated protein Cas4
	[1126141:1128543:rev] cas3; Derived by automated computational analysis using gene prediction method: Protein Homology. GO_function: GO:0004386 - helicase activity [Evidence IEA]; GO_process: GO:0043571 - maintenance of CRISPR repeat elements [Evidence IEA]; CRISPR-associated helicase Cas3'
	[1128572:1129267:rev] cas5; Derived by automated computational analysis using gene prediction method: Protein Homology. GO_function: GO:0003674 - molecular_function [Evidence IEA]; GO_process: GO:0043571 - maintenance of CRISPR repeat elements [Evidence IEA]; CRISPR-associated protein Cas5
	[1129278:1130186:rev] cas7i; Derived by automated computational analysis using gene prediction method: Protein Homology. GO_function: GO:0003674 - molecular_function [Evidence IEA]; GO_process: GO:0043571 - maintenance of CRISPR repeat elements [Evidence IEA]; type I-B CRISPR-associated protein Cas7/Cst2/DevR
	[1130188:1131867:rev] Derived by automated computational analysis using gene prediction method: GeneMarkS-2+.; hypothetical protein
	[1131860:1132579:rev] cas6; Derived by automated computational analysis using gene prediction method: Protein Homology. GO_function: GO:0004521 - RNA endonuclease activity [Evidence IEA]; GO_process: GO:0043571 - maintenance of CRISPR repeat elements [Evidence IEA]; CRISPR-associated endoribonuclease Cas6
	[1132765:1133529:rev] Derived by automated computational analysis using gene prediction method: Protein Homology. GO_component: GO:0016020 - membrane [Evidence IEA]; GO_function: GO:0140359 - ABC-type transporter activity [Evidence IEA]; ABC transporter permease
	[1133569:1134507:rev] Derived by automated computational analysis using gene prediction method: Protein Homology. GO_function: GO:0005524 - ATP binding [Evidence IEA]; ATP-binding cassette domain-containing protein
	[1134646:1135449:dir] Derived by automated computational analysis using gene prediction method: Protein Homology.; ATPase domain-containing protein
	[1135449:1136054:dir] Derived by automated computational analysis using gene prediction method: Protein Homology.; ATPase domain-containing protein
	[1136051:1136308:dir] Derived by automated computational analysis using gene prediction method: Protein Homology. GO_process: GO:0048511 - rhythmic process [Evidence IEA]; circadian clock KaiB family protein
	[1136305:1138332:dir] Derived by automated computational analysis using gene prediction method: Protein Homology.; MEDS domain-containing protein
	[1138364:1138711:dir] Derived by automated computational analysis using gene prediction method: GeneMarkS-2+.; hypothetical protein
	[1138861:1140207:dir] Derived by automated computational analysis using gene prediction method: Protein Homology.; rhodanese-like domain-containing protein
	[1140211:1140687:dir] Derived by automated computational analysis using gene prediction method: Protein Homology.; pyridoxamine 5'-phosphate oxidase family protein
	[1140952:1141830:rev] Derived by automated computational analysis using gene prediction method: Protein Homology. GO_component: GO:0016020 - membrane [Evidence IEA]; GO_function: GO:0016765 - transferase activity, transferring alkyl or aryl (other than methyl) groups [Evidence IEA]; UbiA family prenyltransferase
	[1141952:1142581:dir] Derived by automated computational analysis using gene prediction method: Protein Homology. GO_function: GO:0016301 - kinase activity [Evidence IEA]; GO_process: GO:0016310 - phosphorylation [Evidence IEA]; diacylglycerol/polyprenol kinase family protein
	[1142530:1143180:dir] Derived by automated computational analysis using gene prediction method: Protein Homology.; thymidylate kinase
	[1143152:1143931:dir] Derived by automated computational analysis using gene prediction method: Protein Homology.; MBL fold metallo-hydrolase
	[1143968:1144690:dir] Derived by automated computational analysis using gene prediction method: GeneMarkS-2+.; hypothetical protein
<END>
<GI> CP166185:7 <COORDINATES> 1227943-1254296 <STAT> n1_4mer:GRV/n1_4mer:RV = 2.602316; n0_4mer:D = 38.859150; n0_4mer:PS = 19.291871
	[1227943:1229853:dir] Derived by automated computational analysis using gene prediction method: Protein Homology. GO_function: GO:0003723 - RNA binding [Evidence IEA]; beta-CASP ribonuclease aCPSF1
	[1229900:1230916:dir] purM; Derived by automated computational analysis using gene prediction method: Protein Homology. GO_function: GO:0004641 - phosphoribosylformylglycinamidine cyclo-ligase activity [Evidence IEA]; GO_process: GO:0006189 - 'de novo' IMP biosynthetic process [Evidence IEA]; phosphoribosylformylglycinamidine cyclo-ligase
	[1230927:1231952:dir] comC; Derived by automated computational analysis using gene prediction method: Protein Homology.; L-sulfolactate dehydrogenase
	[1231949:1232446:dir] comD; Derived by automated computational analysis using gene prediction method: Protein Homology. GO_function: GO:0030976 - thiamine pyrophosphate binding [Evidence IEA]; sulfopyruvate decarboxylase subunit alpha
	[1232451:1232993:dir] comE; Derived by automated computational analysis using gene prediction method: Protein Homology. GO_function: GO:0003824 - catalytic activity [Evidence IEA]; GO_function: GO:0030976 - thiamine pyrophosphate binding [Evidence IEA]; sulfopyruvate decarboxylase subunit beta
	[1232990:1234759:rev] polB1; Derived by automated computational analysis using gene prediction method: Protein Homology. GO_function: GO:0003887 - DNA-directed DNA polymerase activity [Evidence IEA]; GO_process: GO:0006260 - DNA replication [Evidence IEA]; DNA polymerase PolB subunit 1
	[1235437:1235598:dir] Derived by automated computational analysis using gene prediction method: GeneMarkS-2+.; hypothetical protein
	[1235595:1235789:dir] Derived by automated computational analysis using gene prediction method: Protein Homology.; DUF86 domain-containing protein
	[1237079:1237714:rev] Derived by automated computational analysis using gene prediction method: Protein Homology.; ArsR family transcriptional regulator
	[1237926:1238165:dir] Derived by automated computational analysis using gene prediction method: Protein Homology.; MTH865 family protein
	[1238505:1239209:rev] Derived by automated computational analysis using gene prediction method: Protein Homology. GO_function: GO:0003677 - DNA binding [Evidence IEA]; winged helix-turn-helix domain-containing protein
	[1239421:1239660:dir] Derived by automated computational analysis using gene prediction method: Protein Homology.; MTH865 family protein
	[1240000:1240704:rev] Derived by automated computational analysis using gene prediction method: Protein Homology. GO_function: GO:0003677 - DNA binding [Evidence IEA]; winged helix-turn-helix domain-containing protein
	[1240916:1241155:dir] Derived by automated computational analysis using gene prediction method: Protein Homology.; MTH865 family protein
	[1241638:1242267:rev] Derived by automated computational analysis using gene prediction method: Protein Homology.; fibrillarin-like rRNA/tRNA 2'-O-methyltransferase
	[1242322:1243431:rev] Derived by automated computational analysis using gene prediction method: Protein Homology.; NOP5/NOP56 family protein
	[1243483:1244391:dir] Derived by automated computational analysis using gene prediction method: Protein Homology. GO_function: GO:0004152 - dihydroorotate dehydrogenase activity [Evidence IEA]; GO_process: GO:0006221 - pyrimidine nucleotide biosynthetic process [Evidence IEA]; dihydroorotate dehydrogenase
	[1244397:1245191:dir] Derived by automated computational analysis using gene prediction method: Protein Homology.; dihydroorotate dehydrogenase electron transfer subunit
	[1245204:1246211:dir] Derived by automated computational analysis using gene prediction method: Protein Homology. GO_component: GO:0016020 - membrane [Evidence IEA]; GO_process: GO:0055085 - transmembrane transport [Evidence IEA]; AI-2E family transporter
	[1246366:1247097:rev] Derived by automated computational analysis using gene prediction method: Protein Homology. GO_function: GO:0046873 - metal ion transmembrane transporter activity [Evidence IEA]; GO_process: GO:0030001 - metal ion transport [Evidence IEA]; ZIP family metal transporter
	[1247146:1247379:rev] Derived by automated computational analysis using gene prediction method: Protein Homology. GO_function: GO:0004518 - nuclease activity [Evidence IEA]; GO_process: GO:0006281 - DNA repair [Evidence IEA]; exodeoxyribonuclease III
	[1247274:1247917:rev] xth; frameshifted; Derived by automated computational analysis using gene prediction method: Protein Homology. GO_function: GO:0008311 - double-stranded DNA 3'-5' DNA exonuclease activity [Evidence IEA]; GO_process: GO:0006281 - DNA repair [Evidence IEA]; exodeoxyribonuclease III
	[1249557:1252142:rev] Derived by automated computational analysis using gene prediction method: Protein Homology.; chitobiase/beta-hexosaminidase C-terminal domain-containing protein
	[1252313:1252939:dir] Derived by automated computational analysis using gene prediction method: Protein Homology.; phosphotransferase
	[1253139:1254296:rev] coaBC; Derived by automated computational analysis using gene prediction method: Protein Homology. GO_function: GO:0004632 - phosphopantothenate--cysteine ligase activity [Evidence IEA]; GO_function: GO:0004633 - phosphopantothenoylcysteine decarboxylase activity [Evidence IEA]; GO_function: GO:0010181 - FMN binding [Evidence IEA]; GO_process: GO:0015937 - coenzyme A biosynthetic process [Evidence IEA]; GO_process: GO:0015941 - pantothenate catabolic process [Evidence IEA]; bifunctional phosphopantothenoylcysteine decarboxylase/phosphopantothenate--cysteine ligase CoaBC
<END>