<GI> AE009439 AE010302-AE010458:1 <COORDINATES> 154883-174169 <STAT> n1_4mer:GRV/n1_4mer:RV = 1.616958; n0_4mer:D = 20.646887; n0_4mer:PS = 31.782190
	[154883:156067:dir] Predicted pyridoxal-phosphate-dependent enzyme apparently involved in regulation of cell wall biogenesis
	[156089:158347:dir] Archaea-specific RecJ-like exonuclease, contains DnaJ-type Zn finger domain
	[158344:158832:rev] srtA; Sortase (surface protein transpeptidase)
	[158829:159656:rev] Predicted membrane protein
	[159680:160726:rev] Uncharacterized protein conserved in archaea
	[160771:161502:rev] pssA; Phosphatidylserine synthase
	[161509:162153:rev] psd; Phosphatidylserine decarboxylase
	[162159:162707:rev] SAM-dependent methyltransferase
	[162731:163357:dir] Small, Ras-like GTPase
	[163354:163716:dir] Uncharacterized protein conserved in archaea
	[163730:163984:dir] Zn-ribbon-containing protein
	[163989:164609:dir] Uncharacterized protein conserved in archaea
	[164625:165806:dir] mreB; HSP70 class molecular chaperones involved in cell morphogenesis
	[165843:166553:dir] Predicted phosphatase of the PHP family
	[166637:167686:dir] Predicted RNA methylase
	[167695:168651:dir] htpX; Zn-dependent protease with chaperone function
	[168617:169261:rev] Predicted metal-dependent hydrolase
	[169255:170073:rev] hisF; Imidazoleglycerol-phosphate synthase
	[170173:170856:dir] Uncharacterized conserved protein
	[170934:171410:dir] troR; Mn-dependent transcriptional regulator
	[171517:171996:dir] Uncharacterized protein
	[172302:172377:dir] anticodon:TTG; tRNA-Gln
	[172421:172690:dir] Predicted membrane protein
	[172865:174169:rev] Coenzyme F420-reducing hydrogenase, alpha subunit
<END>
<GI> AE009439 AE010302-AE010458:2 <COORDINATES> 260000-285190 <STAT> n1_4mer:GRV/n1_4mer:RV = 1.810798; n0_4mer:D = 23.618788; n0_4mer:PS = 28.818702
	[260022:261596:dir] pheS; Phenylalanyl-tRNA synthetase alpha subunit
	[261597:262133:rev] Uncharacterized protein
	[262262:262552:dir] Uncharacterized conserved protein
	[263009:263827:dir] Uncharacterized protein
	[263828:265357:rev] Isopropylmalate/homocitrate/citramalate synthase homolog
	[265405:266217:rev] Predicted P-loop containing NTPase
	[266246:266977:dir] Predicted Fe-S oxidoreductase
	[266967:268979:dir] Predicted membrane protein, family MK-41 family
	[269014:271053:dir] Predicted membrane protein, family MK-41 family
	[271207:272499:rev] hemL; Glutamate-1-semialdehyde aminotransferase
	[272615:272692:rev] anticodon:TGT; tRNA-Thr
	[272912:273337:rev] ribH; Riboflavin synthase beta-chain
	[273412:274092:dir] pcm; Protein-L-isoaspartate carboxylmethyltransferase
	[274537:274878:dir] Uncharacterized protein conserved in archaea
	[275404:276174:rev] Metal-dependent hydrolase of the beta-lactamase superfamily
	[276198:277166:rev] Uncharacterized protein conserved in archaea
	[277208:278248:rev] Pyruvate-formate lyase-activating enzyme
	[278245:278508:rev] paaD; Predicted metal-sulfur cluster biosynthetic enzyme (MinD N-terminal domain family)
	[278515:278901:rev] Flavodoxins
	[278976:280052:rev] rgyA; Reverse gyrase, subunit A
	[280321:280542:dir] Uncharacterized protein
	[280561:281142:rev] dcd_1; Deoxycytidine deaminase
	[281158:282030:dir] Predicted phosphohydrolase
	[282024:282554:rev] Uncharacterized conserved protein
	[282582:283844:dir] Uncharacterized membrane protein
	[283841:285190:rev] tRNA/rRNA cytosine-C5-methylase
<END>
<GI> AE009439 AE010302-AE010458:3 <COORDINATES> 390268-414398 <STAT> n1_4mer:GRV/n1_4mer:RV = 1.912303; n0_4mer:D = 22.853408; n0_4mer:PS = 37.212909
	[390268:390561:dir] Uncharacterized protein conserved in archaea
	[390558:391289:rev] rplB; Ribosomal protein L2
	[391302:391589:rev] rplW; Ribosomal protein L23
	[391593:392375:rev] rplD; Ribosomal protein L4
	[392390:393475:rev] rplC; Ribosomal protein L3
	[393619:394368:dir] Uncharacterized protein
	[394373:394654:dir] rpl42A; Ribosomal protein L44E
	[394669:394890:dir] rps27A; Ribosomal protein S27E
	[394890:395693:dir] sui2; Translation initiation factor eIF2-alpha
	[395697:395897:dir] Predicted Zn-ribbon-containing RNA-binding protein
	[395901:396710:dir] Uncharacterized enzyme of the ATP-grasp superfamily
	[397017:397583:dir] Uncharacterized membrane protein
	[397587:398081:dir] Uncharacterized membrane protein, conserved in archaea
	[398083:399336:dir] Uncharacterized conserved protein
	[399333:400784:dir] Predicted metal-dependent hydrolase of the TIM-barrel fold
	[400786:401517:dir] Uncharacterized protein
	[401719:402249:dir] Uncharacterized conserved protein
	[402254:402685:dir] Uncharacterized conserved protein
	[402699:403346:dir] aroD; 3-dehydroquinate dehydratase
	[403335:404072:rev] Flavoprotein, possibly involved in thiazole biosynthesis
	[404095:404466:rev] Uncharacterized protein conserved in archaea
	[404463:404834:rev] Uncharacterized protein
	[404865:405650:rev] surE; Predicted acid phosphatase
	[405568:406407:rev] dapF; Diaminopimelate epimerase
	[406436:407173:rev] dapD; Tetrahydrodipicolinate N-succinyltransferase
	[407170:407748:rev] pabA; Anthranilate/para-aminobenzoate synthase component II
	[407723:409129:rev] trpE; Anthranilate/para-aminobenzoate synthase component I
	[409120:409710:rev] Uncharacterized membrane protein
	[409925:411559:rev] Phenylalanyl-tRNA synthetase alpha subunit, archaeal type
	[411681:412184:dir] Uncharacterized protein
	[412195:412410:dir] Uncharacterized protein
	[412377:413771:dir] Uncharacterized protein
	[413745:414398:rev] Predicted RNA-binding protein of the translin family
<END>
<GI> AE009439 AE010302-AE010458:4 <COORDINATES> 415803-442755 <STAT> n1_4mer:GRV/n1_4mer:RV = 1.603154; n0_4mer:D = 22.651994; n0_4mer:PS = 26.765745
	[415803:416762:dir] Uncharacterized protein conserved in archaea
	[416913:417761:dir] nadC; Nicotinate-nucleotide pyrophosphorylase
	[417779:418756:rev] Uncharacterized protein
	[418732:419226:rev] ilvB_1; Acetolactate synthase large subunit
	[419733:420248:dir] Predicted transcription factor, homolog of eukaryotic MBF1
	[420252:420827:rev] Uncharacterized protein
	[420814:422439:rev] ftsA; Predicted ATPase of the HSP70 class involved in cell division
	[422444:422755:rev] Predicted pyrophosphatase
	[422752:423300:rev] SAM-dependent methyltransferase
	[423263:423655:rev] Uncharacterized protein conserved in archaea
	[423708:424130:dir] Uncharacterized protein conserved in archaea
	[424099:425370:dir] GTPase of the HflX family
	[425367:425804:rev] Predicted transcription regulator containing the wHTH DNA-binding domain
	[425875:426513:rev] CBS-domain-containing protein
	[426513:427271:rev] Ferredoxin
	[427268:427711:rev] ehaP; Ferredoxin
	[427686:428825:rev] ehbK; Ferredoxin
	[428829:429407:rev] ehaQ; Ferredoxin
	[429389:430618:rev] ehaO; Ni,Fe-hydrogenase III large subunit
	[430599:431087:rev] ehaN; Ni,Fe-hydrogenase III small subunit
	[431084:431524:rev] ehaM; Uncharacterized protein conserved in archaea
	[431521:431865:rev] ehaL; Uncharacterized membrane protein, conserved in archaea
	[431862:432101:rev] Uncharacterized protein
	[432112:432963:rev] ehaJ; Membrane protein related to formate hydrogenlyase subunit 4
	[432967:433170:rev] Uncharacterized protein
	[433183:433854:rev] ehaH; Uncharacterized membrane protein, conserved in archaea
	[433838:434515:rev] ehaG; Uncharacterized membrane protein, conserved in archaea
	[434512:435021:rev] ehaF; Uncharacterized membrane protein, conserved in archaea
	[434978:435265:rev] ehaE; Uncharacterized membrane protein, conserved in archaea
	[435258:435500:rev] ehaD; Uncharacterized membrane protein, conserved in archaea
	[435497:435760:rev] ehaC; Uncharacterized membrane protein, conserved in archaea
	[435757:436278:rev] ehaB; Uncharacterized membrane protein, conserved in archaea
	[436275:436568:rev] ehaA; Uncharacterized membrane protein, conserved in archaea
	[436592:437665:dir] Predicted ATPase, MoxR-like family of the AAA+ class
	[438675:440018:dir] Uncharacterized conserved protein
	[440015:440614:rev] Uncharacterized protein
	[440625:441635:dir] Predicted NTPase
	[441586:442755:rev] Predicted transcriptional regulators, consists of a molybdenum cofactor biosynthesis enzyme fused to a HTH DNA-binding domain
<END>
<GI> AE009439 AE010302-AE010458:5 <COORDINATES> 478065-501817 <STAT> n1_4mer:GRV/n1_4mer:RV = 1.795137; n0_4mer:D = 22.486523; n0_4mer:PS = 21.775435
	[478065:478856:rev] rIO1_1; Predicted serine/threonine protein kinase
	[478853:479188:rev] infA; Translation initiation factor IF-1
	[479449:480423:rev] tyrS; Tyrosyl-tRNA synthetase
	[480456:481520:rev] nmd3; NMD protein affecting ribosome stability and mRNA decay
	[481521:482639:rev] Uncharacterized protein conserved in archaea
	[483150:483854:rev] lasT; rRNA methylase
	[483880:485811:dir] Uncharacterized ABC-type transporter, duplicated ATPase domains
	[485808:486257:rev] Predicted nucleotide-binding protein related to universal stress protein UspA
	[486337:486723:dir] Zn-finger-containing protein
	[486677:487123:rev] Uncharacterized protein conserved in archaea
	[487264:488313:rev] mer; Coenzyme F420-dependent N5,N10-methylene tetrahydromethanopterin reductase
	[488504:489094:dir] CBS-domain-containing protein
	[489122:489958:dir] CBS domain-containing protein
	[489930:492113:rev] Uncharacterized membrane protein specific for M.kandleri, MK-13 family
	[492151:493311:dir] ATP-dependent DNA ligase, homolog of eukaryotic ligase III
	[493316:493792:dir] HAD family hydrolase, a fragment
	[493786:495066:dir] pyrC; Dihydroorotase
	[495059:496756:dir] ilvB_2; Acetolactate synthase, large subunit
	[497119:497505:dir] Rubrerythrin
	[497572:498342:dir] Predicted metal-dependent hydrolase of the TIM-barrel fold
	[498533:499327:dir] Uncharacterized protein conserved in archaea
	[499336:499764:rev] Uncharacterized protein
	[499901:501817:dir] carbon monoxide dehydrogenase catalytic subunit
<END>
<GI> AE009439 AE010302-AE010458:6 <COORDINATES> 657749-680143 <STAT> n1_4mer:GRV/n1_4mer:RV = 1.687748; n0_4mer:D = 20.127067; n0_4mer:PS = 25.715678
	[657749:658219:rev] Uncharacterized protein
	[658227:658802:rev] Uncharacterized protein
	[658768:659217:rev] Uncharacterized conserved protein
	[659236:661821:dir] Uncharacterized protein
	[661961:663658:rev] Uncharacterized secreted protein
	[663655:664569:rev] Uncharacterized secreted protein
	[664566:664736:rev] Uncharacterized secreted protein
	[664747:664935:rev] Predicted secreted protein specific for M.kandleri, MK-18 family
	[664932:665126:rev] Predicted secreted protein specific for M.kandleri, MK-19 family
	[665111:666085:rev] pppA; Prepilin-cleaving (type IV) signal peptidase
	[666091:667089:rev] Uncharacterized protein
	[668048:669025:rev] Predicted membrane protein
	[669056:670144:rev] Predicted membrane protein
	[670334:672142:rev] Predicted ATPase involved in pili and flagella biosynthesis, VirB11 family
	[672151:673908:rev] Predicted AAA+ class ATPase with chaperone activity
	[673914:674513:rev] rsmC; 16S rRNA G1207 methylase
	[674556:674642:rev] anticodon:TAG; tRNA-Leu
	[675105:676400:rev] asnS; Aspartyl-tRNA synthetase
	[676444:677739:rev] hisD; Histidinol dehydrogenase
	[677717:678481:rev] Uncharacterized protein conserved in archaea
	[678478:679608:rev] dfp; Phosphopantothenoylcysteine synthetase/decarboxylase
	[679601:680143:rev] nusA_2; Transcription elongation factor NusA
<END>
<GI> AE009439 AE010302-AE010458:7 <COORDINATES> 723901-746904 <STAT> n1_4mer:GRV/n1_4mer:RV = 1.526378; n0_4mer:D = 20.792802; n0_4mer:PS = 14.002924
	[723901:724572:dir] pyrH; Uridylate kinase
	[724579:724770:dir] Zn-ribbon containing protein
	[724738:725484:rev] Predicted RNA methylase
	[725481:726020:rev] Uncharacterized conserved protein
	[726042:726800:rev] Uncharacterized protein
	[726742:727086:rev] Uncharacterized protein
	[727083:728198:rev] phoH; Phosphate starvation-inducible protein PhoH, predicted ATPase
	[728211:729026:rev] uppS; Undecaprenyl pyrophosphate synthase
	[729066:729563:dir] Predicted phosphoesterase
	[729717:730787:dir] tRNA/rRNA cytosine-C5-methylase
	[730816:731811:dir] Predicted integral membrane protein
	[732207:734036:dir] Uncharacterized protein
	[734033:734974:rev] Carbonic anhydrases/acetyltransferase homolog, isoleucine patch superfamily
	[735042:735533:rev] Uncharacterized protein conserved in archaea
	[735536:736510:rev] ispA; Geranylgeranyl pyrophosphate synthase
	[736523:737884:rev] Predicted hydrolase of the metallo-beta-lactamase superfamily
	[737872:738996:rev] lldD; L-lactate dehydrogenase (FMN-dependent)
	[738974:739693:rev] Predicted archaeal kinase
	[739816:740862:dir] thiI_1; Thiamine biosynthesis ATP pyrophosphatase
	[740929:741837:dir] CBS-domain-containing protein
	[741887:743083:dir] Uncharacterized conserved protein
	[743138:743650:dir] leuD_1; 3-isopropylmalate dehydratase small subunit
	[743656:744663:dir] leuB_1; Isocitrate/isopropylmalate dehydrogenase
	[744973:745683:dir] Uncharacterized protein
	[745708:746904:dir] trpB; Tryptophan synthase beta chain
<END>
<GI> AE009439 AE010302-AE010458:8 <COORDINATES> 793046-812264 <STAT> n1_4mer:GRV/n1_4mer:RV = 1.523944; n0_4mer:D = 23.200389; n0_4mer:PS = 21.762699
	[793046:794548:dir] Uncharacterized membrane protein
	[794560:797016:dir] Archaea-specific Superfamily II helicase
	[797005:798327:rev] Uncharacterized protein
	[798324:798665:rev] Uncharacterized protein
	[798710:799576:dir] Uncharacterized protein conserved in archaea
	[799566:800123:rev] spt15; Transcription initiation factor TFIID (TATA-binding protein)
	[800146:801222:rev] Predicted molecular chaperone distantly related to HSP70-fold metalloproteases
	[801199:801678:dir] rplV; Ribosomal protein L22
	[801692:802375:dir] rpsC; Ribosomal protein S3
	[802379:802612:dir] rpmC; Ribosomal protein L29
	[802632:802952:dir] sui1; Translation initiation factor (SUI1)
	[802945:803634:rev] SAM-dependent methyltransferase
	[803550:803876:dir] pop4_1; RNAse P subunit P29
	[803850:804587:rev] Membrane protease subunit, stomatin/prohibitin homolog
	[804584:805012:rev] Membrane protein implicated in regulation of membrane protease activity
	[805062:806366:dir] lpd; Dihydrolipoamide dehydrogenase
	[806368:808374:rev] metG; Methionyl-tRNA synthetase
	[808381:809715:rev] Uncharacterized membrane protein specific for M.kandleri, MK-15 family
	[809802:810416:rev] Uncharacterized protein
	[810419:811066:rev] Uncharacterized membrane protein specific for M.kandleri, MK-15 family
	[811293:812264:rev] Predicted UDP-N-acetylglucosamine 2-epimerase of the MurG family
<END>
<GI> AE009439 AE010302-AE010458:9 <COORDINATES> 860862-888422 <STAT> n1_4mer:GRV/n1_4mer:RV = 2.530006; n0_4mer:D = 29.469439; n0_4mer:PS = 28.394445
	[860862:862367:rev] prdicted regulatory protein consisting of a uncharacterized conserved domain fused to a CBS domain
	[862342:863466:rev] thiI_2; ATP pyrophosphatase involved in thiamine biosynthesis
	[863512:864411:dir] Uncharacterized conserved protein
	[864460:864537:rev] anticodon:GTG; tRNA-His
	[864567:866477:rev] Predicted membrane protein, MK-44 family
	[866594:868288:rev] carB_2; Carbamoylphosphate synthase large subunit
	[868674:869447:dir] Uncharacterized protein
	[869366:870883:dir] Predicted membrane protein
	[870784:873003:rev] Predicted membrane protein, MK-44 family
	[872967:873524:rev] Uncharacterized protein
	[873521:874090:rev] Predicted membrane protein
	[874490:875560:rev] Nucleoside-diphosphate-sugar pyrophosphorylase involved in lipopolysaccharide biosynthesis; translation initiation factor eIF2B subunit
	[875582:876487:rev] agaS; Predicted phosphosugar isomerase
	[876477:876932:rev] Uncharacterized membrane protein
	[876957:878327:dir] cpsG_2; Phosphomannomutase
	[878332:879759:dir] DNA topoisomerase VI, subunit B
	[880054:881355:dir] Uncharacterized protein specific for M.kandleri, MK-19 family
	[881345:881530:rev] Uncharacterized protein
	[881699:881801:rev] anticodon:GTT; tRNA-Asn
	[882370:883326:dir] Uncharacterized protein conserved in archaea
	[883220:884197:rev] Uncharacterized protein specific for M.kandleri, MK-36 family
	[884275:885705:dir] murE_1; UDP-N-acetylmuramyl tripeptide synthase
	[885706:886470:dir] Uncharacterized protein conserved in archaea
	[886477:887508:dir] pflX; Uncharacterized Fe-S protein PflX, homolog of pyruvate formate lyase activating protein
	[887505:888422:rev] Coenzyme F420-reducing hydrogenase, beta subunit
<END>
<GI> AE009439 AE010302-AE010458:10 <COORDINATES> 1113424-1136363 <STAT> n1_4mer:GRV/n1_4mer:RV = 1.634920; n0_4mer:D = 21.747325; n0_4mer:PS = 23.961506
	[1113424:1114281:dir] Uncharacterized protein
	[1114332:1115444:dir] Permease of the major facilitator superfamily
	[1115624:1116253:dir] Uncharacterized protein specific for M.kandleri, MK-1 family
	[1116295:1116663:rev] Predicted nucleotidyltransferase of the DNA polymerase beta superfamily
	[1116684:1116905:dir] Uncharacterized conserved protein
	[1116898:1117071:dir] Uncharacterized protein
	[1117134:1117373:rev] Uncharacterized protein
	[1117370:1117810:rev] Uncharacterized membrane protein specific for M.kandleri, MK-17 family
	[1117919:1118431:rev] Uncharacterized protein specific for M.kandleri, MK-22 family
	[1119001:1119915:rev] Uncharacterized protein
	[1120281:1121489:rev] Predicted membrane protein
	[1122067:1122807:dir] Predicted membrane protein
	[1122763:1123665:rev] Uncharacterized membrane protein specific for M.kandleri, MK-9 family
	[1125171:1125659:rev] Uncharacterized protein specific for M.kandleri, MK-5 family
	[1125923:1130821:dir] Uncharacterized secreted protein specific for M.kandleri with repeats, MK-5 family
	[1130814:1136363:dir] Uncharacterized secreted protein specific for M.kandleri with repeats, MK-5 family
<END>
<GI> AE009439 AE010302-AE010458:11 <COORDINATES> 1245681-1270529 <STAT> n1_4mer:GRV/n1_4mer:RV = 1.489174; n0_4mer:D = 22.902481; n0_4mer:PS = 29.418930
	[1245681:1248527:rev] Predicted DNA methylase containing a Zn-ribbon module
	[1248593:1250761:dir] Predicted ATPase of the AAA+ class
	[1253762:1254154:dir] fur_2; Fe2+/Zn2+ uptake regulator
	[1254244:1255155:dir] ATPase involved in chromosome partitioning
	[1255170:1255841:dir] Uncharacterized protein specific for M.kandleri, MK-29 family
	[1255904:1257532:dir] Uncharacterized protein specific for M.kandleri, MK-37 family
	[1257546:1258277:dir] Uncharacterized protein
	[1258311:1259615:dir] Uncharacterized protein specific for M.kandleri, MK-37 family
	[1259840:1261165:dir] Uncharacterized protein specific for M.kandleri, MK-37 family
	[1261784:1263256:rev] Uncharacterized secreted protein specific for M.kandleri, MK-28 family
	[1264021:1264473:dir] Uncharacterized protein specific for M.kandleri, MK-1 family
	[1264935:1265888:rev] Uncharacterized protein
	[1266112:1267695:rev] Uncharacterized protein
	[1267711:1269366:rev] Uncharacterized protein
	[1269348:1270529:rev] Uncharacterized secreted protein specific for M.kandleri, MK-5 family
<END>
<GI> AE009439 AE010302-AE010458:12 <COORDINATES> 1650476-1673528 <STAT> n1_4mer:GRV/n1_4mer:RV = 2.033022; n0_4mer:D = 23.837106; n0_4mer:PS = 35.514070
	[1650476:1651831:rev] purF; Glutamine phosphoribosylpyrophosphate amidotransferase
	[1652250:1655972:rev] Archaeal DNA polymerase II, large subunit
	[1656406:1657362:rev] splB; DNA photolyase
	[1657359:1658759:rev] lldP; L-lactate permease
	[1658795:1659637:dir] Uncharacterized protein
	[1659625:1659729:dir] anticodon:TTC; tRNA-Glu
	[1659793:1660500:rev] ATPase subunit of a ABC-type transport system involved in lipoprotein release
	[1660512:1661624:rev] Permease subunit of a ABC-type transport system involved in lipoprotein release
	[1661638:1662354:rev] Archaea-specific Zn-finger-containing protein
	[1662382:1662804:dir] Uncharacterized protein conserved in archaea
	[1662827:1662904:rev] anticodon:TCT; tRNA-Arg
	[1662954:1663568:rev] Predicted RNA-binding protein
	[1663572:1663961:rev] Uncharacterized protein conserved in archaea
	[1663977:1664285:rev] rpl21A; Ribosomal protein L21E
	[1664287:1664700:rev] Uncharacterized protein conserved in archaea
	[1664704:1665924:rev] pgk; 3-phosphoglycerate kinase
	[1665945:1666487:rev] Predicted sugar phosphate isomerase
	[1666501:1667181:rev] tpiA; Triosephosphate isomerase
	[1667190:1667828:rev] rpiA; Ribose 5-phosphate isomerase
	[1667891:1669519:dir] carB_3; Carbamoylphosphate synthase large subunit
	[1669535:1670410:dir] prsA; Phosphoribosylpyrophosphate synthetase
	[1670465:1670555:dir] anticodon:GCT; tRNA-Ser
	[1670607:1670876:dir] Uncharacterized protein conserved in archaea
	[1670877:1671116:rev] Uncharacterized conserved protein
	[1671113:1671736:rev] GTP:adenosylcobinamide-phosphate guanylyltransferase
	[1671733:1672458:rev] cobS; Cobalamin-5-phosphate synthase
	[1672455:1673528:rev] pgpA; Predicted phosphatidlglycerophosphatase A fused to a uncharacterized conserved domain
<END>
<GI> AE009439 AE010302-AE010458:13 <COORDINATES> 1678882-1705999 <STAT> n1_4mer:GRV/n1_4mer:RV = 1.536055; n0_4mer:D = 22.355302; n0_4mer:PS = 25.874041
	[1678882:1681107:rev] mph1/mus81; ERCC4-like helicase-nuclease
	[1681086:1681853:rev] Predicted nucletide kinase
	[1681881:1682882:dir] arsA; Arsenite transporting ATPase
	[1682894:1683577:dir] Predicted phosphatase of the PHP family
	[1683574:1686540:rev] rtcB; contains a DOD family homing endonuclease insertion; Uncharacterized conserved protein
	[1686554:1687210:rev] Uncharacterized conserved protein
	[1687182:1687805:rev] SAM-dependent methyltransferase
	[1687856:1688686:dir] Uncharacterized protein
	[1688751:1689122:dir] Uncharacterized conserved protein
	[1689119:1689883:rev] pstB; ABC-type phosphate transport system, ATPase component
	[1689888:1691672:rev] pstA; ABC-type phosphate transport system, permease component
	[1691739:1692728:rev] pstS; ABC-type phosphate transport system, periplasmic component
	[1692804:1693688:dir] Predicted ATPase of the PP-loop superfamily implicated in cell cycle control
	[1693706:1694500:dir] Predicted ATPase of the PP-loop superfamily implicated in cell cycle control
<END>