<GI> CP042937:1 <COORDINATES> 1-29488 <STAT> n1_4mer:GRV/n1_4mer:RV = 2.468183; n0_4mer:D = 39.627371; n0_4mer:PS = 29.146262
	[2218:2469:rev] Derived by automated computational analysis using gene prediction method: GeneMarkS-2+.; hypothetical protein
	[2482:2889:rev] Derived by automated computational analysis using gene prediction method: GeneMarkS-2+.; hypothetical protein
	[3970:5862:rev] Derived by automated computational analysis using gene prediction method: Protein Homology.; ATP-binding protein
	[5938:6372:rev] Derived by automated computational analysis using gene prediction method: GeneMarkS-2+.; hypothetical protein
	[6602:7132:rev] Derived by automated computational analysis using gene prediction method: GeneMarkS-2+.; hypothetical protein
	[7378:8568:rev] Derived by automated computational analysis using gene prediction method: Protein Homology.; site-specific integrase
	[8865:9152:rev] Derived by automated computational analysis using gene prediction method: Protein Homology.; M48 family metallopeptidase
	[9153:12035:rev] Derived by automated computational analysis using gene prediction method: Protein Homology.; type I restriction endonuclease subunit R
	[12075:12275:rev] Derived by automated computational analysis using gene prediction method: GeneMarkS-2+.; hypothetical protein
	[12262:13593:rev] Derived by automated computational analysis using gene prediction method: Protein Homology.; hypothetical protein
	[13590:15119:rev] Derived by automated computational analysis using gene prediction method: Protein Homology.; SAM-dependent DNA methyltransferase
	[15400:16899:rev] Derived by automated computational analysis using gene prediction method: Protein Homology.; DUF11 domain-containing protein
	[17182:18894:dir] Derived by automated computational analysis using gene prediction method: Protein Homology.; sensor histidine kinase
	[18904:19155:rev] Derived by automated computational analysis using gene prediction method: GeneMarkS-2+.; hypothetical protein
	[19840:20052:dir] Derived by automated computational analysis using gene prediction method: GeneMarkS-2+.; hypothetical protein
	[20117:20695:dir] Derived by automated computational analysis using gene prediction method: GeneMarkS-2+.; hypothetical protein
	[20647:21435:dir] Derived by automated computational analysis using gene prediction method: Protein Homology.; metal-dependent hydrolase
	[21832:22167:dir] Derived by automated computational analysis using gene prediction method: GeneMarkS-2+.; hypothetical protein
	[22136:25720:rev] Derived by automated computational analysis using gene prediction method: Protein Homology.; SIR2 family protein
	[25844:26095:rev] Derived by automated computational analysis using gene prediction method: GeneMarkS-2+.; hypothetical protein
	[26108:26515:rev] Derived by automated computational analysis using gene prediction method: GeneMarkS-2+.; hypothetical protein
	[27596:29488:rev] Derived by automated computational analysis using gene prediction method: Protein Homology.; ATP-binding protein
<END>
<GI> CP042937:2 <COORDINATES> 140090-162482 <STAT> n1_4mer:GRV/n1_4mer:RV = 2.038398; n0_4mer:D = 32.696984; n0_4mer:PS = 19.978073
	[140090:142006:dir] Derived by automated computational analysis using gene prediction method: Protein Homology.; hypothetical protein
	[141999:142859:dir] Derived by automated computational analysis using gene prediction method: Protein Homology.; glycyl-radical enzyme activating protein
	[142869:144008:dir] glf; Derived by automated computational analysis using gene prediction method: Protein Homology.; UDP-galactopyranose mutase
	[144035:145033:dir] Derived by automated computational analysis using gene prediction method: Protein Homology.; glycosyltransferase
	[145082:146020:dir] Derived by automated computational analysis using gene prediction method: GeneMarkS-2+.; nucleotide-diphospho-sugar transferase
	[146007:147074:rev] Derived by automated computational analysis using gene prediction method: Protein Homology.; Gfo/Idh/MocA family oxidoreductase
	[147067:147735:rev] Derived by automated computational analysis using gene prediction method: Protein Homology.; class I SAM-dependent methyltransferase
	[147735:149837:rev] Derived by automated computational analysis using gene prediction method: Protein Homology.; DUF2206 domain-containing protein
	[149855:151054:rev] Derived by automated computational analysis using gene prediction method: Protein Homology.; glycosyltransferase family 4 protein
	[151067:152224:rev] Derived by automated computational analysis using gene prediction method: Protein Homology.; glycosyltransferase family 4 protein
	[152229:153362:rev] Derived by automated computational analysis using gene prediction method: Protein Homology.; glycosyltransferase family 4 protein
	[153373:154047:rev] Derived by automated computational analysis using gene prediction method: Protein Homology.; glycosyltransferase
	[154231:155388:dir] Derived by automated computational analysis using gene prediction method: Protein Homology.; hypothetical protein
	[155432:156433:rev] arsB; frameshifted; Derived by automated computational analysis using gene prediction method: Protein Homology.; ACR3 family arsenite efflux transporter
	[156612:157103:dir] Derived by automated computational analysis using gene prediction method: GeneMarkS-2+.; hypothetical protein
	[157141:157704:dir] cmr1; Derived by automated computational analysis using gene prediction method: Protein Homology.; type III-B CRISPR module RAMP protein Cmr1
	[158026:158730:dir] Derived by automated computational analysis using gene prediction method: Protein Homology.; hypothetical protein
	[158723:161722:dir] Derived by automated computational analysis using gene prediction method: Protein Homology.; CRISPR-associated protein Csx11
	[161706:162482:dir] Derived by automated computational analysis using gene prediction method: Protein Homology.; type III-B CRISPR module RAMP protein Cmr4
<END>
<GI> CP042937:3 <COORDINATES> 175395-198099 <STAT> n1_4mer:GRV/n1_4mer:RV = 1.699295; n0_4mer:D = 32.885457; n0_4mer:PS = 28.925569
	[175395:178019:rev] Derived by automated computational analysis using gene prediction method: Protein Homology.; hypothetical protein
	[178169:180007:rev] Derived by automated computational analysis using gene prediction method: GeneMarkS-2+.; hypothetical protein
	[180191:180613:rev] Derived by automated computational analysis using gene prediction method: Protein Homology.; DUF86 domain-containing protein
	[180610:181035:rev] Derived by automated computational analysis using gene prediction method: Protein Homology.; nucleotidyltransferase
	[181379:182899:rev] Derived by automated computational analysis using gene prediction method: GeneMarkS-2+.; hypothetical protein
	[182911:183936:rev] Derived by automated computational analysis using gene prediction method: GeneMarkS-2+.; hypothetical protein
	[183937:184533:rev] Derived by automated computational analysis using gene prediction method: Protein Homology.; radical SAM protein
	[184583:185182:rev] Derived by automated computational analysis using gene prediction method: GeneMarkS-2+.; formylglycine-generating enzyme family protein
	[185148:186218:rev] Derived by automated computational analysis using gene prediction method: GeneMarkS-2+.; hypothetical protein
	[186203:188053:rev] Derived by automated computational analysis using gene prediction method: Protein Homology.; ATP-dependent Clp protease ATP-binding subunit
	[188072:188998:rev] Derived by automated computational analysis using gene prediction method: GeneMarkS-2+.; type II toxin-antitoxin system VapC family toxin
	[189153:190214:dir] Derived by automated computational analysis using gene prediction method: Protein Homology.; HEAT repeat domain-containing protein
	[190399:190884:dir] Derived by automated computational analysis using gene prediction method: GeneMarkS-2+.; DUF3426 domain-containing protein
	[190898:191422:dir] Derived by automated computational analysis using gene prediction method: Protein Homology.; hypothetical protein
	[191951:192370:rev] nikR; Derived by automated computational analysis using gene prediction method: Protein Homology.; nickel-responsive transcriptional regulator NikR
	[192605:193195:rev] Derived by automated computational analysis using gene prediction method: Protein Homology.; NAD(P)H-dependent oxidoreductase
	[193278:194651:rev] Derived by automated computational analysis using gene prediction method: Protein Homology.; hypothetical protein
	[194699:194926:rev] Derived by automated computational analysis using gene prediction method: GeneMarkS-2+.; hypothetical protein
	[195176:195517:dir] Derived by automated computational analysis using gene prediction method: Protein Homology.; PadR family transcriptional regulator
	[195514:197592:dir] Derived by automated computational analysis using gene prediction method: Protein Homology.; hypothetical protein
	[197625:198065:rev] Derived by automated computational analysis using gene prediction method: Protein Homology.; hypothetical protein
<END>
<GI> CP042937:4 <COORDINATES> 373619-395099 <STAT> n1_4mer:GRV/n1_4mer:RV = 1.776207; n0_4mer:D = 32.014655; n0_4mer:PS = 52.242547
	[373619:374041:rev] Derived by automated computational analysis using gene prediction method: Protein Homology.; 50S ribosomal protein L13
	[374051:374416:rev] Derived by automated computational analysis using gene prediction method: Protein Homology.; 50S ribosomal protein L18e
	[374420:375214:rev] Derived by automated computational analysis using gene prediction method: Protein Homology.; DNA-directed RNA polymerase subunit D
	[375216:375608:rev] Derived by automated computational analysis using gene prediction method: Protein Homology.; 30S ribosomal protein S11
	[375626:376141:rev] rpsD; Derived by automated computational analysis using gene prediction method: Protein Homology.; 30S ribosomal protein S4
	[376158:376607:rev] Derived by automated computational analysis using gene prediction method: Protein Homology.; 30S ribosomal protein S13
	[376697:376781:rev] Derived by automated computational analysis using gene prediction method: tRNAscan-SE.; tRNA-Ser
	[376831:377799:rev] Derived by automated computational analysis using gene prediction method: Protein Homology.; RNA-guided pseudouridylation complex pseudouridine synthase subunit Cbf5
	[377830:378057:rev] Derived by automated computational analysis using gene prediction method: Protein Homology.; 50S ribosomal protein L14e
	[378057:378575:rev] Derived by automated computational analysis using gene prediction method: Protein Homology.; AAA family ATPase
	[378575:378841:rev] Derived by automated computational analysis using gene prediction method: Protein Homology.; 50S ribosomal protein L34e
	[378860:379426:rev] Derived by automated computational analysis using gene prediction method: Protein Homology.; DUF106 domain-containing protein
	[379445:380002:rev] Derived by automated computational analysis using gene prediction method: Protein Homology.; adenylate kinase
	[380033:381403:rev] secY; Derived by automated computational analysis using gene prediction method: Protein Homology.; preprotein translocase subunit SecY
	[381421:381861:rev] Derived by automated computational analysis using gene prediction method: Protein Homology.; 50S ribosomal protein L15
	[381877:382335:rev] rpmD; Derived by automated computational analysis using gene prediction method: Protein Homology.; 50S ribosomal protein L30
	[382348:382995:rev] rpsE; Derived by automated computational analysis using gene prediction method: Protein Homology.; 30S ribosomal protein S5
	[382995:383573:rev] Derived by automated computational analysis using gene prediction method: Protein Homology.; 50S ribosomal protein L18
	[383585:384031:rev] Derived by automated computational analysis using gene prediction method: Protein Homology.; 50S ribosomal protein L19e
	[384140:384466:rev] Derived by automated computational analysis using gene prediction method: Protein Homology.; 50S ribosomal protein L32e
	[384480:385013:rev] Derived by automated computational analysis using gene prediction method: Protein Homology.; 50S ribosomal protein L6
	[385022:385414:rev] Derived by automated computational analysis using gene prediction method: Protein Homology.; 30S ribosomal protein S8
	[385429:385572:rev] Derived by automated computational analysis using gene prediction method: Protein Homology.; 30S ribosomal protein S14
	[385584:386090:rev] Derived by automated computational analysis using gene prediction method: Protein Homology.; 50S ribosomal protein L5
	[386091:386819:rev] Derived by automated computational analysis using gene prediction method: Protein Homology.; 30S ribosomal protein S4e
	[386822:387175:rev] rplX; Derived by automated computational analysis using gene prediction method: Protein Homology.; 50S ribosomal protein L24
	[387185:387583:rev] Derived by automated computational analysis using gene prediction method: Protein Homology.; 50S ribosomal protein L14
	[387585:387905:rev] Derived by automated computational analysis using gene prediction method: Protein Homology.; 30S ribosomal protein S17
	[387916:388197:rev] Derived by automated computational analysis using gene prediction method: Protein Homology.; ribonuclease P protein component 1
	[388207:388512:rev] yciH; Derived by automated computational analysis using gene prediction method: Protein Homology.; stress response translation initiation inhibitor YciH
	[388525:388719:rev] rpmC; Derived by automated computational analysis using gene prediction method: Protein Homology.; 50S ribosomal protein L29
	[388766:389557:rev] Derived by automated computational analysis using gene prediction method: Protein Homology.; 30S ribosomal protein S3
	[389561:390022:rev] rplV; Derived by automated computational analysis using gene prediction method: Protein Homology.; 50S ribosomal protein L22
	[390035:390445:rev] rpsS; Derived by automated computational analysis using gene prediction method: Protein Homology.; 30S ribosomal protein S19
	[390463:391188:rev] Derived by automated computational analysis using gene prediction method: Protein Homology.; 50S ribosomal protein L2
	[391210:391470:rev] Derived by automated computational analysis using gene prediction method: Protein Homology.; 50S ribosomal protein L23
	[391493:392257:rev] Derived by automated computational analysis using gene prediction method: Protein Homology.; 50S ribosomal protein L4
	[392270:393283:rev] rpl3p; Derived by automated computational analysis using gene prediction method: Protein Homology.; 50S ribosomal protein L3
	[393313:394113:rev] Derived by automated computational analysis using gene prediction method: Protein Homology.; RNA-binding protein
	[394424:395056:rev] Derived by automated computational analysis using gene prediction method: Protein Homology.; methyltransferase
<END>
<GI> CP042937:5 <COORDINATES> 527261-550673 <STAT> n1_4mer:GRV/n1_4mer:RV = 1.485565; n0_4mer:D = 32.411235; n0_4mer:PS = 42.325496
	[527261:529189:dir] Derived by automated computational analysis using gene prediction method: Protein Homology.; endonuclease MutS2
	[529214:530281:dir] Derived by automated computational analysis using gene prediction method: Protein Homology.; hypothetical protein
	[530274:531068:dir] otsB; Derived by automated computational analysis using gene prediction method: Protein Homology.; trehalose-phosphatase
	[531161:532315:dir] Derived by automated computational analysis using gene prediction method: Protein Homology.; NDP-sugar synthase
	[532312:533622:dir] Derived by automated computational analysis using gene prediction method: Protein Homology.; phosphomannomutase
	[533615:535093:dir] Derived by automated computational analysis using gene prediction method: Protein Homology.; trehalose-6-phosphate synthase
	[535377:535498:rev] rrf; Derived by automated computational analysis using gene prediction method: cmsearch.; 5S ribosomal RNA
	[535541:535664:rev] rrf; Derived by automated computational analysis using gene prediction method: cmsearch.; 5S ribosomal RNA
	[535892:538803:rev] 23S ribosomal RNA
	[538969:539042:rev] Derived by automated computational analysis using gene prediction method: tRNAscan-SE.; tRNA-Ala
	[539145:540641:rev] 16S ribosomal RNA
	[541224:542189:dir] mer; Derived by automated computational analysis using gene prediction method: Protein Homology.; 5,10-methylenetetrahydromethanopterin reductase
	[542369:543505:dir] Derived by automated computational analysis using gene prediction method: Protein Homology.; TIGR01210 family radical SAM protein
	[543527:544810:dir] Derived by automated computational analysis using gene prediction method: Protein Homology.; adenylyltransferase/cytidyltransferase family protein
	[544807:545028:rev] Derived by automated computational analysis using gene prediction method: Protein Homology.; hypothetical protein
	[545054:545902:rev] Derived by automated computational analysis using gene prediction method: Protein Homology.; NAD(P)-dependent oxidoreductase
	[545942:546523:rev] Derived by automated computational analysis using gene prediction method: Protein Homology.; cytochrome c biogenesis protein CcdA
	[546528:546968:rev] Derived by automated computational analysis using gene prediction method: Protein Homology.; thioredoxin fold domain-containing protein
	[547053:547910:rev] Derived by automated computational analysis using gene prediction method: Protein Homology.; DUF89 domain-containing protein
	[547923:548123:rev] Derived by automated computational analysis using gene prediction method: Protein Homology.; MoaD/ThiS family protein
	[548098:549042:rev] Derived by automated computational analysis using gene prediction method: Protein Homology.; TIGR00269 family protein
	[549087:550673:rev] Derived by automated computational analysis using gene prediction method: Protein Homology.; dihydropteroate synthase-like protein
<END>
<GI> CP042937:6 <COORDINATES> 1020492-1042707 <STAT> n1_4mer:GRV/n1_4mer:RV = 1.977573; n0_4mer:D = 34.471601; n0_4mer:PS = 35.347637
	[1020492:1021649:dir] coaBC; Derived by automated computational analysis using gene prediction method: Protein Homology.; bifunctional phosphopantothenoylcysteine decarboxylase/phosphopantothenate--cysteine ligase CoaBC
	[1021839:1022513:rev] Derived by automated computational analysis using gene prediction method: Protein Homology.; fibrillarin-like rRNA/tRNA 2'-O-methyltransferase
	[1022526:1023635:rev] Derived by automated computational analysis using gene prediction method: Protein Homology.; NOP58 family protein
	[1023687:1024595:dir] Derived by automated computational analysis using gene prediction method: Protein Homology.; dihydroorotate dehydrogenase
	[1024600:1025394:dir] Derived by automated computational analysis using gene prediction method: Protein Homology.; dihydroorotate dehydrogenase electron transfer subunit
	[1025407:1026414:dir] Derived by automated computational analysis using gene prediction method: Protein Homology.; AI-2E family transporter
	[1026710:1027127:rev] frameshifted; Derived by automated computational analysis using gene prediction method: Protein Homology.; hypothetical protein
	[1027347:1027604:rev] Derived by automated computational analysis using gene prediction method: GeneMarkS-2+.; hypothetical protein
	[1027616:1028015:rev] frameshifted; Derived by automated computational analysis using gene prediction method: Protein Homology.; hypothetical protein
	[1028208:1029269:rev] frameshifted; Derived by automated computational analysis using gene prediction method: Protein Homology.; tetratricopeptide repeat protein
	[1029266:1029728:rev] frameshifted; incomplete; partial on complete genome; missing N-terminus; Derived by automated computational analysis using gene prediction method: Protein Homology.; hypothetical protein
	[1029732:1030388:rev] Derived by automated computational analysis using gene prediction method: Protein Homology.; tetratricopeptide repeat protein
	[1030357:1030980:rev] Derived by automated computational analysis using gene prediction method: GeneMarkS-2+.; hypothetical protein
	[1031058:1031294:rev] Derived by automated computational analysis using gene prediction method: Protein Homology.; hypothetical protein
	[1031389:1031805:rev] Derived by automated computational analysis using gene prediction method: Protein Homology.; hypothetical protein
	[1031910:1034414:rev] Derived by automated computational analysis using gene prediction method: Protein Homology.; PKD domain-containing protein
	[1035187:1036956:dir] Derived by automated computational analysis using gene prediction method: Protein Homology.; DNA polymerase
	[1036953:1037495:rev] comE; Derived by automated computational analysis using gene prediction method: Protein Homology.; sulfopyruvate decarboxylase subunit beta
	[1037500:1037997:rev] comD; Derived by automated computational analysis using gene prediction method: Protein Homology.; sulfopyruvate decarboxylase subunit alpha
	[1037994:1039019:rev] Derived by automated computational analysis using gene prediction method: Protein Homology.; Ldh family oxidoreductase
	[1039030:1040046:rev] Derived by automated computational analysis using gene prediction method: Protein Homology.; phosphoribosylformylglycinamidine cyclo-ligase
	[1040093:1042003:rev] Derived by automated computational analysis using gene prediction method: Protein Homology.; beta-CASP ribonuclease aCPSF1
	[1042075:1042707:rev] psmB; Derived by automated computational analysis using gene prediction method: Protein Homology.; archaeal proteasome endopeptidase complex subunit beta
<END>
<GI> CP042937:7 <COORDINATES> 1147619-1170432 <STAT> n1_4mer:GRV/n1_4mer:RV = 1.594100; n0_4mer:D = 32.350438; n0_4mer:PS = 28.394445
	[1147619:1150114:dir] cas10; Derived by automated computational analysis using gene prediction method: Protein Homology.; type III-A CRISPR-associated protein Cas10/Csm1
	[1150111:1150521:dir] csm2; Derived by automated computational analysis using gene prediction method: Protein Homology.; type III-A CRISPR-associated protein Csm2
	[1150532:1151236:dir] csm3; Derived by automated computational analysis using gene prediction method: Protein Homology.; type III-A CRISPR-associated RAMP protein Csm3
	[1151242:1152153:dir] csm4; Derived by automated computational analysis using gene prediction method: Protein Homology.; type III-A CRISPR-associated RAMP protein Csm4
	[1152154:1153230:dir] csm5; Derived by automated computational analysis using gene prediction method: Protein Homology.; type III-A CRISPR-associated RAMP protein Csm5
	[1153223:1154425:dir] Derived by automated computational analysis using gene prediction method: Protein Homology.; TIGR02710 family CRISPR-associated protein
	[1164724:1165077:rev] Derived by automated computational analysis using gene prediction method: GeneMarkS-2+.; hypothetical protein
	[1165107:1165766:rev] Derived by automated computational analysis using gene prediction method: Protein Homology.; class I SAM-dependent methyltransferase
	[1165996:1170432:dir] Derived by automated computational analysis using gene prediction method: Protein Homology.; DUF11 domain-containing protein
<END>
<GI> CP042937:8 <COORDINATES> 1173244-1196192 <STAT> n1_4mer:GRV/n1_4mer:RV = 1.690367; n0_4mer:D = 31.225681; n0_4mer:PS = 51.857717
	[1173244:1174536:dir] Derived by automated computational analysis using gene prediction method: Protein Homology.; TldD/PmbA family protein
	[1174940:1175932:dir] Derived by automated computational analysis using gene prediction method: Protein Homology.; radical SAM protein
	[1175943:1176452:dir] Derived by automated computational analysis using gene prediction method: Protein Homology.; NTPase
	[1176455:1177591:dir] pscS; Derived by automated computational analysis using gene prediction method: Protein Homology.; O-phospho-L-seryl-tRNA:Cys-tRNA synthase
	[1177672:1178079:rev] Derived by automated computational analysis using gene prediction method: Protein Homology.; transcriptional regulator
	[1178097:1178540:rev] Derived by automated computational analysis using gene prediction method: Protein Homology.; universal stress protein
	[1178543:1179016:rev] Derived by automated computational analysis using gene prediction method: Protein Homology.; TIGR00288 family NYN domain-containing protein
	[1179098:1179751:rev] Derived by automated computational analysis using gene prediction method: Protein Homology.; TetR/AcrR family transcriptional regulator
	[1179894:1180439:dir] mtrA; Derived by automated computational analysis using gene prediction method: Protein Homology.; tetrahydromethanopterin S-methyltransferase subunit A
	[1180640:1180724:rev] Derived by automated computational analysis using gene prediction method: tRNAscan-SE.; tRNA-Ser
	[1180764:1180848:rev] Derived by automated computational analysis using gene prediction method: tRNAscan-SE.; tRNA-Ser
	[1180931:1181239:rev] rpsJ; Derived by automated computational analysis using gene prediction method: Protein Homology.; 30S ribosomal protein S10
	[1181275:1182516:rev] tuf; Derived by automated computational analysis using gene prediction method: Protein Homology.; translation elongation factor EF-1 subunit alpha
	[1182627:1184819:rev] Derived by automated computational analysis using gene prediction method: Protein Homology.; elongation factor EF-2
	[1184837:1185397:rev] rpsG; Derived by automated computational analysis using gene prediction method: Protein Homology.; 30S ribosomal protein S7
	[1185403:1185828:rev] Derived by automated computational analysis using gene prediction method: Protein Homology.; 30S ribosomal protein S12
	[1185850:1186281:rev] Derived by automated computational analysis using gene prediction method: Protein Homology.; NusA-like transcription termination signal-binding factor
	[1186288:1186584:rev] Derived by automated computational analysis using gene prediction method: Protein Homology.; 50S ribosomal protein L30e
	[1186595:1187950:rev] rpoA2; Derived by automated computational analysis using gene prediction method: Protein Homology.; DNA-directed RNA polymerase subunit A''
	[1187960:1190572:rev] rpoA1; Derived by automated computational analysis using gene prediction method: Protein Homology.; DNA-directed RNA polymerase subunit A'
	[1190611:1192422:rev] rpoB; Derived by automated computational analysis using gene prediction method: Protein Homology.; DNA-directed RNA polymerase subunit B
	[1192446:1193990:rev] Derived by automated computational analysis using gene prediction method: Protein Homology.; DNA-directed RNA polymerase subunit B''
	[1194052:1194285:rev] Derived by automated computational analysis using gene prediction method: Protein Homology.; DNA-directed RNA polymerase subunit H
	[1194328:1194401:rev] Derived by automated computational analysis using gene prediction method: tRNAscan-SE.; tRNA-Lys
	[1194410:1194481:rev] Derived by automated computational analysis using gene prediction method: tRNAscan-SE.; tRNA-Asp
	[1194610:1194682:rev] Derived by automated computational analysis using gene prediction method: tRNAscan-SE.; tRNA-Tyr
	[1194727:1194801:rev] Derived by automated computational analysis using gene prediction method: tRNAscan-SE.; tRNA-Pro
	[1194809:1194882:rev] Derived by automated computational analysis using gene prediction method: tRNAscan-SE.; tRNA-Thr
	[1194972:1196192:rev] pgk; Derived by automated computational analysis using gene prediction method: Protein Homology.; phosphoglycerate kinase
<END>
<GI> CP042937:9 <COORDINATES> 1475908-1501238 <STAT> n1_4mer:GRV/n1_4mer:RV = 1.833992; n0_4mer:D = 34.195213; n0_4mer:PS = 34.397206
	[1475908:1477404:dir] Derived by automated computational analysis using gene prediction method: Protein Homology.; 2-isopropylmalate synthase
	[1477405:1477875:dir] Derived by automated computational analysis using gene prediction method: Protein Homology.; hypothetical protein
	[1477907:1478896:rev] Derived by automated computational analysis using gene prediction method: Protein Homology.; DegT/DnrJ/EryC1/StrS aminotransferase family protein
	[1478901:1480064:rev] Derived by automated computational analysis using gene prediction method: Protein Homology.; hypothetical protein
	[1480608:1483136:dir] Derived by automated computational analysis using gene prediction method: Protein Homology.; PKD domain-containing protein
	[1483150:1483392:dir] Derived by automated computational analysis using gene prediction method: GeneMarkS-2+.; hypothetical protein
	[1483547:1483928:dir] frameshifted; Derived by automated computational analysis using gene prediction method: Protein Homology.; hypothetical protein
	[1483909:1484184:dir] Derived by automated computational analysis using gene prediction method: Protein Homology.; hypothetical protein
	[1484201:1485151:dir] Derived by automated computational analysis using gene prediction method: Protein Homology.; hypothetical protein
	[1485148:1486368:dir] Derived by automated computational analysis using gene prediction method: Protein Homology.; tetratricopeptide repeat protein
	[1486793:1487176:dir] Derived by automated computational analysis using gene prediction method: Protein Homology.; hypothetical protein
	[1488298:1488657:dir] Derived by automated computational analysis using gene prediction method: Protein Homology.; hypothetical protein
	[1488803:1489033:rev] Derived by automated computational analysis using gene prediction method: Protein Homology.; hypothetical protein
	[1489064:1489519:rev] msrB; Derived by automated computational analysis using gene prediction method: Protein Homology.; peptide-methionine (R)-S-oxide reductase MsrB
	[1489779:1490705:rev] guaA; Derived by automated computational analysis using gene prediction method: Protein Homology.; glutamine-hydrolyzing GMP synthase subunit GuaA
	[1490882:1491448:rev] Derived by automated computational analysis using gene prediction method: Protein Homology.; GMP synthase subunit A
	[1491663:1492577:dir] Derived by automated computational analysis using gene prediction method: Protein Homology.; restriction endonuclease
	[1492589:1493497:rev] trxB; Derived by automated computational analysis using gene prediction method: Protein Homology.; thioredoxin-disulfide reductase
	[1493684:1495543:rev] gatE; Derived by automated computational analysis using gene prediction method: Protein Homology.; Glu-tRNA(Gln) amidotransferase subunit GatE
	[1495548:1496855:rev] gatD; Derived by automated computational analysis using gene prediction method: Protein Homology.; Glu-tRNA(Gln) amidotransferase subunit GatD
	[1496855:1498291:rev] Derived by automated computational analysis using gene prediction method: Protein Homology.; ketoisovalerate oxidoreductase
	[1498284:1499342:rev] Derived by automated computational analysis using gene prediction method: Protein Homology.; 3-methyl-2-oxobutanoate dehydrogenase subunit VorB
	[1499323:1499562:rev] Derived by automated computational analysis using gene prediction method: Protein Homology.; ferredoxin family protein
	[1499559:1501238:rev] Derived by automated computational analysis using gene prediction method: Protein Homology.; AMP-binding protein
<END>
<GI> CP042937:10 <COORDINATES> 1670677-1699229 <STAT> n1_4mer:GRV/n1_4mer:RV = 3.158331; n0_4mer:D = 39.889956; n0_4mer:PS = 18.424258
	[1670677:1671324:dir] Derived by automated computational analysis using gene prediction method: Protein Homology.; YbjQ family protein
	[1671326:1672099:rev] Derived by automated computational analysis using gene prediction method: Protein Homology.; potassium channel family protein
	[1672357:1673382:dir] Derived by automated computational analysis using gene prediction method: Protein Homology.; H(2)-dependent methylenetetrahydromethanopterin dehydrogenase-related protein
	[1673394:1673741:dir] Derived by automated computational analysis using gene prediction method: Protein Homology.; hypothetical protein
	[1673756:1675453:rev] Derived by automated computational analysis using gene prediction method: Protein Homology.; DUF2357 domain-containing protein
	[1675460:1677610:rev] Derived by automated computational analysis using gene prediction method: Protein Homology.; DUF3578 domain-containing protein
	[1677824:1680163:dir] Derived by automated computational analysis using gene prediction method: Protein Homology.; phosphoadenosine phosphosulfate reductase family protein
	[1680163:1683513:dir] Derived by automated computational analysis using gene prediction method: GeneMarkS-2+.; hypothetical protein
	[1683517:1685844:dir] pglZ; Derived by automated computational analysis using gene prediction method: Protein Homology.; BREX-4 system phosphatase PglZ
	[1685841:1687268:dir] brxL; Derived by automated computational analysis using gene prediction method: Protein Homology.; BREX system Lon protease-like protein BrxL
	[1687283:1687528:rev] Derived by automated computational analysis using gene prediction method: Protein Homology.; hypothetical protein
	[1687588:1688064:rev] Derived by automated computational analysis using gene prediction method: Protein Homology.; thermonuclease family protein
	[1688205:1690682:dir] Derived by automated computational analysis using gene prediction method: Protein Homology.; DEAD/DEAH box helicase
	[1690697:1691611:dir] Derived by automated computational analysis using gene prediction method: Protein Homology.; hypothetical protein
	[1691698:1692009:dir] Derived by automated computational analysis using gene prediction method: GeneMarkS-2+.; hypothetical protein
	[1692009:1692335:dir] Derived by automated computational analysis using gene prediction method: Protein Homology.; hypothetical protein
	[1692432:1697222:dir] Derived by automated computational analysis using gene prediction method: Protein Homology.; DUF3320 domain-containing protein
	[1697250:1699229:dir] Derived by automated computational analysis using gene prediction method: Protein Homology.; PAS domain S-box protein
<END>
<GI> CP042937:11 <COORDINATES> 1711028-1748499 <STAT> n1_4mer:GRV/n1_4mer:RV = 2.341711; n0_4mer:D = 37.391704; n0_4mer:PS = 24.222271
	[1711028:1719850:dir] Derived by automated computational analysis using gene prediction method: Protein Homology.; hypothetical protein
	[1719958:1722579:rev] Derived by automated computational analysis using gene prediction method: Protein Homology.; DNA-directed RNA polymerase subunit A'
	[1722871:1723416:rev] DNA-dependent RNA polymerase catalyzes the transcription of DNA into RNA using the four ribonucleoside triphosphates as substrates; incomplete; partial on complete genome; missing C-terminus; Derived by automated computational analysis using gene prediction method: Protein Homology.; DNA-directed RNA polymerase subunit A'
	[1723637:1724320:dir] Derived by automated computational analysis using gene prediction method: Protein Homology.; hypothetical protein
	[1724358:1726030:dir] frameshifted; Derived by automated computational analysis using gene prediction method: Protein Homology.; PAS domain S-box protein
	[1726270:1726557:rev] Derived by automated computational analysis using gene prediction method: Protein Homology.; M48 family metallopeptidase
	[1726558:1729440:rev] Derived by automated computational analysis using gene prediction method: Protein Homology.; type I restriction endonuclease subunit R
	[1729480:1729680:rev] Derived by automated computational analysis using gene prediction method: GeneMarkS-2+.; hypothetical protein
	[1729667:1730998:rev] Derived by automated computational analysis using gene prediction method: Protein Homology.; hypothetical protein
	[1730995:1732524:rev] Derived by automated computational analysis using gene prediction method: Protein Homology.; SAM-dependent DNA methyltransferase
	[1732805:1734304:rev] Derived by automated computational analysis using gene prediction method: Protein Homology.; DUF11 domain-containing protein
	[1734587:1736299:dir] Derived by automated computational analysis using gene prediction method: Protein Homology.; sensor histidine kinase
	[1736309:1736560:rev] Derived by automated computational analysis using gene prediction method: GeneMarkS-2+.; hypothetical protein
	[1737245:1737457:dir] Derived by automated computational analysis using gene prediction method: GeneMarkS-2+.; hypothetical protein
	[1737522:1738100:dir] Derived by automated computational analysis using gene prediction method: GeneMarkS-2+.; hypothetical protein
	[1738052:1738840:dir] Derived by automated computational analysis using gene prediction method: Protein Homology.; metal-dependent hydrolase
	[1739237:1739527:dir] Derived by automated computational analysis using gene prediction method: GeneMarkS-2+.; hypothetical protein
	[1739542:1739760:rev] Derived by automated computational analysis using gene prediction method: GeneMarkS-2+.; hypothetical protein
	[1740955:2094:rev] Derived by automated computational analysis using gene prediction method: Protein Homology.; SIR2 family protein
<END>