<GI> CP003117:1 <COORDINATES> 144300-171375 <STAT> n1_4mer:GRV/n1_4mer:RV = 1.596658; n0_4mer:D = 29.535506; n0_4mer:PS = 28.937751
	[144300:146462:rev] Catalase-peroxidase
	[146862:147038:dir] DNA-binding protein
	[147192:147800:rev] hypothetical protein
	[147912:148448:rev] putative membrane-bound metal-dependent hydrolase
	[148564:150093:rev] hypothetical protein
	[150097:151878:rev] hypothetical protein
	[152220:152621:dir] putative nucleic acid-binding protein, contains PIN domain
	[152637:153536:rev] Radical SAM domain protein
	[153818:155647:rev] TPR repeat-containing protein
	[156222:157481:rev] Alkaline phosphatase family protein
	[157589:157861:dir] hypothetical protein
	[158054:159529:rev] hypothetical protein
	[159934:161421:rev] Type-2 seryl-tRNA synthetase
	[161418:161645:rev] hypothetical protein
	[161642:162934:rev] Phosphoesterase, RecJ domain protein
	[162931:163305:rev] 30S ribosomal protein S15P/S13e
	[163549:164301:dir] hypothetical protein
	[164450:167119:rev] similar to PTH_1387; hypothetical protein
	[167344:167520:rev] Ferredoxin
	[167668:171375:rev] Anaerobic ribonucleoside-triphosphate reductase
<END>
<GI> CP003117:2 <COORDINATES> 234600-262154 <STAT> n1_4mer:GRV/n1_4mer:RV = 1.946599; n0_4mer:D = 32.071376; n0_4mer:PS = 26.998721
	[234600:235820:dir] Orc1/cdc6 family replication initiation protein
	[235904:235976:rev] tRNA-Gly
	[236159:237058:dir] Thioredoxin reductase
	[237117:238058:dir] hypothetical protein
	[238530:239393:dir] Universal stress protein
	[240410:241459:dir] hypothetical protein
	[241508:242380:dir] Universal stress protein
	[242701:243732:dir] hypothetical protein
	[243781:244653:dir] Universal stress protein
	[244974:246005:dir] hypothetical protein
	[246054:246926:dir] Universal stress protein
	[247767:249047:rev] hypothetical protein
	[249712:250023:dir] V-type ATP synthase subunit G
	[250055:251980:dir] V-type ATP synthase subunit I
	[252610:253245:dir] V-type ATP synthase subunit E
	[253344:254417:dir] V-type ATP synthase subunit C
	[254414:254740:dir] V-type ATP synthase subunit F
	[254754:256517:dir] V-type ATP synthase subunit alpha
	[256523:257917:dir] V-type ATP synthase beta chain
	[257953:258612:dir] V-type ATP synthase subunit D
	[258622:259008:dir] hypothetical protein
	[259010:259429:dir] hypothetical protein
	[260364:260885:rev] Acetyltransferase
	[260955:261722:rev] hypothetical protein
	[261777:262154:rev] hypothetical protein
<END>
<GI> CP003117:3 <COORDINATES> 293890-317022 <STAT> n1_4mer:GRV/n1_4mer:RV = 1.537016; n0_4mer:D = 27.535263; n0_4mer:PS = 25.021318
	[293890:295167:rev] Radical SAM domain protein
	[295164:295511:rev] Phosphoribosyl-AMP cyclohydrolase
	[295639:296886:dir] hypothetical protein
	[296924:297100:dir] hypothetical protein
	[298182:298766:dir] Heat shock protein Hsp20
	[299096:299157:rev] 7S ribosomal RNA
	[299308:299553:dir] Putative transcriptional regulator
	[299558:300070:dir] Nitroreductase
	[300126:300542:dir] Peptide methionine sulfoxide reductase msrB
	[300578:301474:dir] Putative methanogenesis marker protein 8
	[301512:302585:rev] Archaeal sugar kinase, putative
	[303103:304893:dir] ATP-dependent OLD family endonuclease
	[304900:306801:dir] UvrD/REP helicase
	[306968:307429:rev] Riboflavin synthase alpha chain
	[307533:309503:rev] Ribonucleoside-diphosphate reductase, adenosylcobalamin-dependent
	[309662:310342:dir] CODH nickel-insertion accessory protein
	[310488:310673:dir] hypothetical protein
	[310807:311799:rev] Phosphoribosylformylglycinamidine cyclo-ligase
	[311811:313196:rev] Aspartokinase
	[313487:315682:dir] Elongation factor 2
	[315754:317022:dir] Elongation factor 1-alpha
<END>
<GI> CP003117:4 <COORDINATES> 605607-629118 <STAT> n1_4mer:GRV/n1_4mer:RV = 1.529624; n0_4mer:D = 29.426070; n0_4mer:PS = 21.957608
	[605607:607028:dir] hypothetical protein
	[607025:607828:dir] RNA methyltransferase, TrmH family, group 1
	[607949:608377:rev] RDD domain containing protein
	[608579:609034:rev] RDD domain containing protein
	[609223:609408:rev] hypothetical protein
	[609705:610541:rev] hypothetical protein
	[610917:612380:dir] Aminoacyl-histidine dipeptidase
	[612601:613029:dir] hypothetical protein
	[613020:613220:dir] hypothetical protein
	[613246:614514:rev] hypothetical protein
	[614804:615592:rev] hypothetical protein
	[615642:616805:rev] Filament induced by cAMP protein
	[618417:619304:dir] hypothetical protein
	[619478:619831:rev] Putative CoB-CoM heterodisulfide reductase, subunit B
	[620066:620287:rev] Uncharacterized protein family (UPF0150)
	[620294:620452:rev] YcfA family protein
	[620647:621534:rev] CoB-CoM heterodisulfide reductase, subunit B
	[621531:622190:rev] CoB-CoM heterodisulfide reductase, subunit C
	[622187:623533:rev] Formylmethanofuran dehydrogenase, subunit F
	[623533:625905:rev] CoB-CoM heterodisulfide reductase, subunit A
	[626332:627534:dir] Phosphopantothenoylcysteine decarboxylase/phosphopantothenate--cysteine ligase
	[627531:628361:dir] GHMP kinase ATP-binding protein, putative
	[628339:629118:dir] Pantothenate synthetase
<END>
<GI> CP003117:5 <COORDINATES> 707851-729640 <STAT> n1_4mer:GRV/n1_4mer:RV = 1.802930; n0_4mer:D = 32.042396; n0_4mer:PS = 14.505759
	[707851:708291:dir] hypothetical protein
	[708397:708549:dir] hypothetical protein
	[708557:709087:dir] Archaemetzincin
	[709195:709614:rev] hypothetical protein
	[709793:710812:dir] Cation efflux family protein
	[710865:711290:dir] OsmC family protein
	[711287:711859:dir] YbhB YbcL family protein
	[711914:712555:rev] hypothetical protein
	[712584:713198:rev] hypothetical protein
	[715406:716371:rev] hypothetical protein
	[716840:717697:rev] Cobalt chelatase
	[719017:719631:rev] hypothetical protein
	[719691:721079:rev] Hydroxymethylglutaryl-CoA synthase
	[721094:721450:dir] hypothetical protein
	[721573:722058:dir] hypothetical protein
	[722249:723847:dir] Glutamate synthase (NADPH) GltB2 subunit
	[724231:725406:dir] Glutamate dehydrogenase (GDH)
	[725457:725687:dir] hypothetical protein
	[725689:725922:dir] hypothetical protein
	[725970:726887:rev] Sulfide dehydrogenase (Flavoprotein) subunit SudB
	[726890:729640:rev] Formate dehydrogenase, alpha subunit
<END>
<GI> CP003117:6 <COORDINATES> 858526-878697 <STAT> n1_4mer:GRV/n1_4mer:RV = 2.136696; n0_4mer:D = 27.497568; n0_4mer:PS = 29.992995
	[858526:859863:dir] Putative Tungsten formylmethanofuran dehydrogenase, subunit E
	[860021:860455:dir] Methyltransferase, putative
	[860515:861114:dir] hypothetical protein
	[861178:862728:dir] Extracellular solute-binding protein, family 5
	[863086:864255:dir] Periplasmic binding protein
	[864584:865681:dir] ABC transporter, solute-binding protein
	[865777:866859:dir] ABC transporter, iron chelate uptake transporter (FeCT) family, permease protein
	[866866:867711:dir] ABC transporter, ATP-binding protein
	[867966:869147:dir] Periplasmic binding protein
	[869288:870151:dir] Methyltransferase
	[870249:871343:dir] Periplasmic binding protein
	[871500:871584:rev] tRNA-Leu
	[871608:872408:rev] DNA-directed RNA polymerase subunit D
	[872412:872801:rev] 30S ribosomal protein S11P
	[872804:873280:rev] 30S ribosomal protein S4P
	[873362:873817:rev] 30S ribosomal protein S13P
	[874004:875275:rev] putative 3-phosphoshikimate 1-carboxyvinyltransferase
	[875336:876070:rev] putative ribosomal RNA small subunit methyltransferase A
	[876129:876668:rev] hypothetical protein
	[876737:877084:rev] DNA-directed RNA polymerase, subunit F
	[877086:877376:rev] 50S ribosomal protein L21e
	[877342:878697:rev] tRNA pseudouridine synthase Pus10
<END>
<GI> CP003117:7 <COORDINATES> 938781-962613 <STAT> n1_4mer:GRV/n1_4mer:RV = 2.046469; n0_4mer:D = 29.215489; n0_4mer:PS = 21.934462
	[938781:940310:dir] Replication factor C large subunit
	[940403:941512:rev] hypothetical protein
	[941839:942804:rev] S-layer domain protein
	[943225:944415:rev] S-adenosylmethionine synthase
	[944557:945459:dir] Putative arsenical pump-driving ATPase
	[945504:945818:dir] 4Fe-4S ferredoxin iron-sulfur binding domain protein
	[945947:947974:rev] hypothetical protein
	[947987:950377:rev] hypothetical protein
	[951208:951282:dir] tRNA-Arg
	[951355:952227:rev] ATP phosphoribosyltransferase (ATP-PRTase) (ATP-PRT)
	[952226:952858:dir] NADH dehydrogenase/NAD(P)H nitroreductase, putative
	[952855:954456:dir] Histone acetyltransferase, ELP3 family protein
	[955294:955662:dir] hypothetical protein
	[955932:957617:rev] Thermosome subunit gamma
	[957749:958738:rev] hypothetical protein
	[958987:962613:rev] hypothetical protein
<END>
<GI> CP003117:8 <COORDINATES> 1179738-1226587 <STAT> n1_4mer:GRV/n1_4mer:RV = 3.419587; n0_4mer:D = 37.618759; n0_4mer:PS = 27.497030
	[1179738:1180295:dir] dTDP-4-dehydrorhamnose 3,5-epimerase
	[1180279:1181379:dir] Glucose-1-phosphate thymidyltransferase
	[1181384:1182382:dir] dTDP-glucose 4,6-dehydratase
	[1182379:1183317:dir] dTDP-4-dehydrorhamnose reductase
	[1183372:1184469:dir] Glycosyl transferase, group 1
	[1184492:1185406:dir] NAD-dependent epimerase/dehydratase
	[1185465:1186247:dir] Polysaccharide ABC transporter, permease protein
	[1186250:1187542:dir] Polysaccharide ABC transporter, ATP-binding protein
	[1187549:1188955:dir] hypothetical protein
	[1188937:1191351:dir] Glycosyl transferase, group 1
	[1191734:1191871:dir] hypothetical protein
	[1191916:1192656:dir] Methyltransferase type 11
	[1192832:1194763:dir] hypothetical protein
	[1194851:1195525:dir] Glycosyl transferase, family 2
	[1195576:1198197:rev] Peptidase C1A, papain, putative
	[1198406:1201054:rev] Integrins alpha chain
	[1201209:1203350:rev] Peptidase family C25
	[1203675:1204943:dir] Cysteate synthase
	[1204940:1205710:dir] ABC transporter, ATP-binding protein
	[1205707:1206405:dir] Cobalamin synthesis protein, P47K
	[1206478:1207158:dir] Fe-S cluster domain protein
	[1207464:1208306:dir] hypothetical protein
	[1208427:1208936:dir] Sulfopyruvate decarboxylase subunit alpha
	[1209150:1209494:dir] Acylphosphatase, putative
	[1209622:1210110:dir] Sulfopyruvate decarboxylase subunit beta
	[1210220:1215640:dir] Cell surface protein
	[1215892:1217202:rev] Dipeptidyl-peptidase 1
	[1217542:1218813:rev] Peptidase C1A, papain, putative
	[1218864:1223045:rev] Conserved repeat domain protein
	[1223464:1224378:rev] 4Fe-4S cluster binding protein
	[1224447:1224734:rev] Putative methanogenesis marker 16 metalloprotein
	[1224744:1225508:rev] Methyltransferase type 11
	[1225646:1226587:dir] hypothetical protein
<END>
<GI> CP003117:9 <COORDINATES> 1275000-1306136 <STAT> n1_4mer:GRV/n1_4mer:RV = 4.662069; n0_4mer:D = 43.970557; n0_4mer:PS = 29.192803
	[1275138:1276382:dir] Glutamyl-tRNA(Gln) amidotransferase, subunit D
	[1276548:1277000:dir] 50S ribosomal protein L10e
	[1277021:1277647:dir] Translation initiation factor 2 subunit beta
	[1277663:1277896:dir] hypothetical protein
	[1277924:1278667:dir] F420-0:gamma-glutamyl ligase
	[1278688:1279407:dir] 2-phospho-L-lactate guanylyltransferase
	[1279684:1280187:rev] hypothetical protein
	[1280373:1281473:rev] AAA ATPase family protein associated with various cellular activities
	[1281690:1281774:dir] tRNA-Leu
	[1282638:1283252:rev] hypothetical protein
	[1284590:1284976:dir] hypothetical protein
	[1285087:1286844:dir] hypothetical protein
	[1288125:1288559:rev] hypothetical protein
	[1288572:1288967:rev] hypothetical protein
	[1289113:1289766:rev] hypothetical protein
	[1289840:1290715:rev] Site-specific integrase/recombinase
	[1290989:1291183:rev] hypothetical protein
	[1291301:1291507:rev] hypothetical protein
	[1291869:1294796:rev] Alpha glucan phosphorylase
	[1295545:1296498:rev] Tyrosyl-tRNA synthetase
	[1296856:1297110:dir] hypothetical protein
	[1297179:1297349:dir] hypothetical protein
	[1297550:1298218:rev] Molybdopterin-guanine dinucleotide biosynthesis protein, putative
	[1298215:1298808:rev] hypothetical protein
	[1298848:1299732:rev] Bifunctional protein FolD
	[1299696:1300940:rev] Serine hydroxymethyltransferase
	[1301074:1301529:dir] hypothetical protein
	[1301597:1302898:rev] Cysteine desulfurase NifS
	[1302891:1302952:rev] tRNA-Xaa; tRNA-OTHER
	[1303125:1306136:dir] hypothetical protein
<END>
<GI> CP003117:10 <COORDINATES> 1550379-1570754 <STAT> n1_4mer:GRV/n1_4mer:RV = 1.877934; n0_4mer:D = 28.167558; n0_4mer:PS = 17.659885
	[1550379:1551149:rev] Oxidoreductase FAD/NAD
	[1551146:1552135:rev] Dihydroorotate oxidase B, catalytic subunit
	[1552186:1553613:rev] hypothetical protein
	[1554203:1555459:rev] ATP-dependent RNA helicase, putative
	[1555743:1556051:rev] hypothetical protein
	[1556053:1556406:rev] hypothetical protein
	[1556394:1557332:rev] hypothetical protein
	[1558102:1558521:dir] hypothetical protein
	[1558905:1559186:rev] hypothetical protein
	[1560587:1561582:rev] hypothetical protein
	[1562719:1563969:dir] 5-methylthioadenosine/S-adenosylhomocysteine deaminase
	[1563980:1565230:rev] hypothetical protein
	[1565333:1566124:rev] Fructose bisphosphate aldolase
	[1566249:1567307:dir] Rhodanese domain protein
	[1567674:1568069:dir] hypothetical protein
	[1568071:1568406:dir] L-2,4-diaminobutyric acid acetyltransferase
	[1568358:1568633:dir] L-2,4-diaminobutyric acid acetyltransferase
	[1568636:1569955:dir] Diaminobutyrate--2-oxoglutarate aminotransferase
	[1569952:1570443:dir] Ectoine synthase
	[1570431:1570754:rev] Cupin 2 conserved barrel domain protein
<END>
<GI> CP003117:11 <COORDINATES> 1621236-1644915 <STAT> n1_4mer:GRV/n1_4mer:RV = 1.576731; n0_4mer:D = 26.684095; n0_4mer:PS = 26.970398
	[1621236:1622066:rev] Iron sulfur cluster/nucleotide binding domain protein
	[1622273:1622725:rev] hypothetical protein
	[1622846:1623505:rev] hypothetical protein
	[1623475:1624014:rev] Fumarase, beta subunit
	[1623999:1624799:rev] Fumarase, alpha subunit
	[1624826:1625551:rev] hypothetical protein
	[1625692:1627071:dir] Cobyrinic acid a,c-diamide synthase
	[1627271:1630051:dir] Putative helicase
	[1630097:1630672:dir] Iron-sulfur flavoprotein
	[1630745:1633540:rev] DNA polymerase
	[1633899:1634315:dir] hypothetical protein
	[1634319:1634720:dir] hypothetical protein
	[1634829:1636610:dir] hypothetical protein
	[1636742:1637752:rev] O-sialoglycoprotein endopeptidase, putative
	[1637814:1639298:rev] Phosphoribosylamine--glycine ligase
	[1639456:1640781:dir] Glutamine synthetase, type I
	[1640881:1640954:dir] tRNA-Lys
	[1640961:1641137:dir] tRNA-Trp
	[1641200:1641520:dir] hypothetical protein
	[1641845:1642693:dir] putative endonuclease 4
	[1642829:1643428:dir] hypothetical protein
	[1643416:1643859:rev] Response regulator receiver protein
	[1643998:1644915:rev] hypothetical protein
<END>
<GI> CP003117:12 <COORDINATES> 1774558-1793161 <STAT> n1_4mer:GRV/n1_4mer:RV = 1.602541; n0_4mer:D = 25.573525; n0_4mer:PS = 25.669996
	[1774558:1775496:rev] Protein with two GATE domains
	[1775741:1777666:dir] Alpha-amylase, putative
	[1777955:1778659:dir] hypothetical protein
	[1778921:1779673:dir] hypothetical protein
	[1779712:1780527:dir] hypothetical protein
	[1780807:1781940:dir] hypothetical protein
	[1783412:1783882:dir] von Willebrand factor, type A
	[1783971:1784915:rev] Transposase
	[1784986:1786668:dir] von Willebrand factor, type A
	[1786665:1789187:dir] Conserved repeat domain protein
	[1789270:1789893:dir] Ribonuclease HII
	[1789951:1791066:dir] L-aspartate aminotransferase apoenzyme / phosphoserine aminotransferase apoenzyme
	[1791197:1793161:dir] hypothetical protein
<END>
<GI> CP003117:13 <COORDINATES> 1826021-1855133 <STAT> n1_4mer:GRV/n1_4mer:RV = 2.143391; n0_4mer:D = 33.029132; n0_4mer:PS = 30.953831
	[1826021:1827787:rev] DNA polymerase I
	[1827744:1829726:dir] CRISPR-associated exonuclease, Cas4 family / CRISPR-associated protein, Cas1 family
	[1829731:1830027:dir] CRISPR-associated protein, Cas2 family
	[1833368:1833775:rev] hypothetical protein
	[1833899:1834207:rev] CRISPR-associated protein, Csx3 family
	[1834204:1835187:rev] hypothetical protein
	[1835234:1836250:rev] CRISPR-associated protein, Cmr6 family
	[1836231:1836590:rev] CRISPR-associated protein, Cmr5 family
	[1836654:1837502:rev] CRISPR-associated protein, Cmr4 family
	[1837515:1838651:rev] CRISPR-associated protein, Cmr3 family
	[1838648:1840480:rev] CRISPR-associated protein, Cmr2 family
	[1840604:1841788:rev] CRISPR-associated protein, Cmr1 family
	[1842337:1843332:rev] hypothetical protein
	[1843727:1846966:dir] Carbamoyl-phosphate synthase, large subunit
	[1847174:1848250:rev] hypothetical protein
	[1848455:1849543:dir] hypothetical protein
	[1849573:1850367:dir] Methyltransferase, putative
	[1850431:1851042:rev] DNA ligase D, 3'-phosphoesterase domain protein
	[1851087:1855133:rev] Tetratricopeptide repeat family
<END>
<GI> CP003117:14 <COORDINATES> 1996000-2028168 <STAT> n1_4mer:GRV/n1_4mer:RV = 2.385612; n0_4mer:D = 35.089590; n0_4mer:PS = 23.923156
	[1996666:1999194:dir] Sulfatase family protein
	[1999524:2001047:dir] Sulfatase
	[2001287:2002783:rev] hypothetical protein
	[2002935:2004311:dir] Anaerobic sulfatase-maturating enzyme
	[2004545:2005489:dir] Transposase
	[2005690:2007099:dir] hypothetical protein
	[2007226:2007507:dir] hypothetical protein
	[2007705:2010650:rev] Type I site-specific deoxyribonuclease chain R
	[2010647:2011648:rev] hypothetical protein
	[2011689:2013113:rev] Restriction modification system DNA specificity domain protein
	[2013915:2016050:rev] Type I restriction-modification system specificity subunit
	[2016294:2017061:rev] hypothetical protein
	[2017058:2018020:rev] GTP cyclohydrolase mptA
	[2018414:2019055:dir] RNA 2'-phosphotransferase, Tpt1 / KptA family
	[2019056:2019667:rev] Di-trans,poly-cis-decaprenylcistransferase
	[2019731:2020960:dir] Conserved hypothetical membrane protein
	[2021004:2021669:rev] hypothetical protein
	[2021702:2023192:dir] Aspartate aminotransferase
	[2023315:2024943:rev] SecD/SecF/SecDF export membrane protein
	[2024940:2025833:rev] SecD/SecF/SecDF export membrane protein
	[2025927:2027255:rev] 3-hexulose-6-phosphate synthase
	[2027254:2028168:dir] Diaminopimelate epimerase
<END>
<GI> CP003117:15 <COORDINATES> 2142170-2182167 <STAT> n1_4mer:GRV/n1_4mer:RV = 1.726760; n0_4mer:D = 27.848660; n0_4mer:PS = 19.406284
	[2142170:2144008:dir] Glycogen synthase
	[2144013:2145239:dir] Glycosyl transferase, group 1
	[2145236:2146198:dir] Sulfate adenylyltransferase
	[2146494:2147645:dir] Glycosyl transferase, group 1
	[2147720:2148475:rev] hypothetical protein
	[2149117:2150739:dir] AAA family ATPase, CDC48 subfamily
	[2150714:2151277:dir] AAA family ATPase, CDC48 subfamily
	[2153092:2153517:dir] AAA family ATPase, CDC48 subfamily
	[2154194:2155138:rev] Transposase
	[2155234:2155683:rev] hypothetical protein
	[2157019:2157318:dir] hypothetical protein
	[2157315:2158208:dir] Cation periplasmic solute binding protein
	[2158229:2158984:dir] Cation ABC transporter, ATP-binding protein
	[2158990:2159784:dir] Cation ABC-3 trasnport family protein
	[2159858:2160868:dir] hypothetical protein
	[2160947:2161870:dir] ABC transporter, ATP-binding protein
	[2161854:2162639:dir] ABC-2 type transporter
	[2162700:2163929:dir] Dihydropteroate synthase
	[2163923:2164336:dir] Cytidine deaminase
	[2164333:2165118:dir] Cytidine deaminase
	[2165200:2166048:dir] Methyltransferase type 11
	[2166298:2167008:dir] Glycosyl transferase family 2
	[2167173:2167628:dir] type 11 methyltransferase
	[2167625:2169142:dir] Glycosyl transferase, family 2
	[2169146:2170177:rev] LPS glycosyltransferase, putative
	[2170187:2171128:rev] Glycosyl transferase
	[2171412:2172365:rev] Glycosyl transferase family 2
	[2172362:2173645:rev] Polysaccharide pyruvyl transferase
	[2173608:2174999:rev] 4Fe-4S ferredoxin, iron-sulfur binding domain protein
	[2174996:2176543:rev] Polysaccharide biosynthesis protein
	[2176576:2177640:rev] Putative glycosyltransferase
	[2177656:2178567:rev] Glycosyl transferase family 2
	[2178746:2180068:rev] Peptidase U62, modulator of DNA gyrase
	[2180245:2182167:rev] ATP-dependent protease, putative
<END>
<GI> CP003117:16 <COORDINATES> 2304541-2327855 <STAT> n1_4mer:GRV/n1_4mer:RV = 3.039266; n0_4mer:D = 37.835907; n0_4mer:PS = 28.075615
	[2304541:2305032:rev] Methylated-DNA/protein- cysteinemethyltransferase
	[2305029:2305556:rev] Phosphodiesterase, MJ0936 family
	[2305747:2305853:dir] tRNA-Tyr
	[2305865:2305937:rev] tRNA-Asp
	[2306205:2306621:rev] hypothetical protein
	[2306852:2307250:rev] hypothetical protein
	[2307478:2309277:rev] Arginine decarboxylase
	[2309547:2310584:dir] Deoxyhypusine synthase
	[2310697:2311224:rev] Lipoprotein, putative
	[2311946:2313292:rev] N-6 DNA methylase
	[2313292:2315133:rev] Putative N-6 DNA methylase
	[2315140:2315283:rev] Putative cytoplasmic protein
	[2315413:2316642:dir] Transposase, IS4 family protein/SWIM domain fusion
	[2316909:2317562:dir] hypothetical protein
	[2317684:2318433:dir] hypothetical protein
	[2318446:2319003:dir] hypothetical protein
	[2319093:2319698:dir] hypothetical protein
	[2319778:2319990:rev] hypothetical protein
	[2320104:2321315:rev] Peptidase S1 and S6, chymotrypsin/Hap
	[2321560:2323050:dir] hypothetical protein
	[2323175:2323336:rev] hypothetical protein
	[2323405:2323483:rev] tRNA-Arg
	[2323500:2323850:rev] Prefoldin, beta subunit
	[2323859:2324086:rev] hypothetical protein
	[2324083:2324493:rev] hypothetical protein
	[2324493:2324630:rev] DNA-directed RNA polymerase subunit P
	[2324632:2324913:rev] 50S ribosomal protein L37Ae
	[2324917:2325696:rev] Exosome complex exonuclease 2
	[2325693:2326448:rev] Exosome complex exonuclease 1
	[2326454:2327152:rev] Exosome complex RNA-binding protein RRP4
	[2327157:2327855:rev] Shwachman-Bodian-Diamond syndrome protein
<END>
<GI> CP003117:17 <COORDINATES> 2359445-2387119 <STAT> n1_4mer:GRV/n1_4mer:RV = 3.854082; n0_4mer:D = 44.872197; n0_4mer:PS = 23.154304
	[2359445:2360545:dir] Transposase, IS605 OrfB family
	[2360619:2361992:dir] Proton/sodium-glutamate symport protein
	[2362083:2363765:rev] Phosphorylase
	[2364114:2365070:rev] 6-phosphofructokinase, putative
	[2365190:2365444:dir] hypothetical protein
	[2365609:2366742:rev] Transposase, OrfB family, putative
	[2367035:2367316:dir] hypothetical protein
	[2367833:2368039:dir] PilT protein domain protein
	[2368377:2370290:dir] hypothetical protein
	[2370985:2371437:rev] Transposase, IS4 family
	[2372148:2372417:rev] hypothetical protein
	[2372966:2374972:dir] N-6 DNA methylase
	[2375008:2376387:dir] Type I restriction-modification system, specificity subunit S
	[2376384:2377979:dir] hypothetical protein
	[2378227:2379066:rev] hypothetical protein
	[2379242:2379481:dir] hypothetical protein
	[2379507:2380397:rev] Formylmethanofuran-tetrahydromethanopterin formyltransferase
	[2380450:2381079:rev] IMP cyclohydrolase
	[2381135:2381962:rev] Pyruvate:ferredoxin oxidoreductase subunit B
	[2382024:2383202:rev] Pyruvate:ferredoxin oxidoreductase subunit A
	[2383203:2383463:rev] Pyruvate:ferredoxin oxidoreductase subunit D
	[2383460:2384122:rev] Pyruvate:ferredoxin oxidoreductase subunit C
	[2384121:2384843:dir] hypothetical protein
	[2384901:2386712:dir] PIN domain protein
	[2386772:2387119:dir] hypothetical protein
<END>
<GI> CP003117:18 <COORDINATES> 2513723-2534678 <STAT> n1_4mer:GRV/n1_4mer:RV = 1.775944; n0_4mer:D = 28.218802; n0_4mer:PS = 12.725580
	[2513723:2515339:dir] Peptidase M50, putative
	[2515374:2516345:rev] putative H4MPT-linked C1 transfer pathway protein
	[2516420:2517520:dir] Coenzyme F420 hydrogenase/dehydrogenase beta subunit domain protein
	[2517615:2518781:dir] hypothetical protein
	[2518874:2522365:rev] hypothetical protein
	[2523173:2523436:dir] Iron-sulfur flavoprotein
	[2524210:2526105:rev] Acetyl-CoA hydrolase/N-acetyltransferase GNAT family fusion protein
	[2526153:2527637:rev] Thermosome subunit
	[2528227:2528475:rev] hypothetical protein
	[2528992:2530998:rev] hypothetical protein
	[2531058:2531510:dir] hypothetical protein
	[2531660:2532730:dir] Beta-ketoacyl-acyl-carrier-protein synthase I
	[2532879:2533769:dir] UbiE/COQ5 methyltransferase
	[2533810:2534100:rev] hypothetical protein
	[2534097:2534282:rev] hypothetical protein
	[2534472:2534678:rev] Uncharacterized protein family (UPF0150)
<END>
<GI> CP003117:19 <COORDINATES> 2552309-2581499 <STAT> n1_4mer:GRV/n1_4mer:RV = 3.079413; n0_4mer:D = 44.723246; n0_4mer:PS = 5.999858
	[2552309:2553529:dir] Mur ligase, middle domain protein
	[2553536:2554639:dir] Putative methanogenesis marker 13 metalloprotein
	[2554689:2554955:rev] Protein translocase subunit secE/sec61 gamma
	[2555092:2556750:dir] Na+/Pi-cotransporter
	[2556747:2557724:rev] Isopropylmalate/isohomocitrate dehydrogenase
	[2557694:2558521:rev] hypothetical protein
	[2558518:2559000:rev] 3-isopropylmalate dehydratase, small subunit
<END>