<GI> CP011266:1 <COORDINATES> 532926-557233 <STAT> n1_4mer:GRV/n1_4mer:RV = 2.804786; n0_4mer:D = 24.293126; n0_4mer:PS = 42.204549
	[532926:533129:dir] thiS1; thiamine biosynthesis protein ThiS1
	[533119:533991:dir] hypothetical protein
	[533999:534733:dir] hypothetical protein
	[534720:536000:rev] cytidyltransferase-related domain-containing protein
	[536021:536500:rev] hypothetical protein
	[536544:537626:rev] radical SAM domain-containing protein
	[537737:538699:rev] mer; 5,10-methylenetetrahydromethanopterin reductase Mer
	[539366:540802:dir] 16S ribosomal RNA
	[541266:544248:dir] 23S ribosomal RNA
	[544397:544513:dir] 5S ribosomal RNA
	[544578:544690:dir] 5S ribosomal RNA
	[545035:546528:rev] reverse transcriptase/endonuclease protein
	[547222:548349:dir] integrase
	[549095:549268:dir] hypothetical protein
	[549419:549775:dir] hypothetical protein
	[549768:549902:dir] hypothetical protein
	[549889:550497:dir] hypothetical protein
	[550533:551033:dir] hypothetical protein
	[551058:553028:dir] replicative DNA helicase Mcm
	[553124:553606:dir] hypothetical protein
	[553642:554817:rev] hypothetical protein
	[554961:555362:rev] PIN domain-containing protein
	[555359:555592:rev] hypothetical protein
	[555932:557233:dir] hypothetical protein
<END>
<GI> CP011266:2 <COORDINATES> 610000-632263 <STAT> n1_4mer:GRV/n1_4mer:RV = 1.844775; n0_4mer:D = 18.661843; n0_4mer:PS = 28.809843
	[610038:611642:rev] ABC transporter ATP-binding/permease protein
	[611632:613287:rev] ABC transporter ATP-binding/permease protein
	[613589:614482:dir] PAP2 family protein
	[614538:616900:rev] ABC transporter permease protein; nonfunctional
	[617034:618692:rev] ubiB2; 2-polyprenylphenol 6- hydroxylase UbiB2
	[618717:620642:rev] DNA mismatch repair ATPase MutS family
	[620711:623053:rev] peptidase U32 family
	[623040:625532:rev] peptidase U32 family
	[625666:626244:dir] tmk1; thymidylate kinase Tmk1
	[626247:627301:dir] adhesin-like protein; nonfunctional
	[627505:627708:rev] hypothetical protein
	[627709:628671:rev] tyrS; tyrosyl-tRNA synthetase TyrS
	[628680:629723:rev] NMD3 family protein
	[629759:630166:rev] translation initiation factor aIF-2 beta subunit
	[630257:632263:rev] replicative DNA helicase Mcm
<END>
<GI> CP011266:3 <COORDINATES> 776762-801638 <STAT> n1_4mer:GRV/n1_4mer:RV = 2.722764; n0_4mer:D = 23.283167; n0_4mer:PS = 41.610326
	[776762:778183:dir] cell wall biosynthesis protein Mur ligase family
	[778262:778696:dir] hypothetical protein
	[778759:779967:dir] hypothetical protein
	[780004:780435:dir] hypothetical protein
	[780436:780921:rev] HTH domain-containing protein
	[781086:782354:dir] proteasome-activating nucleotidase
	[782486:783565:dir] hypothetical protein
	[783593:784624:dir] methyltransferase
	[785177:786613:dir] 16S ribosomal RNA
	[786703:786776:dir] tRNA-Gln
	[787094:790073:dir] 23S ribosomal RNA
	[790224:790339:dir] 5S ribosomal RNA
	[790418:791887:dir] cimA; citramalate synthase CimA
	[791896:792378:dir] hypothetical protein
	[792356:793321:rev] hypothetical protein
	[793326:794495:rev] hypothetical protein
	[794531:795460:rev] guaAb; GMP synthase subunit B GuaAb
	[795467:795724:rev] hypothetical protein
	[795733:796290:rev] guaA; GMP synthase subunit A GuaA
	[796340:796537:dir] hypothetical protein
	[796639:797403:dir] 4Fe-4S ferredoxin iron-sulfur binding domain-containing protein
	[797716:798168:dir] transcriptional regulator MarR family
	[798254:798793:dir] gpxA; glutathione peroxidase GpxA
	[798830:799741:dir] trxB; thioredoxin-disulfide reductase TrxB
	[799773:801638:rev] gatE; glutamyl-tRNA(Gln) amidotransferase subunit E GatE
<END>
<GI> CP011266:4 <COORDINATES> 1273567-1296099 <STAT> n1_4mer:GRV/n1_4mer:RV = 1.573925; n0_4mer:D = 18.655764; n0_4mer:PS = 27.628213
	[1273567:1276725:rev] adhesin-like protein
	[1276975:1278033:rev] adhesin-like protein
	[1278163:1279023:rev] hypothetical protein
	[1279033:1279857:rev] hypothetical protein
	[1279854:1280357:rev] hypothetical protein
	[1280548:1284750:rev] adhesin-like protein
	[1284760:1285296:rev] hypothetical protein
	[1285540:1285926:rev] hypothetical protein
	[1286075:1286632:rev] hypothetical protein
	[1286643:1287350:rev] CAAX amino terminal protease family protein
	[1287396:1288211:rev] hypothetical protein
	[1288398:1289051:rev] hypothetical protein
	[1289085:1289501:rev] hypothetical protein
	[1289507:1289965:rev] adhesin-like protein
	[1290055:1291428:dir] glutamate synthase domain-containing protein
	[1291547:1293145:rev] hypothetical protein
	[1293180:1293596:rev] hypothetical protein
	[1294167:1294370:rev] TPR repeat-containing protein
	[1294417:1294677:rev] transcriptional regulator
	[1294791:1295936:rev] transposase
<END>
<GI> CP011266:5 <COORDINATES> 1308914-1349966 <STAT> n1_4mer:GRV/n1_4mer:RV = 2.288961; n0_4mer:D = 18.443276; n0_4mer:PS = 12.267067
	[1308914:1310065:rev] CRISPR-associated RAMP protein Csm5 family
	[1310066:1311001:rev] CRISPR-associated RAMP protein Csm4 family
	[1311017:1311778:rev] CRISPR-associated RAMP protein Csm3 family
	[1311781:1312233:rev] CRISPR-associated protein Csm2 family
	[1312238:1314661:rev] CRISPR-associated protein Csm1 family
	[1314720:1315949:rev] CRISPR-associated protein TIGR02710 family
	[1316010:1317260:rev] CRISPR-associated protein TIGR02710 family
	[1317443:1320145:rev] hypothetical protein
	[1320218:1320631:dir] hypothetical protein
	[1320726:1321874:rev] hypothetical protein; nonfunctional
	[1321998:1323335:rev] CRISPR-associated protein TIGR02710 family
	[1323362:1324543:rev] TPR repeat-containing protein
	[1324567:1326405:rev] hypothetical protein
	[1326408:1330316:rev] helicase domain-containing protein
	[1330433:1332268:dir] ATP-dependent DNA helicase
	[1332340:1334151:rev] hypothetical protein
	[1334254:1336188:dir] hypothetical protein
	[1336379:1340182:dir] hypothetical protein
	[1340179:1343187:dir] ATP-dependent DNA helicase
	[1343270:1343689:rev] vsr; DNA mismatch endonuclease Vsr
	[1343753:1345000:rev] type II restriction endonuclease
	[1344987:1346705:rev] type II restriction endonuclease
	[1346698:1348227:rev] DNA-cytosine methyltransferase
	[1348272:1349966:rev] DNA-cytosine methyltransferase
<END>
<GI> CP011266:6 <COORDINATES> 1610270-1633017 <STAT> n1_4mer:GRV/n1_4mer:RV = 1.809929; n0_4mer:D = 19.013167; n0_4mer:PS = 33.475454
	[1610270:1610647:dir] anti-sigma regulatory factor serine/threonine protein kinase
	[1611440:1612960:dir] MFS transporter
	[1613373:1613663:rev] hypothetical protein
	[1614028:1615242:dir] amt2; ammonium transporter Amt2
	[1615248:1615592:dir] glnK2; nitrogen regulatory protein P-II GlnK2
	[1615714:1617051:dir] glnA1; glutamine synthetase GlnA1
	[1617263:1618180:dir] glutamine amidotransferase
	[1618196:1618849:dir] gltB; glutamate synthase beta subunit GltB
	[1618861:1619934:dir] frhB2; coenzyme F420 hydrogenase beta subunit FrhB2
	[1619935:1621422:dir] gltA; glutamate synthase alpha subunit GltA
	[1621474:1624116:dir] phosphoenolpyruvate synthase/pyruvate phosphate dikinase
	[1624520:1625365:rev] methanogenesis marker protein 8
	[1625448:1625834:dir] transcriptional regulator HxlR family
	[1625912:1626046:rev] hypothetical protein
	[1626106:1627308:rev] ATPase
	[1627889:1627970:dir] tRNA-Leu
	[1627995:1628153:dir] hypothetical protein
	[1628150:1629538:rev] MFS transporter
	[1629566:1629742:rev] MFS transporter; nonfunctional
	[1630049:1630303:rev] hypothetical protein
	[1630569:1630712:dir] hypothetical protein
	[1630699:1633017:dir] adhesin-like protein with peptidase C69 family domain
<END>
<GI> CP011266:7 <COORDINATES> 1747790-1766535 <STAT> n1_4mer:GRV/n1_4mer:RV = 1.853823; n0_4mer:D = 18.835117; n0_4mer:PS = 22.913875
	[1747790:1748323:rev] hpaR; transcriptional regulator MarR family
	[1748552:1749994:rev] hypothetical protein
	[1750042:1750230:rev] hypothetical protein
	[1750502:1751275:dir] hemD; uroporphyrinogen III synthase HemD
	[1751265:1752368:dir] glycosyl transferase GT2 family
	[1752373:1753467:dir] glf; UDP-galactopyranose mutase Glf
	[1753467:1753736:dir] signal recognition particle SRP19 protein
	[1753742:1755343:dir] recJ2; ssDNA exonuclease RecJ2
	[1755393:1756196:dir] transcriptional regulator MarR family
	[1756197:1757468:rev] DEAD/DEAH box helicase domain-containing protein
	[1757529:1758128:dir] hypothetical protein
	[1758140:1758823:dir] CRISPR-associated protein Cas4
	[1758871:1759512:rev] hypothetical protein
	[1759522:1759926:rev] hypothetical protein
	[1759936:1760955:rev] hypE2; hydrogenase expression/formation protein HypE2
	[1761080:1761457:rev] rps8e; ribosomal protein S8e Rps8e
	[1761649:1761996:rev] hypothetical protein
	[1762025:1762291:rev] hypothetical protein
	[1762300:1762644:rev] hypothetical protein
	[1762824:1763507:dir] polB2; DNA polymerase family B PolB2
	[1763508:1764206:rev] hydrolase HAD superfamily
	[1764209:1764994:rev] xth2; exodeoxyribonuclease III Xth2
	[1764994:1766535:rev] pheS; phenylalanyl-tRNA synthetase alpha subunit PheS
<END>
<GI> CP011266:8 <COORDINATES> 1859178-1880599 <STAT> n1_4mer:GRV/n1_4mer:RV = 1.723174; n0_4mer:D = 19.829496; n0_4mer:PS = 32.005269
	[1859178:1859696:rev] cmk; cytidylate kinase Cmk
	[1859696:1859962:rev] ribosomal protein L34e Rpl34e
	[1860081:1860671:rev] hypothetical protein
	[1860681:1861238:rev] adk; adenylate kinase Adk
	[1861270:1862634:rev] secY; preprotein translocase subunit SecY
	[1862664:1863101:rev] ribosomal protein L15P Rpl15p
	[1863116:1863574:rev] ribosomal protein L30P Rpl30p
	[1863587:1864228:rev] rps5p; ribosomal protein S5P Rps5p
	[1864231:1864812:rev] ribosomal protein L18P Rpl18p
	[1864815:1865270:rev] ribosomal protein L19e Rpl19e
	[1865406:1865741:rev] ribosomal protein L32e Rpl32e
	[1865754:1866290:rev] rpl6p; ribosomal protein L6P Rpl6p
	[1866299:1866691:rev] rps8p; ribosomal protein S8P Rps8p
	[1866703:1866846:rev] ribosomal protein S14P Rps14p
	[1866856:1867377:rev] rpl5p; ribosomal protein L5P Rpl5p
	[1867374:1868102:rev] rps4e; ribosomal protein S4e Rps4e
	[1868104:1868454:rev] ribosomal protein L24P Rpl24p
	[1868463:1868861:rev] ribosomal protein L14P Rpl14p
	[1868867:1869184:rev] ribosomal protein S17P Rps17p
	[1869196:1869471:rev] ribonuclease P subunit P29
	[1869551:1869889:rev] translation initiation factor aSUI1
	[1869890:1870096:rev] ribosomal protein L29P Rpl29p
	[1870132:1870893:rev] rps3p; ribosomal protein S3P Rps3p
	[1870893:1871360:rev] ribosomal protein L22P Rpl22p
	[1871373:1871783:rev] ribosomal protein S19P Rps19p
	[1871799:1872524:rev] rpl2p; ribosomal protein L2P Rpl2p
	[1872537:1872797:rev] ribosomal protein L23P Rpl23p
	[1872823:1873587:rev] rpl4p; ribosomal protein L4P Rpl4p
	[1873590:1874600:rev] rpl3p; ribosomal protein L3P Rpl3p
	[1874919:1875746:rev] RNA methyltransferase
	[1876004:1876633:rev] prmA; ribosomal protein L11 methyltransferase PrmA
	[1876701:1878191:dir] pycA; pyruvate carboxylase subunit A PycA
	[1878207:1879124:dir] birA; biotin-acetyl-CoA-carboxylase ligase BirA
	[1879114:1880268:rev] pyridoxal phosphate enzyme
	[1880269:1880598:rev] hypothetical protein
<END>
<GI> CP011266:9 <COORDINATES> 2206933-2225829 <STAT> n1_4mer:GRV/n1_4mer:RV = 1.453505; n0_4mer:D = 21.400778; n0_4mer:PS = 35.856986
	[2206933:2207859:rev] mvhG; methyl viologen-reducing hydrogenase gamma subunit MvhG
	[2207876:2208301:rev] mvhD; methyl viologen-reducing hydrogenase delta subunit MvhD
	[2208599:2209834:rev] sufBD; FeS assembly protein SufBD
	[2209818:2210573:rev] sufC; FeS assembly ATPase SufC
	[2210649:2210915:rev] PRC-barrel domain-containing protein
	[2210975:2211565:rev] cobY; GTP:adenosylcobinamide-phosphate guanylyltransferase CobY
	[2211575:2213044:rev] methanogenesis marker protein 14
	[2213185:2214117:rev] mtrH1; tetrahydromethanopterin S-methyltransferase subunit H MtrH1
	[2214130:2214381:rev] mtrG; tetrahydromethanopterin S-methyltransferase subunit G MtrG
	[2214392:2214598:rev] mtrF; tetrahydromethanopterin S-methyltransferase subunit F MtrF
	[2214612:2215325:rev] mtrA1; tetrahydromethanopterin S-methyltransferase subunit A MtrA1
	[2215326:2215643:rev] mtrB; tetrahydromethanopterin S-methyltransferase subunit B MtrB
	[2215656:2216471:rev] mtrC; tetrahydromethanopterin S-methyltransferase subunit C MtrC
	[2216473:2217174:rev] mtrD; tetrahydromethanopterin S-methyltransferase subunit D MtrD
	[2217188:2218081:rev] mtrE; tetrahydromethanopterin S-methyltransferase subunit E MtrE
	[2218335:2219990:rev] mcrA; methyl-coenzyme M reductase alpha subunit McrA
	[2219996:2220754:rev] mcrG; methyl-coenzyme M reductase gamma subunit McrG
	[2220757:2221356:rev] mcrC; methyl-coenzyme M reductase C subunit McrC
	[2221358:2221813:rev] mcrD; methyl-coenzyme M reductase D subunit McrD
	[2221847:2223178:rev] mcrB; methyl-coenzyme M reductase beta subunit McrB
	[2223653:2224897:dir] methanogenesis marker protein 10
	[2224906:2225829:rev] methanogenesis marker protein 7
<END>
<GI> CP011266:10 <COORDINATES> 2315671-2344956 <STAT> n1_4mer:GRV/n1_4mer:RV = 2.923217; n0_4mer:D = 22.408196; n0_4mer:PS = 40.121240
	[2315671:2318121:rev] adhesin-like protein
	[2318240:2324011:rev] adhesin-like protein
	[2324179:2331087:dir] adhesin-like protein
	[2331457:2331654:dir] hypothetical protein
	[2331746:2333197:rev] Na+-dependent transporter SNF family
	[2333301:2333678:dir] hypothetical protein
	[2333680:2334369:dir] nitroreductase family protein
	[2334377:2335462:rev] bacterial capsule synthesis protein
	[2335466:2337070:rev] ftsY; signal recognition particle receptor FtsY
	[2337307:2340054:rev] adhesin-like protein
	[2340124:2342385:rev] adhesin-like protein
	[2342520:2342951:rev] pfdA; prefoldin alpha subunit PfdA
	[2342974:2343198:rev] rplX; ribosomal protein LX RplX
	[2343219:2343890:rev] translation initiation factor aIF-6
	[2343933:2344178:rev] ribosomal protein L31e Rpl31e
	[2344190:2344345:rev] ribosomal protein L39e Rpl39e_2275a
	[2344375:2344956:rev] tRNA methyltransferase subunit
<END>