<GI> CP026606:1 <COORDINATES> 1-22443 <STAT> n1_4mer:GRV/n1_4mer:RV = 1.570066; n0_4mer:D = 22.075632; n0_4mer:PS = 29.339749
	[440:1204:rev] hypothetical protein
	[1514:3526:dir] DNA topoisomerase VI subunit B
	[3668:4555:dir] ribosomal protein L11 methyltransferase
	[4563:5369:dir] rsmA; Ribosomal RNA small subunit methyltransferase A
	[5374:6249:dir] hypothetical protein
	[6409:8751:dir] acetyl-CoA decarbonylase/synthase complex subunit alpha
	[8761:9279:dir] acetyl-CoA decarbonylase/synthase complex subunit epsilon
	[9291:10664:dir] Carbon monoxide dehydrogenase/acetyl-CoA synthase subunit alpha
	[10675:11427:dir] minD_1; Septum site-determining protein MinD
	[11442:12596:dir] acsD; Corrinoid/iron-sulfur protein small subunit
	[12610:13983:dir] acsC; Corrinoid/iron-sulfur protein large subunit
	[13988:14452:dir] hyfA_1; Hydrogenase-4 component A
	[14557:14736:dir] putative RNA-binding protein
	[14749:15531:rev] minD_2; Septum site-determining protein MinD
	[15528:16184:rev] hypothetical protein
	[16403:17254:dir] molybdate ABC transporter periplasmic molybdate-binding protein
	[17306:17965:dir] quinol dehydrogenase membrane component
	[17952:18809:dir] putative permease
	[18887:19300:dir] hypothetical protein
	[19351:20700:rev] purB; Adenylosuccinate lyase
	[20722:22443:rev] Putative DNA ligase-like protein
<END>
<GI> CP026606:2 <COORDINATES> 976898-998971 <STAT> n1_4mer:GRV/n1_4mer:RV = 3.374228; n0_4mer:D = 35.927620; n0_4mer:PS = 44.421519
	[976898:977980:rev] hypothetical protein
	[977996:980086:rev] MCM2/3/5 family protein
	[980227:980865:dir] hypothetical protein
	[980932:982380:rev] cobyrinic acid a,c-diamide synthase
	[982462:983460:dir] kch; Voltage-gated potassium channel Kch
	[983732:985156:dir] 16S ribosomal RNA
	[985211:985284:dir] tRNA-Ala(tgc); tRNA-Ala
	[985403:988342:dir] 23S ribosomal RNA
	[988412:988517:dir] 5S ribosomal RNA
	[988990:992385:dir] DNA polymerase II large subunit
	[992453:992725:dir] hypothetical protein
	[992781:993896:rev] ftsH_2; ATP-dependent zinc metalloprotease FtsH
	[994076:994900:dir] Serine dehydrogenase proteinase
	[994897:995232:dir] hypothetical protein
	[995237:996112:rev] hypothetical protein
	[996229:996654:dir] Putative nickel-responsive regulator
	[996745:996972:dir] hypothetical protein
	[997004:997846:rev] Bacterial regulatory helix-turn-helix protein, lysR family
	[997919:998971:dir] hypothetical protein
<END>
<GI> CP026606:3 <COORDINATES> 1008105-1037608 <STAT> n1_4mer:GRV/n1_4mer:RV = 5.127943; n0_4mer:D = 43.497029; n0_4mer:PS = 41.214309
	[1008105:1008875:rev] geranylgeranylglyceryl phosphate synthase-like protein
	[1009103:1009192:dir] hypothetical protein
	[1009256:1010341:rev] griH; 3-amino-4-hydroxybenzoic acid synthase
	[1010469:1012052:dir] hypothetical protein
	[1012134:1013030:dir] 3-deoxy-D-manno-octulosonic-acid kinase
	[1013030:1014160:dir] korA_2; 2-oxoglutarate oxidoreductase subunit KorA
	[1014196:1015260:rev] PLP-dependent selenocysteine synthase like protein
	[1015291:1015572:rev] hypothetical protein
	[1015858:1017282:dir] 16S ribosomal RNA
	[1017448:1020387:dir] 23S ribosomal RNA
	[1020457:1020562:dir] 5S ribosomal RNA
	[1020899:1022323:dir] 16S ribosomal RNA
	[1022489:1025428:dir] 23S ribosomal RNA
	[1025498:1025603:dir] 5S ribosomal RNA
	[1025682:1026500:rev] hisF; Imidazole glycerol phosphate synthase subunit HisF
	[1026532:1027320:rev] Putative tyrosine-protein kinase in cps region
	[1027332:1029086:rev] hypothetical protein
	[1029320:1031974:dir] hypothetical protein
	[1032146:1032463:dir] hypothetical protein
	[1032519:1033550:dir] hypothetical protein
	[1033604:1034629:dir] H(2)-dependent methylenetetrahydromethanopterin dehydrogenase-like protein
	[1034640:1035113:dir] infB_2; Translation initiation factor IF-2
	[1035128:1035472:dir] Roadblock/LC7 domain protein
	[1035644:1036588:rev] hypothetical protein
	[1036718:1037608:dir] hrsM; hydrogenase transcriptional regulator
<END>
<GI> CP026606:4 <COORDINATES> 1041258-1067735 <STAT> n1_4mer:GRV/n1_4mer:RV = 1.958276; n0_4mer:D = 22.677997; n0_4mer:PS = 29.602125
	[1041258:1041713:dir] hypothetical protein
	[1041710:1042606:rev] hypothetical protein
	[1042629:1042718:rev] tRNA-seC(tca); tRNA-Sec
	[1042815:1043828:rev] hom; Homoserine dehydrogenase
	[1043840:1044373:rev] threonine dehydratase
	[1044493:1046094:rev] panF; Sodium/pantothenate symporter
	[1046095:1046286:rev] hypothetical protein
	[1046616:1047152:rev] hypothetical protein
	[1047850:1049826:dir] hdrA2; selenocystein containing Heterodisulfide reductase, subunit A
	[1050019:1050423:dir] vhuD; F420-non-reducing hydrogenase subunit delta
	[1050523:1051389:dir] vhuG; Coenzyme F420-reducing hydrogenase, gamma subunit
	[1051431:1052687:dir] vhuA; Coenzyme F420-reducing hydrogenase, alpha subunit
	[1052703:1052837:dir] vhuU; F420 non-reducing hydrogenase subunit
	[1052927:1054114:dir] vhuB; polyferredoxin, associated with F420-non-reducing hydrogenase
	[1054135:1055448:dir] fwdB1; Molybdopterin oxidoreductase
	[1055658:1056326:dir] priA; Phosphoribosyl isomerase A
	[1056328:1056885:dir] hypothetical protein
	[1056898:1057581:rev] hypothetical protein
	[1057593:1057799:rev] Ferredoxin-2
	[1057815:1058816:rev] truB; tRNA pseudouridine synthase B
	[1058834:1059031:rev] Putative F0F1-ATPase subunit
	[1059447:1059677:dir] Class III signal peptide
	[1059739:1061487:dir] hypothetical protein
	[1061520:1061741:dir] Class III signal peptide
	[1061753:1062436:dir] Calcineurin-like phosphoesterase superfamily domain protein
	[1062437:1063078:rev] hypothetical protein
	[1063211:1064614:dir] yorK; Putative SPBc2 prophage-derived single-strand DNA-specific exonuclease YorK
	[1064663:1065949:dir] cysH_2; Phosphoadenosine phosphosulfate reductase
	[1065936:1067735:rev] glmS; Glutamine--fructose-6-phosphate aminotransferase
<END>
<GI> CP026606:5 <COORDINATES> 1163365-1187835 <STAT> n1_4mer:GRV/n1_4mer:RV = 1.849303; n0_4mer:D = 29.451324; n0_4mer:PS = 36.217285
	[1163365:1164477:dir] bioF; 8-amino-7-oxononanoate synthase 2
	[1164552:1165112:dir] bioD; ATP-dependent dethiobiotin synthetase BioD
	[1165124:1165420:rev] hypothetical protein
	[1165443:1166444:dir] Nucleoside recognition
	[1166453:1167208:dir] yjjV; putative deoxyribonuclease YjjV
	[1167156:1167527:dir] hypothetical protein
	[1167505:1168038:dir] hypothetical protein
	[1168125:1169084:rev] mtrH; tetrahydromethanopterin S-methyltransferase subunit H
	[1169109:1169333:rev] mtrG; tetrahydromethanopterin S-methyltransferase subunit G
	[1169338:1170099:rev] mtrA1; tetrahydromethanopterin S-methyltransferase subunit A
	[1170116:1170835:rev] mtrA2; tetrahydromethanopterin S-methyltransferase subunit A
	[1170857:1171183:rev] mtrB; tetrahydromethanopterin S-methyltransferase subunit B
	[1171194:1171982:rev] mtrC; tetrahydromethanopterin S-methyltransferase subunit C
	[1172019:1172726:rev] mtrD; tetrahydromethanopterin S-methyltransferase subunit D
	[1172753:1173652:rev] mtrE; tetrahydromethanopterin S-methyltransferase subunit E
	[1173920:1175581:rev] mcrA; Methyl-coenzyme M reductase alpha subunit, N-terminal domain
	[1175629:1176411:rev] mcrG; Methyl-coenzyme M reductase gamma subunit
	[1176421:1177017:rev] mcrC; Methyl-coenzyme M reductase operon protein C
	[1177026:1177505:rev] mcrD; Methyl-coenzyme M reductase operon protein D
	[1177517:1178848:rev] mcB; Methyl-coenzyme M reductase beta subunit, C-terminal domain
	[1179108:1180418:dir] Radical SAM superfamily protein
	[1180736:1180822:dir] tRNA-Leu(gag); tRNA-Leu
	[1180981:1181538:dir] putative aromatic acid decarboxylase
	[1181565:1182917:dir] ffh; Signal recognition particle protein
	[1183055:1183276:dir] hypothetical protein
	[1183273:1183944:rev] prephenate dehydrogenase
	[1183966:1184772:rev] endonuclease IV
	[1184850:1185422:dir] ttdB; L(+)-tartrate dehydratase subunit beta
	[1185508:1185993:rev] rpsS; 30S ribosomal protein S19
	[1186032:1186754:rev] rplB; 50S ribosomal protein L2
	[1186795:1187055:rev] rplW; 50S ribosomal protein L23
	[1187077:1187835:rev] 50S ribosomal protein L4P
<END>
<GI> CP026606:6 <COORDINATES> 1289908-1312019 <STAT> n1_4mer:GRV/n1_4mer:RV = 1.761088; n0_4mer:D = 22.568769; n0_4mer:PS = 30.869320
	[1289908:1292466:rev] Oligosaccharyl transferase STT3 subunit
	[1292563:1293462:dir] tagO; putative undecaprenyl-phosphate N-acetylglucosaminyl 1-phosphate transferase
	[1293502:1294830:rev] preprotein translocase subunit SecY
	[1295058:1295489:rev] 50S ribosomal protein L15P
	[1295504:1295968:rev] 50S ribosomal protein L30P
	[1296000:1296677:rev] rpsE; 30S ribosomal protein S5
	[1296688:1297269:rev] 50S ribosomal protein L18P
	[1297293:1297742:rev] 50S ribosomal protein L19e
	[1297769:1298176:rev] 50S ribosomal protein L32e
	[1298186:1298734:rev] rplF; 50S ribosomal protein L6
	[1298756:1299148:rev] rpsH; 30S ribosomal protein S8
	[1299167:1299328:rev] 30S ribosomal protein S14P
	[1299338:1299883:rev] rplE; 50S ribosomal protein L5
	[1299912:1300646:rev] 30S ribosomal protein S4e
	[1300658:1301017:rev] 50S ribosomal protein L24P
	[1301037:1301435:rev] rplN; 50S ribosomal protein L14
	[1301456:1301785:rev] rpsQ; 30S ribosomal protein S17
	[1301951:1302247:rev] ribonuclease P protein component 1
	[1302317:1302625:rev] translation initiation factor Sui1
	[1302709:1302924:rev] rpmC; 50S ribosomal protein L29
	[1302935:1303570:rev] rpsC; 30S ribosomal protein S3
	[1303581:1304042:rev] rplV; 50S ribosomal protein L22
	[1304062:1304271:rev] hypothetical protein
	[1304363:1304632:rev] elongation factor 1-beta
	[1304664:1304828:rev] hypothetical protein
	[1304847:1305476:rev] uridylate kinase
	[1305486:1306733:rev] dapE; putative succinyl-diaminopimelate desuccinylase
	[1306768:1310346:rev] smc; Chromosome partition protein Smc
	[1310715:1312019:dir] alaA; Glutamate-pyruvate aminotransferase AlaA
<END>
<GI> CP026606:7 <COORDINATES> 1329393-1359106 <STAT> n1_4mer:GRV/n1_4mer:RV = 1.935352; n0_4mer:D = 22.825632; n0_4mer:PS = 37.394679
	[1329393:1330451:rev] Transglutaminase-like domain protein
	[1330485:1330727:rev] pspC; Phage shock protein C
	[1330815:1331693:rev] trmI; tRNA (adenine(58)-N(1))-methyltransferase TrmI
	[1331693:1332421:rev] rnhB; Ribonuclease HII
	[1332540:1333625:dir] hypothetical protein
	[1333689:1335002:rev] algC; Phosphomannomutase/phosphoglucomutase
	[1335289:1335597:rev] rpsJ; 30S ribosomal protein S10
	[1335646:1336932:rev] cysNC; Bifunctional enzyme CysN/CysC
	[1337016:1339199:rev] fusA; Elongation factor G 1
	[1339301:1339867:rev] rpsG; 30S ribosomal protein S7
	[1339901:1340344:rev] rpsL; 30S ribosomal protein S12
	[1340354:1340875:rev] transcription elongation factor NusA-like protein
	[1340892:1341194:rev] 50S ribosomal protein L30e
	[1341410:1342519:rev] rpoC_1; DNA-directed RNA polymerase subunit beta'
	[1342470:1345283:rev] rpoC_2; DNA-directed RNA polymerase subunit beta'
	[1345334:1347169:rev] rpoB_1; DNA-directed RNA polymerase subunit beta
	[1347213:1348712:rev] rpoB_2; DNA-directed RNA polymerase subunit beta
	[1348794:1349030:rev] DNA-directed RNA polymerase subunit H
	[1349284:1350825:dir] guaB_5; Inosine-5'-monophosphate dehydrogenase
	[1350839:1351237:dir] fer; Ferredoxin
	[1351282:1351536:dir] ThiS family protein
	[1351543:1352487:dir] ttcA_1; tRNA 2-thiocytidine biosynthesis protein TtcA
	[1352505:1353185:rev] cat; Chloramphenicol acetyltransferase
	[1353201:1354352:rev] thiI; putative tRNA sulfurtransferase
	[1354491:1355465:dir] ttcA_2; tRNA 2-thiocytidine biosynthesis protein TtcA
	[1355556:1356344:dir] ribulose-1,5-biphosphate synthetase
	[1356604:1356993:dir] putative acetyltransferase
	[1357000:1358313:dir] miaB_4; (Dimethylallyl)adenosine tRNA methylthiotransferase MiaB
	[1358330:1359106:dir] nadE; NH(3)-dependent NAD(+) synthetase
<END>
<GI> CP026606:8 <COORDINATES> 1500165-1522409 <STAT> n1_4mer:GRV/n1_4mer:RV = 1.716072; n0_4mer:D = 26.526697; n0_4mer:PS = 30.875327
	[1500165:1501454:rev] lysA; Diaminopimelate decarboxylase
	[1501612:1502466:rev] transcriptional regulator PhoU
	[1502570:1503334:rev] ssuB; Aliphatic sulfonates import ATP-binding protein SsuB
	[1503377:1504138:rev] cmpB; Bicarbonate transport system permease protein CmpB
	[1504321:1504869:rev] hypothetical protein
	[1504947:1505318:rev] hypothetical protein
	[1505422:1507425:rev] hypothetical protein
	[1507482:1511972:rev] hypothetical protein
	[1512599:1513714:rev] queE_2; 7-carboxy-7-deazaguanine synthase
	[1513835:1514806:rev] mch; Methenyltetrahydromethanopterin cyclohydrolase
	[1514997:1515449:dir] slyD_2; FKBP-type peptidyl-prolyl cis-trans isomerase SlyD
	[1515518:1516237:dir] rpiA; Ribose-5-phosphate isomerase A
	[1516380:1516655:dir] hypothetical protein
	[1516736:1517278:rev] fucA; L-fuculose phosphate aldolase
	[1517307:1519385:rev] lon; Lon protease
	[1519398:1519937:rev] hycI_3; Hydrogenase 3 maturation protease
	[1520065:1520583:dir] ribosomal-protein-alanine N-acetyltransferase
	[1520584:1521366:rev] yusV_3; putative siderophore transport system ATP-binding protein YusV
	[1521363:1522409:rev] hmuU; Hemin transport system permease protein HmuU
<END>
<GI> CP026606:9 <COORDINATES> 1644551-1668259 <STAT> n1_4mer:GRV/n1_4mer:RV = 1.646941; n0_4mer:D = 26.039032; n0_4mer:PS = 32.141552
	[1644551:1645105:dir] succinate dehydrogenase/fumarate reductase iron-sulfur subunit
	[1645140:1646021:dir] lutA; Lactate utilization protein A
	[1646068:1646862:rev] putative kinase
	[1647196:1647990:dir] surE; 5'-nucleotidase SurE
	[1648067:1648714:dir] NYN domain protein
	[1648750:1649019:rev] putative monovalent cation/H+ antiporter subunit F
	[1649217:1649606:rev] hypothetical protein
	[1649662:1650027:rev] hypothetical protein
	[1650049:1650693:rev] ntpD; V-type sodium ATPase subunit D
	[1650740:1652128:rev] ntpB; V-type sodium ATPase subunit B
	[1652163:1653923:rev] ntpA; V-type sodium ATPase catalytic subunit A
	[1653939:1654238:rev] V-type ATP synthase subunit F
	[1654260:1655435:rev] atpC; V-type ATP synthase subunit C
	[1655446:1656057:rev] V-type ATP synthase subunit E
	[1656118:1656789:rev] ntpK; V-type sodium ATPase subunit K
	[1656839:1658884:rev] V-type ATP synthase subunit I
	[1658933:1659241:rev] V-type ATP synthase subunit H
	[1659696:1660739:rev] bcgIB; Restriction enzyme BgcI subunit beta
	[1660742:1662676:rev] bcgIA; Restriction enzyme BgcI subunit alpha
	[1662823:1663302:rev] rlmH; Ribosomal RNA large subunit methyltransferase H
	[1663380:1664186:rev] hflC; Modulator of FtsH protease HflC
	[1664223:1664636:rev] NfeD-like C-terminal, partner-binding; hypothetical protein
	[1664708:1665307:rev] tmk; Thymidylate kinase
	[1665329:1668259:rev] HEAT repeat protein
<END>