<GI> CP013703:1 <COORDINATES> 351464-377073 <STAT> n1_4mer:GRV/n1_4mer:RV = 1.761155; n0_4mer:D = 37.516093; n0_4mer:PS = 25.802854
	[351464:351552:rev] tRNA-Ser
	[351674:352459:dir] NAD+ synthetase NadE
	[352464:352931:dir] hypothetical protein
	[352995:353067:dir] tRNA-Glu
	[353200:354147:rev] integrase family protein
	[354382:354693:dir] MarR family transcriptional regulator
	[354834:355163:dir] hypothetical protein
	[355163:355459:dir] hypothetical protein
	[355459:356178:dir] hypothetical protein
	[356175:356474:dir] hypothetical protein
	[356516:357079:dir] hypothetical protein
	[357494:358492:rev] C-5 cytosine-specific DNA methylase
	[358547:359467:rev] hypothetical protein
	[359467:360207:rev] hypothetical protein
	[360829:361074:dir] hypothetical protein
	[361164:363131:rev] hypothetical protein
	[363128:365932:rev] hypothetical protein
	[366028:366447:dir] DNA mismatch endonuclease Vsr
	[366521:366793:rev] hypothetical protein
	[366921:367598:rev] hypothetical protein
	[367664:368335:dir] hypothetical protein
	[368512:369183:dir] hypothetical protein
	[369216:369893:rev] hypothetical protein
	[369890:370330:rev] hypothetical protein
	[370557:371690:rev] hypothetical protein
	[371900:372172:rev] hypothetical protein
	[372169:372690:rev] hypothetical protein
	[372687:373094:rev] hypothetical protein
	[373395:375437:dir] hypothetical protein
	[375517:377073:rev] hypothetical protein
<END>
<GI> CP013703:2 <COORDINATES> 464663-494305 <STAT> n1_4mer:GRV/n1_4mer:RV = 1.539139; n0_4mer:D = 31.620866; n0_4mer:PS = 19.119259
	[464663:477481:dir] TIGR02543 family repeat-containing cell surface protein
	[477478:478095:dir] hypothetical protein
	[478322:479080:dir] hypothetical protein
	[479161:479451:rev] ATPase
	[479669:479869:dir] hypothetical protein
	[479874:480302:dir] hypothetical protein
	[480640:481362:rev] hypothetical protein
	[481637:482662:rev] transposase
	[482933:484198:dir] ATPase AAA+ superfamily
	[484459:485748:dir] ATPase AAA+ superfamily
	[485944:486612:rev] hypothetical protein
	[486609:487046:rev] transposase
	[487196:487552:dir] ATPase
	[487743:488612:rev] hypothetical protein
	[488609:491224:rev] phosphoenolpyruvate synthase PpsA
	[491326:491700:rev] hypothetical protein
	[491761:492702:rev] asparagine synthase
	[492812:493552:dir] hypothetical protein
	[493600:494010:rev] hypothetical protein
	[494021:494305:rev] hypothetical protein
<END>
<GI> CP013703:3 <COORDINATES> 503817-529902 <STAT> n1_4mer:GRV/n1_4mer:RV = 1.876720; n0_4mer:D = 35.470878; n0_4mer:PS = 24.486945
	[503817:504968:dir] methanogeneis marker protein 16
	[504970:505374:dir] ferredoxin
	[505371:506060:dir] ApbE family lipoprotein
	[506148:506696:dir] NADPH-dependent FMN reductase
	[506699:507367:rev] electron transfer flavoprotein domain-containing protein
	[507399:507475:rev] tRNA-Thr
	[507653:508351:dir] FKBP-type peptidyl-prolyl cis-trans isomerase
	[508767:509441:dir] hypothetical protein
	[509797:511170:dir] ATPase AAA+ superfamily
	[511807:512988:rev] ATPase AAA+ superfamily
	[513315:514775:rev] ATPase AAA+ superfamily
	[515079:515747:rev] hypothetical protein
	[515962:516180:rev] hypothetical protein
	[516402:517214:rev] hypothetical protein
	[517568:517642:dir] tRNA-Arg
	[519115:519780:rev] nitroreductase family protein
	[519783:520790:rev] methylcobalamin:coenzyme M methyltransferase
	[520841:521878:dir] geranylgeranyl reductase family protein
	[521950:522171:dir] hypothetical protein
	[522297:522479:dir] hypothetical protein
	[522506:522712:rev] hypothetical protein
	[522714:523082:rev] pyridoxamine 5'-phosphate oxidase-like FMN-binding protein
	[523118:523483:rev] PAS domain-containing protein
	[523603:524538:dir] thioredoxin-disulfide reductase TrxB
	[524547:525584:dir] amidohydrolase family protein
	[525596:526033:dir] universal stress protein
	[526034:526873:dir] CBS domain-containing protein
	[526870:528579:dir] glycyl-tRNA synthetase GlyS
	[528727:529902:dir] CBS domain-containing protein
<END>
<GI> CP013703:4 <COORDINATES> 682754-725442 <STAT> n1_4mer:GRV/n1_4mer:RV = 2.958477; n0_4mer:D = 47.067827; n0_4mer:PS = 24.828258
	[682754:684058:rev] adenylosuccinate synthase PurA
	[684125:685228:rev] N2,N2-dimethylguanosine tRNA methyltransferase
	[685228:685773:rev] NTPase family protein
	[686015:686680:dir] hypothetical protein
	[686934:688283:rev] 2-methylcitrate synthase/citrate synthase II
	[688534:688725:dir] hypothetical protein
	[688726:689559:rev] cobyric acid synthase CbiP
	[689556:691376:rev] cobyric acid synthase CbiP
	[691481:693847:rev] ATP-dependent DNA helicase
	[694086:696254:rev] hypothetical protein
	[696494:699055:rev] ATP-dependent DNA helicase
	[699206:699508:dir] hypothetical protein
	[699626:700804:rev] hypothetical protein
	[700841:701371:rev] hypothetical protein
	[701583:701900:dir] hypothetical protein
	[701901:703874:rev] type III restriction system endonuclease
	[704386:705918:rev] type III restriction system methylase
	[705911:706564:rev] type III restriction system methylase
	[706740:707786:rev] RloB-like protein
	[707783:709138:rev] ATPase AAA
	[709138:710475:rev] RloA-like protein
	[710814:711962:rev] Sel1 domain-containing protein
	[711965:712561:rev] Sel1 domain-containing protein
	[712562:712975:rev] hypothetical protein
	[713328:716114:dir] PD-(D/E)XK nuclease superfamily protein
	[716111:719068:dir] ATP-dependent DNA helicase
	[719324:719527:dir] hypothetical protein
	[719561:720037:rev] hypothetical protein
	[720344:720766:rev] hypothetical protein
	[720927:722066:rev] SAM-dependent methyltransferase
	[722625:723878:rev] reverse transcriptase
	[723980:724843:dir] hypothetical protein
	[724834:725442:rev] hypothetical protein
<END>
<GI> CP013703:5 <COORDINATES> 771987-794190 <STAT> n1_4mer:GRV/n1_4mer:RV = 1.513581; n0_4mer:D = 33.189446; n0_4mer:PS = 44.737483
	[771987:773150:dir] oxidoreductases aldo/keto reductase family
	[773295:774110:dir] hypothetical protein
	[773985:775247:rev] ATPase AAA
	[775514:776452:dir] Sel1 domain-containing protein
	[776483:777139:dir] Sel1 domain-containing protein
	[777144:777614:dir] hypothetical protein
	[777617:778261:rev] HAD-superfamily hydrolase
	[778389:778781:dir] hypothetical protein
	[778778:778939:dir] hypothetical protein
	[778985:779539:dir] hypothetical protein
	[780221:780979:rev] short-chain dehydrogenase/reductase
	[781189:782250:rev] small-conductance mechanosensitive channel
	[782289:788447:rev] hypothetical protein
	[788595:789656:rev] small-conductance mechanosensitive channel
	[789661:794190:rev] hypothetical protein
<END>
<GI> CP013703:6 <COORDINATES> 1126715-1146477 <STAT> n1_4mer:GRV/n1_4mer:RV = 1.560774; n0_4mer:D = 35.247446; n0_4mer:PS = 28.631685
	[1126715:1127485:rev] YqaJ-like viral recombinase domain-containing protein
	[1127554:1128261:rev] pseudouridine synthase
	[1128266:1128949:rev] ACT domain-containing protein
	[1129059:1132709:rev] cobaltochelatase CobN
	[1132869:1134119:rev] iron ABC transporter substrate-binding protein
	[1134175:1135242:rev] iron ABC transporter permease protein
	[1135244:1136347:rev] iron ABC transporter permease protein
	[1136364:1137206:rev] iron ABC transporter ATP-binding protein
	[1137636:1139165:dir] hypothetical protein
	[1139200:1140270:dir] iron ABC transporter permease protein
	[1140270:1141328:dir] iron ABC transporter permease protein
	[1141328:1142188:dir] iron ABC transporter ATP-binding protein
	[1142228:1143400:rev] acetylornithine aminotransferase ArgD
	[1143405:1144223:rev] acetylglutamate kinase ArgB
	[1144229:1145455:rev] glutamate N-acetyltransferase/amino-acid acetyltransferase ArgJ
	[1145458:1146477:rev] N-acetyl-gamma-glutamyl-phosphate reductase ArgC
<END>
<GI> CP013703:7 <COORDINATES> 1563107-1601499 <STAT> n1_4mer:GRV/n1_4mer:RV = 2.243703; n0_4mer:D = 40.511511; n0_4mer:PS = 31.283309
	[1563107:1566796:dir] cobaltochelatase CobN
	[1566783:1567571:rev] iron ABC transporter ATP-binding protein
	[1567638:1568942:rev] hypothetical protein
	[1569202:1569312:rev] hypothetical protein
	[1569626:1569895:rev] translation elongation factor aEF-1 beta subunit
	[1569905:1570072:rev] RNA-binding protein
	[1570171:1571043:dir] hypothetical protein
	[1571040:1572062:dir] nucleotidyl transferase
	[1572081:1573076:rev] restriction endonuclease
	[1573321:1576284:dir] helicase
	[1576297:1577496:rev] PD-(D/E)XK nuclease superfamily protein
	[1577727:1579214:dir] type I restriction-modification system M subunit HsdM
	[1579220:1582375:dir] type I restriction-modification system R subunit HsdR
	[1582380:1583693:dir] type I restriction-modification system S subunit HsdS
	[1584196:1585764:rev] type I restriction-modification system S subunit HsdS
	[1585927:1586112:dir] hypothetical protein
	[1586219:1586869:rev] hypothetical protein
	[1586820:1587350:rev] signal peptidase I
	[1587806:1588144:dir] hypothetical protein
	[1588195:1588596:dir] HIRAN domain-containing protein
	[1588589:1589182:rev] radical SAM domain-containing protein
	[1589408:1589926:dir] hypothetical protein
	[1590201:1591379:rev] acetyl-CoA acetyltransferase
	[1591457:1592788:rev] DNA-binding protein
	[1592811:1593050:rev] hypothetical protein
<END>