<GI> CP014265:1 <COORDINATES> 40826-64599 <STAT> n1_4mer:GRV/n1_4mer:RV = 1.622073; n0_4mer:D = 18.264044; n0_4mer:PS = 31.261558
	[40826:42922:dir] adhesin-like protein
	[43119:43802:dir] hypothetical protein
	[43852:44493:dir] MotA/TolQ/ExbB proton channel family protein
	[44522:44839:dir] hypothetical protein
	[45683:46507:dir] formate/nitrite transporter FdhC
	[47122:49173:dir] formate dehydrogenase alpha subunit FdhA
	[49195:50403:dir] formate dehydrogenase beta subunit FdhB
	[50981:51694:dir] molybdopterin-guanine dinucleotide biosynthesis protein B MobB
	[51704:51943:dir] hypothetical protein
	[52078:53013:dir] molybdopterin cofactor biosynthesis protein A MoaA
	[53458:53925:dir] tungsten formylmethanofuran dehydrogenase subunit H FwdH
	[53909:55012:dir] tungsten formylmethanofuran dehydrogenase subunit F FwdF
	[55031:55261:dir] tungsten formylmethanofuran dehydrogenase subunit G FwdG
	[55274:55846:dir] tungsten formylmethanofuran dehydrogenase subunit D FwdD
	[55836:57227:dir] tungsten formylmethanofuran dehydrogenase subunit B FwdB
	[57238:58956:dir] tungsten formylmethanofuran dehydrogenase subunit A FwdA
	[58972:59838:dir] tungsten formylmethanofuran dehydrogenase subunit C FwdC
	[60242:60568:dir] hypothetical protein
	[60867:61169:dir] hypothetical protein
	[61255:62370:rev] molybdate ABC transporter ATP-binding protein
	[62424:63221:rev] molybdate ABC transporter permease protein
	[63456:64241:rev] molybdate ABC transporter substrate-binding protein
<END>
<GI> CP014265:2 <COORDINATES> 251000-292793 <STAT> n1_4mer:GRV/n1_4mer:RV = 2.010611; n0_4mer:D = 19.518786; n0_4mer:PS = 35.986236
	[251044:251214:rev] 4Fe-4S ferredoxin iron-sulfur binding domain-containing protein
	[251520:251602:dir] tRNA-Leu
	[251688:251760:dir] tRNA-Thr
	[252061:253017:dir] hypothetical protein
	[253195:253512:rev] transcription factor S Tfs
	[254144:254665:dir] pyruvate ferredoxin oxidoreductase gamma subunit PorC
	[254717:254959:dir] pyruvate ferredoxin oxidoreductase delta subunit PorD
	[255130:256278:dir] pyruvate ferredoxin oxidoreductase alpha subunit PorA
	[256280:257146:dir] pyruvate ferredoxin oxidoreductase beta subunit PorB
	[257159:257659:dir] pyruvate ferredoxin oxidoreductase-associated PorE
	[257671:258099:dir] pyruvate ferredoxin oxidoreductase-associated PorF
	[258562:259401:dir] fumarate hydratase FumA
	[259499:259801:dir] hypothetical protein
	[259785:260126:dir] hypothetical protein
	[260160:261755:dir] dihydropteroate synthase-related protein
	[262469:263341:dir] MoxR-like ATPase
	[263463:264623:dir] von Willebrand factor type A domain-containing protein
	[264712:265689:dir] PP-loop family protein
	[265761:265961:dir] thiamine biosynthesis protein ThiS
	[266309:266914:dir] hypothetical protein
	[267085:267894:dir] hypothetical protein
	[267999:269297:rev] cytidyltransferase-related domain-containing protein
	[269462:269953:rev] hypothetical protein
	[270133:271221:rev] radical SAM domain-containing protein
	[271925:272881:dir] 5,10-methylenetetrahydromethanopterin reductase Mer
	[274144:275584:dir] 16S ribosomal RNA
	[275811:275884:dir] tRNA-Ala
	[276222:279230:dir] 23S ribosomal RNA
	[279509:279635:dir] 5S ribosomal RNA
	[279761:279887:dir] 5S ribosomal RNA
	[280351:281037:dir] precorrin-2 C20-methyltransferase CbiL
	[281118:282257:dir] cobalamin biosynthesis protein CbiD
	[282374:283129:dir] precorrin-4 C11-methyltransferase CbiF
	[283270:284373:dir] cobalamin biosynthesis protein CbiG
	[284378:285109:dir] precorrin-3B C17-methyltransferase CbiH
	[285127:285876:dir] precorrin-6x reductase CbiJ
	[285966:287168:dir] precorrin-6Y C5,15-methyltransferase (decarboxylating) CbiET
	[287204:288562:dir] cobyrinic acid a,c-diamide synthase CbiA
	[288661:289290:dir] precorrin-8X methylmutase CbiC
	[289607:290395:dir] cobalt chelatase CbiK
	[290868:292793:rev] DNA mismatch repair ATPase MutS family
<END>
<GI> CP014265:3 <COORDINATES> 392001-410099 <STAT> n1_4mer:GRV/n1_4mer:RV = 1.608213; n0_4mer:D = 17.002067; n0_4mer:PS = 26.604946
	[392001:392879:dir] hypothetical protein
	[392967:393851:dir] fumarate hydratase FumA
	[393958:394800:dir] 2-methylcitrate synthase/citrate synthase II PrpC/CitZ
	[395037:395543:dir] nitroreductase family protein
	[395733:396104:dir] hypothetical protein
	[396284:396613:dir] hypothetical protein
	[397082:397396:dir] A1A0 archaeal ATP synthase subunit H AhaH
	[397406:399412:dir] A1A0 archaeal ATP synthase subunit I AhaI
	[399627:400112:dir] A1A0 archaeal ATP synthase subunit K AhaK
	[400126:400809:dir] A1A0 archaeal ATP synthase subunit E AhaE
	[400822:401976:dir] A1A0 archaeal ATP synthase subunit C AhaC
	[401973:402290:dir] A1A0 archaeal ATP synthase subunit F AhaF
	[402287:404041:dir] A1A0 archaeal ATP synthase subunit A AhaA
	[404044:405429:dir] A1A0 archaeal ATP synthase subunit B AhaB
	[405677:406363:dir] A1A0 archaeal ATP synthase subunit D AhaD
	[406724:406798:dir] tRNA-Gln
	[407004:407153:dir] hypothetical protein
	[407322:408713:rev] ATP-grasp domain-containing protein
	[408791:409777:rev] tyrosine recombinase XerC
<END>
<GI> CP014265:4 <COORDINATES> 527000-552099 <STAT> n1_4mer:GRV/n1_4mer:RV = 2.097581; n0_4mer:D = 20.531729; n0_4mer:PS = 30.187523
	[527029:527943:rev] biotin-acetyl-CoA-carboxylase ligase BirA
	[528028:529518:rev] pyruvate carboxylase subunit A PycA
	[529926:530627:dir] ribosomal protein L11 methyltransferase PrmA
	[531106:531921:dir] hypothetical protein
	[532689:533699:dir] ribosomal protein L3P Rpl3p
	[533712:534476:dir] ribosomal protein L4p Rpl4p
	[534520:534780:dir] ribosomal protein L23P Rpl23p
	[534793:535518:dir] ribosomal protein L2P Rpl2p
	[535536:535946:dir] ribosomal protein S19P Rps19p
	[535959:536429:dir] ribosomal protein L22P Rpl22p
	[536433:537194:dir] ribosomal protein S3P Rps3p
	[537221:537427:dir] ribosomal protein L29P Rpl29p
	[537428:537772:dir] translation initiation factor aSUI1
	[537812:538168:dir] ribonuclease P subunit P29
	[538179:538499:dir] ribosomal protein S17P Rps17p
	[538492:538899:dir] ribosomal protein L14P Rpl14p
	[538915:539259:dir] ribosomal protein L24P Rpl24p
	[539261:539995:dir] ribosomal protein S4e Rps4e
	[539992:540513:dir] ribosomal protein L5P Rpl5p
	[540580:540726:dir] ribosomal protein S14P Rps14p
	[540741:541133:dir] ribosomal protein S8P Rps8p
	[541144:541677:dir] ribosomal protein L6P Rpl6p
	[541695:542021:dir] ribosomal protein L32e Rpl32e
	[542540:542986:dir] ribosomal protein L19e Rpl19e
	[542998:543579:dir] ribosomal protein L18P Rpl18p
	[543576:544217:dir] ribosomal protein S5P Rps5p
	[544229:544687:dir] ribosomal protein L30P Rpl30p
	[544699:545136:dir] ribosomal protein L15P Rpl15p
	[545629:546999:dir] preprotein translocase subunit SecY
	[547192:547749:dir] adenylate kinase Adk
	[548010:548618:dir] hypothetical protein
	[549375:549641:dir] ribosomal protein L34e Rpl34e
	[549641:550159:dir] cytidylate kinase Cmk
	[550159:550326:dir] ribosomal protein L14e Rpl14e
	[550764:551726:dir] H/ACA RNA-protein complex component Cbf5p
	[551855:552037:dir] hypothetical protein
<END>
<GI> CP014265:5 <COORDINATES> 1256000-1282172 <STAT> n1_4mer:GRV/n1_4mer:RV = 2.475391; n0_4mer:D = 22.911938; n0_4mer:PS = 45.830119
	[1256309:1256818:dir] hypothetical protein
	[1256898:1259225:dir] archaea-specific RecJ-like exonuclease
	[1259760:1260131:rev] NifU-like FeS cluster assembly scaffold protein
	[1260199:1261407:rev] cysteine desulfurase NifS
	[1261855:1263171:rev] O-acetylhomoserine/O-acetylserine sulfhydrylase MetZ/CysK
	[1263531:1263657:rev] 5S ribosomal RNA
	[1263844:1266853:rev] 23S ribosomal RNA
	[1267191:1267264:rev] tRNA-Ala
	[1267491:1268931:rev] 16S ribosomal RNA
	[1269738:1271837:rev] ADP-dependent acetyl-CoA synthetase Acs
	[1272426:1273886:rev] cysteinyl-tRNA synthetase CysS
	[1274017:1274397:rev] hypothetical protein
	[1274575:1275276:rev] serine O-acetyltransferase CysE
	[1275593:1276549:rev] cysteine synthase CysKM
	[1276999:1277604:dir] 6-O-methylguanine DNA methyltransferase Ogt
	[1278495:1279301:dir] molybdate ABC transporter substrate-binding protein ModA
	[1279357:1280031:dir] molybdate ABC transporter permease protein ModB
	[1280492:1281529:dir] molybdate ABC transporter ATP-binding protein ModC
	[1281540:1282172:rev] endonuclease III Nth
<END>
<GI> CP014265:6 <COORDINATES> 1471539-1494379 <STAT> n1_4mer:GRV/n1_4mer:RV = 1.560608; n0_4mer:D = 18.981031; n0_4mer:PS = 31.910099
	[1471539:1472687:rev] oxidoreductase aldo/keto reductase family
	[1473745:1474566:dir] SAM-dependent methyltransferase
	[1474752:1475144:dir] CGCAxxGCC family protein
	[1475334:1475681:rev] hypothetical protein
	[1476099:1477196:dir] Met-10+ like-protein
	[1477374:1478333:rev] translation initiation factor aIF-2B alpha subunit
	[1478564:1479607:rev] NADP-dependent alcohol dehydrogenase Adh
	[1480078:1480941:rev] nitrogenase cofactor biosynthesis protein NifB
	[1481469:1482035:rev] methanogeneis marker protein 17
	[1482090:1483325:rev] methanogeneis marker protein 15
	[1483327:1483839:rev] methanogeneis marker protein 5
	[1483925:1484413:rev] methanogeneis marker protein 6
	[1484450:1486000:rev] methanogeneis marker protein 3
	[1486527:1487210:rev] amino acid ABC transporter ATP-binding protein
	[1487221:1487874:rev] amino acid ABC transporter permease protein
	[1488178:1489002:rev] amino acid ABC transporter substrate-binding protein
	[1489516:1490493:rev] methanogeneis marker protein 2
	[1490628:1492352:rev] hypothetical protein
	[1492453:1493049:rev] hypothetical protein
	[1493212:1493730:dir] molybdenum cofactor biosynthesis protein B MoaB
	[1493855:1494379:rev] orotate phosphoribosyltransferase PyrE
<END>
<GI> CP014265:7 <COORDINATES> 1532782-1556731 <STAT> n1_4mer:GRV/n1_4mer:RV = 2.149540; n0_4mer:D = 17.646522; n0_4mer:PS = 25.658830
	[1532782:1534956:rev] translation elongation factor aEF-2
	[1535340:1535900:rev] ribosomal protein S7P Rps7p
	[1535914:1536339:rev] ribosomal protein S12P Rps12p
	[1537314:1537691:rev] transcription elongation factor NusA-like protein
	[1537763:1538047:rev] ribosomal protein L30e Rpl30e
	[1538644:1540317:rev] DNA-directed RNA polymerase subunit A'' RpoA2
	[1540336:1543140:rev] DNA-directed RNA polymerase subunit A' RpoA1
	[1543188:1544999:rev] DNA-directed RNA polymerase subunit B' RpoB1
	[1545013:1546572:rev] DNA-directed RNA polymerase subunit B'' RpoB2
	[1546794:1547042:rev] DNA-directed RNA polymerase subunit H RpoH
	[1547463:1547536:rev] tRNA-Lys
	[1547588:1547659:rev] tRNA-Asp
	[1547804:1547877:rev] tRNA-Tyr
	[1547890:1547964:rev] tRNA-Pro
	[1548113:1548186:rev] tRNA-Thr
	[1548458:1549087:rev] thiamine monophosphate synthase ThiE
	[1549204:1550115:rev] hydroxyethylthiazole kinase ThiM
	[1550298:1551527:rev] phosphoglycerate kinase Pgk
	[1551683:1552357:rev] triose-phosphate isomerase TpiA
	[1552549:1553463:dir] tRNA-modifying enzyme
	[1553686:1554807:rev] succinate-CoA synthetase beta subunit SucC
	[1555321:1555866:rev] 2-oxoglutarate ferredoxin oxidoreductase subunit gamma KorC
	[1555868:1556731:rev] 2-oxoglutarate ferredoxin oxidoreductase subunit beta KorB
<END>
<GI> CP014265:8 <COORDINATES> 1652294-1671441 <STAT> n1_4mer:GRV/n1_4mer:RV = 1.569626; n0_4mer:D = 17.961657; n0_4mer:PS = 28.777358
	[1652294:1653052:rev] FeS assembly ATPase SufC
	[1653422:1653700:rev] PRC-barrel domain-containing protein
	[1654122:1654754:rev] GTP:adenosylcobinamide-phosphate guanylyltransferase CobY
	[1654936:1656414:rev] methanogeneis marker protein 14
	[1657252:1658190:rev] tetrahydromethanopterin S-methyltransferase subunit H MtrH
	[1658960:1659892:rev] tetrahydromethanopterin S-methyltransferase subunit H MtrH
	[1659908:1660156:rev] tetrahydromethanopterin S-methyltransferase subunit G MtrG
	[1660168:1660374:rev] tetrahydromethanopterin S-methyltransferase subunit F MtrF
	[1660389:1661126:rev] tetrahydromethanopterin S-methyltransferase subunit A MtrA
	[1661127:1661444:rev] tetrahydromethanopterin S-methyltransferase subunit B MtrB
	[1661458:1662276:rev] tetrahydromethanopterin S-methyltransferase subunit C MtrC
	[1662278:1662979:rev] tetrahydromethanopterin S-methyltransferase subunit D MtrD
	[1662992:1663864:rev] tetrahydromethanopterin S-methyltransferase subunit E MtrE
	[1664648:1666300:rev] methyl-coenzyme M reductase alpha subunit McrA
	[1666316:1667068:rev] methyl-coenzyme M reductase gamma subunit McrG
	[1667071:1667667:rev] methyl-coenzyme M reductase C subunit McrC
	[1667691:1668146:rev] methyl-coenzyme M reductase D subunit McrD
	[1668246:1669577:rev] methyl-coenzyme M reductase beta subunit McrB
	[1670188:1671441:rev] methanogeneis marker protein 10
<END>
<GI> CP014265:9 <COORDINATES> 1723787-1743099 <STAT> n1_4mer:GRV/n1_4mer:RV = 1.744490; n0_4mer:D = 17.200875; n0_4mer:PS = 33.326227
	[1723787:1724899:dir] hypothetical protein
	[1725491:1726612:dir] hypothetical protein
	[1726692:1727009:rev] branched-chain amino acid transport protein AzlD
	[1727009:1727698:rev] branched-chain amino acid transport protein AzlC
	[1727960:1728619:rev] energy-converting hydrogenase B subunit Q EhbQ
	[1728851:1729114:rev] energy-converting hydrogenase B subunit P EhbP
	[1729185:1730183:rev] energy-converting hydrogenase B subunit O EhbO
	[1730411:1731586:rev] energy-converting hydrogenase B subunit N EhbN
	[1731668:1732114:rev] energy-converting hydrogenase B subunit M EhbM
	[1732115:1732789:rev] energy-converting hydrogenase B subunit L EhbL
	[1732802:1734253:rev] energy-converting hydrogenase B subunit K EhbK
	[1734463:1734741:rev] energy-converting hydrogenase B subunit J EhbJ
	[1734741:1735265:rev] energy-converting hydrogenase B subunit I EhbI
	[1735265:1735618:rev] energy-converting hydrogenase B subunit H EhbH
	[1735611:1735946:rev] energy-converting hydrogenase B subunit G EhbG
	[1735946:1737427:rev] energy-converting hydrogenase B subunit F EhbF
	[1737424:1737789:rev] energy-converting hydrogenase B subunit E EhbE
	[1737792:1738025:rev] energy-converting hydrogenase B subunit D EhbD
	[1738018:1738584:rev] energy-converting hydrogenase B subunit C EhbC
	[1738585:1738845:rev] energy-converting hydrogenase B subunit B EhbB
	[1738953:1739267:rev] energy-converting hydrogenase B subunit A EhbA
	[1739643:1740398:rev] hypothetical protein
	[1740649:1741398:rev] hypothetical protein
	[1741723:1742898:dir] argininosuccinate synthase ArgG
<END>
<GI> CP014265:10 <COORDINATES> 2069782-2114674 <STAT> n1_4mer:GRV/n1_4mer:RV = 2.560455; n0_4mer:D = 17.922176; n0_4mer:PS = 31.488475
	[2069782:2070573:dir] hypothetical protein
	[2070639:2071154:dir] hypothetical protein
	[2071167:2071397:rev] hypothetical protein
	[2071424:2071852:dir] hypothetical protein
	[2072725:2072907:rev] hypothetical protein
	[2073239:2073430:dir] hypothetical protein
	[2073608:2074384:dir] phage-related protein
	[2074389:2074532:dir] hypothetical protein
	[2074529:2074777:dir] hypothetical protein
	[2074770:2075183:dir] phage-related protein
	[2075388:2075801:dir] phage-related protein
	[2075798:2075914:dir] hypothetical protein
	[2075978:2076175:dir] hypothetical protein
	[2076185:2076475:dir] hypothetical protein
	[2076502:2076687:dir] hypothetical protein
	[2076687:2076830:dir] hypothetical protein
	[2076827:2077168:dir] hypothetical protein
	[2077196:2077459:dir] hypothetical protein
	[2077478:2078080:dir] hypothetical protein
	[2078150:2078389:dir] hypothetical protein
	[2078382:2078618:dir] hypothetical protein
	[2078605:2078802:dir] hypothetical protein
	[2078792:2079274:dir] hypothetical protein
	[2079355:2079588:dir] hypothetical protein
	[2079590:2079781:dir] hypothetical protein
	[2079785:2080234:dir] hypothetical protein
	[2080231:2080611:dir] hypothetical protein
	[2080775:2081053:dir] phage-related protein
	[2081070:2081402:dir] hypothetical protein
	[2082528:2082863:dir] phage-related protein
	[2082896:2084035:dir] DNA modification methylase
	[2084088:2084525:dir] phage-related protein
	[2084522:2085922:dir] phage terminase large subunit
	[2086059:2087438:dir] phage portal protein
	[2087489:2088349:dir] hypothetical protein
	[2088396:2089430:dir] phage-related protein
	[2089470:2090603:dir] hypothetical protein
	[2090698:2091111:dir] hypothetical protein
	[2091153:2091683:dir] hypothetical protein
	[2091667:2092203:dir] hypothetical protein
	[2092235:2092420:dir] hypothetical protein
	[2092424:2093605:dir] hypothetical protein
	[2093610:2094023:dir] hypothetical protein
	[2094107:2094490:dir] hypothetical protein
	[2094907:2097330:dir] phage tail tape measure protein
	[2097336:2098145:dir] cell wall lytic activity protein
	[2098152:2099318:dir] transglutaminase domain-containing protein
	[2099338:2100426:dir] hypothetical protein
	[2100546:2100926:dir] phage-related protein
	[2100979:2102280:dir] phage baseplate assembly protein
	[2102288:2103448:dir] phage-related protein
	[2103445:2103660:dir] hypothetical protein
	[2103743:2104837:dir] hypothetical protein
	[2104862:2105443:dir] hypothetical protein
	[2105491:2106546:dir] PMBR domain-containing protein
	[2106554:2106745:dir] hypothetical protein
	[2106790:2107146:dir] hypothetical protein
	[2107603:2109099:dir] cell wall biosynthesis protein Mur ligase family
	[2109290:2110912:dir] cell wall biosynthesis protein Mur ligase family
	[2111151:2113679:dir] Hef nuclease
	[2113943:2114674:dir] tRNA(1-methyladenosine) methyltransferase
<END>