<GI> CP040637:1 <COORDINATES> 156578-217812 <STAT> n1_4mer:GRV/n1_4mer:RV = 1.848043; n0_4mer:D = 28.868147; n0_4mer:PS = 26.478948
	[156578:159451:rev] Derived by automated computational analysis using gene prediction method: Protein Homology.; ATP-dependent helicase
	[159444:162014:rev] Derived by automated computational analysis using gene prediction method: Protein Homology.; PD-(D/E)XK nuclease family protein
	[162777:163538:dir] Derived by automated computational analysis using gene prediction method: GeneMarkS-2+.; hypothetical protein
	[163711:164724:rev] Derived by automated computational analysis using gene prediction method: GeneMarkS-2+.; hypothetical protein
	[165376:165594:rev] Derived by automated computational analysis using gene prediction method: Protein Homology.; hypothetical protein
	[165705:165914:dir] Derived by automated computational analysis using gene prediction method: GeneMarkS-2+.; hypothetical protein
	[166160:166987:rev] Derived by automated computational analysis using gene prediction method: GeneMarkS-2+.; hypothetical protein
	[167197:167835:rev] Derived by automated computational analysis using gene prediction method: GeneMarkS-2+.; hypothetical protein
	[167970:168983:rev] Derived by automated computational analysis using gene prediction method: Protein Homology.; hypothetical protein
	[169083:169565:rev] Derived by automated computational analysis using gene prediction method: GeneMarkS-2+.; hypothetical protein
	[169612:171759:rev] Derived by automated computational analysis using gene prediction method: Protein Homology.; NgoFVII family restriction endonuclease
	[171951:172862:rev] Derived by automated computational analysis using gene prediction method: GeneMarkS-2+.; hypothetical protein
	[172944:173903:rev] Derived by automated computational analysis using gene prediction method: GeneMarkS-2+.; hypothetical protein
	[174210:174998:rev] Derived by automated computational analysis using gene prediction method: GeneMarkS-2+.; hypothetical protein
	[175139:176311:rev] Derived by automated computational analysis using gene prediction method: Protein Homology.; hypothetical protein
	[176487:177074:dir] Derived by automated computational analysis using gene prediction method: GeneMarkS-2+.; hypothetical protein
	[177113:180031:rev] Derived by automated computational analysis using gene prediction method: Protein Homology.; DEAD/DEAH box helicase
	[180069:181466:dir] Derived by automated computational analysis using gene prediction method: Protein Homology.; hypothetical protein
	[181496:183688:rev] pglZ; Derived by automated computational analysis using gene prediction method: Protein Homology.; BREX-5 system phosphatase PglZ
	[183692:188020:rev] pglX; Derived by automated computational analysis using gene prediction method: Protein Homology.; BREX-5 system adenine-specific DNA-methyltransferase PglX
	[188173:188742:dir] Derived by automated computational analysis using gene prediction method: GeneMarkS-2+.; hypothetical protein
	[188742:189752:dir] Derived by automated computational analysis using gene prediction method: Protein Homology.; DUF4868 domain-containing protein
	[189755:190798:rev] Derived by automated computational analysis using gene prediction method: Protein Homology.; DUF91 domain-containing protein
	[190974:191834:dir] Derived by automated computational analysis using gene prediction method: GeneMarkS-2+.; hypothetical protein
	[191847:192659:rev] Derived by automated computational analysis using gene prediction method: Protein Homology.; hypothetical protein
	[192656:193576:rev] Derived by automated computational analysis using gene prediction method: Protein Homology.; TrmB family transcriptional regulator
	[193706:194881:rev] Derived by automated computational analysis using gene prediction method: Protein Homology.; hypothetical protein
	[194921:198763:rev] Derived by automated computational analysis using gene prediction method: Protein Homology.; hypothetical protein
	[198760:199341:rev] Derived by automated computational analysis using gene prediction method: Protein Homology.; DUF1788 domain-containing protein
	[199338:203021:rev] Derived by automated computational analysis using gene prediction method: Protein Homology.; hypothetical protein
	[203018:203860:rev] Derived by automated computational analysis using gene prediction method: Protein Homology.; DUF1819 family protein
	[204014:205426:dir] Derived by automated computational analysis using gene prediction method: Protein Homology.; hypothetical protein
	[205486:205914:rev] Derived by automated computational analysis using gene prediction method: GeneMarkS-2+.; hypothetical protein
	[205993:206721:rev] Derived by automated computational analysis using gene prediction method: Protein Homology.; recombinase family protein
	[206940:207251:dir] Derived by automated computational analysis using gene prediction method: Protein Homology.; hypothetical protein
	[207389:207856:dir] Derived by automated computational analysis using gene prediction method: GeneMarkS-2+.; hypothetical protein
	[208162:208614:dir] Derived by automated computational analysis using gene prediction method: GeneMarkS-2+.; hypothetical protein
	[208607:208879:dir] Derived by automated computational analysis using gene prediction method: GeneMarkS-2+.; hypothetical protein
	[209011:209400:dir] Derived by automated computational analysis using gene prediction method: GeneMarkS-2+.; hypothetical protein
	[209397:209693:dir] Derived by automated computational analysis using gene prediction method: GeneMarkS-2+.; hypothetical protein
	[209771:210100:dir] Derived by automated computational analysis using gene prediction method: GeneMarkS-2+.; hypothetical protein
	[210097:210375:dir] Derived by automated computational analysis using gene prediction method: GeneMarkS-2+.; hypothetical protein
	[210552:210890:dir] Derived by automated computational analysis using gene prediction method: GeneMarkS-2+.; hypothetical protein
	[210894:211313:rev] Derived by automated computational analysis using gene prediction method: GeneMarkS-2+.; hypothetical protein
	[211385:213034:rev] Derived by automated computational analysis using gene prediction method: Protein Homology.; hypothetical protein
	[213166:213942:dir] Derived by automated computational analysis using gene prediction method: Protein Homology.; TRAM domain-containing protein
	[214005:214181:rev] Derived by automated computational analysis using gene prediction method: Protein Homology.; CopG family transcriptional regulator
	[214366:216702:rev] Derived by automated computational analysis using gene prediction method: Protein Homology.; translocase
	[216844:217812:dir] Derived by automated computational analysis using gene prediction method: Protein Homology.; translocase
<END>
<GI> CP040637:2 <COORDINATES> 338121-360149 <STAT> n1_4mer:GRV/n1_4mer:RV = 2.655941; n0_4mer:D = 31.846493; n0_4mer:PS = 31.776861
	[338121:340334:dir] Derived by automated computational analysis using gene prediction method: Protein Homology.; phage tail protein
	[340403:341869:dir] lpdA; Derived by automated computational analysis using gene prediction method: Protein Homology.; dihydrolipoyl dehydrogenase
	[342012:342308:rev] Derived by automated computational analysis using gene prediction method: Protein Homology.; hypothetical protein
	[342305:342682:rev] Derived by automated computational analysis using gene prediction method: Protein Homology.; helix-turn-helix transcriptional regulator
	[343577:345050:dir] 16S ribosomal RNA
	[345185:345256:dir] tRNA-Ala
	[345504:348388:dir] 23S ribosomal RNA
	[348537:348658:dir] rrf; Derived by automated computational analysis using gene prediction method: cmsearch.; 5S ribosomal RNA
	[349495:349869:rev] Derived by automated computational analysis using gene prediction method: GeneMarkS-2+.; hypothetical protein
	[350453:351244:rev] coxB; Derived by automated computational analysis using gene prediction method: Protein Homology.; cytochrome c oxidase subunit II
	[351466:353748:dir] Derived by automated computational analysis using gene prediction method: Protein Homology.; cytochrome C oxidase subunit I
	[353751:354335:dir] Derived by automated computational analysis using gene prediction method: Protein Homology.; hypothetical protein
	[354396:355244:rev] Derived by automated computational analysis using gene prediction method: Protein Homology.; catalase
	[355675:356310:rev] Derived by automated computational analysis using gene prediction method: Protein Homology.; IS6 family transposase
	[356428:356610:dir] Derived by automated computational analysis using gene prediction method: Protein Homology.; hypothetical protein
	[356651:357559:rev] Derived by automated computational analysis using gene prediction method: Protein Homology.; heme-copper oxidase subunit III
	[357710:359101:rev] Derived by automated computational analysis using gene prediction method: Protein Homology.; NAD(P)/FAD-dependent oxidoreductase
	[359282:359626:rev] Derived by automated computational analysis using gene prediction method: Protein Homology.; cupin domain-containing protein
	[359742:360149:dir] Derived by automated computational analysis using gene prediction method: Protein Homology.; SHOCT domain-containing protein
<END>
<GI> CP040637:3 <COORDINATES> 980000-1002631 <STAT> n1_4mer:GRV/n1_4mer:RV = 3.236764; n0_4mer:D = 36.105707; n0_4mer:PS = 24.442685
	[980193:980513:dir] Derived by automated computational analysis using gene prediction method: Protein Homology.; AbrB/MazE/SpoVT family DNA-binding domain-containing protein
	[980510:980995:dir] Derived by automated computational analysis using gene prediction method: Protein Homology.; hypothetical protein
	[981038:981583:dir] Derived by automated computational analysis using gene prediction method: Protein Homology.; poly(R)-hydroxyalkanoic acid synthase subunit
	[981580:983055:dir] phaC; Derived by automated computational analysis using gene prediction method: Protein Homology.; class III poly(R)-hydroxyalkanoic acid synthase subunit PhaC
	[983163:983906:dir] Derived by automated computational analysis using gene prediction method: Protein Homology.; beta-ketoacyl-ACP reductase
	[984077:985564:dir] Derived by automated computational analysis using gene prediction method: Protein Homology.; sugar transferase
	[985561:986496:dir] Derived by automated computational analysis using gene prediction method: Protein Homology.; NAD-dependent epimerase/dehydratase family protein
	[986520:987614:rev] Derived by automated computational analysis using gene prediction method: Protein Homology.; glycosyltransferase
	[987642:988712:rev] Derived by automated computational analysis using gene prediction method: Protein Homology.; O-antigen ligase family protein
	[989285:990379:rev] Derived by automated computational analysis using gene prediction method: Protein Homology.; glycosyltransferase
	[990444:991898:rev] Derived by automated computational analysis using gene prediction method: Protein Homology.; lipopolysaccharide biosynthesis protein
	[991996:992304:rev] Derived by automated computational analysis using gene prediction method: Protein Homology.; transcriptional regulator
	[992644:992928:dir] Derived by automated computational analysis using gene prediction method: Protein Homology.; hypothetical protein
	[992942:995398:rev] Derived by automated computational analysis using gene prediction method: Protein Homology.; MFS transporter
	[995504:996331:rev] Derived by automated computational analysis using gene prediction method: Protein Homology.; undecaprenyl-diphosphate phosphatase
	[996409:998211:rev] glmS; Derived by automated computational analysis using gene prediction method: Protein Homology.; glutamine--fructose-6-phosphate transaminase (isomerizing)
	[998214:999392:rev] Derived by automated computational analysis using gene prediction method: Protein Homology.; nucleotidyl transferase
	[999663:1000691:rev] Derived by automated computational analysis using gene prediction method: Protein Homology.; nitronate monooxygenase
	[1000705:1001211:rev] moaC; Derived by automated computational analysis using gene prediction method: Protein Homology.; cyclic pyranopterin monophosphate synthase MoaC
	[1001204:1002631:rev] Derived by automated computational analysis using gene prediction method: Protein Homology.; NAD(P)H-hydrate dehydratase
<END>
<GI> CP040637:4 <COORDINATES> 1331927-1356168 <STAT> n1_4mer:GRV/n1_4mer:RV = 2.840635; n0_4mer:D = 32.948079; n0_4mer:PS = 30.298047
	[1331927:1334767:rev] Derived by automated computational analysis using gene prediction method: Protein Homology.; DEAD/DEAH box helicase
	[1334876:1335295:rev] Derived by automated computational analysis using gene prediction method: Protein Homology.; hypothetical protein
	[1335382:1336611:rev] Derived by automated computational analysis using gene prediction method: Protein Homology.; ABC transporter permease
	[1336611:1337912:rev] Derived by automated computational analysis using gene prediction method: Protein Homology.; ABC transporter permease
	[1337884:1338645:rev] Derived by automated computational analysis using gene prediction method: Protein Homology.; ABC transporter ATP-binding protein
	[1339266:1339679:dir] Derived by automated computational analysis using gene prediction method: Protein Homology.; glyoxalase
	[1339869:1340060:rev] incomplete; partial on complete genome; missing C-terminus; Derived by automated computational analysis using gene prediction method: Protein Homology.; site-specific integrase
	[1340639:1341580:rev] Derived by automated computational analysis using gene prediction method: GeneMarkS-2+.; hypothetical protein
	[1341710:1342573:rev] Derived by automated computational analysis using gene prediction method: GeneMarkS-2+.; hypothetical protein
	[1342917:1343747:dir] Derived by automated computational analysis using gene prediction method: GeneMarkS-2+.; DUF1573 domain-containing protein
	[1344277:1344480:rev] Derived by automated computational analysis using gene prediction method: Protein Homology.; hypothetical protein
	[1344586:1344911:dir] frameshifted; Derived by automated computational analysis using gene prediction method: Protein Homology.; hypothetical protein
	[1345279:1345352:rev] tRNA-Tyr
	[1345481:1346095:dir] Derived by automated computational analysis using gene prediction method: Protein Homology.; ribbon-helix-helix protein, CopG family
	[1346291:1346470:dir] Derived by automated computational analysis using gene prediction method: Protein Homology.; ribbon-helix-helix protein, CopG family
	[1346473:1347660:dir] ftsZ; Derived by automated computational analysis using gene prediction method: Protein Homology.; cell division protein FtsZ
	[1347991:1348950:rev] Derived by automated computational analysis using gene prediction method: Protein Homology.; TIGR00269 family protein
	[1349092:1349811:rev] Derived by automated computational analysis using gene prediction method: Protein Homology.; alpha/beta hydrolase
	[1349991:1350689:dir] Derived by automated computational analysis using gene prediction method: Protein Homology.; hypothetical protein
	[1350744:1351532:rev] Derived by automated computational analysis using gene prediction method: Protein Homology.; ABC transporter permease
	[1351525:1352493:rev] Derived by automated computational analysis using gene prediction method: Protein Homology.; ABC transporter ATP-binding protein
	[1352601:1353251:rev] Derived by automated computational analysis using gene prediction method: Protein Homology.; bacterio-opsin activator
	[1353700:1354311:dir] Derived by automated computational analysis using gene prediction method: Protein Homology.; hypothetical protein
	[1354318:1354884:dir] Derived by automated computational analysis using gene prediction method: Protein Homology.; hypothetical protein
	[1354922:1355725:dir] Derived by automated computational analysis using gene prediction method: Protein Homology.; hypothetical protein
	[1355722:1356168:dir] Derived by automated computational analysis using gene prediction method: Protein Homology.; hypothetical protein
<END>
<GI> CP040637:5 <COORDINATES> 1355722-1373599 <STAT> n1_4mer:GRV/n1_4mer:RV = 2.241296; n0_4mer:D = 26.015321; n0_4mer:PS = 23.157510
	[1355722:1356168:dir] Derived by automated computational analysis using gene prediction method: Protein Homology.; hypothetical protein
	[1356216:1357013:rev] Derived by automated computational analysis using gene prediction method: Protein Homology.; class I SAM-dependent methyltransferase
	[1357135:1358019:rev] Derived by automated computational analysis using gene prediction method: Protein Homology.; deoxyribonuclease IV
	[1358120:1358791:dir] Derived by automated computational analysis using gene prediction method: Protein Homology.; HAD family hydrolase
	[1358794:1359630:rev] Derived by automated computational analysis using gene prediction method: Protein Homology.; lipoate--protein ligase family protein
	[1359850:1360446:dir] Derived by automated computational analysis using gene prediction method: Protein Homology.; IS6 family transposase
	[1361173:1361715:rev] Derived by automated computational analysis using gene prediction method: GeneMarkS-2+.; hypothetical protein
	[1362011:1362952:dir] Derived by automated computational analysis using gene prediction method: Protein Homology.; ABC transporter ATP-binding protein
	[1362949:1363788:dir] Derived by automated computational analysis using gene prediction method: Protein Homology.; ABC transporter permease
	[1363930:1364451:dir] Derived by automated computational analysis using gene prediction method: Protein Homology.; GNAT family N-acetyltransferase
	[1364681:1365589:dir] Derived by automated computational analysis using gene prediction method: Protein Homology.; serine/threonine protein phosphatase
	[1366021:1367133:rev] Derived by automated computational analysis using gene prediction method: Protein Homology.; iron ABC transporter permease
	[1367140:1368282:rev] Derived by automated computational analysis using gene prediction method: Protein Homology.; ABC transporter substrate-binding protein
	[1368461:1369342:rev] Derived by automated computational analysis using gene prediction method: Protein Homology.; ArsR family transcriptional regulator
	[1369461:1369991:dir] Derived by automated computational analysis using gene prediction method: Protein Homology.; hypothetical protein
	[1370219:1370809:dir] Derived by automated computational analysis using gene prediction method: Protein Homology.; 50S ribosomal protein L15e
	[1371036:1371470:dir] Derived by automated computational analysis using gene prediction method: Protein Homology.; universal stress protein
	[1371552:1371998:rev] Derived by automated computational analysis using gene prediction method: Protein Homology.; methylaspartate mutase subunit S
	[1372076:1372315:rev] incomplete; partial on complete genome; missing N-terminus; Derived by automated computational analysis using gene prediction method: Protein Homology.; IS6 family transposase
	[1372667:1373458:dir] Derived by automated computational analysis using gene prediction method: GeneMarkS-2+.; hypothetical protein
<END>
<GI> CP040637:6 <COORDINATES> 1937988-1959555 <STAT> n1_4mer:GRV/n1_4mer:RV = 2.299729; n0_4mer:D = 29.132215; n0_4mer:PS = 29.454714
	[1937988:1938239:dir] Derived by automated computational analysis using gene prediction method: Protein Homology.; hypothetical protein
	[1938284:1938865:rev] Derived by automated computational analysis using gene prediction method: Protein Homology.; NUDIX hydrolase
	[1938956:1939375:rev] Derived by automated computational analysis using gene prediction method: Protein Homology.; hypothetical protein
	[1939401:1939862:rev] Derived by automated computational analysis using gene prediction method: Protein Homology.; hypothetical protein
	[1939908:1940381:rev] rimI; Derived by automated computational analysis using gene prediction method: Protein Homology.; ribosomal-protein-alanine N-acetyltransferase
	[1940597:1940890:rev] Derived by automated computational analysis using gene prediction method: Protein Homology.; hypothetical protein
	[1941652:1942347:dir] Derived by automated computational analysis using gene prediction method: Protein Homology.; hypothetical protein
	[1942428:1942501:dir] tRNA-Lys
	[1942553:1943537:rev] frameshifted; Derived by automated computational analysis using gene prediction method: Protein Homology.; hypothetical protein
	[1944180:1944255:rev] tRNA-Cys
	[1944374:1944495:rev] rrf; Derived by automated computational analysis using gene prediction method: cmsearch.; 5S ribosomal RNA
	[1944644:1947528:rev] 23S ribosomal RNA
	[1947776:1947847:rev] tRNA-Ala
	[1947982:1949455:rev] 16S ribosomal RNA
	[1950392:1951582:dir] Derived by automated computational analysis using gene prediction method: Protein Homology.; hypothetical protein
	[1951607:1952236:rev] Derived by automated computational analysis using gene prediction method: Protein Homology.; metal-dependent hydrolase
	[1952469:1953557:dir] Derived by automated computational analysis using gene prediction method: Protein Homology.; ABC transporter ATP-binding protein
	[1953554:1954396:dir] Derived by automated computational analysis using gene prediction method: Protein Homology.; ABC transporter permease
	[1954467:1954688:dir] Derived by automated computational analysis using gene prediction method: Protein Homology.; hypothetical protein
	[1954732:1956030:dir] hisD; Derived by automated computational analysis using gene prediction method: Protein Homology.; histidinol dehydrogenase
	[1956115:1956324:dir] Derived by automated computational analysis using gene prediction method: Protein Homology.; hypothetical protein
	[1956430:1956804:dir] Derived by automated computational analysis using gene prediction method: Protein Homology.; iron-sulfur cluster assembly accessory protein
	[1956950:1957150:rev] Derived by automated computational analysis using gene prediction method: Protein Homology.; dodecin domain-containing protein
	[1957236:1957895:rev] Derived by automated computational analysis using gene prediction method: Protein Homology.; hypothetical protein
	[1957888:1958505:rev] Derived by automated computational analysis using gene prediction method: Protein Homology.; hypothetical protein
	[1958566:1959555:rev] Derived by automated computational analysis using gene prediction method: Protein Homology.; hydrolase
<END>
<GI> CP040637:7 <COORDINATES> 2025287-2048612 <STAT> n1_4mer:GRV/n1_4mer:RV = 2.757773; n0_4mer:D = 33.288592; n0_4mer:PS = 31.928879
	[2025287:2025664:dir] Derived by automated computational analysis using gene prediction method: GeneMarkS-2+.; hypothetical protein
	[2025666:2026055:dir] Derived by automated computational analysis using gene prediction method: Protein Homology.; HK97 gp10 family phage protein
	[2026052:2026489:dir] Derived by automated computational analysis using gene prediction method: GeneMarkS-2+.; hypothetical protein
	[2026496:2027026:dir] Derived by automated computational analysis using gene prediction method: GeneMarkS-2+.; hypothetical protein
	[2027030:2027512:dir] Derived by automated computational analysis using gene prediction method: GeneMarkS-2+.; hypothetical protein
	[2027710:2029572:dir] Derived by automated computational analysis using gene prediction method: Protein Homology.; phage tail tape measure protein
	[2029896:2031527:dir] Derived by automated computational analysis using gene prediction method: GeneMarkS-2+.; hypothetical protein
	[2031530:2032003:dir] Derived by automated computational analysis using gene prediction method: GeneMarkS-2+.; hypothetical protein
	[2032039:2033703:dir] Derived by automated computational analysis using gene prediction method: Protein Homology.; DUF2479 domain-containing protein
	[2034285:2035043:rev] Derived by automated computational analysis using gene prediction method: Protein Homology.; glycosyltransferase
	[2035211:2037142:rev] Derived by automated computational analysis using gene prediction method: Protein Homology.; DUF2079 domain-containing protein
	[2037046:2037495:rev] Derived by automated computational analysis using gene prediction method: Protein Homology.; GtrA family protein
	[2037896:2038168:rev] Derived by automated computational analysis using gene prediction method: GeneMarkS-2+.; hypothetical protein
	[2038161:2038391:rev] Derived by automated computational analysis using gene prediction method: GeneMarkS-2+.; hypothetical protein
	[2038384:2038602:rev] Derived by automated computational analysis using gene prediction method: Protein Homology.; hypothetical protein
	[2038808:2039209:dir] Derived by automated computational analysis using gene prediction method: Protein Homology.; hypothetical protein
	[2039206:2039655:dir] Derived by automated computational analysis using gene prediction method: GeneMarkS-2+.; hypothetical protein
	[2039655:2040089:dir] Derived by automated computational analysis using gene prediction method: GeneMarkS-2+.; hypothetical protein
	[2040335:2040574:dir] Derived by automated computational analysis using gene prediction method: Protein Homology.; hypothetical protein
	[2040623:2041012:rev] Derived by automated computational analysis using gene prediction method: GeneMarkS-2+.; hypothetical protein
	[2041118:2042179:dir] Derived by automated computational analysis using gene prediction method: Protein Homology.; AAA family ATPase
	[2042176:2042355:rev] Derived by automated computational analysis using gene prediction method: GeneMarkS-2+.; hypothetical protein
	[2042966:2043280:dir] Derived by automated computational analysis using gene prediction method: GeneMarkS-2+.; hypothetical protein
	[2043277:2043810:dir] Derived by automated computational analysis using gene prediction method: GeneMarkS-2+.; hypothetical protein
	[2043807:2044550:dir] Derived by automated computational analysis using gene prediction method: Protein Homology.; hypothetical protein
	[2044547:2044870:dir] Derived by automated computational analysis using gene prediction method: Protein Homology.; hypothetical protein
	[2045006:2045737:dir] Derived by automated computational analysis using gene prediction method: GeneMarkS-2+.; hypothetical protein
	[2045734:2046147:dir] Derived by automated computational analysis using gene prediction method: Protein Homology.; hypothetical protein
	[2046144:2046551:dir] Derived by automated computational analysis using gene prediction method: GeneMarkS-2+.; hypothetical protein
	[2046544:2047419:dir] Derived by automated computational analysis using gene prediction method: GeneMarkS-2+.; hypothetical protein
	[2047416:2047715:dir] Derived by automated computational analysis using gene prediction method: Protein Homology.; hypothetical protein
	[2047737:2047955:rev] Derived by automated computational analysis using gene prediction method: GeneMarkS-2+.; hypothetical protein
	[2048001:2048612:dir] Derived by automated computational analysis using gene prediction method: GeneMarkS-2+.; hypothetical protein
<END>
<GI> CP040637:8 <COORDINATES> 2076271-2098027 <STAT> n1_4mer:GRV/n1_4mer:RV = 1.842619; n0_4mer:D = 27.814932; n0_4mer:PS = 38.642039
	[2076271:2076888:dir] Derived by automated computational analysis using gene prediction method: Protein Homology.; DUF4255 domain-containing protein
	[2076907:2079051:rev] Derived by automated computational analysis using gene prediction method: Protein Homology.; AAA family ATPase
	[2080002:2081387:dir] Derived by automated computational analysis using gene prediction method: Protein Homology.; DUF4157 domain-containing protein
	[2081393:2082343:dir] Derived by automated computational analysis using gene prediction method: Protein Homology.; hypothetical protein
	[2082213:2082893:dir] Derived by automated computational analysis using gene prediction method: Protein Homology.; DUF4157 domain-containing protein
	[2082899:2083897:dir] Derived by automated computational analysis using gene prediction method: GeneMarkS-2+.; hypothetical protein
	[2083937:2084356:dir] Derived by automated computational analysis using gene prediction method: GeneMarkS-2+.; hypothetical protein
	[2084434:2085291:dir] Derived by automated computational analysis using gene prediction method: Protein Homology.; hypothetical protein
	[2085454:2086272:dir] Derived by automated computational analysis using gene prediction method: GeneMarkS-2+.; DUF4157 domain-containing protein
	[2086392:2087216:dir] Derived by automated computational analysis using gene prediction method: Protein Homology.; hypothetical protein
	[2088392:2089615:dir] Derived by automated computational analysis using gene prediction method: Protein Homology.; DUF4157 domain-containing protein
	[2089618:2090622:dir] Derived by automated computational analysis using gene prediction method: Protein Homology.; hypothetical protein
	[2090647:2091213:dir] incomplete; partial on complete genome; missing N-terminus; Derived by automated computational analysis using gene prediction method: Protein Homology.; DUF4157 domain-containing protein
	[2091216:2092130:dir] Derived by automated computational analysis using gene prediction method: Protein Homology.; hypothetical protein
	[2092286:2093173:dir] Derived by automated computational analysis using gene prediction method: Protein Homology.; 1,4-dihydroxy-2-naphthoyl-CoA synthase
	[2093216:2094394:dir] Derived by automated computational analysis using gene prediction method: Protein Homology.; hypothetical protein
	[2094460:2095404:dir] Derived by automated computational analysis using gene prediction method: Protein Homology.; 1,4-dihydroxy-2-naphthoate polyprenyltransferase
	[2095401:2096498:dir] Derived by automated computational analysis using gene prediction method: Protein Homology.; o-succinylbenzoate synthase
	[2096495:2098027:dir] Derived by automated computational analysis using gene prediction method: Protein Homology.; acyl--CoA ligase
<END>
<GI> CP040637:9 <COORDINATES> 2450978-2510848 <STAT> n1_4mer:GRV/n1_4mer:RV = 3.084566; n0_4mer:D = 35.172191; n0_4mer:PS = 30.333851
	[2450978:2453212:dir] Derived by automated computational analysis using gene prediction method: Protein Homology.; VWA domain-containing protein
	[2453278:2454861:dir] Derived by automated computational analysis using gene prediction method: Protein Homology.; xanthine permease
	[2454961:2455788:dir] Derived by automated computational analysis using gene prediction method: Protein Homology.; alpha/beta hydrolase
	[2455999:2456646:dir] Derived by automated computational analysis using gene prediction method: Protein Homology.; MaoC family dehydratase
	[2456805:2457101:dir] frameshifted; incomplete; partial on complete genome; missing C-terminus; Derived by automated computational analysis using gene prediction method: Protein Homology.; hypothetical protein
	[2457441:2458454:dir] Derived by automated computational analysis using gene prediction method: Protein Homology.; site-specific integrase
	[2458669:2460174:dir] Derived by automated computational analysis using gene prediction method: GeneMarkS-2+.; hypothetical protein
	[2460174:2461007:dir] Derived by automated computational analysis using gene prediction method: Protein Homology.; HNH endonuclease
	[2461010:2462155:rev] Derived by automated computational analysis using gene prediction method: Protein Homology.; phage integrase family protein
	[2462152:2462622:rev] internal stop; Derived by automated computational analysis using gene prediction method: Protein Homology.; hypothetical protein
	[2462612:2463070:rev] Derived by automated computational analysis using gene prediction method: Protein Homology.; hypothetical protein
	[2463448:2463654:dir] Derived by automated computational analysis using gene prediction method: Protein Homology.; hypothetical protein
	[2463859:2464518:rev] Derived by automated computational analysis using gene prediction method: Protein Homology.; CRISPR locus-related DNA-binding protein
	[2464958:2465824:dir] Derived by automated computational analysis using gene prediction method: Protein Homology.; hypothetical protein
	[2465821:2466747:dir] Derived by automated computational analysis using gene prediction method: Protein Homology.; hypothetical protein
	[2466744:2469869:dir] Derived by automated computational analysis using gene prediction method: Protein Homology.; hypothetical protein
	[2469871:2470701:dir] Derived by automated computational analysis using gene prediction method: Protein Homology.; hypothetical protein
	[2470704:2476232:dir] Derived by automated computational analysis using gene prediction method: Protein Homology.; DEAD/DEAH box helicase
	[2476259:2481709:dir] Derived by automated computational analysis using gene prediction method: Protein Homology.; DEAD/DEAH box helicase
	[2481702:2483678:dir] Derived by automated computational analysis using gene prediction method: Protein Homology.; hypothetical protein
	[2484763:2485029:rev] Derived by automated computational analysis using gene prediction method: Protein Homology.; hypothetical protein
	[2486024:2488927:dir] Derived by automated computational analysis using gene prediction method: Protein Homology.; queuine tRNA-ribosyltransferase tRNA-guanine transglycosylase
	[2489025:2490059:dir] Derived by automated computational analysis using gene prediction method: Protein Homology.; tRNA-guanine transglycosylase
	[2490056:2490952:dir] Derived by automated computational analysis using gene prediction method: Protein Homology.; hypothetical protein
	[2490952:2492109:dir] Derived by automated computational analysis using gene prediction method: Protein Homology.; ATPase
	[2492355:2492738:dir] Derived by automated computational analysis using gene prediction method: GeneMarkS-2+.; hypothetical protein
	[2492811:2494556:rev] Derived by automated computational analysis using gene prediction method: Protein Homology.; hypothetical protein
	[2495157:2495396:dir] Derived by automated computational analysis using gene prediction method: GeneMarkS-2+.; hypothetical protein
	[2495396:2495740:dir] Derived by automated computational analysis using gene prediction method: GeneMarkS-2+.; hypothetical protein
	[2495779:2496078:dir] Derived by automated computational analysis using gene prediction method: GeneMarkS-2+.; hypothetical protein
	[2496191:2497477:dir] Derived by automated computational analysis using gene prediction method: Protein Homology.; MBL fold metallo-hydrolase
	[2497610:2498329:dir] Derived by automated computational analysis using gene prediction method: GeneMarkS-2+.; hypothetical protein
	[2498805:2499908:rev] Derived by automated computational analysis using gene prediction method: Protein Homology.; site-specific integrase
	[2499901:2500245:rev] Derived by automated computational analysis using gene prediction method: GeneMarkS-2+.; hypothetical protein
	[2500911:2500985:rev] tRNA-Arg
	[2501133:2501315:dir] Derived by automated computational analysis using gene prediction method: Protein Homology.; hypothetical protein
	[2501473:2502327:dir] Derived by automated computational analysis using gene prediction method: Protein Homology.; geranylgeranylglycerol-phosphate geranylgeranyltransferase
	[2502500:2503132:dir] Derived by automated computational analysis using gene prediction method: Protein Homology.; recombinase RecA
	[2503212:2503622:dir] Derived by automated computational analysis using gene prediction method: Protein Homology.; CoA-binding protein
	[2503662:2504642:rev] Derived by automated computational analysis using gene prediction method: Protein Homology.; PLP-dependent cysteine synthase family protein
	[2504738:2505061:rev] Derived by automated computational analysis using gene prediction method: Protein Homology.; hypothetical protein
	[2505327:2505638:dir] ffs; archaeal-type; Derived by automated computational analysis using gene prediction method: cmsearch.; signal recognition particle sRNA
	[2506440:2507357:rev] Derived by automated computational analysis using gene prediction method: Protein Homology.; mechanosensitive ion channel family protein
	[2507354:2507602:rev] Derived by automated computational analysis using gene prediction method: Protein Homology.; YhbY family RNA-binding protein
	[2507699:2507977:rev] Derived by automated computational analysis using gene prediction method: Protein Homology.; ribonuclease P
	[2508213:2509979:dir] Derived by automated computational analysis using gene prediction method: Protein Homology.; ABC transporter substrate-binding protein
	[2509985:2510848:dir] Derived by automated computational analysis using gene prediction method: Protein Homology.; inositol phosphorylceramide synthase
<END>
<GI> CP040637:10 <COORDINATES> 2734497-2758383 <STAT> n1_4mer:GRV/n1_4mer:RV = 4.290414; n0_4mer:D = 40.546431; n0_4mer:PS = 27.813985
	[2734497:2735354:dir] Derived by automated computational analysis using gene prediction method: Protein Homology.; hypothetical protein
	[2735368:2735916:rev] Derived by automated computational analysis using gene prediction method: Protein Homology.; GNAT family N-acetyltransferase
	[2736036:2736584:dir] Derived by automated computational analysis using gene prediction method: Protein Homology.; hypothetical protein
	[2736673:2736743:rev] tRNA-Gly
	[2736907:2737851:rev] Derived by automated computational analysis using gene prediction method: Protein Homology.; hypothetical protein
	[2738150:2738836:rev] Derived by automated computational analysis using gene prediction method: Protein Homology.; class I SAM-dependent methyltransferase
	[2739519:2739590:dir] tRNA-Ala
	[2739706:2740713:rev] Derived by automated computational analysis using gene prediction method: Protein Homology.; site-specific integrase
	[2740710:2740919:rev] Derived by automated computational analysis using gene prediction method: Protein Homology.; hypothetical protein
	[2740903:2741502:rev] Derived by automated computational analysis using gene prediction method: Protein Homology.; PadR family transcriptional regulator
	[2741711:2742022:dir] Derived by automated computational analysis using gene prediction method: Protein Homology.; helix-turn-helix transcriptional regulator
	[2742022:2742306:dir] Derived by automated computational analysis using gene prediction method: Protein Homology.; hypothetical protein
	[2742309:2743310:rev] Derived by automated computational analysis using gene prediction method: GeneMarkS-2+.; hypothetical protein
	[2743465:2744556:dir] Derived by automated computational analysis using gene prediction method: GeneMarkS-2+.; hypothetical protein
	[2744560:2745543:rev] Derived by automated computational analysis using gene prediction method: GeneMarkS-2+.; hypothetical protein
	[2745823:2746101:dir] Derived by automated computational analysis using gene prediction method: GeneMarkS-2+.; hypothetical protein
	[2746106:2746801:rev] Derived by automated computational analysis using gene prediction method: GeneMarkS-2+.; hypothetical protein
	[2746961:2747551:rev] incomplete; partial on complete genome; missing C-terminus; Derived by automated computational analysis using gene prediction method: Protein Homology.; site-specific integrase
	[2748030:2748891:dir] frameshifted; internal stop; Derived by automated computational analysis using gene prediction method: Protein Homology.; hypothetical protein
	[2748896:2748979:dir] incomplete; partial on complete genome; missing N-terminus; Derived by automated computational analysis using gene prediction method: Protein Homology.; IS6 family transposase
	[2749035:2749379:dir] Derived by automated computational analysis using gene prediction method: Protein Homology.; hypothetical protein
	[2749414:2750019:rev] Derived by automated computational analysis using gene prediction method: Protein Homology.; trimeric intracellular cation channel family protein
	[2750124:2750792:rev] Derived by automated computational analysis using gene prediction method: Protein Homology.; ribonuclease HII
	[2750981:2752330:rev] Derived by automated computational analysis using gene prediction method: Protein Homology.; tRNA pseudouridine(54/55) synthase Pus10
	[2752397:2753143:dir] incomplete; partial on complete genome; missing N-terminus; Derived by automated computational analysis using gene prediction method: Protein Homology.; PDZ domain-containing protein
	[2753178:2753378:dir] Derived by automated computational analysis using gene prediction method: Protein Homology.; hypothetical protein
	[2753436:2753627:dir] Derived by automated computational analysis using gene prediction method: Protein Homology.; hypothetical protein
	[2753635:2753823:dir] Derived by automated computational analysis using gene prediction method: Protein Homology.; hypothetical protein
	[2754189:2754374:rev] Derived by automated computational analysis using gene prediction method: Protein Homology.; hypothetical protein
	[2754484:2755035:dir] Derived by automated computational analysis using gene prediction method: Protein Homology.; metal-dependent hydrolase
	[2755067:2755384:rev] Derived by automated computational analysis using gene prediction method: Protein Homology.; hypothetical protein
	[2755512:2756114:dir] trmY; Derived by automated computational analysis using gene prediction method: Protein Homology.; tRNA (pseudouridine(54)-N(1))-methyltransferase TrmY
	[2756218:2756290:dir] tRNA-Pro
	[2756633:2757880:dir] Derived by automated computational analysis using gene prediction method: Protein Homology.; hypothetical protein
	[2757937:2758383:dir] Derived by automated computational analysis using gene prediction method: Protein Homology.; hypothetical protein
<END>
<GI> CP040637:11 <COORDINATES> 3110000-3132243 <STAT> n1_4mer:GRV/n1_4mer:RV = 2.300821; n0_4mer:D = 30.392753; n0_4mer:PS = 32.456247
	[3110069:3110683:rev] Derived by automated computational analysis using gene prediction method: Protein Homology.; DUF309 domain-containing protein
	[3110844:3111941:rev] Derived by automated computational analysis using gene prediction method: Protein Homology.; aminopeptidase
	[3112035:3112760:rev] Derived by automated computational analysis using gene prediction method: Protein Homology.; VUT family protein
	[3113192:3113386:dir] Derived by automated computational analysis using gene prediction method: Protein Homology.; cold-shock protein
	[3113832:3114107:dir] Derived by automated computational analysis using gene prediction method: Protein Homology.; PadR family transcriptional regulator
	[3114647:3115993:dir] Derived by automated computational analysis using gene prediction method: Protein Homology.; RNase J family beta-CASP ribonuclease
	[3116108:3116229:rev] rrf; Derived by automated computational analysis using gene prediction method: cmsearch.; 5S ribosomal RNA
	[3116301:3116422:rev] rrf; Derived by automated computational analysis using gene prediction method: cmsearch.; 5S ribosomal RNA
	[3116571:3119455:rev] 23S ribosomal RNA
	[3119702:3119773:rev] tRNA-Ala
	[3119909:3121382:rev] 16S ribosomal RNA
	[3122008:3123000:rev] internal stop; Derived by automated computational analysis using gene prediction method: Protein Homology.; site-specific integrase
	[3123038:3123376:rev] Derived by automated computational analysis using gene prediction method: Protein Homology.; hypothetical protein
	[3123366:3123719:rev] Derived by automated computational analysis using gene prediction method: Protein Homology.; PadR family transcriptional regulator
	[3124029:3124295:dir] Derived by automated computational analysis using gene prediction method: Protein Homology.; winged helix-turn-helix transcriptional regulator
	[3124362:3124619:dir] Derived by automated computational analysis using gene prediction method: Protein Homology.; hypothetical protein
	[3124620:3124871:dir] Derived by automated computational analysis using gene prediction method: Protein Homology.; type II toxin-antitoxin system HicA family toxin
	[3124874:3125113:rev] Derived by automated computational analysis using gene prediction method: Protein Homology.; hypothetical protein
	[3125401:3125925:rev] Derived by automated computational analysis using gene prediction method: GeneMarkS-2+.; hypothetical protein
	[3125925:3127325:rev] Derived by automated computational analysis using gene prediction method: GeneMarkS-2+.; hypothetical protein
	[3127482:3127832:rev] internal stop; incomplete; partial on complete genome; missing N-terminus; Derived by automated computational analysis using gene prediction method: Protein Homology.; orc1/cdc6 family replication initiation protein
	[3127916:3128022:rev] tRNA-Met
	[3128343:3128630:dir] Derived by automated computational analysis using gene prediction method: GeneMarkS-2+.; hypothetical protein
	[3128862:3129449:rev] Derived by automated computational analysis using gene prediction method: Protein Homology.; MogA/MoaB family molybdenum cofactor biosynthesis protein
	[3129592:3129664:rev] tRNA-Asn
	[3129760:3131205:dir] Derived by automated computational analysis using gene prediction method: Protein Homology.; CCA tRNA nucleotidyltransferase
	[3131212:3132243:rev] Derived by automated computational analysis using gene prediction method: Protein Homology.; histone deacetylase
<END>
<GI> CP040637:12 <COORDINATES> 3497875-3567599 <STAT> n1_4mer:GRV/n1_4mer:RV = 13.550716; n0_4mer:D = 40.381523; n0_4mer:PS = -0.191370
	[3497875:3498111:dir] Derived by automated computational analysis using gene prediction method: Protein Homology.; hypothetical protein
	[3498247:3498822:dir] Derived by automated computational analysis using gene prediction method: Protein Homology.; DUF1684 domain-containing protein
	[3498960:3499640:rev] Derived by automated computational analysis using gene prediction method: Protein Homology.; class I SAM-dependent methyltransferase
	[3500010:3500588:dir] Derived by automated computational analysis using gene prediction method: Protein Homology.; hypothetical protein
	[3500617:3501399:rev] Derived by automated computational analysis using gene prediction method: Protein Homology.; hypothetical protein
	[3501814:3502767:rev] Derived by automated computational analysis using gene prediction method: Protein Homology.; hypothetical protein
	[3502767:3503168:rev] Derived by automated computational analysis using gene prediction method: Protein Homology.; DUF2073 domain-containing protein
	[3503174:3503812:rev] Derived by automated computational analysis using gene prediction method: Protein Homology.; GTP-binding protein
<END>
<GI> CP040637:13 <COORDINATES> 3616500-3642599 <STAT> n1_4mer:GRV/n1_4mer:RV = 1.783962; n0_4mer:D = 24.882458; n0_4mer:PS = 28.971251

<END>
<GI> CP040637:14 <COORDINATES> 3752500-3796099 <STAT> n1_4mer:GRV/n1_4mer:RV = 2.230233; n0_4mer:D = 28.431014; n0_4mer:PS = 25.581301

<END>
<GI> CP040637:15 <COORDINATES> 3818000-3840099 <STAT> n1_4mer:GRV/n1_4mer:RV = 2.041462; n0_4mer:D = 23.388862; n0_4mer:PS = 30.021927

<END>
<GI> CP040637:16 <COORDINATES> 3904000-3926099 <STAT> n1_4mer:GRV/n1_4mer:RV = 1.688065; n0_4mer:D = 26.243387; n0_4mer:PS = 16.467066

<END>