<GI> AP028634:1 <COORDINATES> 293947-331267 <STAT> n1_4mer:GRV/n1_4mer:RV = 1.861850; n0_4mer:D = 34.367650; n0_4mer:PS = 32.135646
	[293947:294609:dir] upp; uracil phosphoribosyltransferase
	[294776:295642:rev] slipin family protein
	[296115:296558:rev] hypothetical protein
	[296736:297176:rev] DUF2153 domain-containing protein
	[297521:298942:rev] acetate--CoA ligase family protein
	[299138:300487:rev] carboxypeptidase-like regulatory domain-containing protein
	[300656:304759:rev] hypothetical protein
	[304924:306900:dir] hypothetical protein
	[306978:307571:dir] hypothetical protein
	[307577:308065:dir] hypothetical protein
	[308093:308341:rev] Lrp/AsnC ligand binding domain-containing protein
	[308596:308907:dir] hypothetical protein
	[309057:309545:rev] rimI; ribosomal protein S18-alanine N-acetyltransferase
	[309713:310270:dir] cob(I)yrinic acid a,c-diamide adenosyltransferase
	[310471:311076:dir] hypothetical protein
	[311103:311648:dir] hypothetical protein
	[311679:313004:rev] MgtC/SapB family protein
	[313224:313493:rev] DNA-binding protein
	[313548:314075:rev] hypothetical protein
	[314297:317128:rev] DEAD/DEAH box helicase
	[317342:317581:dir] hypothetical protein
	[317600:317803:rev] hypothetical protein
	[318045:318287:dir] hypothetical protein
	[318232:318621:dir] hypothetical protein
	[318614:319129:rev] HIT domain-containing protein
	[319146:319847:rev] hypothetical protein
	[319919:320275:dir] hypothetical protein
	[320289:321260:rev] radA; DNA repair and recombination protein RadA
	[321435:323309:dir] threonine--tRNA ligase
	[323494:325335:dir] glmS; glutamine--fructose-6-phosphate transaminase (isomerizing)
	[325370:326503:dir] NDP-sugar synthase
	[326669:327337:dir] ASCH domain-containing protein
	[327708:328427:rev] deoC; deoxyribose-phosphate aldolase
	[328494:329660:rev] DNA topoisomerase IV subunit A
	[329672:331267:rev] DNA topoisomerase VI subunit B
<END>
<GI> AP028634:2 <COORDINATES> 351479-392582 <STAT> n1_4mer:GRV/n1_4mer:RV = 2.028479; n0_4mer:D = 35.897309; n0_4mer:PS = 18.692662
	[351479:352081:rev] TATA-box-binding protein
	[352343:353965:rev] bifunctional ADP-dependent NAD(P)H-hydrate dehydratase/NAD(P)H-hydrate epimerase
	[354096:354926:dir] NAD+ synthase
	[354913:358599:rev] rgy; reverse gyrase
	[358802:359101:dir] albA; DNA-binding protein Alba
	[359115:359366:dir] hypothetical protein
	[359398:359562:rev] hypothetical protein
	[359646:361016:dir] gatD; Glu-tRNA(Gln) amidotransferase subunit GatD
	[361013:362971:dir] gatE; Glu-tRNA(Gln) amidotransferase subunit GatE
	[363082:363924:rev] thioredoxin family protein
	[364010:364405:dir] transcriptional regulator
	[364417:365523:rev] hypothetical protein
	[365520:365888:rev] hypothetical protein
	[365924:366685:rev] purine-nucleoside phosphorylase
	[367089:367406:dir] hypothetical protein
	[367853:368557:dir] hypothetical protein
	[368561:368929:dir] hypothetical protein
	[369079:370752:dir] thsA; thermosome subunit alpha
	[370915:371223:dir] hypothetical protein
	[371389:373470:dir] DNA topoisomerase I
	[373522:374010:rev] hypothetical protein
	[374042:374347:rev] hypothetical protein
	[374426:375301:rev] hypothetical protein
	[375322:375981:rev] TrkA family potassium uptake protein
	[376025:377368:dir] eno; phosphopyruvate hydratase
	[377436:378014:dir] hypothetical protein
	[378090:379328:dir] ORC1-type DNA replication protein
	[379331:379609:dir] hypothetical protein
	[379671:380120:dir] moaC; cyclic pyranopterin monophosphate synthase MoaC
	[380109:381557:rev] replication factor C large subunit
	[381582:382490:rev] replication factor C small subunit
	[382637:383218:dir] hypothetical protein
	[383340:385433:dir] minichromosome maintenance protein MCM
	[385457:385741:rev] hypothetical protein
	[385923:386498:rev] NTPase
	[386521:387339:rev] 50S ribosome-binding GTPase
	[387442:389856:rev] DNA polymerase II
	[389893:390375:rev] hypothetical protein
	[390466:391533:dir] mRNA surveillance protein pelota
	[391530:392582:rev] radical SAM protein
<END>
<GI> AP028634:3 <COORDINATES> 427630-451417 <STAT> n1_4mer:GRV/n1_4mer:RV = 1.542490; n0_4mer:D = 35.408560; n0_4mer:PS = 24.875137
	[427630:428415:dir] hypothetical protein
	[428523:428963:dir] hypothetical protein
	[428988:429299:rev] hypothetical protein
	[429398:430753:dir] acetyl ornithine aminotransferase family protein
	[430952:431725:rev] hypothetical protein
	[431713:431967:rev] hypothetical protein
	[432109:432447:dir] hypothetical protein
	[432427:433284:rev] hypothetical protein
	[433258:433710:dir] hypothetical protein
	[433745:434314:rev] folE; GTP cyclohydrolase I FolE
	[434456:434989:dir] ppa; inorganic diphosphatase
	[435151:436146:dir] hypothetical protein
	[436283:437068:dir] radical SAM protein
	[437843:438892:dir] tRNA-ribosyltransferase
	[439073:441232:dir] feoB_2; ferrous iron transport protein B
	[441247:441723:rev] hypothetical protein
	[441851:443122:dir] Glu/Leu/Phe/Val dehydrogenase
	[443205:444236:rev] gyaR; glyoxylate reductase
	[444289:445197:rev] hypothetical protein
	[445182:445715:rev] hypothetical protein
	[445769:446308:rev] deoxyuridine 5'-triphosphate nucleotidohydrolase
	[446399:446773:dir] hypothetical protein
	[446815:447663:dir] KaiC domain-containing protein
	[447701:448150:dir] hypothetical protein
	[448475:451417:dir] hypothetical protein
<END>
<GI> AP028634:4 <COORDINATES> 693622-718678 <STAT> n1_4mer:GRV/n1_4mer:RV = 1.375970; n0_4mer:D = 35.408560; n0_4mer:PS = 34.943355
	[693622:694419:dir] ABC transporter ATP-binding protein
	[694549:695583:dir] FAD-dependent oxidoreductase
	[695628:696092:rev] PIN domain-containing protein
	[696062:696307:rev] AbrB/MazE/SpoVT family DNA-binding domain-containing protein
	[696633:697055:rev] gcvH; glycine cleavage system protein GcvH
	[697253:697621:dir] hypothetical protein
	[697606:698265:dir] hypothetical protein
	[698364:698921:rev] NADH-quinone oxidoreductase subunit C
	[698978:699193:rev] hypothetical protein
	[699101:700309:dir] NADH-quinone oxidoreductase subunit D
	[700336:701349:dir] nuoH_1; NADH-quinone oxidoreductase subunit NuoH
	[701375:701911:dir] nuoI; NADH-quinone oxidoreductase subunit NuoI
	[701895:702401:dir] hypothetical protein
	[702508:702828:dir] hypothetical protein
	[702832:704340:dir] hypothetical protein
	[704348:706300:dir] NADH-quinone oxidoreductase subunit L
	[706339:707766:dir] NADH-quinone oxidoreductase subunit N
	[707914:708126:dir] hypothetical protein
	[708123:708581:dir] type II toxin-antitoxin system VapC family toxin
	[708686:709027:dir] hypothetical protein
	[709315:711246:rev] hypothetical protein
	[711421:711906:dir] hypothetical protein
	[711932:715108:rev] DUF1156 domain-containing protein
	[715229:718678:dir] ATP-binding protein
<END>
<GI> AP028634:5 <COORDINATES> 879500-919686 <STAT> n1_4mer:GRV/n1_4mer:RV = 2.988577; n0_4mer:D = 37.734834; n0_4mer:PS = 16.095511
	[879501:879968:rev] rplV; 50S ribosomal protein L22
	[880313:880570:rev] 50S ribosomal protein L23
	[880610:881449:rev] rpl4p; 50S ribosomal protein L4
	[881460:882503:rev] 50S ribosomal protein L3
	[882606:883439:rev] putative RNA uridine N3 methyltransferase
	[884012:884566:dir] hypothetical protein
	[884569:884838:dir] hypothetical protein
	[884944:885420:rev] hypothetical protein
	[885529:886530:dir] MoxR family ATPase
	[886487:888496:dir] hypothetical protein
	[888493:889080:rev] hypothetical protein
	[889275:889742:rev] 30S ribosomal protein S19
	[889787:890503:rev] 50S ribosomal protein L2
	[890475:891821:rev] hypothetical protein
	[891823:892005:rev] hypothetical protein
	[892039:893496:rev] hypothetical protein
	[893503:893769:rev] hypothetical protein
	[893861:896668:rev] DEAD/DEAH box helicase
	[897380:898519:dir] hypothetical protein
	[898642:898893:dir] hypothetical protein
	[898928:899317:rev] hypothetical protein
	[899787:900548:rev] hypothetical protein
	[900711:901523:rev] DUF72 domain-containing protein
	[901665:902075:rev] hypothetical protein
	[902129:903007:rev] Mrp/NBP35 family ATP-binding protein
	[903232:903852:dir] hypothetical protein
	[903866:904291:dir] hypothetical protein
	[904347:905963:dir] DEAD/DEAH box helicase
	[906077:907072:dir] hypothetical protein
	[907148:907594:rev] hjc; Holliday junction resolvase Hjc
	[907602:909200:rev] PINc/VapC family ATPase
	[909362:909589:dir] hypothetical protein
	[909582:909899:dir] hypothetical protein
	[909942:910427:dir] protein-lysine N-methyltransferase
	[910503:911015:dir] hypothetical protein
	[911067:914027:rev] DNA-directed DNA polymerase I
	[914190:914267:dir] tRNA-Arg
	[914465:915853:rev] glnA; type I glutamate--ammonia ligase
	[916000:916980:dir] hypothetical protein
	[916954:919686:rev] rad50; DNA double-strand break repair ATPase Rad50
<END>
<GI> AP028634:6 <COORDINATES> 949808-982170 <STAT> n1_4mer:GRV/n1_4mer:RV = 1.963105; n0_4mer:D = 35.432879; n0_4mer:PS = 33.335364
	[949808:950119:dir] hypothetical protein
	[950157:950555:rev] hypothetical protein
	[950647:950883:rev] hypothetical protein
	[950900:951259:rev] hypothetical protein
	[951504:951839:rev] hypothetical protein
	[952011:952310:dir] hypothetical protein
	[952565:952951:dir] hypothetical protein
	[952953:953267:rev] hypothetical protein
	[953458:954522:dir] NAD(P)/FAD-dependent oxidoreductase
	[954546:955148:rev] hypothetical protein
	[955299:955664:dir] hypothetical protein
	[955751:956257:dir] adenosine-specific kinase
	[956446:956898:dir] hypothetical protein
	[956993:957310:rev] hypothetical protein
	[957318:957800:rev] hypothetical protein
	[958032:958775:dir] hypothetical protein
	[958772:959101:dir] hypothetical protein
	[959232:959609:dir] hypothetical protein
	[959977:960957:rev] radical SAM protein
	[960968:961570:rev] hxlB; 6-phospho-3-hexuloisomerase
	[961796:964717:dir] leuS; leucine--tRNA ligase
	[964714:965349:rev] hypothetical protein
	[965759:966403:dir] metallophosphoesterase
	[966618:967388:dir] TatD family hydrolase
	[967399:969345:rev] radical SAM protein
	[969332:971065:rev] radical SAM protein
	[971077:972246:rev] radical SAM protein
	[972326:972601:rev] hypothetical protein
	[972623:974002:rev] serS; serine--tRNA ligase
	[974370:974774:rev] metal-sulfur cluster assembly factor
	[974816:975034:rev] hypothetical protein
	[975031:975813:rev] nicotinamide mononucleotide deamidase-related protein
	[976006:977337:rev] serine hydroxymethyltransferase
	[977381:977710:rev] hypothetical protein
	[977906:978328:dir] hypothetical protein
	[978272:979228:rev] hypothetical protein
	[979206:979475:rev] hypothetical protein
	[979475:980839:rev] digeranylgeranylglycerophospholipid reductase
	[981045:981605:dir] Hsp20/alpha crystallin family protein
	[981616:982170:rev] ZPR1 zinc finger domain-containing protein
<END>
<GI> AP028634:7 <COORDINATES> 998173-1018328 <STAT> n1_4mer:GRV/n1_4mer:RV = 1.932694; n0_4mer:D = 34.411479; n0_4mer:PS = 20.757705
	[998173:999591:rev] glcD; glycolate oxidase subunit GlcD
	[999718:1000056:dir] hypothetical protein
	[1000164:1000946:dir] polysaccharide deacetylase
	[1000951:1002573:dir] hypothetical protein
	[1002460:1003281:rev] polysaccharide deacetylase family protein
	[1003269:1004519:rev] glycosyltransferase family 4 protein
	[1004468:1005262:rev] YbhN family protein
	[1005519:1005944:rev] hypothetical protein
	[1006031:1009234:rev] hypothetical protein
	[1009391:1009528:dir] hypothetical protein
	[1009560:1011206:dir] type II/IV secretion system ATPase subunit
	[1011240:1013048:dir] type II secretion system F family protein
	[1013078:1013893:rev] nucS; endonuclease NucS
	[1014035:1015150:dir] priL; DNA primase regulatory subunit PriL
	[1015269:1015490:dir] hypothetical protein
	[1015647:1015886:dir] hypothetical protein
	[1016057:1018093:dir] rqcH; ribosome rescue protein RqcH
	[1018044:1018328:dir] hypothetical protein
<END>
<GI> AP028634:8 <COORDINATES> 1343994-1376621 <STAT> n1_4mer:GRV/n1_4mer:RV = 1.912686; n0_4mer:D = 34.645749; n0_4mer:PS = 32.402659
	[1343994:1344920:dir] hypothetical protein
	[1345527:1345829:rev] hypothetical protein
	[1346122:1346241:dir] hypothetical protein
	[1346238:1347581:rev] hypothetical protein
	[1347655:1347741:rev] tRNA-Ser
	[1347852:1348160:rev] rpsJ; 30S ribosomal protein S10
	[1348368:1349696:rev] tuf; translation elongation factor EF-1 subunit alpha
	[1349789:1350391:rev] 30S ribosomal protein S7
	[1350532:1351002:dir] DUF151 domain-containing protein
	[1351108:1351551:rev] 30S ribosomal protein S12
	[1351603:1352034:rev] NusA-like transcription termination signal-binding factor
	[1352069:1352407:rev] 50S ribosomal protein L30e
	[1352421:1353677:rev] rpoA2; DNA-directed RNA polymerase subunit A''
	[1353680:1356322:rev] rpoA1; DNA-directed RNA polymerase subunit A'
	[1356352:1359768:rev] DNA-directed RNA polymerase subunit B
	[1359811:1360059:rev] DNA-directed RNA polymerase subunit H
	[1360357:1360584:rev] LSm family protein
	[1360701:1361183:dir] RNA-binding protein
	[1361194:1363140:rev] beta-CASP ribonuclease aCPSF1
	[1363393:1364010:rev] psmB_1; archaeal proteasome endopeptidase complex subunit beta
	[1364332:1365348:dir] NAD(P)-dependent glycerol-1-phosphate dehydrogenase
	[1365392:1366165:rev] hypothetical protein
	[1366315:1366938:rev] psmB_2; archaeal proteasome endopeptidase complex subunit beta
	[1367171:1367683:dir] hypothetical protein
	[1367707:1368900:dir] NOG1 family protein
	[1368911:1369984:rev] rtcA; RNA 3'-terminal phosphate cyclase
	[1369997:1370527:rev] nicotinamide-nucleotide adenylyltransferase
	[1370517:1371572:dir] RsmB/NOP family class I SAM-dependent RNA methyltransferase
	[1371548:1372126:dir] hypothetical protein
	[1372133:1372930:dir] peptidylprolyl isomerase
	[1373040:1373675:dir] hypothetical protein
	[1373693:1373770:rev] tRNA-Glu
	[1373800:1374168:rev] hypothetical protein
	[1374213:1374920:rev] 16S rRNA methyltransferase
	[1374948:1375352:dir] hypothetical protein
	[1375288:1375680:dir] hypothetical protein
	[1375644:1376105:dir] 30S ribosomal protein S19e
	[1376274:1376621:dir] DNA-binding protein
<END>
<GI> AP028634:9 <COORDINATES> 1399396-1426440 <STAT> n1_4mer:GRV/n1_4mer:RV = 2.387878; n0_4mer:D = 36.144212; n0_4mer:PS = 35.257373
	[1399396:1400862:dir] ribonuclease E/G
	[1400878:1400965:dir] tRNA-Leu
	[1401122:1401337:rev] hypothetical protein
	[1401516:1401719:dir] hypothetical protein
	[1401751:1402023:rev] UPF0147 family protein
	[1402134:1402532:dir] Sjogren's syndrome/scleroderma autoantigen 1 family protein
	[1402557:1402964:rev] hypothetical protein
	[1402979:1404178:rev] aconitase X
	[1404203:1405513:rev] UbiD family decarboxylase
	[1405501:1406784:rev] Clp1/GlmU family protein
	[1406818:1407447:rev] hypothetical protein
	[1407484:1408077:dir] hypothetical protein
	[1408062:1408568:dir] CDP-2,3-bis-(O-geranylgeranyl)-sn-glycerol synthase
	[1408856:1409659:rev] translation initiation factor IF-2 subunit alpha
	[1409849:1410049:rev] 30S ribosomal protein S27e
	[1410057:1410341:rev] 50S ribosomal protein L44e
	[1410407:1410874:rev] hypothetical protein
	[1410904:1412031:rev] priS; DNA primase small subunit PriS
	[1412092:1412832:rev] DNA polymerase sliding clamp
	[1412918:1413139:rev] hypothetical protein
	[1413117:1413461:rev] transcription factor S
	[1413573:1413911:rev] hypothetical protein
	[1413886:1414221:rev] hypothetical protein
	[1414238:1414876:rev] hypothetical protein
	[1414887:1415486:rev] exosome complex RNA-binding protein Csl4
	[1415492:1416106:rev] METTL5 family protein
	[1416124:1417203:rev] dph2; diphthamide biosynthesis enzyme Dph2
	[1417305:1417853:rev] 50S ribosomal protein L16
	[1417935:1418984:rev] trm14; tRNA (guanine(6)-N2)-methyltransferase
	[1418971:1419699:rev] trmJ; tRNA (cytidine-2'-O-)-methyltransferase TrmJ
	[1419681:1420322:rev] methyltransferase
	[1420380:1421141:rev] rsmA; 16S rRNA (adenine(1518)-N(6)/adenine(1519)-N(6)) -dimethyltransferase RsmA
	[1421146:1421841:rev] DUF655 domain-containing protein
	[1421994:1422332:rev] hypothetical protein
	[1422404:1422733:rev] 50S ribosomal protein L21e
	[1422795:1424117:rev] tRNA pseudouridine(54/55) synthase Pus10
	[1424089:1424583:rev] hypothetical protein
	[1424546:1425895:rev] signal recognition particle protein Srp54
	[1426030:1426440:rev] translation initiation factor IF-5A
<END>
<GI> AP028634:10 <COORDINATES> 1426875-1494397 <STAT> n1_4mer:GRV/n1_4mer:RV = 2.228601; n0_4mer:D = 36.649651; n0_4mer:PS = 27.053821
	[1426875:1429532:dir] hypothetical protein
	[1429573:1430517:rev] AEC family transporter
	[1430763:1431716:dir] BadF/BadG/BcrA/BcrD ATPase family protein
	[1431741:1432541:rev] carbon-nitrogen hydrolase family protein
	[1432579:1433361:rev] sulfite exporter TauE/SafE family protein
	[1433414:1435390:rev] aldehyde ferredoxin oxidoreductase N-terminal domain-containing protein
	[1435595:1435990:dir] hypothetical protein
	[1435987:1436301:rev] hypothetical protein
	[1436570:1439605:rev] 23S ribosomal RNA
	[1439763:1441264:rev] 16S ribosomal RNA
	[1441361:1441528:dir] hypothetical protein
	[1442063:1443511:dir] ATPase domain-containing protein
	[1443550:1444740:rev] hypothetical protein
	[1444916:1445161:dir] MazG nucleotide pyrophosphohydrolase domain-containing protein
	[1445183:1445923:rev] geranylgeranylglyceryl/heptaprenylglyceryl phosphate synthase
	[1445880:1446260:rev] hypothetical protein
	[1446826:1446901:rev] tRNA-His
	[1447365:1447441:dir] tRNA-Ala
	[1447475:1448053:dir] hypothetical protein
	[1448007:1449023:dir] hypothetical protein
	[1449064:1449975:dir] MoxR family ATPase
	[1450018:1451289:dir] hypothetical protein
	[1451248:1451508:rev] hypothetical protein
	[1452022:1452180:dir] hypothetical protein
	[1452282:1452476:rev] hypothetical protein
	[1452943:1454196:rev] tiaS; tRNA(Ile2) 2-agmatinylcytidine synthetase TiaS
	[1454219:1454464:rev] Lrp/AsnC ligand binding domain-containing protein
	[1454629:1455210:dir] DUF367 family protein
	[1455284:1455371:dir] tRNA-Leu
	[1455409:1455768:rev] hypothetical protein
	[1455788:1456573:rev] hypothetical protein
	[1456513:1457943:rev] cca; CCA tRNA nucleotidyltransferase
	[1458177:1458920:dir] hypothetical protein
	[1459332:1460396:rev] NAD(P)/FAD-dependent oxidoreductase
	[1460464:1461363:rev] hypothetical protein
	[1461518:1462267:dir] pcn; proliferating cell nuclear antigen (pcna)
	[1462419:1463306:rev] RimK family alpha-L-glutamate ligase
	[1463299:1464282:rev] hypothetical protein
	[1464243:1465073:rev] S-methyl-5'-thioadenosine phosphorylase
	[1465131:1466051:rev] hypothetical protein
	[1466224:1466508:rev] hypothetical protein
	[1466655:1467539:dir] UbiA family prenyltransferase
	[1467609:1468274:rev] hypothetical protein
	[1468276:1469034:rev] hypothetical protein
	[1469179:1469598:dir] hypothetical protein
	[1469629:1469982:rev] hypothetical protein
	[1470083:1471336:dir] C/D box methylation guide ribonucleoprotein complex aNOP56 subunit
	[1471390:1472094:dir] fibrillarin-like rRNA/tRNA 2'-O-methyltransferase
	[1472293:1472697:dir] hypothetical protein
	[1472694:1473650:dir] hypothetical protein
	[1473786:1475114:dir] aspS; aspartate--tRNA(Asn) ligase
	[1475264:1476493:dir] TIGR04053 family radical SAM/SPASM domain-containing protein
	[1476501:1477460:dir] Lrp/AsnC family transcriptional regulator
	[1477471:1478658:dir] radical SAM protein
	[1478674:1479435:rev] 5-formyltetrahydrofolate cyclo-ligase
	[1479439:1480161:rev] hypothetical protein
	[1480255:1481196:dir] deoxyhypusine synthase
	[1481186:1481722:rev] protein-lysine N-methyltransferase
	[1481819:1482598:dir] hypothetical protein
	[1482567:1483151:dir] flavin prenyltransferase UbiX
	[1483173:1483415:rev] hypothetical protein
	[1483445:1483576:rev] hypothetical protein
	[1483713:1484288:rev] endA; tRNA-intron lyase
	[1484438:1485136:rev] hypothetical protein
	[1485248:1486843:dir] radical SAM protein
	[1486881:1487318:rev] hypothetical protein
	[1487452:1487835:rev] hypothetical protein
	[1487905:1489665:rev] glyS; glycine--tRNA ligase
	[1489740:1490696:dir] speB; agmatinase
	[1490758:1490958:rev] hypothetical protein
	[1491071:1491382:dir] yciH; stress response translation initiation inhibitor YciH
	[1491594:1492532:dir] transcription initiation factor IIB
	[1492667:1494397:dir] lysS; lysine--tRNA ligase
<END>
<GI> AP028634:11 <COORDINATES> 1496060-1516276 <STAT> n1_4mer:GRV/n1_4mer:RV = 2.292207; n0_4mer:D = 34.703307; n0_4mer:PS = 30.838105
	[1496060:1497499:dir] hypothetical protein
	[1497586:1499472:dir] CBS domain-containing protein
	[1499731:1500486:dir] frameshifted, insertion/deletion at around 1500471; hypothetical protein
	[1500461:1501111:dir] frameshifted, insertion/deletion at around 1500456; hypothetical protein
	[1501216:1501923:dir] acetate--CoA ligase family protein
	[1502095:1502952:rev] arnR; HTH-type transcriptional activator ArnR
	[1503153:1503779:dir] flagellin
	[1503809:1504588:dir] hypothetical protein
	[1504589:1504801:dir] hypothetical protein
	[1504956:1505699:dir] hypothetical protein
	[1505776:1506234:dir] hypothetical protein
	[1506243:1506707:dir] hypothetical protein
	[1506721:1507434:dir] ATPase domain-containing protein
	[1507454:1509217:dir] type II/IV secretion system ATPase subunit
	[1509344:1510858:dir] hypothetical protein
	[1511037:1513334:dir] hypothetical protein
	[1513360:1513905:dir] hypothetical protein
	[1513985:1514329:dir] hypothetical protein
	[1514378:1516276:rev] phosphoenolpyruvate carboxykinase (GTP)
<END>
<GI> AP028634:12 <COORDINATES> 1644771-1671740 <STAT> n1_4mer:GRV/n1_4mer:RV = 3.405880; n0_4mer:D = 38.826909; n0_4mer:PS = 25.758720
	[1644771:1645913:rev] glycosyltransferase
	[1646022:1647128:rev] hypothetical protein
	[1647566:1648585:rev] NAD-dependent epimerase/dehydratase family protein
	[1648757:1649041:rev] hypothetical protein
	[1649027:1650160:dir] hypothetical protein
	[1650726:1654076:dir] hypothetical protein
	[1654250:1655191:rev] hypothetical protein
	[1655306:1657225:rev] hypothetical protein
	[1657212:1658195:rev] hypothetical protein
	[1658249:1659193:rev] hypothetical protein
	[1659264:1659707:rev] hypothetical protein
	[1660048:1660797:rev] hypothetical protein
	[1661005:1661970:rev] 5-methyltetrahydropteroyltriglutamate-- homocysteine methyltransferase
	[1662296:1662535:dir] hypothetical protein
	[1662525:1662965:dir] type II toxin-antitoxin system VapC family toxin
	[1663008:1663646:rev] hypothetical protein
	[1663797:1664204:rev] PIN domain-containing protein
	[1664188:1664427:rev] hypothetical protein
	[1664643:1665242:rev] frameshifted, insertion/deletion at around 1665264; phosphoribosyltransferase
	[1665250:1665387:rev] hypothetical protein
	[1665623:1665802:dir] hypothetical protein
	[1665954:1666772:rev] hypothetical protein
	[1666958:1667554:dir] hypothetical protein
	[1667591:1668136:rev] hypothetical protein
	[1668375:1669319:dir] hypothetical protein
	[1669404:1670036:dir] hypothetical protein
	[1670033:1670449:dir] hypothetical protein
	[1670442:1671740:rev] hypothetical protein
<END>