<GI> AP028907:1 <COORDINATES> 159652-207699 <STAT> n1_4mer:GRV/n1_4mer:RV = 2.230935; n0_4mer:D = 36.283376; n0_4mer:PS = 28.398061
	[159652:162297:rev] rpoA1; DNA-directed RNA polymerase subunit A'
	[162300:165731:rev] DNA-directed RNA polymerase subunit B
	[165825:166076:rev] DNA-directed RNA polymerase subunit H
	[166402:166629:rev] LSm family protein
	[166721:167206:dir] RNA-binding protein
	[167203:169149:rev] beta-CASP ribonuclease aCPSF1
	[169747:170421:rev] psmB_1; archaeal proteasome endopeptidase complex subunit beta
	[170517:171566:dir] NAD(P)-dependent glycerol-1-phosphate dehydrogenase
	[171581:172339:rev] nfi; endonuclease V
	[172528:173145:rev] psmB_2; archaeal proteasome endopeptidase complex subunit beta
	[173340:173906:dir] hypothetical protein
	[174607:175083:dir] hypothetical protein
	[175084:175245:rev] hypothetical protein
	[175348:175659:dir] hypothetical protein
	[175800:175877:rev] tRNA-Arg
	[175863:176600:rev] hypothetical protein
	[176597:179356:rev] alaS; alanine--tRNA ligase
	[179572:180606:rev] 50S ribosomal protein L10
	[180688:181341:rev] 50S ribosomal protein L1
	[181384:181893:rev] 50S ribosomal protein L11
	[181896:182369:rev] transcription elongation factor Spt5
	[182407:182607:rev] hypothetical protein
	[182675:183616:rev] ftsY; signal recognition particle-docking protein FtsY
	[183808:184245:rev] hypothetical protein
	[184242:184505:rev] hypothetical protein
	[184536:185213:rev] translation initiation factor IF-6
	[185428:185727:rev] 50S ribosomal protein L31e
	[185772:185927:rev] 50S ribosomal protein L39e
	[185963:186310:rev] DNA-binding protein
	[186466:186927:rev] 30S ribosomal protein S19e
	[186912:187274:rev] hypothetical protein
	[187649:188362:dir] 16S rRNA methyltransferase
	[188438:188800:dir] hypothetical protein
	[188850:188927:dir] tRNA-Glu
	[188993:189313:dir] hypothetical protein
	[189427:190167:rev] hypothetical protein
	[190179:190577:rev] hypothetical protein
	[190582:191178:rev] hypothetical protein
	[191330:192079:dir] hypothetical protein
	[192281:192487:rev] hypothetical protein
	[192705:192995:dir] hypothetical protein
	[193001:193693:dir] hypothetical protein
	[193690:194742:dir] hypothetical protein
	[195029:195895:dir] hypothetical protein
	[195989:198040:dir] hypothetical protein
	[198996:199166:dir] hypothetical protein
	[199396:200457:dir] hypothetical protein
	[200958:201269:dir] hypothetical protein
	[201262:201708:dir] hypothetical protein
	[201698:201850:dir] hypothetical protein
	[201840:202049:dir] hypothetical protein
	[202053:202313:dir] hypothetical protein
	[202327:202755:dir] hypothetical protein
	[202768:203019:dir] hypothetical protein
	[203133:203300:rev] hypothetical protein
	[203686:204135:rev] hypothetical protein
	[204433:204735:dir] hypothetical protein
	[204972:205448:dir] peroxiredoxin
	[205542:206351:rev] peptidylprolyl isomerase
	[206348:206902:rev] hypothetical protein
	[206878:207699:rev] RsmB/NOP family class I SAM-dependent RNA methyltransferase
<END>
<GI> AP028907:2 <COORDINATES> 284479-304781 <STAT> n1_4mer:GRV/n1_4mer:RV = 1.994963; n0_4mer:D = 35.183609; n0_4mer:PS = 26.675600
	[284479:284566:rev] tRNA-Leu
	[284665:285063:rev] hypothetical protein
	[285154:285933:rev] hypothetical protein
	[285879:287309:rev] cca; CCA tRNA nucleotidyltransferase
	[287462:287647:dir] hypothetical protein
	[287691:288443:dir] hypothetical protein
	[289044:290111:rev] NAD(P)/FAD-dependent oxidoreductase
	[290154:291026:rev] hypothetical protein
	[291169:291918:dir] pcn; proliferating cell nuclear antigen (pcna)
	[292085:292912:rev] RimK family alpha-L-glutamate ligase
	[293022:293978:rev] hypothetical protein
	[293945:294769:rev] S-methyl-5'-thioadenosine phosphorylase
	[294896:295867:rev] hypothetical protein
	[296338:297225:dir] UbiA family prenyltransferase
	[297304:297858:rev] hypothetical protein
	[297926:298660:rev] hypothetical protein
	[298793:299227:dir] hypothetical protein
	[299270:299614:rev] hypothetical protein
	[299721:300974:dir] C/D box methylation guide ribonucleoprotein complex aNOP56 subunit
	[301053:301760:dir] fibrillarin-like rRNA/tRNA 2'-O-methyltransferase
	[301977:302411:dir] hypothetical protein
	[302437:303414:dir] hypothetical protein
	[303453:304781:dir] aspS; aspartate--tRNA(Asn) ligase
<END>
<GI> AP028907:3 <COORDINATES> 789089-865142 <STAT> n1_4mer:GRV/n1_4mer:RV = 2.872397; n0_4mer:D = 39.606915; n0_4mer:PS = 34.926939
	[789089:789799:rev] 30S ribosomal protein S3
	[789802:790272:rev] rplV; 50S ribosomal protein L22
	[790758:791018:rev] 50S ribosomal protein L23
	[791049:791879:rev] rpl4p; 50S ribosomal protein L4
	[791917:792960:rev] 50S ribosomal protein L3
	[793053:793940:rev] putative RNA uridine N3 methyltransferase
	[794106:794255:rev] hypothetical protein
	[794594:795097:dir] hypothetical protein
	[795100:795378:dir] hypothetical protein
	[795428:797443:rev] hypothetical protein
	[797403:798422:rev] hypothetical protein
	[798882:799097:dir] hypothetical protein
	[799151:799726:rev] hypothetical protein
	[799909:800376:rev] 30S ribosomal protein S19
	[800425:801141:rev] 50S ribosomal protein L2
	[801134:802537:rev] hypothetical protein
	[802731:804182:rev] hypothetical protein
	[804195:804476:rev] hypothetical protein
	[804638:807385:rev] DEAD/DEAH box helicase
	[807632:809452:dir] hypothetical protein
	[809545:809790:dir] hypothetical protein
	[809796:810176:rev] hypothetical protein
	[810746:811507:rev] hypothetical protein
	[811667:812464:rev] DUF72 domain-containing protein
	[812480:812890:rev] hypothetical protein
	[812949:813821:rev] Mrp/NBP35 family ATP-binding protein
	[814012:814701:dir] hypothetical protein
	[814732:815247:dir] hypothetical protein
	[815306:816904:dir] DEAD/DEAH box helicase
	[817072:818076:dir] hypothetical protein
	[818204:818650:rev] hjc; Holliday junction resolvase Hjc
	[818672:820231:rev] PINc/VapC family ATPase
	[820380:820598:dir] hypothetical protein
	[820599:820922:dir] hypothetical protein
	[821210:821728:dir] hypothetical protein
	[821789:824845:rev] DNA-directed DNA polymerase I
	[824984:825061:dir] tRNA-Arg
	[825949:826107:dir] hypothetical protein
	[826197:826544:rev] hypothetical protein
	[826587:826865:rev] hypothetical protein
	[827223:827582:dir] hypothetical protein
	[827548:828171:dir] MarC family protein
	[828227:830632:rev] ppsA; pyruvate, water dikinase
	[830781:831149:rev] hypothetical protein
	[831691:832857:dir] AAA family ATPase
	[832862:834178:dir] VWA domain-containing protein
	[834175:835035:rev] TatD family hydrolase
	[835453:835992:dir] stage II sporulation protein M
	[836074:836484:dir] lrs14; HTH-type transcriptional regulator Lrs14
	[836428:836628:rev] hypothetical protein
	[836621:836932:rev] hypothetical protein
	[837098:837811:dir] hypothetical protein
	[837841:838377:rev] Hsp20/alpha crystallin family protein
	[838570:839925:dir] digeranylgeranylglycerophospholipid reductase
	[840014:840262:dir] hypothetical protein
	[840259:841191:dir] hypothetical protein
	[841135:841581:rev] hypothetical protein
	[841772:842023:dir] hypothetical protein
	[842107:843423:dir] serine hydroxymethyltransferase
	[843732:844511:dir] nicotinamide mononucleotide deamidase-related protein
	[844495:844716:dir] hypothetical protein
	[844806:845198:dir] metal-sulfur cluster assembly factor
	[845508:846896:dir] serS; serine--tRNA ligase
	[847006:847266:dir] hypothetical protein
	[847348:848505:dir] radical SAM protein
	[848523:850238:dir] radical SAM protein
	[850351:852177:dir] radical SAM protein
	[852207:852953:rev] TatD family hydrolase
	[853200:853895:rev] metallophosphoesterase
	[854363:854974:dir] hypothetical protein
	[855066:857954:rev] leuS; leucine--tRNA ligase
	[858267:858869:dir] hxlB; 6-phospho-3-hexuloisomerase
	[858957:859922:dir] radical SAM protein
	[860260:860703:rev] hypothetical protein
	[860787:861101:rev] hypothetical protein
	[861098:861844:rev] hypothetical protein
	[862097:862591:dir] hypothetical protein
	[862596:862913:dir] hypothetical protein
	[862999:863475:rev] hypothetical protein
	[863766:864266:rev] adenosine-specific kinase
	[864528:865142:dir] hypothetical protein
<END>
<GI> AP028907:4 <COORDINATES> 939303-965251 <STAT> n1_4mer:GRV/n1_4mer:RV = 2.797993; n0_4mer:D = 40.922551; n0_4mer:PS = 39.328405
	[939303:941024:rev] metG_2; methionine--tRNA ligase
	[941119:942057:dir] carbohydrate kinase family protein
	[942116:942442:dir] hypothetical protein
	[942437:943996:rev] gcvPB; aminomethyl-transferring glycine dehydrogenase subunit GcvPB
	[943993:945324:rev] gcvPA; aminomethyl-transferring glycine dehydrogenase subunit GcvPA
	[946389:947132:dir] hypothetical protein
	[947141:948313:rev] twy1; 4-demethylwyosine synthase TYW1
	[948395:948658:dir] hypothetical protein
	[948668:949027:rev] hypothetical protein
	[949197:949273:dir] tRNA-Met
	[949451:951628:dir] hypothetical protein
	[951599:952801:rev] nicotinate phosphoribosyltransferase
	[952794:953204:rev] secondary thiamine-phosphate synthase enzyme YjbQ
	[953362:953784:dir] trxA; thioredoxin
	[954036:954872:dir] BtpA/SgcQ family protein
	[955032:955769:dir] hypothetical protein
	[955813:956100:rev] hypothetical protein
	[956097:957140:rev] MBL fold metallo-hydrolase
	[957329:958345:rev] hypothetical protein
	[958678:959511:rev] hypothetical protein
	[959599:960801:rev] lactate utilization protein B
	[960806:961786:rev] (Fe-S)-binding protein
	[962123:963538:rev] glcD; glycolate oxidase subunit GlcD
	[963797:963872:rev] tRNA-Asn
	[964082:964158:rev] tRNA-Met
	[964447:964617:dir] chromatin protein Cren7
	[964754:965251:dir] hypothetical protein
<END>
<GI> AP028907:5 <COORDINATES> 1142528-1172267 <STAT> n1_4mer:GRV/n1_4mer:RV = 2.801202; n0_4mer:D = 44.813351; n0_4mer:PS = 34.183919
	[1142528:1143841:rev] hypothetical protein
	[1143866:1144534:rev] hypothetical protein
	[1144709:1145140:dir] hypothetical protein
	[1145193:1145444:dir] hypothetical protein
	[1145462:1146160:rev] hypothetical protein
	[1146251:1146883:dir] pyroglutamyl-peptidase I
	[1148933:1149862:dir] cas6; CRISPR system precrRNA processing endoribonuclease RAMP protein Cas6
	[1151799:1152359:dir] hypothetical protein
	[1152507:1152935:dir] hypothetical protein
	[1152939:1154792:dir] hypothetical protein
	[1155684:1155866:dir] hypothetical protein
	[1155922:1159680:dir] cas10; type III-B CRISPR-associated protein Cas10/Cmr2
	[1159707:1160711:dir] hypothetical protein
	[1160776:1162500:rev] hypothetical protein
	[1163786:1165942:rev] hypothetical protein
	[1166157:1166393:rev] hypothetical protein
	[1166806:1166985:dir] hypothetical protein
	[1166982:1167305:rev] hypothetical protein
	[1167675:1167794:dir] hypothetical protein
	[1167791:1168354:rev] hypothetical protein
	[1168683:1168838:dir] hypothetical protein
	[1168835:1169203:dir] hypothetical protein
	[1169364:1170089:dir] hisF; imidazole glycerol phosphate synthase subunit HisF
	[1170092:1171363:dir] hisD; histidinol dehydrogenase
	[1171360:1171662:dir] phosphoribosyl-ATP diphosphatase
	[1171647:1172267:dir] hisH; imidazole glycerol phosphate synthase subunit HisH
<END>
<GI> AP028907:6 <COORDINATES> 1174500-1218662 <STAT> n1_4mer:GRV/n1_4mer:RV = 3.171222; n0_4mer:D = 44.435177; n0_4mer:PS = 28.125848
	[1174932:1175084:rev] hypothetical protein
	[1175495:1176199:dir] hypothetical protein
	[1176180:1177577:rev] ATP-binding protein
	[1177703:1178260:rev] hisBd; imidazoleglycerol-phosphate dehydratase
	[1179035:1179589:dir] DUF2202 domain-containing protein
	[1180122:1181069:rev] hypothetical protein
	[1181468:1181983:rev] hypothetical protein
	[1182304:1183038:dir] hypothetical protein
	[1183285:1184037:dir] hypothetical protein
	[1184063:1185034:rev] hypothetical protein
	[1185039:1185659:rev] hypothetical protein
	[1186449:1186679:rev] hypothetical protein
	[1186790:1187545:rev] hypothetical protein
	[1187582:1189183:rev] hypothetical protein
	[1189370:1190116:rev] hisA; 1-(5-phosphoribosyl)-5-[(5-phosphoribosylamino) me thylideneamino]imidazole-4-carboxamide isomerase
	[1190119:1190988:rev] hisG; ATP phosphoribosyltransferase
	[1191356:1191802:dir] hypothetical protein
	[1191799:1192527:rev] phosphoribosyltransferase family protein
	[1192656:1194008:dir] BMP family ABC transporter substrate-binding protein
	[1194089:1194970:dir] ATP-dependent Clp protease proteolytic subunit
	[1195053:1195232:dir] hypothetical protein
	[1195196:1195366:dir] hypothetical protein
	[1195553:1196062:dir] hypothetical protein
	[1196105:1196635:dir] hypothetical protein
	[1196725:1197138:rev] type II toxin-antitoxin system VapC family toxin
	[1197125:1197364:rev] hypothetical protein
	[1197500:1197985:dir] hypothetical protein
	[1198033:1198476:rev] hypothetical protein
	[1198473:1198703:rev] type II toxin-antitoxin system CcdA family antitoxin
	[1198935:1199795:dir] hypothetical protein
	[1199876:1200571:dir] hypothetical protein
	[1200874:1201950:rev] hypothetical protein
	[1201964:1203202:rev] hypothetical protein
	[1203257:1204243:dir] hypothetical protein
	[1204261:1205163:dir] hypothetical protein
	[1205547:1206041:dir] hypothetical protein
	[1206094:1207737:dir] hypothetical protein
	[1207859:1208728:dir] hypothetical protein
	[1208747:1209202:rev] type II toxin-antitoxin system VapC family toxin
	[1209573:1210007:rev] hypothetical protein
	[1210080:1210970:dir] metallophosphoesterase
	[1211062:1211970:dir] hypothetical protein
	[1212453:1212800:rev] hypothetical protein
	[1213136:1213597:dir] hypothetical protein
	[1213653:1214561:rev] metallophosphoesterase
	[1214695:1215468:rev] hypothetical protein
	[1215621:1217093:rev] hypothetical protein
	[1217349:1217906:dir] hypothetical protein
	[1217901:1218662:rev] MBL fold metallo-hydrolase
<END>
<GI> AP028907:7 <COORDINATES> 1466958-1506671 <STAT> n1_4mer:GRV/n1_4mer:RV = 2.021970; n0_4mer:D = 34.162246; n0_4mer:PS = 20.688443
	[1466958:1467173:dir] hypothetical protein
	[1467102:1467272:rev] chromatin protein Cren7
	[1467649:1470102:dir] valine--tRNA ligase
	[1470344:1470514:rev] hypothetical protein
	[1470539:1471147:dir] HD family hydrolase
	[1471835:1472509:rev] hypothetical protein
	[1472978:1473886:dir] map; type II methionyl aminopeptidase
	[1473979:1475127:dir] DUF1512 domain-containing protein
	[1475150:1475473:dir] hypothetical protein
	[1475502:1475729:dir] hypothetical protein
	[1475872:1476561:dir] metal-dependent hydrolase
	[1476639:1478132:dir] phenylalanine--tRNA ligase subunit alpha
	[1478113:1479786:dir] pheT; phenylalanine--tRNA ligase subunit beta
	[1480121:1481191:dir] tyrosine--tRNA ligase
	[1481345:1482637:dir] dnaG; DNA primase DnaG
	[1482747:1483910:rev] site-2 protease family protein
	[1484099:1484830:dir] nucleotidyltransferase domain-containing protein
	[1484838:1485887:dir] radical SAM protein
	[1485825:1486910:rev] mRNA surveillance protein pelota
	[1486949:1487431:dir] rimI_1; ribosomal protein S18-alanine N-acetyltransferase
	[1487520:1489931:dir] DNA polymerase II
	[1490039:1490878:dir] 50S ribosome-binding GTPase
	[1491061:1491597:dir] NTPase
	[1491839:1492120:dir] hypothetical protein
	[1492365:1494500:rev] minichromosome maintenance protein MCM
	[1494549:1495115:rev] hypothetical protein
	[1495205:1496191:dir] replication factor C small subunit
	[1496331:1497809:dir] replication factor C large subunit
	[1497838:1498305:rev] moaC; cyclic pyranopterin monophosphate synthase MoaC
	[1498439:1498720:rev] winged helix-turn-helix domain-containing protein
	[1498717:1499952:rev] ORC1-type DNA replication protein
	[1499987:1500571:rev] hypothetical protein
	[1500732:1502066:rev] eno; phosphopyruvate hydratase
	[1502107:1502766:dir] TrkA family potassium uptake protein
	[1502810:1503664:dir] hypothetical protein
	[1503740:1504054:dir] hypothetical protein
	[1504100:1504585:dir] hypothetical protein
	[1504572:1506671:rev] DNA topoisomerase I
<END>
<GI> AP028907:8 <COORDINATES> 1536923-1576650 <STAT> n1_4mer:GRV/n1_4mer:RV = 2.783971; n0_4mer:D = 40.138767; n0_4mer:PS = 31.385065
	[1536923:1538050:rev] tryptophan--tRNA ligase
	[1538196:1539116:dir] hypothetical protein
	[1539331:1539879:rev] hypothetical protein
	[1539983:1540693:dir] DUF115 domain-containing protein
	[1540781:1541746:dir] beta-ribofuranosylaminobenzene 5'-phosphate synthase
	[1541743:1544376:rev] tRNA(Met) cytidine acetyltransferase TmcA
	[1544532:1545827:rev] hisS; histidine--tRNA ligase
	[1545824:1546363:rev] hypothetical protein
	[1546517:1547602:dir] mtnA; S-methyl-5-thioribose-1-phosphate isomerase
	[1547666:1548994:rev] hypothetical protein
	[1549002:1550549:rev] hypothetical protein
	[1550640:1551035:rev] hypothetical protein
	[1551215:1552774:dir] DNA topoisomerase VI subunit B
	[1552803:1553972:dir] DNA topoisomerase IV subunit A
	[1554050:1554763:dir] deoC; deoxyribose-phosphate aldolase
	[1554970:1555131:rev] hypothetical protein
	[1555142:1555804:rev] ASCH domain-containing protein
	[1556052:1557092:rev] NDP-sugar synthase
	[1557310:1559151:rev] glmS; glutamine--fructose-6-phosphate transaminase (isomerizing)
	[1559512:1561398:rev] threonine--tRNA ligase
	[1561578:1562549:dir] radA; DNA repair and recombination protein RadA
	[1562645:1563070:rev] hypothetical protein
	[1563107:1563853:dir] hypothetical protein
	[1563890:1564432:dir] HIT domain-containing protein
	[1564429:1564785:rev] hypothetical protein
	[1564769:1564996:rev] hypothetical protein
	[1565111:1565299:dir] hypothetical protein
	[1565308:1565544:rev] hypothetical protein
	[1565722:1568592:dir] DEAD/DEAH box helicase
	[1568953:1569459:dir] hypothetical protein
	[1569622:1569891:dir] DNA-binding protein
	[1570247:1571572:dir] MgtC/SapB family protein
	[1571569:1572111:rev] hypothetical protein
	[1572168:1572746:rev] hypothetical protein
	[1572936:1573550:rev] cob(I)yrinic acid a,c-diamide adenosyltransferase
	[1573758:1575674:dir] 2-oxoacid:ferredoxin oxidoreductase subunit alpha
	[1575664:1576650:dir] 2-oxoacid:ferredoxin oxidoreductase subunit beta
<END>
<GI> AP028907:9 <COORDINATES> 1757485-1776153 <STAT> n1_4mer:GRV/n1_4mer:RV = 1.575566; n0_4mer:D = 33.715345; n0_4mer:PS = 40.047509
	[1757485:1759095:dir] hypothetical protein
	[1759308:1759577:dir] hypothetical protein
	[1759488:1760891:rev] carboxypeptidase-like regulatory domain-containing protein
	[1761123:1765277:rev] hypothetical protein
	[1766178:1766357:rev] hypothetical protein
	[1766529:1767419:dir] hypothetical protein
	[1767434:1768387:rev] SDR family oxidoreductase
	[1768652:1769713:dir] glycosyltransferase
	[1770136:1770969:dir] hypothetical protein
	[1770982:1771209:dir] hypothetical protein
	[1771223:1771855:rev] hypothetical protein
	[1771867:1772103:rev] hypothetical protein
	[1772362:1773102:rev] hypothetical protein
	[1773471:1774517:dir] UDP-N-acetylglucosamine 3-dehydrogenase
	[1774804:1776153:dir] nucleotide sugar dehydrogenase
<END>