<GI> CP003098:1 <COORDINATES> 15533-40099 <STAT> n1_4mer:GRV/n1_4mer:RV = 1.755135; n0_4mer:D = 32.280520; n0_4mer:PS = 38.871970
	[15533:18466:dir] isoleucyl-tRNA synthetase
	[18664:19821:dir] glycosyl transferase, family 39
	[19808:20182:rev] hypothetical protein
	[20199:20912:dir] Signal transduction mechanisms; putative serine/threonine protein kinase
	[20886:21404:rev] hypothetical protein
	[21553:22305:dir] helix-turn-helix domain protein; hypothetical protein
	[22302:23381:dir] N(2),N(2)-dimethylguanosine tRNA methyltransferase
	[23389:23898:dir] adenylate kinase, conjectural
	[24229:25005:rev] putative RNA methylase
	[25005:26000:rev] DUF373 domain containing protein; hypothetical protein
	[26000:26989:rev] hypothetical protein
	[27034:27807:dir] helix-turn-helix domain protein; putative prtein
	[27808:28281:rev] ribosomal protein L13
	[28355:28666:dir] hypothetical protein
	[28667:29002:rev] hypothetical protein
	[28986:29315:rev] hypothetical protein
	[29348:30349:rev] Transcription factor TFIIB
	[30425:31384:rev] replication factor C small subunit
	[31381:31821:rev] hypothetical protein
	[31847:33016:rev] GTP-binding protein; hypothetical protein
	[33041:33742:rev] enoyl-CoA hydratase, probable
	[33767:35086:dir] isocitrate dehydrogenase
	[35083:35556:rev] N-acyltransferase
	[35693:36559:rev] NMD3; hypothetical protein
	[36564:37514:rev] C-5 cytosine-specific DNA methylase
	[37561:38151:dir] hypothetical protein
	[38126:38434:rev] hypothetical protein
	[38481:40037:dir] phenylalanyl-tRNA synthetase subunit beta
<END>
<GI> CP003098:2 <COORDINATES> 245386-265873 <STAT> n1_4mer:GRV/n1_4mer:RV = 1.942731; n0_4mer:D = 34.244285; n0_4mer:PS = 42.633695
	[245386:246720:rev] VWA containing CoxE family protein; hypothetical protein
	[246722:247273:dir] PEBP family protein; hypothetical protein
	[247250:247375:rev] hypothetical protein
	[247443:247685:rev] hypothetical protein
	[247695:248075:rev] hypothetical protein
	[248129:248359:rev] hypothetical protein
	[248382:248645:rev] hypothetical protein
	[248642:248764:rev] hypothetical protein
	[248763:248906:dir] hypothetical protein
	[249165:249419:rev] hypothetical protein
	[249446:249673:dir] hypothetical protein
	[249682:249837:rev] hypothetical protein
	[249923:250087:rev] hypothetical protein
	[250260:250586:rev] hypothetical protein
	[250583:253321:rev] ATPase
	[253318:255842:rev] Predicted DNA methylase containing a Zn-ribbon module
	[255832:258798:rev] helicase-like protein
	[258831:259091:rev] hypothetical protein
	[259198:260022:dir] hypothetical protein
	[260102:260284:rev] acetylglutamate kinase
	[260281:260481:rev] N-acetyl-gamma-glutamyl-phosphate reductase
	[260636:261499:dir] hypothetical protein
	[261734:265873:dir] hypothetical protein
<END>
<GI> CP003098:3 <COORDINATES> 279232-306226 <STAT> n1_4mer:GRV/n1_4mer:RV = 1.710307; n0_4mer:D = 37.651994; n0_4mer:PS = 52.354124
	[279232:285132:dir] hypothetical protein
	[285129:289898:dir] PaRep2b-like protein
	[290197:290284:dir] codon recognized: CUG; tRNA-Leu
	[290578:290739:dir] hypothetical protein
	[290826:291122:dir] cation transporter-like protein
	[291376:292446:dir] TRAP transporter solute receptor, TAXI family; hypothetical protein
	[292772:294826:dir] TRAP transporter, 4TM/12TM fusion protein
	[294823:296013:dir] L-carnitine dehydratase/bile acid-inducible protein F
	[296180:296788:rev] hypothetical protein
	[296817:298037:dir] acyl-CoA dehydrogenase-like protein
	[298054:298752:dir] adenine phosphoribosyltransferase
	[298834:299199:dir] putative signal-transduction protein
	[299196:299999:dir] ExsB family protein
	[300053:300868:rev] nitrilase, conjectural
	[300898:301704:rev] beta-lactamase-like protein
	[301796:302431:dir] Lysine exporter protein (LYSE/YGGA)
	[302396:303175:rev] DUF72 domain containing protein; hypothetical protein
	[303174:303692:dir] hypothetical protein
	[303876:305420:dir] transcriptional regulator, XRE family
	[305417:306226:dir] hypothetical protein
<END>
<GI> CP003098:4 <COORDINATES> 345031-366312 <STAT> n1_4mer:GRV/n1_4mer:RV = 1.483182; n0_4mer:D = 32.678745; n0_4mer:PS = 48.221464
	[345031:346197:rev] hypothetical protein
	[346198:347556:rev] AAA ATPase
	[347577:348185:rev] Riboflavin kinase
	[348185:348784:rev] fuculose-1-phosphate aldolase (fucA)
	[348932:349267:rev] hypothetical protein
	[349434:349673:rev] hypothetical protein
	[350143:351765:rev] hypothetical protein
	[351802:351918:rev] hypothetical protein
	[351957:352400:rev] hypothetical protein
	[352464:354722:rev] hypothetical protein
	[354781:356151:rev] geranylgeranyl reductase
	[356172:356849:rev] beta-lactamase-like protein
	[356879:357130:rev] hypothetical protein
	[357140:357541:rev] holliday junction resolvase
	[357538:358026:rev] hypothetical protein
	[358023:358583:rev] hypothetical protein
	[358828:359322:dir] hypothetical protein
	[359331:360107:dir] beta-aspartate methyltransferase (pimT), conjectural
	[360295:361761:dir] prolyl-tRNA synthetase
	[361938:362234:dir] 30S ribosomal protein S26e
	[362231:362713:dir] DUF358 domain containing protein; hypothetical protein
	[362730:363290:dir] CDP-diacylglycerol--glycerol-3-phosphate 3-phosphatidyltransferase (pgsA)
	[363340:363753:dir] hypothetical protein
	[363745:366312:rev] DNA polymerase I
<END>
<GI> CP003098:5 <COORDINATES> 383763-401862 <STAT> n1_4mer:GRV/n1_4mer:RV = 1.476115; n0_4mer:D = 34.028453; n0_4mer:PS = 37.062980
	[383763:384437:rev] exosome complex exonuclease Rrp41
	[384500:385207:rev] exosome complex RNA-binding protein Rrp4
	[385207:385905:rev] Shwachman-Bodian-Diamond syndrome protein
	[385917:386810:rev] hypothetical protein
	[386849:387772:dir] hypothetical protein
	[387798:388022:rev] hypothetical protein
	[388037:388453:rev] putative exosome subunit
	[388531:388764:dir] hypothetical protein
	[388761:389477:rev] proteasome subunit alpha
	[389657:391237:dir] DNA topoisomerase VI subunit B
	[391278:392381:dir] DNA topoisomerase (ATP-hydrolyzing)
	[392562:393467:dir] phosphate uptake regulator, PhoU
	[393436:393936:rev] N5-glutamine methyltransferase
	[393936:394733:rev] regulatory protein, ArsR
	[394817:395095:dir] chromatin protein
	[395128:396402:dir] UbiD family decarboxylase
	[396453:397550:dir] DUF521 domain containing protein; hypothetical protein
	[397543:397893:dir] hypothetical protein
	[397880:398173:dir] hypothetical protein
	[398124:398894:rev] N-glycosylase/DNA lyase
	[398860:399825:rev] DNA primase large subunit
	[399942:401018:rev] von Willebrand factor, type A
	[401011:401862:rev] ATPase associated with various cellular activities, AAA_5
<END>
<GI> CP003098:6 <COORDINATES> 741783-765685 <STAT> n1_4mer:GRV/n1_4mer:RV = 1.412598; n0_4mer:D = 32.769942; n0_4mer:PS = 51.230357
	[741783:742121:rev] hypothetical protein
	[742170:742922:dir] CRISPR-associated protein Cas6
	[742906:743412:rev] hypothetical protein
	[743403:743678:rev] hypothetical protein
	[743792:744571:rev] hypothetical protein
	[744581:745249:rev] CRISPR-associated RAMP protein, Cmr6 family
	[745309:746442:rev] CRISPR-associated RAMP protein, Cmr1 family
	[746442:746864:rev] CRISPR-associated protein, Cmr5 family
	[746852:747724:rev] CRISPR-associated RAMP protein, Cmr4 family
	[747772:750840:dir] CRISPR-associated protein, Crm2 family
	[750837:751832:dir] Cas_Cmr3-like protein
	[751955:752380:dir] hypothetical protein
	[752786:752923:rev] hypothetical protein
	[752908:753309:rev] hypothetical protein
	[753821:754444:dir] hypothetical protein
	[754481:754594:dir] hypothetical protein
	[754608:755939:dir] hypothetical protein
	[755953:756075:dir] hypothetical protein
	[756316:756996:dir] DUF1626 domain containing protein; hypothetical protein
	[757022:757189:rev] hypothetical protein
	[757473:757634:rev] hypothetical protein
	[758769:759179:rev] hypothetical protein
	[759203:759544:rev] hypothetical protein
	[759537:759788:rev] putative ABC transporter
	[759775:760203:rev] hypothetical protein
	[760181:761197:rev] hypothetical protein
	[761198:761602:rev] hypothetical protein
	[762641:762793:dir] hypothetical protein
	[762895:763062:rev] hypothetical protein
	[763438:764001:dir] CRISPR-associated protein, Csa1 family
	[763985:764896:dir] CRISPR-associated protein Cas1
	[764893:765180:dir] CRISPR-associated protein Cas2
	[765158:765685:dir] CRISPR-associated protein Cas4
<END>
<GI> CP003098:7 <COORDINATES> 797000-820320 <STAT> n1_4mer:GRV/n1_4mer:RV = 1.815363; n0_4mer:D = 34.991083; n0_4mer:PS = 44.585973
	[797399:797737:rev] hypothetical protein
	[797803:797940:rev] hypothetical protein
	[798246:798371:dir] hypothetical protein
	[798524:798712:dir] hypothetical protein
	[798761:798922:dir] hypothetical protein
	[799001:799291:rev] hypothetical protein
	[799288:799563:rev] hypothetical protein
	[799744:800319:rev] CRISPR-associated protein Cas4
	[800300:800575:rev] CRISPR-associated protein Cas2
	[800563:801450:rev] CRISPR-associated protein Cas1
	[801431:802279:rev] CRISPR-associated protein, Csa1 family
	[802358:802999:dir] transcriptional regulator, TrmB
	[803111:803371:dir] hypothetical protein
	[803374:804336:dir] CRISPR-associated autoregulator, DevR family
	[804333:805208:dir] CRISPR-associated protein Cas5
	[805195:806097:dir] hypothetical protein
	[806094:807566:dir] CRISPR-associated helicase Cas3
	[807952:808197:dir] CRISPR-associated HD domain protein; hypothetical protein
	[808538:809434:dir] hypothetical protein
	[809577:809696:dir] hypothetical protein
	[809756:810139:rev] PaREP1-like protein
	[810479:811954:dir] ATPase
	[812105:813328:dir] ATPase, AAA superfamily
	[814083:815555:dir] phosphoribosylamine--glycine ligase
	[815557:816693:dir] Amidophosphoribosyltransferase
	[816776:817600:dir] phosphoribosylglycinamide formyltransferase
	[817585:818523:dir] tetrahydrofolate dehydrogenase/cyclohydrolase
	[818520:819446:dir] phosphoribosylaminoimidazole synthetase
	[819443:820081:rev] phosphoribosylformylglycinamidine synthase I
	[820078:820320:rev] hypothetical protein
<END>
<GI> CP003098:8 <COORDINATES> 927760-951106 <STAT> n1_4mer:GRV/n1_4mer:RV = 1.394332; n0_4mer:D = 33.998054; n0_4mer:PS = 47.557559
	[927760:928098:rev] hypothetical protein
	[928098:928328:rev] hypothetical protein
	[928405:928854:dir] hypothetical protein
	[928851:929381:rev] hypothetical protein
	[929432:930253:dir] Radical SAM domain protein
	[930486:930704:rev] putative transcriptional regulator, AsnC family
	[930891:931130:dir] hypothetical protein
	[931227:931376:rev] hypothetical protein
	[931410:931529:rev] hypothetical protein
	[931683:931850:rev] hypothetical protein
	[931931:932629:dir] hypothetical protein
	[932705:933940:dir] hypothetical protein
	[933998:935140:dir] hypothetical protein
	[935118:936089:dir] hypothetical protein
	[936155:936784:dir] hypothetical protein
	[937198:937527:dir] hypothetical protein
	[937575:937757:dir] hypothetical protein
	[937819:938964:dir] natural resistance-associated macrophage protein
	[938981:939373:dir] iron dependent repressor
	[939380:940003:rev] phosphoribosyl anthranilate isomerase
	[940102:941463:rev] short-chain fatty acid transporter
	[941641:942789:rev] acyl-CoA dehydrogenase
	[942786:943217:rev] DUF35 domain containing protein; hypothetical protein
	[943214:943753:rev] DUF35 domain containing protein; hypothetical protein
	[943750:944937:rev] acetyl-CoA acetyltransferase
	[944934:946076:rev] acetyl-CoA acetyltransferase
	[946125:948014:rev] acetyl-coenzyme A synthetase
	[948144:949043:rev] fatty acid co-A racemase, conjectural
	[949057:949527:rev] PaREP1
	[949578:949973:rev] thioesterase superfamily protein
	[949973:951106:rev] acyl-CoA dehydrogenase
<END>
<GI> CP003098:9 <COORDINATES> 987992-1007226 <STAT> n1_4mer:GRV/n1_4mer:RV = 2.264556; n0_4mer:D = 35.086333; n0_4mer:PS = 56.227921
	[987992:989236:rev] Radical SAM domain protein
	[989334:990026:dir] hypothetical protein
	[990143:992572:dir] phosphoenolpyruvate synthase
	[992603:993322:dir] potassium transport membrane protein, conjectural
	[993312:993941:rev] Inorganic ion transport and metabolism; potassium transport peripheral protein, conjectural
	[994130:995281:dir] cystathionine gamma-synthase
	[995305:997158:dir] urocanate hydratase
	[997141:998330:rev] imidazolonepropionase
	[998324:999724:rev] Histidine ammonia-lyase
	[999715:1000455:rev] Arginase/agmatinase/formiminoglutamase
	[1000579:1000698:dir] hypothetical protein
	[1000987:1001250:rev] hypothetical protein
	[1001301:1001798:rev] hypothetical protein
	[1001795:1004809:rev] hypothetical protein
	[1004916:1005671:rev] hypothetical protein
	[1005674:1006780:rev] hypothetical protein
	[1006777:1007226:rev] hypothetical protein
<END>
<GI> CP003098:10 <COORDINATES> 1059482-1109160 <STAT> n1_4mer:GRV/n1_4mer:RV = 1.507960; n0_4mer:D = 35.380745; n0_4mer:PS = 35.323221
	[1059482:1060726:rev] THUMP domain protein; hypothetical protein
	[1060736:1061215:rev] hypothetical protein
	[1061212:1062513:rev] signal recognition particle (srp54 family), putative
	[1062550:1063395:rev] putative circadian clock protein, KaiC
	[1063470:1063889:rev] Methyltransferase type 11
	[1063868:1064896:rev] major facilitator superfamily MFS_1
	[1064959:1066398:rev] antibiotic resistance (efflux) protein, conjectural
	[1066391:1068739:rev] S-layer domain-like protein
	[1068842:1068926:rev] codon recognized: AGC; tRNA-Ser
	[1069129:1069227:rev] codon recognized: UCC; tRNA-Ser
	[1069259:1070029:rev] branched-chain amino acid transport ATP-binding protein
	[1070059:1071402:rev] branched-chain amino acid binding protein
	[1071513:1072472:dir] inner-membrane translocator
	[1072469:1073563:dir] branched-chain amino acid transport permease protein
	[1073595:1074056:dir] 50S ribosomal protein L7Ae
	[1074067:1074252:rev] Ribosomal protein L24E
	[1074249:1074482:rev] 30S ribosomal protein S28e
	[1074549:1076441:dir] arginyl-tRNA synthetase
	[1076438:1076992:dir] hypothetical protein
	[1077250:1077534:rev] translation initiation factor SUI1
	[1077639:1078178:rev] hypothetical protein
	[1078162:1079001:dir] 5'-methylthioadenosine phosphorylase II
	[1079032:1079430:dir] Translation initiation factor 5A (eIF-5A) (Hypusine-containing protein)
	[1079434:1080024:rev] hypothetical protein
	[1080021:1080356:rev] RNA polymerase Rpb4
	[1080440:1080742:dir] ribosomal protein L21e
	[1080727:1081476:rev] ATP (GTP)-binding protein
	[1081476:1081766:rev] Ribonucleoprotein complex SRP, Srp19 component
	[1081763:1082158:rev] 30S ribosomal protein S8e
	[1082319:1082516:dir] RNA-binding protein
	[1082513:1083409:dir] transcription initiation factor IIB (TFIIB)
	[1083440:1083880:dir] transcriptional regulator, MarR family
	[1083877:1084440:dir] 2'-5' RNA ligase
	[1084437:1085696:dir] tRNA CCA-pyrophosphorylase
	[1085734:1086153:dir] hypothetical protein
	[1086137:1086934:rev] hypothetical protein
	[1086915:1087934:rev] aminotransferase, class V
	[1087931:1088866:rev] D-3-phosphoglycerate dehydrogenase (serA)
	[1089029:1089859:dir] putative signal transduction protein with CBS domains
	[1089828:1090607:rev] kinase, conjectural
	[1090655:1091623:dir] oligopeptide transport ATP-binding protein, putative
	[1091625:1092590:dir] oligopeptide transport ATP-binding protein, putative
	[1092590:1093054:dir] hypothetical protein
	[1093051:1093767:rev] 30S ribosomal protein S4e
	[1093772:1094140:rev] 50S ribosomal protein L24P
	[1094184:1094306:rev] hypothetical protein
	[1094352:1095629:dir] mRNA 3'-end processing factor, conjectural
	[1095661:1095807:dir] hypothetical protein
	[1095811:1096125:dir] hypothetical protein
	[1096100:1096606:rev] hypothetical protein
	[1096665:1097090:dir] NUDIX hydrolase
	[1097087:1097203:rev] hypothetical protein
	[1097231:1098880:dir] acetolactate synthase large subunit (ilvB)
	[1098870:1099100:dir] acetolactate synthase small subunit
	[1099113:1100099:dir] ketol-acid reductoisomerase
	[1100096:1101007:dir] branched-chain amino acid aminotransferase (ilvE)
	[1101004:1101456:rev] riboflavin synthase subunit beta
	[1101553:1101729:dir] hypothetical protein
	[1101782:1102573:dir] polyprenyl synthetase
	[1102616:1103134:dir] hypothetical protein
	[1103120:1103608:rev] Miro domain protein
	[1103862:1104035:dir] hypothetical protein
	[1104073:1105071:rev] cell division protein pelota (pelA), conjectural
	[1105220:1105375:dir] hypothetical protein
	[1105365:1106000:rev] Posttranslational modification, protein turnover, chaperones; Protein-disulfide isomerase-like protein
	[1106023:1106529:rev] DUF359 domain containing protein; hypothetical protein
	[1106526:1107233:rev] beta-lactamase domain protein
	[1107242:1108627:dir] UDP-N-acetyl-D-mannosaminuronic acid dehydrogenase, conjectural
	[1108624:1109160:rev] pyruvate/ketoisovalerate oxidoreductase, gamma subunit
<END>
<GI> CP003098:11 <COORDINATES> 1165550-1191175 <STAT> n1_4mer:GRV/n1_4mer:RV = 3.529167; n0_4mer:D = 42.399934; n0_4mer:PS = 47.517287
	[1165550:1166566:dir] hypothetical protein
	[1166557:1167984:rev] C-5 cytosine-specific DNA methylase
	[1168246:1169244:dir] hypothetical protein
	[1169231:1170511:dir] hypothetical protein
	[1170481:1171122:dir] hypothetical protein
	[1171139:1171232:rev] codon recognized: GGC; tRNA-Gly
	[1171424:1172482:rev] hypothetical protein
	[1172495:1173775:rev] ATPase associated with various cellular activities, AAA_5
	[1173963:1175267:dir] hypothetical protein
	[1175432:1175551:dir] hypothetical protein
	[1175853:1176749:rev] hypothetical protein
	[1176931:1177143:rev] hypothetical protein
	[1177227:1178228:rev] hypothetical protein
	[1178212:1179021:rev] hypothetical protein
	[1179110:1180678:dir] hypothetical protein
	[1180740:1182110:dir] hypothetical protein
	[1182091:1182597:rev] Methyltransferase type 11
	[1182594:1183568:rev] Methyltransferase type 11
	[1183766:1184950:dir] phosphoadenosine phosphosulfate reductase
	[1185360:1189127:dir] ATP-dependent helicase, probable
	[1189124:1191175:dir] hypothetical protein
<END>
<GI> CP003098:12 <COORDINATES> 1544000-1566153 <STAT> n1_4mer:GRV/n1_4mer:RV = 1.350222; n0_4mer:D = 33.858220; n0_4mer:PS = 43.665489
	[1544204:1544689:rev] transcriptional regulator, Fis family
	[1544846:1545265:rev] hypothetical protein
	[1545471:1545638:dir] hypothetical protein
	[1545872:1549390:rev] molybdopterin oxidoreductase, molybdopterin binding subunit
	[1549383:1550486:rev] hypothetical protein
	[1550483:1551130:rev] 4Fe-4S ferredoxin, iron-sulfur binding domain protein
	[1551304:1551870:rev] hypothetical protein
	[1551857:1552282:rev] hypothetical protein
	[1552389:1555469:rev] molybdopterin dinucleotide-binding region
	[1555472:1556089:rev] Rieske (2Fe-2S) domain protein
	[1556327:1556452:dir] hypothetical protein
	[1556782:1557222:rev] multicopper oxidase
	[1557513:1557854:rev] hypothetical protein
	[1558160:1559032:dir] lipoyl synthase
	[1559063:1560181:dir] pyruvate dehydrogenase E1 alpha subunit
	[1560178:1561143:dir] pyruvate dehydrogenase E1 beta subunit
	[1561143:1562333:dir] branched-chain alpha-keto acid dehydrogenase subunit E2
	[1562330:1563688:dir] pyruvate dehydrogenase E3 (dihydrolipoamide dehydrogenase)
	[1563685:1564371:dir] lipoate protein ligase B
	[1564562:1564699:dir] hypothetical protein
	[1564689:1564964:rev] regulatory protein, ArsR
	[1565685:1566153:dir] oxidoreductase molybdopterin binding
<END>
<GI> CP003098:13 <COORDINATES> 1677703-1704525 <STAT> n1_4mer:GRV/n1_4mer:RV = 4.956559; n0_4mer:D = 54.378107; n0_4mer:PS = 36.433589
	[1677703:1681539:rev] peptidase S8 and S53, subtilisin, kexin, sedolisin
	[1681611:1681751:rev] hypothetical protein
	[1681790:1682053:rev] glycosyl transferase, group 1
	[1682751:1683995:rev] glycosyl transferase, group 1
	[1684056:1684202:rev] Epimerase_2-like protein
	[1684394:1684525:rev] UDP-N-acetylglucosamine 2-epimerase
	[1684571:1685158:rev] hypothetical protein
	[1685268:1685414:dir] hypothetical protein
	[1685398:1685862:rev] hypothetical protein
	[1685844:1686323:rev] hypothetical protein
	[1686670:1687833:rev] glycosyltransferase (type 1)
	[1687830:1688207:rev] hypothetical protein
	[1688338:1690098:rev] hypothetical protein
	[1690180:1691037:rev] NAD-dependent epimerase/dehydratase
	[1691561:1692430:rev] mannosyltransferase B-like protein
	[1692418:1692597:rev] hypothetical protein
	[1692594:1692782:rev] hypothetical protein
	[1692775:1693923:rev] glycosyl transferase group 1
	[1693920:1695041:rev] glycosyl transferase group 1
	[1695038:1695775:rev] methyltransferase FkbM family
	[1695831:1696982:rev] glycosyl transferase, family 2
	[1697060:1697245:dir] hypothetical protein
	[1697256:1698206:rev] hypothetical protein
	[1698203:1698742:rev] hypothetical protein
	[1698771:1699124:rev] hypothetical protein
	[1699574:1700188:rev] PaREP1
	[1700380:1700541:dir] hypothetical protein
	[1700696:1701034:dir] hypothetical protein
	[1701180:1701320:rev] hypothetical protein
	[1701461:1701859:rev] hypothetical protein
	[1702014:1702322:rev] hypothetical protein
	[1702614:1702751:dir] hypothetical protein
	[1703033:1703485:rev] paREP15
	[1703659:1704525:dir] DUF1626 domain containing protein; hypothetical protein
<END>
<GI> CP003098:14 <COORDINATES> 1838405-1866756 <STAT> n1_4mer:GRV/n1_4mer:RV = 1.579538; n0_4mer:D = 33.884148; n0_4mer:PS = 40.573568
	[1838405:1838761:rev] peptidyl-tRNA hydrolase
	[1838840:1842616:dir] surface layer-associated STABLE protease, conjectural
	[1842609:1843013:rev] diadenosine 5'5'''-P1,P4-tetraphosphate pyrophosphohydrolase
	[1843085:1843687:rev] hypothetical protein
	[1843792:1845537:dir] succinate dehydrogenase flavoprotein subunit
	[1845539:1846249:dir] succinate dehydrogenase iron-sulfur subunit
	[1846246:1846668:dir] succinate dehydrogenase cytochrome b subunit (sdhC)
	[1846665:1847015:dir] succinate dehydrogenase subunit D
	[1847097:1847867:rev] PCNA-like protein
	[1847959:1848954:rev] electron transfer flavoprotein alpha subunit (etfA)
	[1849005:1849799:rev] electron transfer flavoprotein beta subunit (etfB)
	[1849803:1850093:rev] ferredoxin like protein
	[1850090:1851364:rev] electron transfer flavoprotein-quinone oxidoreductase
	[1851394:1852215:dir] MoaD family protein
	[1852196:1852579:rev] hypothetical protein
	[1852642:1853418:dir] putative circadian clock protein, KaiC
	[1853586:1853960:dir] hypothetical protein
	[1854026:1854247:dir] transcriptional regulatory protein, conjectural
	[1854337:1854519:dir] hypothetical protein
	[1854603:1855232:dir] 30S ribosomal protein S7P
	[1855262:1856251:dir] replication factor C small subunit
	[1856251:1857519:dir] replication factor C large subunit
	[1857519:1857722:dir] hypothetical protein
	[1857892:1859061:dir] cell division control protein 6
	[1859058:1859360:dir] transcriptional regulatory protein (helix-turn-helix), putative
	[1859654:1860274:dir] endonuclease (RecB family)-like protein
	[1860293:1861393:dir] translation initiation factor IF-2B subunit alpha
	[1861499:1861816:dir] hypothetical protein
	[1861817:1862956:dir] hypothetical protein
	[1862940:1863167:rev] hypothetical protein
	[1863212:1863877:dir] AMMECR1-like protein
	[1863837:1864313:rev] hypothetical protein
	[1864443:1864610:rev] hypothetical protein
	[1864682:1865971:rev] NfeD-like protein
	[1865968:1866756:rev] band 7 protein
<END>
<GI> CP003098:15 <COORDINATES> 1877494-1900425 <STAT> n1_4mer:GRV/n1_4mer:RV = 1.630700; n0_4mer:D = 36.455149; n0_4mer:PS = 28.393923
	[1877494:1879017:dir] hypothetical protein
	[1879021:1881705:dir] type II secretion system protein E
	[1881694:1882410:rev] Archaeal enzymes of ATP-grasp superfamily; hypothetical protein
	[1882407:1882919:rev] Transcription factor TFIIE, alpha subunit
	[1882961:1884094:rev] small GTP-binding protein
	[1884111:1884596:rev] transcriptional regulator, XRE family
	[1884643:1885101:dir] PUA domain containing protein; hypothetical protein
	[1885070:1885348:rev] hypothetical protein
	[1885332:1885625:rev] hypothetical protein
	[1885634:1885747:rev] hypothetical protein
	[1885773:1885946:dir] hypothetical protein
	[1886184:1886765:dir] multiple antibiotic resistance (MarC)-like protein
	[1886808:1887734:dir] nucleotide binding protein 2
	[1887731:1888117:rev] cytidine deaminase
	[1888155:1889093:dir] hypothetical protein
	[1889120:1889902:dir] short chain dehydrogenase
	[1889891:1891183:rev] serine hydroxymethyltransferase
	[1891224:1891955:rev] molybdenum cofactor biosynthesis protein (moaC)
	[1891952:1892290:rev] hypothetical protein
	[1892312:1893370:rev] isopentenyl pyrophosphate isomerase
	[1893370:1894149:rev] 50S ribosomal protein L2P
	[1894297:1894458:dir] 30S ribosomal protein S17e
	[1894461:1895150:dir] peptidylprolyl isomerase, FKBP-type
	[1895187:1895792:dir] proteasome beta subunit
	[1895814:1897070:dir] enolase
	[1897101:1897511:dir] molybdenum-pterin-binding protein, conjectural
	[1897496:1898275:rev] molybdenum cofactor biosynthesis protein (moaA)
	[1898342:1899973:dir] serine/threonine protein kinase, putative
	[1899970:1900425:dir] FHA domain containing protein; hypothetical protein
<END>
<GI> CP003098:16 <COORDINATES> 1909507-1930264 <STAT> n1_4mer:GRV/n1_4mer:RV = 1.600754; n0_4mer:D = 34.254925; n0_4mer:PS = 48.546311
	[1909507:1910703:rev] paREP12
	[1910756:1911205:rev] hypothetical protein
	[1911585:1912091:dir] tldD, putative modulator of DNA gyrase
	[1912088:1912377:dir] possible pseudogene
	[1912374:1916003:rev] hypothetical protein
	[1916002:1917903:dir] hypothetical protein
	[1917945:1926014:dir] hypothetical protein
	[1926185:1926670:dir] AMMECR1-like protein
	[1926700:1927506:dir] hypothetical protein
	[1927487:1928017:dir] adenylate cyclase
	[1928088:1929779:dir] DNA ligase
	[1929767:1930264:rev] hypothetical protein
<END>
<GI> CP003098:17 <COORDINATES> 2387023-2408169 <STAT> n1_4mer:GRV/n1_4mer:RV = 1.732858; n0_4mer:D = 37.939480; n0_4mer:PS = 31.841359
	[2387023:2387646:dir] beta-lactamase domain protein
	[2387660:2388334:dir] hypothetical protein
	[2388358:2389389:dir] FAD dependent oxidoreductase
	[2389412:2389579:dir] hypothetical protein
	[2389609:2390421:dir] hypothetical protein
	[2390456:2390755:rev] twin-arginine translocation protein, TatA/E family subunit
	[2390815:2391672:dir] Sec-independent protein translocase TatC
	[2391739:2392575:rev] hypothetical protein
	[2392594:2392977:dir] hypothetical protein
	[2393286:2394662:rev] Glycosyltransferase
	[2395145:2395258:rev] hypothetical protein
	[2395306:2397672:dir] hypothetical protein
	[2397926:2399017:dir] transport protein, conjectural
	[2399021:2399935:dir] carbamate kinase
	[2400095:2401354:rev] histidyl-tRNA synthetase
	[2401351:2402403:rev] saccharopine dehydrogenase, conjectural
	[2402419:2403444:rev] dolichol-phosphate mannosyltransferase
	[2403526:2404542:dir] hypothetical protein
	[2404528:2405421:rev] 2-oxoacid ferredoxin oxidoreductase subunit beta
	[2405418:2407046:rev] 2-oxoacid ferredoxin oxidoreductase alpha subunit
	[2407222:2407626:dir] hypothetical protein
	[2407618:2408169:rev] nucleoside diphosphate kinase (ndk)
<END>
<GI> CP003098:18 <COORDINATES> 2438033-2463164 <STAT> n1_4mer:GRV/n1_4mer:RV = 1.537725; n0_4mer:D = 33.481274; n0_4mer:PS = 36.843708
	[2438033:2441104:rev] DUF499 domain containing protein; hypothetical protein
	[2441135:2444119:rev] putative DNA methylase
	[2444159:2445727:dir] hypothetical protein
	[2446364:2446486:dir] hypothetical protein
	[2446511:2446762:dir] hypothetical protein
	[2446845:2447675:dir] hypothetical protein
	[2447875:2451960:dir] hypothetical protein
	[2452029:2452496:rev] hypothetical protein
	[2452851:2453498:dir] hypothetical protein
	[2453604:2454287:dir] hypothetical protein
	[2454430:2454894:dir] hypothetical protein
	[2454881:2455579:dir] hypothetical protein
	[2455698:2455850:dir] hypothetical protein
	[2455852:2456244:dir] hypothetical protein
	[2456516:2457019:dir] hypothetical protein
	[2457016:2457423:dir] hypothetical protein
	[2457420:2457749:dir] hypothetical protein
	[2457746:2459722:dir] DUF87 domain containing protein; hypothetical protein
	[2459748:2460521:dir] hypothetical protein
	[2460521:2461297:dir] hypothetical protein
	[2461294:2462211:dir] AAA ATPase
	[2462189:2462773:dir] zinc finger, SWIM domain protein; hypothetical protein
	[2462757:2463164:dir] hypothetical protein
<END>