<GI> CP010835:1 <COORDINATES> 84621-111756 <STAT> n1_4mer:GRV/n1_4mer:RV = 2.355385; n0_4mer:D = 41.455757; n0_4mer:PS = 31.731723
	[84621:85646:dir] Derived by automated computational analysis using gene prediction method: Protein Homology.; transcriptional regulator
	[85640:85858:rev] Derived by automated computational analysis using gene prediction method: Protein Homology.; hypothetical protein
	[85971:87305:dir] Derived by automated computational analysis using gene prediction method: Protein Homology.; DNA repair protein Rad25
	[87293:88135:rev] Derived by automated computational analysis using gene prediction method: Protein Homology.; spermidine synthase
	[88207:89394:dir] Derived by automated computational analysis using gene prediction method: Protein Homology.; ATPase
	[89391:89906:dir] Derived by automated computational analysis using gene prediction method: Protein Homology.; hydrolase
	[89893:90501:rev] Derived by automated computational analysis using gene prediction method: Protein Homology.; membrane protein
	[90563:91456:dir] Derived by automated computational analysis using gene prediction method: Protein Homology.; hypothetical protein
	[91595:91792:rev] hypothetical protein; disrupted; Derived by automated computational analysis using gene prediction method: GeneMarkS+.
	[91794:93350:dir] 16S ribosomal RNA
	[93359:93436:dir] tRNA-Ala
	[93568:96466:dir] 23S ribosomal RNA
	[96700:98172:dir] Derived by automated computational analysis using gene prediction method: Protein Homology.; phosphate ABC transporter substrate-binding protein
	[98177:98740:dir] Derived by automated computational analysis using gene prediction method: Protein Homology.; hypothetical protein
	[98755:99357:rev] Derived by automated computational analysis using gene prediction method: Protein Homology.; membrane protein
	[99418:100989:dir] Derived by automated computational analysis using gene prediction method: Protein Homology.; lysyl-tRNA synthetase
	[101021:101923:dir] Derived by automated computational analysis using gene prediction method: Protein Homology.; hypothetical protein
	[101894:102577:rev] Derived by automated computational analysis using gene prediction method: Protein Homology.; methyltransferase
	[102660:103613:dir] Derived by automated computational analysis using gene prediction method: Protein Homology.; GHMP kinase
	[103598:104749:dir] Derived by automated computational analysis using gene prediction method: Protein Homology.; hypothetical protein
	[104790:105380:dir] Involved in the incorporation of exogenous aryl acids in the biosynthesis of aromatic amino acids: catalysis of the ferredoxin-dependent oxidative decarboxylation of arylpyruvates; Derived by automated computational analysis using gene prediction method: Protein Homology.; indolepyruvate oxidoreductase subunit B
	[105361:106518:rev] Derived by automated computational analysis using gene prediction method: Protein Homology.; sugar transporter
	[106605:107519:dir] Derived by automated computational analysis using gene prediction method: Protein Homology.; transcriptional regulator
	[107571:108488:dir] Derived by automated computational analysis using gene prediction method: Protein Homology.; asparaginase
	[108488:109657:dir] Derived by automated computational analysis using gene prediction method: Protein Homology.; quinolone resistance protein
	[109647:110573:dir] Derived by automated computational analysis using gene prediction method: Protein Homology.; biotin synthase
	[110565:111152:rev] Derived by automated computational analysis using gene prediction method: Protein Homology.; potassium channel protein
	[111130:111756:rev] Derived by automated computational analysis using gene prediction method: Protein Homology.; potassium channel protein
<END>
<GI> CP010835:2 <COORDINATES> 456000-478161 <STAT> n1_4mer:GRV/n1_4mer:RV = 1.521668; n0_4mer:D = 28.161479; n0_4mer:PS = 35.083445
	[456441:457253:dir] hypothetical protein; disrupted; Derived by automated computational analysis using gene prediction method: Protein Homology.
	[457292:457498:dir] Derived by automated computational analysis using gene prediction method: GeneMarkS+.; hypothetical protein
	[457495:459018:dir] Derived by automated computational analysis using gene prediction method: Protein Homology.; transporter
	[459300:459653:dir] Derived by automated computational analysis using gene prediction method: Protein Homology.; hypothetical protein
	[460332:461576:dir] hypothetical protein; disrupted; Derived by automated computational analysis using gene prediction method: Protein Homology.
	[461581:463875:dir] Derived by automated computational analysis using gene prediction method: Protein Homology.; hypothetical protein
	[463899:464429:dir] Derived by automated computational analysis using gene prediction method: Protein Homology.; hypothetical protein
	[464431:464943:dir] Derived by automated computational analysis using gene prediction method: Protein Homology.; hypothetical protein
	[464950:465288:dir] Derived by automated computational analysis using gene prediction method: Protein Homology.; hypothetical protein
	[465285:465527:dir] Derived by automated computational analysis using gene prediction method: Protein Homology.; t26-9p
	[465528:466226:dir] hypothetical protein; disrupted; Derived by automated computational analysis using gene prediction method: Protein Homology.
	[466310:466789:dir] Derived by automated computational analysis using gene prediction method: Protein Homology.; hypothetical protein
	[466803:467252:dir] Derived by automated computational analysis using gene prediction method: Protein Homology.; hypothetical protein
	[467249:468025:dir] Derived by automated computational analysis using gene prediction method: Protein Homology.; hypothetical protein
	[468192:469493:dir] Derived by automated computational analysis using gene prediction method: Protein Homology.; ATPase
	[469503:470207:dir] Derived by automated computational analysis using gene prediction method: Protein Homology.; hypothetical protein
	[470204:470524:dir] Derived by automated computational analysis using gene prediction method: Protein Homology.; hypothetical protein
	[470525:471664:rev] Derived by automated computational analysis using gene prediction method: GeneMarkS+.; hypothetical protein
	[471726:471980:rev] Derived by automated computational analysis using gene prediction method: GeneMarkS+.; hypothetical protein
	[471987:473132:rev] Derived by automated computational analysis using gene prediction method: GeneMarkS+.; hypothetical protein
	[473210:474244:dir] Derived by automated computational analysis using gene prediction method: GeneMarkS+.; hypothetical protein
	[474488:475531:dir] Derived by automated computational analysis using gene prediction method: Protein Homology.; hypothetical protein
	[475534:475845:dir] Derived by automated computational analysis using gene prediction method: Protein Homology.; hypothetical protein
	[476569:476817:dir] Derived by automated computational analysis using gene prediction method: Protein Homology.; hypothetical protein
	[476810:477136:rev] Derived by automated computational analysis using gene prediction method: Protein Homology.; hypothetical protein
	[477188:477589:rev] Derived by automated computational analysis using gene prediction method: GeneMarkS+.; hypothetical protein
	[477586:478161:rev] Derived by automated computational analysis using gene prediction method: GeneMarkS+.; hypothetical protein
<END>
<GI> CP010835:3 <COORDINATES> 528872-550351 <STAT> n1_4mer:GRV/n1_4mer:RV = 2.360600; n0_4mer:D = 26.720586; n0_4mer:PS = 18.822112
	[528872:530014:rev] Derived by automated computational analysis using gene prediction method: Protein Homology.; hypothetical protein
	[530019:531005:rev] Derived by automated computational analysis using gene prediction method: Protein Homology.; hypothetical protein
	[531826:533034:dir] Derived by automated computational analysis using gene prediction method: Protein Homology.; hypothetical protein
	[533042:533653:rev] Derived by automated computational analysis using gene prediction method: GeneMarkS+.; hypothetical protein
	[533679:534641:rev] Derived by automated computational analysis using gene prediction method: GeneMarkS+.; hypothetical protein
	[534601:535725:rev] Derived by automated computational analysis using gene prediction method: Protein Homology.; hypothetical protein
	[535697:536910:rev] hypothetical protein; disrupted; Derived by automated computational analysis using gene prediction method: Protein Homology.
	[536910:537980:rev] Derived by automated computational analysis using gene prediction method: Protein Homology.; UDP-N-acetylglucosamine 2-epimerase
	[537977:539158:rev] Derived by automated computational analysis using gene prediction method: Protein Homology.; capsular biosynthesis protein
	[539172:539915:rev] Derived by automated computational analysis using gene prediction method: Protein Homology.; hypothetical protein
	[539906:540445:rev] Derived by automated computational analysis using gene prediction method: Protein Homology.; acetyltransferase
	[540448:541434:rev] Derived by automated computational analysis using gene prediction method: Protein Homology.; hypothetical protein
	[541509:542576:rev] hypothetical protein; disrupted; Derived by automated computational analysis using gene prediction method: Protein Homology.
	[542573:542824:rev] Derived by automated computational analysis using gene prediction method: Protein Homology.; hypothetical protein
	[542824:544170:rev] Derived by automated computational analysis using gene prediction method: Protein Homology.; NDP-sugar dehydrogenase
	[544172:545122:rev] Derived by automated computational analysis using gene prediction method: Protein Homology.; oxidoreductase
	[545146:546243:rev] Derived by automated computational analysis using gene prediction method: Protein Homology.; aminotransferase DegT
	[546247:546585:rev] Derived by automated computational analysis using gene prediction method: Protein Homology.; hypothetical protein
	[546546:546827:rev] Derived by automated computational analysis using gene prediction method: Protein Homology.; hypothetical protein
	[546878:547486:rev] Derived by automated computational analysis using gene prediction method: Protein Homology.; acetyltransferase
	[547676:550351:rev] Derived by automated computational analysis using gene prediction method: Protein Homology.; valyl-tRNA synthetase
<END>
<GI> CP010835:4 <COORDINATES> 987819-1006351 <STAT> n1_4mer:GRV/n1_4mer:RV = 1.842174; n0_4mer:D = 26.772252; n0_4mer:PS = 19.338531
	[987819:988763:dir] Derived by automated computational analysis using gene prediction method: Protein Homology.; hypothetical protein
	[988838:989701:dir] Derived by automated computational analysis using gene prediction method: Protein Homology.; cobalamin biosynthesis protein CobQ
	[989706:990596:dir] Derived by automated computational analysis using gene prediction method: Protein Homology.; ATPase
	[990665:991590:dir] rubrerythrin; disrupted; Derived by automated computational analysis using gene prediction method: Protein Homology.
	[991587:993068:rev] Derived by automated computational analysis using gene prediction method: Protein Homology.; proline permease
	[993376:994338:rev] Derived by automated computational analysis using gene prediction method: Protein Homology.; hypothetical protein
	[994353:995072:rev] Derived by automated computational analysis using gene prediction method: GeneMarkS+.; hypothetical protein
	[995079:995966:rev] Derived by automated computational analysis using gene prediction method: Protein Homology.; hypothetical protein
	[995979:996959:rev] Derived by automated computational analysis using gene prediction method: Protein Homology.; hypothetical protein
	[997015:998829:rev] Derived by automated computational analysis using gene prediction method: Protein Homology.; hypothetical protein
	[998938:999981:rev] Derived by automated computational analysis using gene prediction method: Protein Homology.; hypothetical protein
	[1000034:1002766:rev] Derived by automated computational analysis using gene prediction method: Protein Homology.; hypothetical protein
	[1002872:1004146:rev] Derived by automated computational analysis using gene prediction method: Protein Homology.; hypothetical protein
	[1004240:1005415:dir] Derived by automated computational analysis using gene prediction method: Protein Homology.; hypothetical protein
	[1005422:1006351:dir] Derived by automated computational analysis using gene prediction method: Protein Homology.; hypothetical protein
<END>
<GI> CP010835:5 <COORDINATES> 1031288-1050099 <STAT> n1_4mer:GRV/n1_4mer:RV = 1.485864; n0_4mer:D = 28.945768; n0_4mer:PS = 33.615544
	[1031288:1033171:dir] Derived by automated computational analysis using gene prediction method: Protein Homology.; peptide transporter
	[1033208:1033537:dir] Derived by automated computational analysis using gene prediction method: Protein Homology.; hypothetical protein
	[1033534:1034769:dir] catalyzes the transamination of diaminopimelate with 2-oxoglutarate to produce tetrahydrodipicolinate and glutamate; Derived by automated computational analysis using gene prediction method: Protein Homology.; diaminopimelate aminotransferase
	[1034738:1035898:rev] Derived by automated computational analysis using gene prediction method: Protein Homology.; hypothetical protein
	[1035940:1036515:rev] Derived by automated computational analysis using gene prediction method: Protein Homology.; TATA-box-binding protein
	[1036620:1037177:rev] Derived by automated computational analysis using gene prediction method: Protein Homology.; hypothetical protein
	[1037188:1038636:rev] Derived by automated computational analysis using gene prediction method: Protein Homology.; prolyl-tRNA synthetase
	[1038728:1040020:dir] Derived by automated computational analysis using gene prediction method: Protein Homology.; hypothetical protein
	[1039989:1040747:rev] Derived by automated computational analysis using gene prediction method: Protein Homology.; metallophosphoesterase
	[1040803:1043424:rev] Derived by automated computational analysis using gene prediction method: Protein Homology.; hypothetical protein
	[1043421:1044344:rev] Derived by automated computational analysis using gene prediction method: Protein Homology.; hypothetical protein
	[1044390:1044467:rev] tRNA-Tyr
	[1044559:1045014:dir] Derived by automated computational analysis using gene prediction method: Protein Homology.; HIT family hydrolase
	[1045001:1045963:dir] Derived by automated computational analysis using gene prediction method: Protein Homology.; membrane protein
	[1045949:1046494:rev] Derived by automated computational analysis using gene prediction method: Protein Homology.; nicotinamidase
	[1046604:1047566:dir] catalyzes the formation of L-aspartate 4-semialdehyde from L-homoserine; Derived by automated computational analysis using gene prediction method: Protein Homology.; homoserine dehydrogenase
	[1047563:1048396:rev] ppnK; catalyzes the phosphorylation of NAD to NADP; Derived by automated computational analysis using gene prediction method: Protein Homology.; inorganic polyphosphate kinase
	[1048444:1049064:rev] Derived by automated computational analysis using gene prediction method: Protein Homology.; membrane-associated metallopeptidase
	[1049064:1050092:rev] Derived by automated computational analysis using gene prediction method: Protein Homology.; serralysin
<END>
<GI> CP010835:6 <COORDINATES> 1146338-1171109 <STAT> n1_4mer:GRV/n1_4mer:RV = 1.520996; n0_4mer:D = 28.726897; n0_4mer:PS = 45.267389
	[1146338:1148089:dir] replaces guanine with 7-cyano-7-deazaguanine at position 15 in the dihydrouridine loop of archaeal tRNAs; Derived by automated computational analysis using gene prediction method: Protein Homology.; 7-cyano-7-deazaguanine tRNA-ribosyltransferase
	[1148141:1148440:dir] Derived by automated computational analysis using gene prediction method: Protein Homology.; hypothetical protein
	[1148437:1149546:rev] Derived by automated computational analysis using gene prediction method: Protein Homology.; phosphodiesterase
	[1149646:1150659:dir] Derived by automated computational analysis using gene prediction method: Protein Homology.; hypothetical protein
	[1150684:1151025:dir] Derived by automated computational analysis using gene prediction method: Protein Homology.; hypothetical protein
	[1151134:1153725:dir] Derived by automated computational analysis using gene prediction method: Protein Homology.; helicase
	[1153718:1154605:rev] Derived by automated computational analysis using gene prediction method: Protein Homology.; beta-lactamase
	[1154718:1155803:rev] Derived by automated computational analysis using gene prediction method: Protein Homology.; glycerol-3-phosphate ABC transporter ATP-binding protein
	[1155837:1159883:rev] Derived by automated computational analysis using gene prediction method: Protein Homology.; amylopullulanase
	[1159914:1161260:rev] Derived by automated computational analysis using gene prediction method: Protein Homology.; sugar transporter
	[1161257:1162165:rev] Derived by automated computational analysis using gene prediction method: Protein Homology.; sugar transporter
	[1162228:1163559:rev] Derived by automated computational analysis using gene prediction method: Protein Homology.; maltotriose-binding protein
	[1164372:1166357:rev] Derived by automated computational analysis using gene prediction method: Protein Homology.; neopullulanase
	[1166575:1167420:dir] Derived by automated computational analysis using gene prediction method: Protein Homology.; hypothetical protein
	[1167421:1167921:rev] Derived by automated computational analysis using gene prediction method: Protein Homology.; hypothetical protein
	[1167911:1168090:rev] Derived by automated computational analysis using gene prediction method: Protein Homology.; hypothetical protein
	[1168112:1169640:rev] dihydropteroate synthase; disrupted; Derived by automated computational analysis using gene prediction method: Protein Homology.
	[1169642:1171109:rev] phosphoesterase; disrupted; Derived by automated computational analysis using gene prediction method: Protein Homology.
<END>
<GI> CP010835:7 <COORDINATES> 1342328-1361346 <STAT> n1_4mer:GRV/n1_4mer:RV = 1.742718; n0_4mer:D = 27.380229; n0_4mer:PS = 49.695456
	[1342328:1343659:rev] Derived by automated computational analysis using gene prediction method: Protein Homology.; sucrose transporter
	[1343815:1344561:dir] Derived by automated computational analysis using gene prediction method: Protein Homology.; glycerophosphodiester phosphodiesterase
	[1344592:1345728:dir] Derived by automated computational analysis using gene prediction method: GeneMarkS+.; hypothetical protein
	[1345763:1347235:dir] Derived by automated computational analysis using gene prediction method: Protein Homology.; carbohydrate kinase
	[1347407:1348891:dir] Derived by automated computational analysis using gene prediction method: Protein Homology.; glycerol-3-phosphate dehydrogenase
	[1348884:1350125:dir] Derived by automated computational analysis using gene prediction method: Protein Homology.; pyridine nucleotide-disulfide oxidoreductase
	[1350118:1350468:dir] Derived by automated computational analysis using gene prediction method: Protein Homology.; molybdopterin oxidoreductase
	[1350526:1350777:dir] rpl37ae; structural models have indicated that the folded zinc-finger motif interacts mainly with domain III of 23S rRNA, whereas the amino-terminal region of L37 interacts primarily with domain II; Derived by automated computational analysis using gene prediction method: Protein Homology.; 50S ribosomal protein L37
	[1350784:1350933:dir] Derived by automated computational analysis using gene prediction method: Protein Homology.; DNA-directed RNA polymerase subunit P
	[1350977:1351648:dir] brix-domain; involved in biogenesis of the ribosome; Derived by automated computational analysis using gene prediction method: Protein Homology.; ribosomal biogenesis protein
	[1351611:1351859:dir] Derived by automated computational analysis using gene prediction method: Protein Homology.; hypothetical protein
	[1352002:1354200:dir] fusA; EF-2; EF-G; promotes GTP-dependent translocation of the ribosome during translation; Derived by automated computational analysis using gene prediction method: Protein Homology.; elongation factor EF-2
	[1354252:1355055:dir] Derived by automated computational analysis using gene prediction method: Protein Homology.; membrane protein
	[1355058:1355822:dir] type IV fructose-1,6-bisphosphatase; has dual activities; FBPase; IMPase; Derived by automated computational analysis using gene prediction method: Protein Homology.; fructose-1,6-bisphosphatase
	[1355827:1358103:dir] Derived by automated computational analysis using gene prediction method: Protein Homology.; DEAD/DEAH box helicase
	[1358112:1358885:rev] Derived by automated computational analysis using gene prediction method: Protein Homology.; ABC transporter
	[1358857:1359267:rev] Derived by automated computational analysis using gene prediction method: Protein Homology.; hypothetical protein
	[1359264:1360055:rev] Derived by automated computational analysis using gene prediction method: Protein Homology.; hypothetical protein
	[1360060:1360875:rev] Derived by automated computational analysis using gene prediction method: Protein Homology.; hypothetical protein
	[1361062:1361346:rev] hypothetical protein; disrupted; Derived by automated computational analysis using gene prediction method: Protein Homology.
<END>
<GI> CP010835:8 <COORDINATES> 1457228-1482733 <STAT> n1_4mer:GRV/n1_4mer:RV = 1.818646; n0_4mer:D = 31.307150; n0_4mer:PS = 45.133390
	[1457228:1458028:rev] Derived by automated computational analysis using gene prediction method: Protein Homology.; GTP cyclohydrolase
	[1458105:1458308:rev] Derived by automated computational analysis using gene prediction method: Protein Homology.; histone
	[1458519:1458971:rev] Derived by automated computational analysis using gene prediction method: Protein Homology.; hypothetical protein
	[1459019:1460257:dir] Derived by automated computational analysis using gene prediction method: Protein Homology.; nucleotidyltransferase
	[1460333:1460734:dir] Derived by automated computational analysis using gene prediction method: Protein Homology.; hypothetical protein
	[1460804:1461652:dir] Derived by automated computational analysis using gene prediction method: Protein Homology.; hypothetical protein
	[1461792:1462568:dir] Derived by automated computational analysis using gene prediction method: Protein Homology.; methylase
	[1462571:1463650:dir] Derived by automated computational analysis using gene prediction method: Protein Homology.; 50S ribosomal protein L3
	[1463661:1464428:dir] rpl4lp; L4 is important during the early stages of 50S assembly; it initially binds near the 5' end of the 23S rRNA; Derived by automated computational analysis using gene prediction method: Protein Homology.; 50S ribosomal protein L4
	[1464435:1464695:dir] binds third domain of 23S rRNA and protein L29; part of exit tunnel; Derived by automated computational analysis using gene prediction method: Protein Homology.; 50S ribosomal protein L23
	[1464707:1465426:dir] rpl2p; one of the primary rRNA-binding proteins; required for association of the 30S and 50S subunits to form the 70S ribosome, for tRNA binding and peptide bond formation; Derived by automated computational analysis using gene prediction method: Protein Homology.; 50S ribosomal protein L2
	[1465437:1465835:dir] rps19p; protein S19 forms a complex with S13 that binds strongly to the 16S ribosomal RNA; Derived by automated computational analysis using gene prediction method: Protein Homology.; 30S ribosomal protein S19
	[1465846:1466313:dir] Derived by automated computational analysis using gene prediction method: Protein Homology.; 50S ribosomal protein L22
	[1466318:1466947:dir] Derived by automated computational analysis using gene prediction method: Protein Homology.; 30S ribosomal protein S3
	[1466934:1467140:dir] Derived by automated computational analysis using gene prediction method: Protein Homology.; 50S ribosomal protein L29
	[1467153:1467449:dir] Derived by automated computational analysis using gene prediction method: Protein Homology.; protein translation factor SUI1
	[1467419:1467715:dir] Derived by automated computational analysis using gene prediction method: Protein Homology.; ribonuclease P
	[1467712:1468053:dir] Derived by automated computational analysis using gene prediction method: Protein Homology.; 30S ribosomal protein S17
	[1468059:1468484:dir] Derived by automated computational analysis using gene prediction method: Protein Homology.; 50S ribosomal protein L14
	[1468495:1468860:dir] rpl24p; assembly initiator protein; binds to 5' end of 23S rRNA and nucleates assembly of the 50S; surrounds polypeptide exit tunnel; Derived by automated computational analysis using gene prediction method: Protein Homology.; 50S ribosomal protein L24
	[1468860:1469591:dir] the function of this ribosomal subunit is unknown; Derived by automated computational analysis using gene prediction method: Protein Homology.; 30S ribosomal protein S4e
	[1469602:1470162:dir] Derived by automated computational analysis using gene prediction method: Protein Homology.; 50S ribosomal protein L5
	[1470166:1470336:dir] rps14P; located in the peptidyl transferase center and involved in assembly of 30S ribosome subunit; similar to what is observed with proteins L31 and L33, some proteins in this family contain CXXC motifs that are involved in zinc binding; if two copies are present in a genome, then the duplicated copy appears to have lost the zinc-binding motif and is instead regulated by zinc; the archaeal forms appear to contain the zinc-binding motif; Derived by automated computational analysis using gene prediction method: Protein Homology.; 30S ribosomal protein S14
	[1470348:1470740:dir] Derived by automated computational analysis using gene prediction method: Protein Homology.; 30S ribosomal protein S8
	[1470751:1471305:dir] Derived by automated computational analysis using gene prediction method: Protein Homology.; 50S ribosomal protein L6
	[1471316:1471708:dir] rpl32e; contacts helix 25 of domain II of the 23S rRNA; Derived by automated computational analysis using gene prediction method: Protein Homology.; 50S ribosomal protein L32
	[1471718:1472170:dir] Derived by automated computational analysis using gene prediction method: Protein Homology.; 50S ribosomal protein L19
	[1472181:1472792:dir] Derived by automated computational analysis using gene prediction method: Protein Homology.; 50S ribosomal protein L18
	[1472789:1473499:dir] Derived by automated computational analysis using gene prediction method: Protein Homology.; 30S ribosomal protein S5
	[1473511:1473978:dir] rpl30p; L30 binds domain II of the 23S rRNA and the 5S rRNA; similar to eukaryotic protein L7; Derived by automated computational analysis using gene prediction method: Protein Homology.; 50S ribosomal protein L30
	[1473989:1474432:dir] Derived by automated computational analysis using gene prediction method: Protein Homology.; 50S ribosomal protein L15
	[1474482:1475888:dir] Derived by automated computational analysis using gene prediction method: Protein Homology.; preprotein translocase subunit SecY
	[1475947:1476537:dir] catalyzes the formation of 2 ADP from AMP and ATP; Derived by automated computational analysis using gene prediction method: Protein Homology.; adenylate kinase
	[1476530:1477057:dir] Derived by automated computational analysis using gene prediction method: Protein Homology.; membrane protein
	[1477054:1478181:rev] Derived by automated computational analysis using gene prediction method: Protein Homology.; sarcosine oxidase subunit beta
	[1478178:1478438:rev] Derived by automated computational analysis using gene prediction method: Protein Homology.; (2Fe-2S)-binding protein
	[1478435:1478941:rev] Derived by automated computational analysis using gene prediction method: Protein Homology.; ferredoxin
	[1478938:1480365:rev] Derived by automated computational analysis using gene prediction method: Protein Homology.; sarcosine oxidase subunit alpha
	[1480440:1481000:rev] Derived by automated computational analysis using gene prediction method: Protein Homology.; inosine-5-monophosphate dehydrogenase
	[1481255:1481310:dir] Derived by automated computational analysis using gene prediction method: cmsearch.; C/D box small nucleolar RNA
	[1481329:1481946:dir] Derived by automated computational analysis using gene prediction method: Protein Homology.; CRISPR-associated protein Cas4
	[1481941:1482435:rev] Derived by automated computational analysis using gene prediction method: Protein Homology.; 3',5'-cyclic-nucleotide phosphodiesterase
	[1482461:1482733:rev] Derived by automated computational analysis using gene prediction method: Protein Homology.; H/ACA RNA-protein complex protein Gar1
<END>
<GI> CP010835:9 <COORDINATES> 1576323-1595797 <STAT> n1_4mer:GRV/n1_4mer:RV = 1.549125; n0_4mer:D = 26.404426; n0_4mer:PS = 46.357656
	[1576323:1577507:rev] Derived by automated computational analysis using gene prediction method: Protein Homology.; molybdenum cofactor biosynthesis protein
	[1577550:1578908:rev] catalyzes the formation of fructose 1,6-bisphosphate from fructose 6-phosphate and ADP; Derived by automated computational analysis using gene prediction method: Protein Homology.; 6-phosphofructokinase
	[1579021:1580025:dir] functions in a trimeric complex to guide RNA-target RNA complexes for the purposes of pseudouridylation; box H/ACA RNA-protein particle consists of Cbf5p, Nop10p and Gar1 along with the guide RNA and ribosomal protein L7Ae; enzymatic component that functions to isomerize uridine to pseudouridine in target RNAs; Derived by automated computational analysis using gene prediction method: Protein Homology.; H/ACA RNA-protein complex component Cbf5p
	[1580129:1580380:dir] Derived by automated computational analysis using gene prediction method: Protein Homology.; hypothetical protein
	[1580377:1580745:dir] Derived by automated computational analysis using gene prediction method: Protein Homology.; hypothetical protein
	[1580730:1581233:rev] Derived by automated computational analysis using gene prediction method: Protein Homology.; hypothetical protein
	[1581284:1581871:dir] Derived by automated computational analysis using gene prediction method: Protein Homology.; 16S rRNA methyltransferase
	[1581953:1582039:dir] tRNA-Ser
	[1582071:1582517:dir] Derived by automated computational analysis using gene prediction method: Protein Homology.; 30S ribosomal protein S13
	[1582532:1583074:dir] Derived by automated computational analysis using gene prediction method: Protein Homology.; 30S ribosomal protein S4
	[1583071:1583484:dir] Derived by automated computational analysis using gene prediction method: Protein Homology.; 30S ribosomal protein S11
	[1583517:1584296:dir] Derived by automated computational analysis using gene prediction method: Protein Homology.; DNA-directed RNA polymerase subunit D
	[1584302:1584389:dir] tRNA-Leu
	[1584459:1584821:dir] Derived by automated computational analysis using gene prediction method: Protein Homology.; 50S ribosomal protein L18e
	[1584828:1585256:dir] Derived by automated computational analysis using gene prediction method: Protein Homology.; 50S ribosomal protein L13
	[1585267:1585674:dir] Derived by automated computational analysis using gene prediction method: Protein Homology.; 30S ribosomal protein S9
	[1585734:1585931:dir] Derived by automated computational analysis using gene prediction method: Protein Homology.; DNA-directed RNA polymerase subunit N
	[1585955:1586031:dir] tRNA-Pro
	[1586052:1586225:dir] Derived by automated computational analysis using gene prediction method: Protein Homology.; DNA-directed RNA polymerase subunit K
	[1586232:1587257:dir] Derived by automated computational analysis using gene prediction method: Protein Homology.; hypothetical protein
	[1587271:1587879:dir] Derived by automated computational analysis using gene prediction method: Protein Homology.; 30S ribosomal protein S2
	[1587911:1588936:dir] catalyzes the formation of L-threonine from O-phospho-L-homoserine; Derived by automated computational analysis using gene prediction method: Protein Homology.; threonine synthase
	[1588978:1589853:dir] Derived by automated computational analysis using gene prediction method: Protein Homology.; hypothetical protein
	[1589859:1590860:dir] catalyzes the phosphorylation of mevalonate to (R)-5-phosphomevalonate; Derived by automated computational analysis using gene prediction method: Protein Homology.; mevalonate kinase
	[1590857:1591621:dir] Derived by automated computational analysis using gene prediction method: Protein Homology.; acetylglutamate kinase
	[1591618:1593297:rev] Derived by automated computational analysis using gene prediction method: Protein Homology.; DNA ligase
	[1593339:1593770:rev] Derived by automated computational analysis using gene prediction method: Protein Homology.; osmotically inducible protein C
	[1593939:1594232:dir] Derived by automated computational analysis using gene prediction method: Protein Homology.; lipoate--protein ligase
	[1594217:1594774:dir] Derived by automated computational analysis using gene prediction method: Protein Homology.; sporulation protein
	[1594685:1595797:rev] Derived by automated computational analysis using gene prediction method: Protein Homology.; hypothetical protein
<END>
<GI> CP010835:10 <COORDINATES> 1655553-1674099 <STAT> n1_4mer:GRV/n1_4mer:RV = 1.502159; n0_4mer:D = 29.526386; n0_4mer:PS = 43.842124
	[1655553:1656335:dir] cleaves peptide bonds; Derived by automated computational analysis using gene prediction method: Protein Homology.; proteasome subunit alpha
	[1656370:1657080:dir] Shwachman#Bodian#Diamond syndrome protein family; SBDS; similar to eukaryotic proteins involved in RNA metabolism or binding; Derived by automated computational analysis using gene prediction method: Protein Homology.; RNA-associated protein
	[1657077:1657862:dir] Derived by automated computational analysis using gene prediction method: Protein Homology.; RNA-binding protein
	[1657846:1658595:dir] involved in the 3' to 5' degradation of a variety of RNA species; forms a trimer of heterodimers (hexamer) with Rrp42; Rrp41 is the catalytically active subunit; Derived by automated computational analysis using gene prediction method: Protein Homology.; exonuclease
	[1658588:1659418:dir] involved in the 3' to 5' degradation of a variety of RNA species; forms a trimer of heterodimers (hexamer) with Rrp42; Rrp41 is the catalytically active subunit; Derived by automated computational analysis using gene prediction method: Protein Homology.; RNA-binding protein
	[1659459:1659535:dir] tRNA-Thr
	[1659538:1659615:dir] tRNA-Pro
	[1659680:1660300:dir] Derived by automated computational analysis using gene prediction method: Protein Homology.; hypothetical protein
	[1660347:1660423:dir] tRNA-Thr
	[1660536:1660784:dir] Derived by automated computational analysis using gene prediction method: Protein Homology.; DNA-directed RNA polymerase subunit H
	[1660804:1664157:dir] DNA-dependent RNA polymerase catalyzes the transcription of DNA into RNA using the four ribonucleoside triphosphates as substrates. The beta subunit is part of the catalytic core which binds with a sigma factor to produce the holoenzyme; Derived by automated computational analysis using gene prediction method: Protein Homology.; DNA-directed RNA polymerase subunit B
	[1664161:1666884:dir] DNA-dependent RNA polymerase catalyzes the transcription of DNA into RNA using the four ribonucleoside triphosphates as substrates; Derived by automated computational analysis using gene prediction method: Protein Homology.; DNA-directed RNA polymerase subunit A'
	[1666890:1668080:dir] DNA-dependent RNA polymerase catalyzes the transcription of DNA into RNA using the four ribonucleoside triphosphates as substrates; Derived by automated computational analysis using gene prediction method: Protein Homology.; DNA-directed RNA polymerase subunit A''
	[1668084:1668383:dir] Derived by automated computational analysis using gene prediction method: Protein Homology.; 50S ribosomal protein L30
	[1668392:1668829:dir] Derived by automated computational analysis using gene prediction method: Protein Homology.; transcription elongation factor NusA
	[1668840:1669283:dir] Derived by automated computational analysis using gene prediction method: Protein Homology.; 30S ribosomal protein S12
	[1669289:1669936:dir] Derived by automated computational analysis using gene prediction method: Protein Homology.; 30S ribosomal protein S7
	[1669965:1670321:dir] catalyzes the hydrolysis of N-substituted aminoacyl-tRNA; Derived by automated computational analysis using gene prediction method: Protein Homology.; peptidyl-tRNA hydrolase
	[1670414:1671646:dir] Derived by automated computational analysis using gene prediction method: Protein Homology.; pseudouridine synthase
	[1671615:1671863:rev] Derived by automated computational analysis using gene prediction method: Protein Homology.; hypothetical protein
	[1671909:1672841:rev] Derived by automated computational analysis using gene prediction method: Protein Homology.; tRNA methyltransferase
<END>
<GI> CP010835:11 <COORDINATES> 1701500-1724623 <STAT> n1_4mer:GRV/n1_4mer:RV = 1.660168; n0_4mer:D = 27.819492; n0_4mer:PS = 47.439222
	[1701599:1701946:rev] Derived by automated computational analysis using gene prediction method: Protein Homology.; superoxide reductase
	[1701957:1702118:rev] Derived by automated computational analysis using gene prediction method: Protein Homology.; rubredoxin
	[1702267:1703634:dir] Derived by automated computational analysis using gene prediction method: Protein Homology.; circadian clock KaiC-like protein
	[1703627:1703929:dir] Derived by automated computational analysis using gene prediction method: Protein Homology.; hypothetical protein
	[1703932:1704606:dir] Derived by automated computational analysis using gene prediction method: Protein Homology.; hypothetical protein
	[1704611:1705828:rev] Derived by automated computational analysis using gene prediction method: Protein Homology.; beta-lactamase
	[1707702:1708088:rev] Derived by automated computational analysis using gene prediction method: Protein Homology.; transcriptional regulator
	[1708120:1709397:rev] Derived by automated computational analysis using gene prediction method: Protein Homology.; phosphomethylpyrimidine synthase
	[1709480:1711378:rev] Derived by automated computational analysis using gene prediction method: Protein Homology.; ABC transporter ATP-binding protein
	[1711422:1711778:rev] Derived by automated computational analysis using gene prediction method: Protein Homology.; hypothetical protein
	[1711834:1713165:rev] Derived by automated computational analysis using gene prediction method: Protein Homology.; ATPase
	[1713221:1713985:rev] Derived by automated computational analysis using gene prediction method: Protein Homology.; ABC transporter
	[1713991:1714977:rev] Derived by automated computational analysis using gene prediction method: Protein Homology.; ABC transporter ATP-binding protein
	[1714978:1715433:rev] Derived by automated computational analysis using gene prediction method: Protein Homology.; PadR family transcriptional regulator
	[1715830:1716066:rev] Derived by automated computational analysis using gene prediction method: GeneMarkS+.; hypothetical protein
	[1716080:1716718:rev] Derived by automated computational analysis using gene prediction method: GeneMarkS+.; hypothetical protein
	[1716782:1718113:rev] Derived by automated computational analysis using gene prediction method: Protein Homology.; 4-aminobutyrate aminotransferase
	[1718232:1718678:dir] Derived by automated computational analysis using gene prediction method: Protein Homology.; transcriptional regulator
	[1718679:1719107:dir] Derived by automated computational analysis using gene prediction method: Protein Homology.; ATPase
	[1719076:1719723:dir] Derived by automated computational analysis using gene prediction method: Protein Homology.; endonuclease III
	[1719713:1720300:rev] Derived by automated computational analysis using gene prediction method: Protein Homology.; peptidase
	[1720423:1720794:dir] rpl7ae; multifunctional protein; binds C/D boxes of sRNAs and guides RNA post-transcriptional modification; also binds KT-15 motif in 23S rRNA; Derived by automated computational analysis using gene prediction method: Protein Homology.; 50S ribosomal protein L7
	[1720843:1721058:dir] Derived by automated computational analysis using gene prediction method: Protein Homology.; 30S ribosomal protein S28
	[1721064:1721267:dir] Derived by automated computational analysis using gene prediction method: Protein Homology.; 50S ribosomal protein L24
	[1721396:1721800:dir] Derived by automated computational analysis using gene prediction method: GeneMarkS+.; hypothetical protein
	[1721766:1722851:dir] Derived by automated computational analysis using gene prediction method: Protein Homology.; hypothetical protein
	[1722817:1723524:dir] Derived by automated computational analysis using gene prediction method: Protein Homology.; ABC transporter permease
	[1723521:1723958:dir] Derived by automated computational analysis using gene prediction method: Protein Homology.; hypothetical protein
	[1723955:1724623:dir] Derived by automated computational analysis using gene prediction method: Protein Homology.; transporter
<END>