<GI> CP081183:1 <COORDINATES> 512834-545710 <STAT> n1_4mer:GRV/n1_4mer:RV = 1.852589; n0_4mer:D = 44.547909; n0_4mer:PS = 27.938360
	[512834:515839:dir] Derived by automated computational analysis using gene prediction method: Protein Homology.; hypothetical protein
	[516589:516726:rev] Derived by automated computational analysis using gene prediction method: GeneMarkS-2+.; hypothetical protein
	[516805:518118:rev] Derived by automated computational analysis using gene prediction method: Protein Homology.; transposase
	[518295:518582:dir] Derived by automated computational analysis using gene prediction method: Protein Homology.; antitoxin VapB family protein
	[518569:518970:dir] Derived by automated computational analysis using gene prediction method: Protein Homology.; PIN domain-containing protein
	[519428:519724:dir] Derived by automated computational analysis using gene prediction method: Protein Homology.; AbrB/MazE/SpoVT family DNA-binding domain-containing protein
	[519721:520158:dir] Derived by automated computational analysis using gene prediction method: Protein Homology.; PIN domain-containing protein
	[520681:521079:rev] Derived by automated computational analysis using gene prediction method: Protein Homology.; PIN domain-containing protein
	[521076:521330:rev] Derived by automated computational analysis using gene prediction method: GeneMarkS-2+.; antitoxin VapB family protein
	[522289:522570:rev] Derived by automated computational analysis using gene prediction method: Protein Homology.; ribbon-helix-helix domain-containing protein
	[523137:523295:rev] incomplete; partial on complete genome; missing N-terminus and C-terminus; Derived by automated computational analysis using gene prediction method: Protein Homology.; transposase
	[523555:524793:rev] Derived by automated computational analysis using gene prediction method: Protein Homology.; transposase
	[524799:524927:rev] Derived by automated computational analysis using gene prediction method: Protein Homology.; AbrB/MazE/SpoVT family DNA-binding domain-containing protein
	[525065:525355:rev] incomplete; partial on complete genome; missing C-terminus; Derived by automated computational analysis using gene prediction method: Protein Homology.; hypothetical protein
	[525463:526353:rev] Derived by automated computational analysis using gene prediction method: Protein Homology.; hypothetical protein
	[526353:528668:rev] Derived by automated computational analysis using gene prediction method: Protein Homology.; hypothetical protein
	[528863:530113:rev] Derived by automated computational analysis using gene prediction method: Protein Homology.; transposase
	[530413:531411:rev] Derived by automated computational analysis using gene prediction method: Protein Homology.; IS110 family transposase
	[531704:532813:dir] internal stop; Derived by automated computational analysis using gene prediction method: Protein Homology.; transposase
	[533031:533489:rev] Derived by automated computational analysis using gene prediction method: GeneMarkS-2+.; hypothetical protein
	[533774:534028:dir] Derived by automated computational analysis using gene prediction method: Protein Homology.; helix-turn-helix domain-containing protein
	[534025:534516:rev] Derived by automated computational analysis using gene prediction method: GeneMarkS-2+.; hypothetical protein
	[534483:534842:rev] Derived by automated computational analysis using gene prediction method: GeneMarkS-2+.; hypothetical protein
	[535022:535258:dir] Derived by automated computational analysis using gene prediction method: Protein Homology.; hypothetical protein
	[535907:536633:dir] frameshifted; Derived by automated computational analysis using gene prediction method: Protein Homology.; class I SAM-dependent methyltransferase
	[536771:537792:rev] programmed frameshift; internal stop; Derived by automated computational analysis using gene prediction method: Protein Homology.; IS630 family transposase
	[537893:538528:dir] internal stop; Derived by automated computational analysis using gene prediction method: Protein Homology.; IS6 family transposase
	[539249:540460:dir] Derived by automated computational analysis using gene prediction method: Protein Homology.; glycosyltransferase family 4 protein
	[540509:541600:dir] wecB; Derived by automated computational analysis using gene prediction method: Protein Homology.; UDP-N-acetylglucosamine 2-epimerase (non-hydrolyzing)
	[541590:542852:dir] Derived by automated computational analysis using gene prediction method: Protein Homology.; nucleotide sugar dehydrogenase
	[542856:544619:dir] Derived by automated computational analysis using gene prediction method: Protein Homology.; heparinase II/III family protein
	[544616:545710:rev] Derived by automated computational analysis using gene prediction method: Protein Homology.; glycosyltransferase
<END>
<GI> CP081183:2 <COORDINATES> 579573-599134 <STAT> n1_4mer:GRV/n1_4mer:RV = 1.473298; n0_4mer:D = 42.540126; n0_4mer:PS = 26.385674
	[579573:582686:rev] Derived by automated computational analysis using gene prediction method: Protein Homology.; hypothetical protein
	[583514:583933:rev] Derived by automated computational analysis using gene prediction method: GeneMarkS-2+.; hypothetical protein
	[585029:585211:dir] Derived by automated computational analysis using gene prediction method: GeneMarkS-2+.; hypothetical protein
	[585341:585760:rev] Derived by automated computational analysis using gene prediction method: Protein Homology.; PIN domain-containing protein
	[585760:586062:rev] Derived by automated computational analysis using gene prediction method: Protein Homology.; AbrB/MazE/SpoVT family DNA-binding domain-containing protein
	[586359:586877:rev] Derived by automated computational analysis using gene prediction method: Protein Homology.; transcriptional regulator
	[586861:587181:rev] Derived by automated computational analysis using gene prediction method: Protein Homology.; hypothetical protein
	[587534:587902:dir] Derived by automated computational analysis using gene prediction method: Protein Homology.; UPF0175 family protein
	[587899:588405:dir] Derived by automated computational analysis using gene prediction method: Protein Homology.; twitching motility protein PilT
	[588402:588539:dir] Derived by automated computational analysis using gene prediction method: GeneMarkS-2+.; hypothetical protein
	[588564:589703:rev] Derived by automated computational analysis using gene prediction method: Protein Homology.; Fic family protein
	[590063:591313:rev] Derived by automated computational analysis using gene prediction method: Protein Homology.; transposase
	[591466:591705:dir] Derived by automated computational analysis using gene prediction method: GeneMarkS-2+.; hypothetical protein
	[591773:593572:rev] Derived by automated computational analysis using gene prediction method: Protein Homology.; ABC transporter ATP-binding protein/permease
	[593812:594780:dir] Derived by automated computational analysis using gene prediction method: Protein Homology.; NDP-sugar synthase
	[595028:595216:rev] Derived by automated computational analysis using gene prediction method: GeneMarkS-2+.; hypothetical protein
	[596448:596867:dir] Derived by automated computational analysis using gene prediction method: GeneMarkS-2+.; hypothetical protein
	[597074:599134:rev] incomplete; partial on complete genome; missing N-terminus; Derived by automated computational analysis using gene prediction method: Protein Homology.; transposase
<END>
<GI> CP081183:3 <COORDINATES> 1167569-1192907 <STAT> n1_4mer:GRV/n1_4mer:RV = 1.748004; n0_4mer:D = 30.976411; n0_4mer:PS = 40.827141
	[1167569:1168339:dir] Derived by automated computational analysis using gene prediction method: Protein Homology.; hypothetical protein
	[1168509:1170476:dir] Derived by automated computational analysis using gene prediction method: Protein Homology.; heavy metal translocating P-type ATPase
	[1170583:1171287:rev] Derived by automated computational analysis using gene prediction method: GeneMarkS-2+.; hypothetical protein
	[1171665:1172069:dir] Derived by automated computational analysis using gene prediction method: GeneMarkS-2+.; hypothetical protein
	[1172448:1172828:dir] Derived by automated computational analysis using gene prediction method: Protein Homology.; dehydratase
	[1173161:1174282:rev] Derived by automated computational analysis using gene prediction method: Protein Homology.; hypothetical protein
	[1174567:1175787:rev] Derived by automated computational analysis using gene prediction method: Protein Homology.; FAD-binding oxidoreductase
	[1176104:1177066:rev] Derived by automated computational analysis using gene prediction method: Protein Homology.; electron transfer flavoprotein subunit alpha/FixB family protein
	[1177063:1177851:rev] Derived by automated computational analysis using gene prediction method: Protein Homology.; electron transfer flavoprotein subunit beta/FixA family protein
	[1178379:1179158:dir] Derived by automated computational analysis using gene prediction method: Protein Homology.; IclR family transcriptional regulator
	[1179218:1181077:rev] Derived by automated computational analysis using gene prediction method: GeneMarkS-2+.; hypothetical protein
	[1181126:1181773:rev] Derived by automated computational analysis using gene prediction method: GeneMarkS-2+.; hypothetical protein
	[1182546:1183580:dir] bioB; Derived by automated computational analysis using gene prediction method: Protein Homology.; biotin synthase BioB
	[1183875:1184036:dir] Derived by automated computational analysis using gene prediction method: GeneMarkS-2+.; hypothetical protein
	[1184082:1185479:rev] Derived by automated computational analysis using gene prediction method: GeneMarkS-2+.; hypothetical protein
	[1185868:1186062:rev] Derived by automated computational analysis using gene prediction method: Protein Homology.; cold-shock protein
	[1186335:1188251:dir] Derived by automated computational analysis using gene prediction method: Protein Homology.; PAS domain S-box protein
	[1188630:1189742:dir] Derived by automated computational analysis using gene prediction method: Protein Homology.; MFS transporter
	[1189953:1192907:dir] Derived by automated computational analysis using gene prediction method: Protein Homology.; molybdopterin-dependent oxidoreductase
<END>
<GI> CP081183:4 <COORDINATES> 1206500-1230340 <STAT> n1_4mer:GRV/n1_4mer:RV = 2.784800; n0_4mer:D = 49.981761; n0_4mer:PS = 41.238275
	[1206834:1207439:rev] Derived by automated computational analysis using gene prediction method: GeneMarkS-2+.; hypothetical protein
	[1207721:1208119:dir] tnpA; Derived by automated computational analysis using gene prediction method: Protein Homology.; IS200/IS605 family transposase
	[1208360:1208992:rev] Members of this family of hydrolases with an active site Cys residue belong to MEROPS family C26; Derived by automated computational analysis using gene prediction method: Protein Homology.; gamma-glutamyl-gamma-aminobutyrate hydrolase family protein
	[1209154:1209591:rev] Derived by automated computational analysis using gene prediction method: GeneMarkS-2+.; CopG family transcriptional regulator
	[1209777:1210085:dir] Derived by automated computational analysis using gene prediction method: Protein Homology.; non-histone chromosomal MC1 family protein
	[1210203:1210628:dir] Derived by automated computational analysis using gene prediction method: Protein Homology.; universal stress protein
	[1210645:1210947:rev] Derived by automated computational analysis using gene prediction method: Protein Homology.; hypothetical protein
	[1211045:1211392:rev] Derived by automated computational analysis using gene prediction method: Protein Homology.; helix-turn-helix domain-containing protein
	[1211645:1211923:dir] Derived by automated computational analysis using gene prediction method: GeneMarkS-2+.; hypothetical protein
	[1212045:1212500:dir] Derived by automated computational analysis using gene prediction method: GeneMarkS-2+.; hypothetical protein
	[1213713:1215183:dir] Derived by automated computational analysis using gene prediction method: cmsearch.; 16S ribosomal RNA
	[1215289:1215360:dir] Derived by automated computational analysis using gene prediction method: tRNAscan-SE.; tRNA-Ala
	[1215568:1218486:dir] Derived by automated computational analysis using gene prediction method: cmsearch.; 23S ribosomal RNA
	[1218611:1218732:dir] rrf; Derived by automated computational analysis using gene prediction method: cmsearch.; 5S ribosomal RNA
	[1218832:1218907:dir] Derived by automated computational analysis using gene prediction method: tRNAscan-SE.; tRNA-Cys
	[1219020:1219931:rev] Derived by automated computational analysis using gene prediction method: Protein Homology.; CPBP family intramembrane metalloprotease
	[1222631:1223893:dir] Derived by automated computational analysis using gene prediction method: Protein Homology.; transposase
	[1223910:1224206:dir] Derived by automated computational analysis using gene prediction method: GeneMarkS-2+.; hypothetical protein
	[1224395:1225183:rev] Derived by automated computational analysis using gene prediction method: Protein Homology.; VOC family protein
	[1225649:1227103:dir] Derived by automated computational analysis using gene prediction method: Protein Homology.; NCS2 family permease
	[1227201:1227464:dir] Derived by automated computational analysis using gene prediction method: Protein Homology.; glutathione S-transferase N-terminal domain-containing protein
	[1227785:1228782:dir] frameshifted; Derived by automated computational analysis using gene prediction method: Protein Homology.; IS110 family transposase
	[1229084:1230340:dir] Derived by automated computational analysis using gene prediction method: Protein Homology.; transposase
<END>
<GI> CP081183:5 <COORDINATES> 1477480-1495599 <STAT> n1_4mer:GRV/n1_4mer:RV = 1.622734; n0_4mer:D = 34.413505; n0_4mer:PS = 54.696065
	[1477480:1482372:rev] Derived by automated computational analysis using gene prediction method: Protein Homology.; hypothetical protein
	[1482431:1483060:rev] Derived by automated computational analysis using gene prediction method: Protein Homology.; fibrillarin-like rRNA/tRNA 2'-O-methyltransferase
	[1483060:1483896:rev] Derived by automated computational analysis using gene prediction method: Protein Homology.; NOP58 family protein
	[1483979:1484332:dir] Derived by automated computational analysis using gene prediction method: Protein Homology.; hypothetical protein
	[1484329:1485633:rev] Derived by automated computational analysis using gene prediction method: Protein Homology.; DNA double-strand break repair nuclease NurA
	[1485801:1486712:rev] Derived by automated computational analysis using gene prediction method: Protein Homology.; hypothetical protein
	[1486709:1487449:rev] Derived by automated computational analysis using gene prediction method: Protein Homology.; hypothetical protein
	[1487446:1488309:rev] Derived by automated computational analysis using gene prediction method: Protein Homology.; hypothetical protein
	[1488317:1488787:rev] Derived by automated computational analysis using gene prediction method: GeneMarkS-2+.; hypothetical protein
	[1488990:1489223:dir] Derived by automated computational analysis using gene prediction method: Protein Homology.; HTH domain-containing protein
	[1489248:1490606:rev] Derived by automated computational analysis using gene prediction method: Protein Homology.; CCA tRNA nucleotidyltransferase
	[1490729:1490801:dir] Derived by automated computational analysis using gene prediction method: tRNAscan-SE.; tRNA-Asn
	[1490803:1491453:rev] Derived by automated computational analysis using gene prediction method: Protein Homology.; helix-turn-helix domain-containing protein
	[1491686:1492792:dir] Derived by automated computational analysis using gene prediction method: Protein Homology.; Brp/Blh family beta-carotene 15,15'-dioxygenase
	[1492848:1494017:dir] Derived by automated computational analysis using gene prediction method: Protein Homology.; MFS transporter
	[1494078:1494479:dir] Derived by automated computational analysis using gene prediction method: Protein Homology.; molybdopterin-dependent oxidoreductase
	[1494509:1495528:rev] Derived by automated computational analysis using gene prediction method: Protein Homology.; glutathione S-transferase family protein
<END>