<GI> CP002051 ADGW01000000 ADGW01000001 ADGW01000002 ADGW01000003:1 <COORDINATES> 21156-40933 <STAT> n1_4mer:GRV/n1_4mer:RV = 1.567194; n0_4mer:D = 22.418126; n0_4mer:PS = 37.552280
	[21156:21740:rev] hypothetical protein
	[21737:23071:rev] KEGG: srp54; signal recognition particle 54; K03106 signal recognition particle subunit SRP54; PFAM: GTP-binding signal recognition particle SRP54 G- domain; Signal peptide binding (SRP54) M- domain protein; GTP-binding signal recognition particle SRP54 helical bundle; SMART: AAA ATPase; GTP-binding signal recognition particle SRP54 G- domain protein
	[23318:24193:dir] hypothetical protein
	[24308:24715:rev] PFAM: DNA polymerase beta domain protein region; KEGG: atc:AGR_L_62 hypothetical protein; DNA polymerase beta domain protein region
	[24696:25106:rev] KEGG: hypothetical protein; PFAM: HEPN domain protein; SMART: HEPN domain protein; HEPN domain protein
	[25263:25350:rev] tRNA-Leu5; tRNA-Leu
	[25467:26849:rev] KEGG: erg:ERGA_CDS_02460 adenylosuccinate lyase; TIGRFAM: adenylosuccinate lyase; PFAM: fumarate lyase; Adenylosuccinate lyase-like; adenylosuccinate lyase
	[26881:28302:rev] PFAM: FAD dependent oxidoreductase; HI0933 family protein; KEGG: dvl:Dvul_2322 FAD dependent oxidoreductase; FAD dependent oxidoreductase
	[28302:29321:rev] PFAM: adenylosuccinate synthetase; KEGG: bpy:Bphyt_2530 adenylosuccinate synthetase; SMART: adenylosuccinate synthetase; Adenylosuccinate synthase
	[29471:30088:rev] PFAM: phosphoribosyltransferase; KEGG: sat:SYN_03353 xanthine-guanine phosphoribosyltransferase; phosphoribosyltransferase
	[30103:31692:rev] KEGG: gur:Gura_3123 GMP synthase; TIGRFAM: GMP synthase, large subunit; GMP synthase, small subunit; PFAM: glutamine amidotransferase class-I; GMP synthase domain protein; GMP synthase, large subunit
	[31915:32790:rev] hypothetical protein
	[33022:33165:rev] hypothetical protein
	[33214:33666:rev] hypothetical protein
	[33659:34327:rev] hypothetical protein
	[34351:34680:rev] PFAM: protein of unknown function DUF74; KEGG: hch:HCH_01985 hypothetical protein; protein of unknown function DUF74
	[34808:35099:dir] 
	[35184:35546:dir] 
	[35583:36281:dir] PFAM: phosphoribosyltransferase; KEGG: tgr:Tgr7_1686 phosphoribosyltransferase; phosphoribosyltransferase
	[36294:37118:dir] KEGG: glo:Glov_3607 methylthioadenosine phosphorylase; TIGRFAM: methylthioadenosine phosphorylase; PFAM: purine or other phosphorylase family 1; methylthioadenosine phosphorylase
	[37085:38002:dir] hypothetical protein
	[37977:38369:dir] hypothetical protein
	[38344:39282:dir] KEGG: aap:NT05HA_1236 ribosomal protein S6 modification protein; TIGRFAM: alpha-L-glutamate ligase, RimK family; PFAM: RimK domain protein ATP-grasp; protein of unknown function DUF201; alpha-L-glutamate ligase, RimK family
	[39359:39976:rev] hypothetical protein
	[40061:40933:dir] hypothetical protein
<END>
<GI> CP002051 ADGW01000000 ADGW01000001 ADGW01000002 ADGW01000003:2 <COORDINATES> 439000-457099 <STAT> n1_4mer:GRV/n1_4mer:RV = 1.553607; n0_4mer:D = 22.078672; n0_4mer:PS = 28.712389
	[439026:440297:rev] KEGG: hypothetical protein; PFAM: AAA ATPase central domain protein; SMART: AAA ATPase; AAA ATPase central domain protein
	[440324:440944:rev] KEGG: tetratricopeptide repeat protein; hypothetical protein
	[440950:441579:rev] hypothetical protein
	[441749:442402:dir] hypothetical protein
	[442427:443476:rev] hypothetical protein
	[443495:444391:rev] KEGG: cjd:JJD26997_1143 hypothetical protein; hypothetical protein
	[444571:446463:dir] KEGG: similar to CG18255-PA; hypothetical protein
	[446475:449312:dir] KEGG: mxa:MXAN_5045 serine/threonine kinase family protein; PFAM: Serine/threonine protein kinase-related; tyrosine protein kinase; Pyrrolo-quinoline quinone; WD40 repeat, subgroup; SMART: serine/threonine protein kinase; tyrosine protein kinase; Pyrrolo-quinoline quinone beta-propeller repeat; WD-40 repeat protein; serine/threonine protein kinase with WD40 repeats
	[449813:449986:rev] hypothetical protein
	[450145:452262:dir] KEGG: hypothetical protein; hypothetical protein
	[452262:452993:dir] KEGG: lpn:lpg2944 UDP-3-O-[3-hydroxymyristoyl] glucosamine N-acyltransferase; hypothetical protein
	[453013:453495:dir] hypothetical protein
	[453793:454224:rev] hypothetical protein
	[454246:456078:rev] KEGG: dol:Dole_1367 serine/threonine protein kinase with CHASE2 sensor; PFAM: Serine/threonine protein kinase-related; tyrosine protein kinase; SMART: serine/threonine protein kinase; tyrosine protein kinase; serine/threonine protein kinase
	[456054:456428:rev] hypothetical protein
<END>
<GI> CP002051 ADGW01000000 ADGW01000001 ADGW01000002 ADGW01000003:3 <COORDINATES> 622627-645718 <STAT> n1_4mer:GRV/n1_4mer:RV = 1.675808; n0_4mer:D = 20.221402; n0_4mer:PS = 38.920697
	[622627:624387:rev] PFAM: extracellular solute-binding protein family 1; KEGG: bpt:Bpet3537 putative regulatory lipoprotein; extracellular solute-binding protein family 1
	[624544:627372:dir] PFAM: Protein of unknown function DUF2223; KEGG: hypothetical protein; Protein of unknown function DUF2223
	[627447:629624:rev] PFAM: metallophosphoesterase; KEGG: hypothetical protein; metallophosphoesterase
	[629722:630162:dir] PFAM: Resolvase, Holliday junction-type; Resolvase, Holliday junction-type
	[630159:630389:rev] hypothetical protein
	[630706:632283:rev] KEGG: ypb:YPTS_3513 type II secretion system protein E; PFAM: PilT protein domain protein; SMART: Nucleotide binding protein PINc; AAA ATPase; PilT protein domain protein
	[632471:633895:dir] KEGG: afw:Anae109_3838 metallophosphoesterase; hypothetical protein
	[633902:635275:rev] KEGG: ppd:Ppro_0567 hypothetical protein; conserved hypothetical protein
	[635413:637932:rev] KEGG: phosphoenolpyruvate synthase; K01007 pyruvate, water dikinase; TIGRFAM: phosphoenolpyruvate synthase; PFAM: pyruvate phosphate dikinase PEP/pyruvate-binding; PEP-utilising protein mobile region; PEP-utilizing protein; phosphoenolpyruvate synthase
	[638102:639649:rev] PFAM: Carbamoyl-phosphate synthase L chain ATP-binding; biotin carboxylase domain protein; ATP-dependent carboxylate-amine ligase domain protein ATP-grasp; Phosphoribosylglycinamide synthetase, ATP-grasp (A) domain; RimK domain protein ATP-grasp; Carbamoyl-phosphate synthetase large chain domain protein; KEGG: bba:Bd3861 pyruvate carboxylase; Carbamoyl-phosphate synthase L chain ATP-binding protein
	[639801:640496:rev] hypothetical protein
	[640536:641768:rev] KEGG: mlo:mlr1185 succinyl-diaminopimelate desuccinylase; TIGRFAM: acetylornithine deacetylase or succinyl-diaminopimelate desuccinylase; PFAM: peptidase M20; peptidase dimerisation domain protein; acetylornithine deacetylase or succinyl-diaminopimelate desuccinylase
	[641998:643221:dir] hypothetical protein
	[643272:643517:rev] KEGG: dps:DP1865 ferredoxin; ferredoxin
	[643678:644565:rev] hypothetical protein
	[644807:645718:rev] PFAM: inner-membrane translocator; KEGG: mes:Meso_1691 inner-membrane translocator; inner-membrane translocator
<END>
<GI> CP002051 ADGW01000000 ADGW01000001 ADGW01000002 ADGW01000003:4 <COORDINATES> 760428-781061 <STAT> n1_4mer:GRV/n1_4mer:RV = 1.530506; n0_4mer:D = 26.510822; n0_4mer:PS = 26.160312
	[760428:761570:dir] PFAM: FAD dependent oxidoreductase; KEGG: scl:sce0669 sarcosine oxidase, beta subunit; FAD dependent oxidoreductase
	[762045:762983:dir] PFAM: PfkB domain protein; KEGG: gbm:Gbem_2483 PfkB domain protein; PfkB domain protein
	[763022:763351:rev] putative transcriptional regulator, CopG family
	[763414:764409:rev] PFAM: PP-loop domain protein; KEGG: hypothetical protein; PP-loop domain protein
	[764416:764622:rev] PFAM: thiamineS protein; KEGG: gem:GM21_2934 thiamineS protein; thiamineS protein
	[764844:766205:rev] KEGG: xfa:XF0818 endo-1,4-beta-glucanase; PFAM: glycoside hydrolase family 5; Cellulase
	[766235:767209:rev] TIGRFAM: oligopeptide/dipeptide ABC transporter, ATPase subunit; PFAM: ABC transporter related; Oligopeptide/dipeptide ABC transporter domain protein; KEGG: scl:sce4298 ABC-type oligopeptide transport system, ATPase component; SMART: AAA ATPase; oligopeptide/dipeptide ABC transporter, ATPase subunit
	[767225:768187:rev] TIGRFAM: oligopeptide/dipeptide ABC transporter, ATPase subunit; PFAM: Oligopeptide/dipeptide ABC transporter domain protein; ABC transporter related; KEGG: sat:SYN_02171 oligopeptide transport ATP-binding protein; SMART: AAA ATPase; oligopeptide/dipeptide ABC transporter, ATPase subunit
	[768192:769046:rev] PFAM: binding-protein-dependent transport systems inner membrane component; KEGG: rlg:Rleg_6686 binding-protein-dependent transport systems inner membrane component; binding-protein-dependent transport systems inner membrane component
	[769048:770052:rev] PFAM: binding-protein-dependent transport systems inner membrane component; KEGG: scl:sce4301 peptide ABC transporter, permease protein; binding-protein-dependent transport systems inner membrane component
	[770116:772155:rev] PFAM: extracellular solute-binding protein family 5; KEGG: ret:RHE_PE00332 putative peptide ABC transporter, substrate-binding protein; extracellular solute-binding protein family 5
	[772807:774372:rev] PFAM: glycoside hydrolase family 1; KEGG: mca:MCA1578 beta-glucosidase; glycoside hydrolase family 1
	[774699:774824:rev] hypothetical protein
	[775056:776549:dir] KEGG: fph:Fphi_0869 carboxypeptidase Taq; PFAM: peptidase M32 carboxypeptidase Taq metallopeptidase; Carboxypeptidase Taq
	[776669:777487:dir] PFAM: Mg2 transporter protein CorA family protein; KEGG: gur:Gura_3419 magnesium and cobalt transport protein CorA; Mg2 transporter protein CorA family protein
	[777575:778405:dir] KEGG: dvl:Dvul_2477 fructose-bisphosphate aldolase; PFAM: deoxyribose-phosphate aldolase/phospho-2-dehydro-3-deoxyheptonate aldolase; Fructose-bisphosphate aldolase
	[778482:779567:rev] PFAM: major facilitator superfamily MFS_1; KEGG: similar to glucose 6-phosphate translocase; K08171 MFS transporter, OPA family, solute carrier family 37 (glycerol-6-phosphate transporter), member 4; major facilitator superfamily MFS_1
	[779625:781061:dir] hypothetical protein
<END>
<GI> CP002051 ADGW01000000 ADGW01000001 ADGW01000002 ADGW01000003:5 <COORDINATES> 839126-885322 <STAT> n1_4mer:GRV/n1_4mer:RV = 1.869224; n0_4mer:D = 22.937690; n0_4mer:PS = 39.723848
	[839126:840070:rev] hypothetical protein
	[840073:841386:rev] PFAM: protein of unknown function DUF58; KEGG: sml:Smlt4486 hypothetical protein; protein of unknown function DUF58
	[841383:842321:rev] KEGG: nis:NIS_0588 AAA family ATPase; PFAM: ATPase associated with various cellular activities AAA_3; ATPase associated with various cellular activities AAA_5; SMART: AAA ATPase; ATPase associated with various cellular activities AAA_3
	[842314:843285:rev] hypothetical protein
	[843300:845177:rev] KEGG: wpi:WPa_0407 ankyrin and tpr repeat domain protein; hypothetical protein
	[845177:845416:rev] hypothetical protein
	[845422:846102:rev] hypothetical protein
	[846306:847232:dir] PFAM: glycosyl transferase family 2; KEGG: ajs:Ajs_0549 glycosyl transferase family protein; glycosyl transferase family 2
	[847263:848741:rev] PFAM: polysaccharide biosynthesis protein; KEGG: nam:NAMH_1666 probable polysaccharide biosynthesis protein; polysaccharide biosynthesis protein
	[848871:849305:dir] hypothetical protein
	[849428:849598:dir] hypothetical protein
	[849775:850380:dir] PFAM: Methyltransferase type 11; Methyltransferase type 12; KEGG: reu:Reut_A0718 glycosyl transferase family protein; Methyltransferase type 11
	[850469:851590:dir] PFAM: glycosyl transferase family 2; KEGG: tgr:Tgr7_2368 glycosyl transferase family protein; glycosyl transferase family 2
	[851566:851691:dir] hypothetical protein
	[851688:851918:dir] KEGG: gsu:GSU2250 glycosyl transferase, group 1 family protein; hypothetical protein
	[851919:852878:dir] PFAM: NAD-dependent epimerase/dehydratase; Male sterility domain; 3-beta hydroxysteroid dehydrogenase/isomerase; polysaccharide biosynthesis protein CapD; dTDP-4-dehydrorhamnose reductase; short-chain dehydrogenase/reductase SDR; NmrA family protein; KEGG: rlt:Rleg2_5599 NAD-dependent epimerase/dehydratase; NAD-dependent epimerase/dehydratase
	[852884:853204:dir] 
	[853312:854343:dir] PFAM: glycosyl transferase group 1; KEGG: rlg:Rleg_6737 glycosyl transferase group 1; glycosyl transferase group 1
	[854546:856129:dir] hypothetical protein
	[856305:857339:dir] PFAM: glycosyl transferase group 1; KEGG: hypothetical protein; K03857 phosphatidylinositol glycan, class A; glycosyl transferase group 1
	[857348:857467:dir] hypothetical protein
	[857464:858288:dir] TIGRFAM: methyltransferase FkbM family; KEGG: nmu:Nmul_A0295 methyltransferase FkbM; methyltransferase FkbM family
	[858314:859351:dir] PFAM: glycosyl transferase group 1; KEGG: nmu:Nmul_A0296 glycosyl transferase, group 1; glycosyl transferase group 1
	[859359:859526:dir] hypothetical protein
	[859676:860221:dir] hypothetical protein
	[860221:860403:dir] hypothetical protein
	[860504:861220:dir] hypothetical protein
	[861887:863326:dir] PFAM: sulfatase; KEGG: pca:Pcar_1723 putative sulfatase; sulfatase
	[863519:864718:dir] PFAM: glycosyl transferase group 1; KEGG: tdn:Suden_1419 glycosyl transferase, group 1; glycosyl transferase group 1
	[864715:866259:dir] PFAM: type I phosphodiesterase/nucleotide pyrophosphatase; KEGG: dma:DMR_02860 type I phosphodiesterase/nucleotide pyrophosphatase family protein; type I phosphodiesterase/nucleotide pyrophosphatase
	[866314:867129:dir] PFAM: polysaccharide deacetylase; KEGG: asa:ASA_0095 polysaccharide deacetylase; polysaccharide deacetylase
	[867126:868445:dir] PFAM: glycosyl transferase group 1; KEGG: nmu:Nmul_A2152 glycosyl transferase, group 1; glycosyl transferase group 1
	[868447:869469:dir] PFAM: glycosyl transferase family 2; KEGG: hch:HCH_02236 glycosyltransferase; glycosyl transferase family 2
	[869581:869853:rev] 
	[870005:870562:dir] TIGRFAM: dTDP-4-dehydrorhamnose 3,5-epimerase; KEGG: sbc:SbBS512_E1195 dTDP-4-dehydrorhamnose 3,5-epimerase; PFAM: dTDP-4-dehydrorhamnose 35-epimerase related; dTDP-4-dehydrorhamnose 3,5-epimerase
	[870571:871425:dir] KEGG: geo:Geob_1871 dTDP-4-dehydrorhamnose reductase; TIGRFAM: dTDP-4-dehydrorhamnose reductase; PFAM: dTDP-4-dehydrorhamnose reductase; polysaccharide biosynthesis protein CapD; NAD-dependent epimerase/dehydratase; dTDP-4-dehydrorhamnose reductase
	[871444:872460:dir] PFAM: NAD-dependent epimerase/dehydratase; 3-beta hydroxysteroid dehydrogenase/isomerase; Male sterility domain; polysaccharide biosynthesis protein CapD; dTDP-4-dehydrorhamnose reductase; KEGG: cbd:CBUD_0067 UDP-glucose 4-epimerase; NAD-dependent epimerase/dehydratase
	[872485:873549:dir] KEGG: sek:SSPA0725 TDP-glucose pyrophosphorylase; TIGRFAM: glucose-1-phosphate thymidyltransferase; PFAM: Nucleotidyl transferase; transferase hexapeptide repeat containing protein; glucose-1-phosphate thymidyltransferase
	[873577:874002:dir] TIGRFAM: dTDP-4-dehydrorhamnose 3,5-epimerase; KEGG: avi:Avi_1490 dTDP-4-dehydrorhamnose 3,5-epimerase; PFAM: dTDP-4-dehydrorhamnose 35-epimerase related; dTDP-4-dehydrorhamnose 3,5-epimerase
	[874122:874376:dir] hypothetical protein
	[874523:875941:rev] hypothetical protein
	[876376:877698:rev] KEGG: nmc:NMC2048 putative permease; TIGRFAM: hydroxymethylpyrimidine transporter CytX; PFAM: permease for cytosine/purines uracil thiamine allantoin; hydroxymethylpyrimidine transporter CytX
	[877958:878203:dir] KEGG: sfu:Sfum_2576 AbrB family transcriptional regulator; TIGRFAM: transcriptional regulator, AbrB family; PFAM: SpoVT/AbrB domain protein; transcriptional regulator, AbrB family
	[878182:878601:dir] PFAM: PilT protein domain protein; KEGG: glo:Glov_2071 PilT protein domain protein; PilT protein domain protein
	[879013:879237:dir] hypothetical protein
	[879238:879663:dir] hypothetical protein
	[880025:880432:dir] PFAM: HEPN domain protein; SMART: HEPN domain protein; HEPN domain protein
	[880434:880772:dir] PFAM: DNA polymerase beta domain protein region; DNA polymerase beta domain protein region
	[880988:881134:rev] hypothetical protein
	[881414:882331:rev] PFAM: beta-lactamase domain protein; KEGG: dat:HRM2_43600 putative metal-dependent hydrolase; beta-lactamase domain protein
	[882607:882852:dir] hypothetical protein
	[883103:885322:rev] KEGG: GE26411 gene product from transcript GE26411-RA; hypothetical protein
<END>
<GI> CP002051 ADGW01000000 ADGW01000001 ADGW01000002 ADGW01000003:6 <COORDINATES> 1257652-1284599 <STAT> n1_4mer:GRV/n1_4mer:RV = 2.765076; n0_4mer:D = 44.800840; n0_4mer:PS = 27.792987
	[1257652:1258653:rev] PFAM: integrase family protein; integrase domain protein SAM domain protein; Uncharacterised protein family UPF0547; KEGG: eta:ETA_27870 tyrosine recombinase XerD; integrase family protein
	[1258842:1259828:dir] PFAM: phosphoesterase DHHA1; phosphoesterase RecJ domain protein; KEGG: hypothetical protein; phosphoesterase DHHA1
	[1259852:1260715:rev] PFAM: Uncharacterised conserved protein UCP037214; Uncharacterized conserved protein UCP037214
	[1260829:1261074:dir] hypothetical protein
	[1261076:1261555:dir] hypothetical protein
	[1261562:1262206:rev] hypothetical protein
	[1262303:1263292:dir] TIGRFAM: bifunctional phosphoglucose/phosphomannose isomerase; PFAM: Bifunctional glucose-6-phosphate/mannose-6-phosphate isomerase-like; sugar isomerase (SIS); bifunctional phosphoglucose/phosphomannose isomerase
	[1263289:1264137:rev] PFAM: UbiA prenyltransferase; KEGG: chlorophyll a synthase; K04040 chlorophyll synthase; UbiA prenyltransferase
	[1264354:1265379:dir] TIGRFAM: galactose-1-phosphate uridylyltransferase; KEGG: nmu:Nmul_A1939 galactose-1-phosphate uridylyltransferase; PFAM: galactose-1-phosphate uridyl transferase domain protein; galactose-1-phosphate uridylyltransferase
	[1265369:1266643:dir] PFAM: GHMP kinase; GHMP kinase domain protein; Galactokinase galactose-binding domain; KEGG: fta:FTA_1485 galactokinase; GHMP kinase
	[1266809:1269997:rev] RNAmmer 1.2, Lagesen et al., Nucleic Acids Res. Apr2 2, 2007; 23S ribosomal RNA
	[1270431:1271941:rev] RNAmmer 1.2, Lagesen et al., Nucleic Acids Res. Apr2 2, 2007; 16S ribosomal RNA
	[1272924:1273015:rev] tRNA-Thr3; tRNA-Thr
	[1273124:1273855:dir] TIGRFAM: SPP-like hydrolase; HAD-superfamily hydrolase, subfamily IIB; Sucrose-phosphate phosphatase subfamily; KEGG: abc:ACICU_00762 trehalose-6-phosphatase; PFAM: Haloacid dehalogenase domain protein hydrolase type 3; sucrose-6F-phosphate phosphohydrolase; Haloacid dehalogenase domain protein hydrolase; SPP-like hydrolase
	[1274115:1274885:dir] hypothetical protein
	[1275001:1275123:dir] 
	[1275179:1275598:dir] hypothetical protein
	[1275730:1275854:rev] tRNA-Cys1; tRNA-Cys
	[1275896:1276963:rev] KEGG: similar to Golgin subfamily A member 4 (Trans-Golgi p230) (256 kDa golgin) (Golgin-245) (Protein 72.1); hypothetical protein
	[1277116:1279677:rev] KEGG: ara:Arad_8466 alpha-mannosidase protein; PFAM: glycoside hydrolase family 38; Glycoside hydrolase family 38 central region; glycosyl hydrolase 38 domain protein; Alpha-mannosidase
	[1279737:1279844:rev] tRNA-Val2; tRNA-Val
	[1279928:1280038:rev] tRNA-Met2; tRNA-Met
	[1280094:1280291:rev] PFAM: CopG domain protein DNA-binding domain protein; CopG domain protein DNA-binding domain protein
	[1280466:1280562:dir] tRNA-Arg2; tRNA-Arg
	[1280601:1281314:dir] PFAM: beta-lactamase domain protein; KEGG: dat:HRM2_43600 putative metal-dependent hydrolase; beta-lactamase domain protein
	[1281311:1282114:rev] PFAM: zinc/iron permease; KEGG: dvl:Dvul_2882 zinc/iron permease; zinc/iron permease
	[1282125:1282844:rev] PFAM: Threonyl/alanyl tRNA synthetase SAD; KEGG: hch:HCH_05059 metal-dependent hydrolase; Threonyl/alanyl tRNA synthetase SAD
	[1282876:1282975:rev] tRNA-Gln1; tRNA-Gln
	[1283170:1284111:dir] KEGG: TFIIB; transcription initiation factor IIB; K03124 transcription initiation factor TFIIB; PFAM: Transcription factor TFIIB cyclin-related; Zinc finger TFIIB-type domain protein; SMART: Cyclin domain protein; Transcription factor TFIIB cyclin-related protein
	[1284176:1284490:rev] PFAM: translation initiation factor SUI1; KEGG: mmw:Mmwyl1_2203 translation initiation factor SUI1; translation initiation factor SUI1
<END>
<GI> CP002051 ADGW01000000 ADGW01000001 ADGW01000002 ADGW01000003:7 <COORDINATES> 1331594-1354125 <STAT> n1_4mer:GRV/n1_4mer:RV = 2.072058; n0_4mer:D = 19.975073; n0_4mer:PS = 41.198684
	[1331594:1332445:rev] PFAM: protein of unknown function DUF198; KEGG: gbm:Gbem_3692 protein of unknown function DUF198; protein of unknown function DUF198
	[1332565:1332978:dir] PFAM: 6-pyruvoyl tetrahydropterin synthase and hypothetical protein; KEGG: aap:NT05HA_0382 queuosine biosynthesis protein QueD; 6-pyruvoyl tetrahydropterin synthase and hypothetical protein
	[1333025:1334020:rev] KEGG: mei:Msip34_1505 beta-ribofuranosylaminobenzene 5'-phosphate synthase family; TIGRFAM: beta-ribofuranosylaminobenzene 5'-phosphate synthase family; PFAM: GHMP kinase domain protein; GHMP kinase; beta-ribofuranosylaminobenzene 5'-phosphate synthase family
	[1334025:1335608:rev] KEGG: mmb:Mmol_0897 dihydropteroate synthase DhpS; TIGRFAM: dihydropteroate synthase-related protein; PFAM: dihydropteroate synthase DHPS; dihydropteroate synthase-related protein
	[1335694:1335768:rev] tRNA-Arg4; tRNA-Arg
	[1335817:1338546:rev] TIGRFAM: alanyl-tRNA synthetase; KEGG: hypothetical protein; K01872 alanyl-tRNA synthetase; PFAM: Alanyl-tRNA synthetase, class IIc-like; Threonyl/alanyl tRNA synthetase SAD; alanyl-tRNA synthetase
	[1338766:1339095:rev] PFAM: ribosomal protein 60S; KEGG: 60S acidic ribosomal protein P1; K02942 large subunit ribosomal protein LP1; ribosomal protein 60S
	[1339212:1340225:rev] PFAM: ribosomal protein L10; KEGG: similar to Rplp0 protein; K02941 large subunit ribosomal protein LP0; ribosomal protein L10
	[1340233:1340880:rev] PFAM: ribosomal protein L1; KEGG: hypothetical protein; K02865 large subunit ribosomal protein L10Ae; ribosomal protein L1
	[1340888:1341418:rev] KEGG: lpc:LPC_3025 50S ribosomal protein L11; PFAM: ribosomal protein L11; SMART: ribosomal protein L11; ribosomal protein L11
	[1341421:1341900:rev] KEGG: hypothetical protein; PFAM: KOW domain protein; SMART: NGN domain protein; KOW domain protein; NusG antitermination factor
	[1341905:1342093:rev] hypothetical protein
	[1342114:1343001:rev] TIGRFAM: signal recognition particle-docking protein FtsY; PFAM: GTP-binding signal recognition particle SRP54 G- domain; GTP-binding signal recognition particle SRP54 helical bundle; KEGG: sfu:Sfum_2460 signal recognition particle-docking protein FtsY; SMART: AAA ATPase; signal recognition particle-docking protein FtsY
	[1343052:1343531:rev] KEGG: AGAP003416-PA; K04797 prefoldin alpha subunit; TIGRFAM: prefoldin, alpha subunit; PFAM: Prefoldin alpha domain protein; prefoldin, alpha subunit
	[1343531:1343791:rev] PFAM: Ribosomal LX protein; Ribosomal LX protein
	[1343794:1344477:rev] TIGRFAM: translation initiation factor eIF-6; PFAM: translation initiation factor IF6; KEGG: eukaryotic translation initiation factor 6; K03264 translation initiation factor eIF-6; SMART: translation initiation factor IF6; translation initiation factor eIF-6
	[1344563:1344877:rev] KEGG: Ribosomal protein L31B; K02910 large subunit ribosomal protein L31e; Ribosomal protein L31E-like protein
	[1344919:1345074:rev] PFAM: Ribosomal protein L39e; KEGG: 60S ribosomal protein L39; K02924 large subunit ribosomal protein L39e; Ribosomal protein L39e
	[1345091:1345429:rev] PFAM: DNA-binding TFAR19-related protein; KEGG: hypothetical protein; K06875; DNA-binding TFAR19-related protein
	[1345436:1345933:rev] PFAM: Ribosomal protein S19e; KEGG: hypothetical protein; K02966 small subunit ribosomal protein S19e; Ribosomal protein S19e
	[1345918:1346286:rev] PFAM: protein of unknown function UPF0044; KEGG: ppd:Ppro_1188 hypothetical protein; protein of unknown function UPF0044
	[1346205:1346582:rev] PFAM: RNAse P, Rpr2/Rpp21 subunit; KEGG: hypothetical protein LOC759593; RNAse P, Rpr2/Rpp21 subunit
	[1346698:1347390:dir] PFAM: Suppressor Mra1 family protein; KEGG: nep1; Suppressor Mra1 family protein
	[1347586:1349481:dir] TIGRFAM: anaerobic ribonucleoside-triphosphate reductase; KEGG: dvm:DvMF_1473 anaerobic ribonucleoside triphosphate reductase; anaerobic ribonucleoside-triphosphate reductase
	[1349558:1350361:dir] KEGG: nis:NIS_1769 hypothetical protein; TIGRFAM: anaerobic ribonucleoside-triphosphate reductase activating protein; PFAM: Radical SAM domain protein; anaerobic ribonucleoside-triphosphate reductase activating protein
	[1350366:1351340:dir] TIGRFAM: thymidylate synthase, flavin-dependent; KEGG: ppd:Ppro_2649 FAD-dependent thymidylate synthase; PFAM: thymidylate synthase complementing protein ThyX; thymidylate synthase, flavin-dependent
	[1351318:1351857:dir] KEGG: bau:BUAPTUC7_107 deoxycytidine triphosphate deaminase; TIGRFAM: deoxycytidine triphosphate deaminase; PFAM: deoxyUTP pyrophosphatase; deoxycytidine triphosphate deaminase
	[1351955:1353232:dir] PFAM: major facilitator superfamily MFS_1; General substrate transporter; KEGG: abn:AB57_0231 major facilitator superfamily MFS_1; major facilitator superfamily MFS_1
	[1353242:1353353:rev] tRNA-Glu1; tRNA-Glu
	[1353421:1354125:rev] KEGG: nis:NIS_1670 sugar fermentation stimulation protein; TIGRFAM: sugar fermentation stimulation protein; PFAM: sugar fermentation stimulation protein; sugar fermentation stimulation protein
<END>
<GI> CP002051 ADGW01000000 ADGW01000001 ADGW01000002 ADGW01000003:8 <COORDINATES> 1364796-1389345 <STAT> n1_4mer:GRV/n1_4mer:RV = 2.423801; n0_4mer:D = 23.144268; n0_4mer:PS = 43.422869
	[1364796:1365878:rev] 
	[1366020:1366310:rev] KEGG: hypothetical protein; K02875 large subunit ribosomal protein L14e; Ribosomal protein L14E/L6E/L27E-like protein
	[1366365:1366898:rev] KEGG: gem:GM21_1911 transport-associated protein; TIGRFAM: cytidylate kinase; cytidylate kinase
	[1366996:1367274:rev] PFAM: Ribosomal protein L34e; KEGG: similar to putative ribosomal protein L34; K02915 large subunit ribosomal protein L34e; Ribosomal protein L34e
	[1367611:1368057:rev] hypothetical protein
	[1368063:1369493:rev] PFAM: SecY protein; Translocon Sec61/SecY, plug domain; KEGG: probable transport protein Sec61 alpha subunit, putative; K10956 protein transport protein SEC61 subunit alpha; SecY protein
	[1369624:1370082:rev] PFAM: ribosomal protein L15; KEGG: ribosomal protein L15 containing protein; ribosomal protein L15
	[1370106:1370594:rev] KEGG: 60S RIBOSOMAL PROTEIN L7; K02937 large subunit ribosomal protein L7e; TIGRFAM: ribosomal protein L30P; PFAM: ribosomal protein L30; ribosomal protein L30P
	[1370614:1371258:rev] KEGG: 40S ribosomal protein S2; K02981 small subunit ribosomal protein S2e; TIGRFAM: ribosomal protein S5; PFAM: ribosomal protein S5 domain protein; Ribosomal protein S5; ribosomal protein S5
	[1371261:1371869:rev] PFAM: ribosomal protein L18P/L5E; KEGG: 60S ribosomal protein L5; K02932 large subunit ribosomal protein L5e; ribosomal protein L18P/L5E
	[1371878:1372336:rev] PFAM: Ribosomal protein L19e; KEGG: hypothetical protein; K02885 large subunit ribosomal protein L19e; Ribosomal protein L19e
	[1372356:1372766:rev] PFAM: Ribosomal protein L32e; KEGG: 60S ribosomal protein L32; K02912 large subunit ribosomal protein L32e; Ribosomal protein L32e
	[1372763:1373320:rev] KEGG: 60S ribosomal protein L9; K02940 large subunit ribosomal protein L9e; TIGRFAM: ribosomal protein L6P; PFAM: Ribosomal protein L6, alpha-beta domain; ribosomal protein L6P
	[1373340:1373741:rev] PFAM: ribosomal protein S8; KEGG: hypothetical protein; ribosomal protein S8
	[1373787:1373951:rev] PFAM: ribosomal protein S14; KEGG: similar to ribosomal protein S29e; K02980 small subunit ribosomal protein S29e; ribosomal protein S14
	[1373975:1374541:rev] PFAM: ribosomal protein L5; KEGG: YALI0B15103p; K02868 large subunit ribosomal protein L11e; ribosomal protein L5
	[1374541:1375299:rev] KEGG: RPS4; ribosomal protein S4, component of cytosolic 80S ribosome and 40S small subunit; K02987 small subunit ribosomal protein S4e; PFAM: Ribosomal protein S4E, central domain protein; Ribosomal protein S4E domain protein; RNA-binding S4 domain protein; SMART: RNA-binding S4 domain protein; Ribosomal protein S4E, central domain protein
	[1375299:1375757:rev] TIGRFAM: ribosomal protein L24; PFAM: KOW domain protein; KEGG: RPL26L1; ribosomal protein L26-like 1; K02898 large subunit ribosomal protein L26e; SMART: KOW domain protein; ribosomal protein L24
	[1375769:1376191:rev] KEGG: 60S ribosomal protein L23; K02894 large subunit ribosomal protein L23e; TIGRFAM: 50S ribosomal protein L14P; PFAM: ribosomal protein L14b/L23e; 50S ribosomal protein L14P
	[1376191:1376538:rev] KEGG: 40S ribosomal protein S11 (RPS11B); K02949 small subunit ribosomal protein S11e; TIGRFAM: ribosomal protein S17P; PFAM: ribosomal protein S17; ribosomal protein S17P
	[1376555:1376833:rev] KEGG: POP4 (processing of precursor, S. cerevisiae); K03538 ribonuclease P subunit P29; PFAM: Ribonuclease P, Rpp29; SMART: Ribonuclease P, Rpp29; Ribonuclease P, Rpp29
	[1376864:1377067:rev] KEGG: dat:HRM2_36180 RpmC; TIGRFAM: ribosomal protein L29; PFAM: ribosomal protein L29; ribosomal protein L29
	[1377079:1377756:rev] TIGRFAM: ribosomal protein S3; PFAM: ribosomal protein S3- domain protein; KH type 2 domain protein; KEGG: rps3; ribosomal protein S3; K02985 small subunit ribosomal protein S3e; SMART: KH domain protein; ribosomal protein S3
	[1377759:1378244:rev] KEGG: hypothetical protein; K02880 large subunit ribosomal protein L17e; TIGRFAM: ribosomal protein L22; PFAM: ribosomal protein L22/L17; ribosomal protein L22
	[1378251:1378682:rev] KEGG: TNeu055f11.1; ribosomal protein S15; K02958 small subunit ribosomal protein S15e; TIGRFAM: ribosomal protein S19; PFAM: ribosomal protein S19/S15; ribosomal protein S19
	[1378733:1380670:rev] hypothetical protein
	[1380657:1381574:rev] KEGG: ade:Adeh_2708 ATPase associated with various cellular activities, AAA-5; PFAM: ATPase associated with various cellular activities AAA_5; SMART: AAA ATPase; ATPase associated with various cellular activities AAA_5
	[1381640:1381993:dir] hypothetical protein
	[1381990:1382709:rev] PFAM: ribosomal protein L2; KEGG: SORBIDRAFT_09g026110; hypothetical protein; ribosomal protein L2
	[1382738:1383013:rev] KEGG: similar to 60S ribosomal protein L23a; TIGRFAM: archaeal ribosomal protein L23; PFAM: Ribosomal protein L25/L23; ribosomal protein L23
	[1383010:1383825:rev] KEGG: ribosomal protein; TIGRFAM: 50S ribosomal protein L4P; PFAM: ribosomal protein L4/L1e; 50S ribosomal protein L4P
	[1383842:1385029:rev] KEGG: expressed hypothetical protein; K02925 large subunit ribosomal protein L3e; TIGRFAM: ribosomal protein L3; PFAM: ribosomal protein L3; ribosomal protein L3
	[1385074:1385913:rev] PFAM: Protein of unknown function DUF171; KEGG: SORBIDRAFT_10g007030; hypothetical protein; Protein of unknown function DUF171
	[1385910:1386020:rev] hypothetical protein
	[1386157:1387827:rev] SMART: AAA ATPase; KEGG: vei:Veis_3486 ATPase-like protein; AAA ATPase
	[1387802:1387972:rev] hypothetical protein
	[1387969:1389345:rev] hypothetical protein
<END>
<GI> CP002051 ADGW01000000 ADGW01000001 ADGW01000002 ADGW01000003:9 <COORDINATES> 1556642-1581499 <STAT> n1_4mer:GRV/n1_4mer:RV = 2.062252; n0_4mer:D = 23.053715; n0_4mer:PS = 41.356177
	[1556642:1557028:rev] PFAM: ribosomal protein L7Ae/L30e/S12e/Gadd45; KEGG: ribosomal protein l7ae; ribosomal protein L7Ae/L30e/S12e/Gadd45
	[1557105:1558862:rev] TIGRFAM: glutamyl-tRNA synthetase; KEGG: vvy:VV1013 glutaminyl-tRNA synthetase; PFAM: Glutamyl/glutaminyl-tRNA synthetase, class Ic, catalytic domain; Glutamyl/glutaminyl-tRNA synthetase, class Ic, anti-codon binding domain; glutamyl-tRNA synthetase
	[1558825:1559340:rev] PFAM: Protein of unknown function DUF2118; Protein of unknown function DUF2118
	[1559340:1560467:rev] KEGG: rbe:RBE_0731 isopentenyl pyrophosphate isomerase; TIGRFAM: isopentenyl-diphosphate delta-isomerase, type 2; isopentenyl-diphosphate delta-isomerase, type 2
	[1560555:1561424:rev] PFAM: protein of unknown function DUF52; KEGG: gme:Gmet_1957 hypothetical protein; protein of unknown function DUF52
	[1561433:1562092:rev] KEGG: expressed hypothetical protein; K02998 small subunit ribosomal protein SAe; TIGRFAM: ribosomal protein S2; PFAM: ribosomal protein S2; ribosomal protein S2
	[1562115:1562315:rev] PFAM: RNA polymerase, N/8 Kd subunit; KEGG: hypothetical protein; K03007 DNA-directed RNA Polymerase II subunit L; RNA polymerase, N/8 Kd subunit
	[1562337:1562750:rev] KEGG: SORBIDRAFT_05g001680; hypothetical protein; TIGRFAM: ribosomal protein S9P; PFAM: ribosomal protein S9; ribosomal protein S9P
	[1562747:1563199:rev] KEGG: 60S ribosomal protein L13; K02872 large subunit ribosomal protein L13Ae; TIGRFAM: ribosomal protein L13; PFAM: ribosomal protein L13; ribosomal protein L13
	[1563205:1563567:rev] PFAM: ribosomal protein L15; KEGG: hypothetical protein; ribosomal protein L15
	[1563564:1564406:rev] KEGG: DNA-directed RNA polymerase I; K03027 DNA-directed RNA Polymerase III subunit C5; PFAM: RNA polymerase insert; 4Fe-4S ferredoxin iron-sulfur binding domain protein; RNA polymerase dimerisation; SMART: RNA polymerase RpoA/D/Rpb3-type; RNA polymerase insert
	[1564437:1564829:rev] KEGG: rps14; 40S ribosomal protein S14; K02955 small subunit ribosomal protein S14e; TIGRFAM: ribosomal protein S11P; PFAM: ribosomal protein S11; ribosomal protein S11P
	[1564865:1565371:rev] TIGRFAM: ribosomal protein S4; PFAM: RNA-binding S4 domain protein; ribosomal protein S4; KEGG: ribosomal protein S4 containing protein; K02997 small subunit ribosomal protein S9e; SMART: RNA-binding S4 domain protein; ribosomal protein S4
	[1565385:1565858:rev] KEGG: ribosomal protein S13p/S18e; K02964 small subunit ribosomal protein S18e; TIGRFAM: ribosomal protein S13P; PFAM: ribosomal protein S13; ribosomal protein S13P
	[1566140:1566228:rev] tRNA-Ser2; tRNA-Ser
	[1566365:1566676:rev] KEGG: rps20; 40S ribosomal protein S20; K02969 small subunit ribosomal protein S20e; TIGRFAM: ribosomal protein S10; PFAM: ribosomal protein S10; ribosomal protein S10
	[1566787:1568103:rev] TIGRFAM: translation elongation factor EF-1, subunit alpha; KEGG: eef1a-s; eukaryotic translation elongation factor 1 alpha, somatic form; K03231 elongation factor EF-1 alpha subunit; PFAM: protein synthesis factor GTP-binding; elongation factor Tu domain protein; elongation factor Tu domain 2 protein; translation elongation factor EF-1, subunit alpha
	[1568299:1568898:rev] KEGG: RPS5; Ribosomal protein S5, component of cytosolic 80S ribosome and 40S small subunit; K02989 small subunit ribosomal protein S5e; TIGRFAM: ribosomal protein S7; PFAM: ribosomal protein S7; ribosomal protein S7
	[1569058:1569582:dir] conserved hypothetical protein
	[1569632:1570075:rev] KEGG: RPS23; likely cytosolic ribosomal protein similar to S. cerevisiae RPS23A (YGR118W) and RPS23B (YPR132W) small subunit protein S23; TIGRFAM: ribosomal protein S23 (S12); PFAM: ribosomal protein S12/S23; ribosomal protein S23 (S12)
	[1570156:1570608:rev] TIGRFAM: NusA family KH domain protein; PFAM: KH type 2 domain protein; KEGG: pay:PAU_04030 N utilization substance protein a (NusA protein) (l factor); SMART: KH domain protein; NusA family KH domain protein
	[1570605:1570928:rev] PFAM: ribosomal protein L7Ae/L30e/S12e/Gadd45; KEGG: 60S ribosomal protein L30; K02908 large subunit ribosomal protein L30e; ribosomal protein L7Ae/L30e/S12e/Gadd45
	[1570936:1572201:rev] KEGG: hypothetical protein; K03006 DNA-directed RNA polymerase II subunit A; TIGRFAM: DNA-directed RNA polymerase, subunit A''; PFAM: RNA polymerase Rpb1 domain 5; DNA-directed RNA polymerase, subunit A''
	[1572198:1574858:rev] TIGRFAM: DNA-directed RNA polymerase subunit A'; PFAM: RNA polymerase alpha subunit; RNA polymerase Rpb1 domain 3; RNA polymerase Rpb1 domain 4; RNA polymerase Rpb1 domain 1; KEGG: rpb1; RNA polymerase II core subunit; K03006 DNA-directed RNA polymerase II subunit A; SMART: RNA polymerase I subunit A domain protein; DNA-directed RNA polymerase subunit A'
	[1574873:1578343:rev] KEGG: DNA-DIRECTED RNA POLYMERASE II SECOND LARGEST SUBUNIT; K03010 DNA-directed RNA polymerase II subunit B; TIGRFAM: DNA-directed RNA polymerase subunit B; PFAM: RNA polymerase Rpb2 domain 6; RNA polymerase beta subunit; RNA polymerase Rpb2 domain 7; RNA polymerase Rpb2 domain 3; RNA polymerase Rpb2 domain 2; RNA polymerase Rpb2, domain 5 protein; RNA polymerase Rpb2, domain 4 protein; DNA-directed RNA polymerase subunit B
	[1578351:1578623:rev] PFAM: RNA polymerase Rpb5; KEGG: hypothetical protein; K03013 DNA-directed RNA polymerase II subunit E; RNA polymerase Rpb5
	[1578854:1578930:rev] tRNA-Ala2; tRNA-Ala
	[1578991:1579562:rev] 
	[1579624:1580295:rev] KEGG: ftm:FTM_1412 phosphoglycolate phosphatase; TIGRFAM: HAD-superfamily hydrolase, subfamily IA, variant 3; HAD-superfamily hydrolase, subfamily IA, variant 1; PFAM: Haloacid dehalogenase domain protein hydrolase; HAD-superfamily hydrolase, subfamily IA, variant 3
<END>