<GI> AP018929:1 <COORDINATES> 401854-422599 <STAT> n1_4mer:GRV/n1_4mer:RV = 1.793112; n0_4mer:D = 35.726228; n0_4mer:PS = 29.376294
	[401854:402537:rev] Modification methylase MjaI
	[402589:402717:rev] Modification methylase MjaI
	[402940:403092:rev] hypothetical protein
	[404597:405184:rev] hypothetical protein
	[405194:405340:rev] hypothetical protein
	[405399:405677:rev] CRISPR-associated endoribonuclease Cas2
	[406238:407083:rev] hypothetical protein
	[407080:407994:rev] hypothetical protein
	[407982:408578:rev] hypothetical protein
	[408627:409286:rev] hypothetical protein
	[409298:411985:rev] hypothetical protein
	[411969:412148:rev] hypothetical protein
	[412145:412924:rev] hypothetical protein
	[412926:413768:rev] hypothetical protein
	[413773:414423:rev] hypothetical protein
	[414420:414827:rev] hypothetical protein
	[415685:415837:dir] hypothetical protein
	[415824:416552:dir] hypothetical protein
	[416549:417280:dir] hypothetical protein
	[418012:420333:rev] Thermopsin
	[420744:421433:rev] hypothetical protein
	[421630:421968:dir] hypothetical protein
	[421908:422042:dir] hypothetical protein
	[422018:422350:dir] hypothetical protein
<END>
<GI> AP018929:2 <COORDINATES> 517500-548331 <STAT> n1_4mer:GRV/n1_4mer:RV = 1.557441; n0_4mer:D = 33.574646; n0_4mer:PS = 31.698874
	[518700:519194:dir] hypothetical protein
	[519550:519693:rev] hypothetical protein
	[520551:521501:dir] CRISPR-associated endonuclease Cas1
	[522630:524408:dir] hypothetical protein
	[524401:525276:dir] CRISPR-associated protein Cas7
	[525276:525962:dir] CRISPR-associated protein Cas5
	[526117:526377:dir] CRISPR-associated endoribonuclease Cas2
	[526882:528786:dir] hypothetical protein
	[529295:531436:dir] CRISPR-associated nuclease/helicase Cas3
	[531669:531947:rev] hypothetical protein
	[532068:532235:rev] hypothetical protein
	[532488:532607:dir] hypothetical protein
	[532806:533738:dir] hypothetical protein
	[534111:534830:rev] hypothetical protein
	[534835:535128:rev] hypothetical protein
	[535449:536561:rev] L-threonine 3-dehydrogenase
	[536586:537317:rev] hypothetical protein
	[537766:539307:dir] Putative sialic acid transporter
	[540320:541330:dir] hypothetical protein
	[541577:542086:dir] hypothetical protein
	[542304:544106:dir] hypothetical protein
	[544459:545133:dir] Sugar fermentation stimulation protein
	[547735:548331:dir] hypothetical protein
<END>
<GI> AP018929:3 <COORDINATES> 659500-679021 <STAT> n1_4mer:GRV/n1_4mer:RV = 1.622583; n0_4mer:D = 31.008836; n0_4mer:PS = 34.165753
	[659575:659937:rev] hypothetical protein
	[659934:660575:rev] hypothetical protein
	[660577:661380:rev] hypothetical protein
	[661477:662229:dir] Molybdate/tungstate import ATP-binding protein WtpC
	[662399:664645:rev] Glyceraldehyde dehydrogenase large chain
	[664642:665118:rev] Glyceraldehyde dehydrogenase small chain
	[665118:665957:rev] Glyceraldehyde dehydrogenase medium chain
	[666074:666214:rev] hypothetical protein
	[666584:667951:dir] hypothetical protein
	[668216:668986:rev] Protein FdhD
	[668979:669299:rev] hypothetical protein
	[669296:672211:rev] Formate dehydrogenase subunit alpha
	[672374:672952:dir] hypothetical protein
	[673698:674549:dir] 6-phosphogluconate dehydrogenase, NAD(+)-dependent, decarboxylating
	[674595:674708:dir] hypothetical protein
	[674907:675101:rev] hypothetical protein
	[675438:676238:dir] hypothetical protein
	[676340:677272:dir] Thermopsin
	[677674:678633:dir] hypothetical protein
	[678575:679021:rev] hypothetical protein
<END>
<GI> AP018929:4 <COORDINATES> 731160-751415 <STAT> n1_4mer:GRV/n1_4mer:RV = 1.521229; n0_4mer:D = 34.523954; n0_4mer:PS = 19.411621
	[731160:734378:dir] hypothetical protein
	[734401:734811:rev] Ribonuclease VapC3
	[734808:735086:rev] hypothetical protein
	[735328:735447:rev] hypothetical protein
	[735510:736709:dir] hypothetical protein
	[737256:737807:dir] hypothetical protein
	[738124:738405:rev] hypothetical protein
	[738402:738578:rev] hypothetical protein
	[738660:739025:rev] hypothetical protein
	[739318:739953:rev] hypothetical protein
	[740082:741263:rev] hypothetical protein
	[741260:743725:rev] hypothetical protein
	[743722:744468:rev] putative ABC transporter ATP-binding protein
	[744683:745450:dir] L-rhamnose 1-dehydrogenase
	[745621:746532:rev] CoB--CoM heterodisulfide reductase subunit B
	[746529:747260:rev] CoB--CoM heterodisulfide reductase iron-sulfur subunit C
	[747241:747969:rev] hypothetical protein
	[747977:749080:rev] CoB--CoM heterodisulfide reductase iron-sulfur subunit A
	[749134:750468:rev] CoB--CoM heterodisulfide reductase subunit B
	[750573:751415:rev] CoB--CoM heterodisulfide reductase iron-sulfur subunit C
<END>
<GI> AP018929:5 <COORDINATES> 909500-939599 <STAT> n1_4mer:GRV/n1_4mer:RV = 2.535745; n0_4mer:D = 41.581325; n0_4mer:PS = 35.198469
	[909590:909787:dir] hypothetical protein
	[910210:910383:dir] hypothetical protein
	[910380:911042:dir] hypothetical protein
	[911192:911473:dir] hypothetical protein
	[912517:912690:dir] Transposase ISC1316
	[912746:912922:dir] hypothetical protein
	[912868:913374:dir] hypothetical protein
	[913744:913881:dir] hypothetical protein
	[914044:914166:dir] hypothetical protein
	[914171:914788:rev] hypothetical protein
	[915301:916755:dir] hypothetical protein
	[917429:917575:rev] hypothetical protein
	[918162:918410:rev] hypothetical protein
	[918801:920204:dir] hypothetical protein
	[920508:921959:dir] hypothetical protein
	[922676:925662:rev] 23S ribosomal RNA
	[925868:927336:rev] 16S ribosomal RNA
	[927976:928341:rev] hypothetical protein
	[928554:928784:dir] hypothetical protein
	[928781:929014:dir] hypothetical protein
	[929192:929362:dir] hypothetical protein
	[929585:929722:dir] hypothetical protein
	[929728:930162:rev] hypothetical protein
	[930567:930794:dir] hypothetical protein
	[931153:931497:dir] hypothetical protein
	[931509:931691:dir] hypothetical protein
	[932375:932686:rev] hypothetical protein
	[932751:933110:rev] hypothetical protein
	[933277:933429:rev] hypothetical protein
	[933426:933593:rev] hypothetical protein
	[933993:934124:dir] hypothetical protein
	[934252:935421:dir] hypothetical protein
	[935418:936584:dir] hypothetical protein
	[937013:937675:dir] hypothetical protein
	[937726:938328:dir] hypothetical protein
	[938800:938976:dir] hypothetical protein
	[938978:939100:dir] hypothetical protein
	[939138:939518:rev] hypothetical protein
<END>
<GI> AP018929:6 <COORDINATES> 945887-968099 <STAT> n1_4mer:GRV/n1_4mer:RV = 1.522306; n0_4mer:D = 32.119407; n0_4mer:PS = 29.163114
	[945887:946582:rev] hypothetical protein
	[946536:947321:rev] Trehalose/maltose import ATP-binding protein MalK
	[947334:948167:rev] hypothetical protein
	[948169:949164:rev] hypothetical protein
	[949188:949790:rev] hypothetical protein
	[950328:950403:rev] tRNA-Pro
	[950722:951261:rev] hypothetical protein
	[951406:952671:dir] Putative sialic acid transporter
	[953054:953809:rev] hypothetical protein
	[953909:954376:rev] hypothetical protein
	[954443:955036:rev] hypothetical protein
	[955281:955433:rev] hypothetical protein
	[955649:955873:rev] hypothetical protein
	[955927:956115:rev] hypothetical protein
	[956171:956272:dir] hypothetical protein
	[956542:956661:dir] hypothetical protein
	[956704:956779:rev] tRNA-Gly
	[956824:957069:rev] hypothetical protein
	[957117:958016:dir] hypothetical protein
	[958050:958295:rev] hypothetical protein
	[958455:960065:dir] Outer membrane protein assembly factor BamB
	[960062:960184:rev] hypothetical protein
	[960534:962099:dir] hypothetical protein
	[962479:963051:rev] hypothetical protein
	[963048:963686:rev] putative thymidylate kinase
	[963668:964324:rev] putative thymidylate kinase
	[964315:965559:rev] Guanosine-5'-triphosphate,3'-diphosphate pyrophosphatase
	[965563:966051:rev] 2,3-bisphosphoglycerate-dependent phosphoglycerate mutase
	[966344:966967:dir] hypothetical protein
	[967378:967788:rev] hypothetical protein
<END>
<GI> AP018929:7 <COORDINATES> 1011163-1035930 <STAT> n1_4mer:GRV/n1_4mer:RV = 1.514293; n0_4mer:D = 29.723979; n0_4mer:PS = 41.832135
	[1011163:1012134:rev] Glyoxylate reductase
	[1012306:1012854:rev] putative N-glycosylase/DNA lyase
	[1012856:1013359:rev] hypothetical protein
	[1013472:1013690:dir] hypothetical protein
	[1013687:1013986:dir] hypothetical protein
	[1013947:1014264:rev] hypothetical protein
	[1014273:1014668:rev] hypothetical protein
	[1014655:1015623:rev] hypothetical protein
	[1015738:1018149:dir] Isoleucine--tRNA ligase
	[1018152:1019348:rev] Aspartate aminotransferase
	[1019368:1020111:rev] Indole-3-glycerol phosphate synthase
	[1020111:1020701:rev] Anthranilate synthase component 2
	[1020698:1021957:rev] Anthranilate synthase component 1
	[1021947:1022531:rev] N-(5'-phosphoribosyl)anthranilate isomerase
	[1022528:1023559:rev] Anthranilate phosphoribosyltransferase
	[1023549:1024274:rev] Tryptophan synthase alpha chain
	[1024276:1025592:rev] Tryptophan synthase beta chain 2
	[1025617:1025889:rev] Acylphosphatase
	[1025981:1027057:dir] hypothetical protein
	[1027011:1027310:dir] hypothetical protein
	[1027367:1029736:rev] putative phosphoenolpyruvate synthase
	[1029854:1030525:rev] Cell division protein B2
	[1030598:1030879:dir] hypothetical protein
	[1030854:1032296:rev] 3-octaprenyl-4-hydroxybenzoate carboxy-lyase
	[1032454:1033572:dir] Threonine synthase
	[1033661:1034899:dir] putative aspartokinase
	[1034887:1035930:dir] Aspartate-semialdehyde dehydrogenase
<END>
<GI> AP018929:8 <COORDINATES> 1209766-1232814 <STAT> n1_4mer:GRV/n1_4mer:RV = 1.885547; n0_4mer:D = 30.410527; n0_4mer:PS = 47.811900
	[1209766:1210263:rev] Cell division protein B2
	[1210397:1210693:rev] hypothetical protein
	[1210736:1212106:rev] Dihydrolipoyl dehydrogenase
	[1212109:1212489:rev] hypothetical protein
	[1212543:1213193:dir] tRNA(Phe) 7-((3-amino-3-carboxypropyl)-4-demethylwyosine(37)-N(4))- methyltransferase
	[1213107:1213727:rev] 7-carboxy-7-deazaguanine synthase
	[1213708:1214700:rev] GTPase Der
	[1214694:1215041:rev] Methionine--tRNA ligase
	[1215147:1215845:dir] Phosphoribosylaminoimidazole-succinocarboxamide synthase
	[1215842:1216090:dir] Phosphoribosylformylglycinamidine synthase subunit PurS
	[1216087:1216758:dir] Intracellular protease 1
	[1216755:1218860:dir] Phosphoribosylformylglycinamidine synthase subunit PurL
	[1218850:1220205:dir] Glutamine--fructose-6-phosphate aminotransferase
	[1220208:1221416:dir] Amidophosphoribosyltransferase
	[1221422:1222843:dir] Phosphoribosylamine--glycine ligase
	[1222840:1223811:dir] Phosphoribosylformylglycinamidine cyclo-ligase
	[1223868:1224332:dir] hypothetical protein
	[1224422:1224580:dir] hypothetical protein
	[1224656:1225831:dir] Argininosuccinate synthase
	[1225833:1227176:dir] Fumarate hydratase class II
	[1227157:1228272:dir] GMP synthase [glutamine-hydrolyzing] subunit A
	[1228265:1231393:dir] Pyruvate carboxylase subunit A
	[1231390:1232235:dir] Glutamate--LysW ligase ArgX
	[1232203:1232814:rev] hypothetical protein
<END>
<GI> AP018929:9 <COORDINATES> 1319915-1340138 <STAT> n1_4mer:GRV/n1_4mer:RV = 1.787659; n0_4mer:D = 30.049246; n0_4mer:PS = 39.643481
	[1319915:1320547:rev] Glyceraldehyde 3-phosphate phosphatase
	[1320814:1322205:dir] Putative sialic acid transporter
	[1322205:1323731:dir] hypothetical protein
	[1323731:1325164:dir] hypothetical protein
	[1325290:1325601:dir] Zinc-containing ferredoxin-1
	[1325585:1326154:dir] Ubiquinone/menaquinone biosynthesis C-methyltransferase UbiE
	[1326231:1326812:dir] hypothetical protein
	[1326837:1328174:dir] UvrABC system protein B
	[1328161:1329603:dir] hypothetical protein
	[1329649:1330740:dir] Succinate-semialdehyde dehydrogenase (acetylating)
	[1330923:1332341:dir] hypothetical protein
	[1332552:1333493:rev] Mevalonate kinase
	[1333490:1334668:rev] putative threonine--tRNA ligase 2
	[1334665:1335933:rev] Ribonuclease J
	[1335991:1336350:dir] Nascent polypeptide-associated complex protein
	[1336313:1337041:rev] hypothetical protein
	[1337087:1337161:dir] tRNA-Pro
	[1337320:1338384:rev] Bifunctional protein GlmU
	[1338381:1340138:rev] Glutamine--fructose-6-phosphate aminotransferase
<END>
<GI> AP018929:10 <COORDINATES> 2147985-2169732 <STAT> n1_4mer:GRV/n1_4mer:RV = 1.556787; n0_4mer:D = 34.730787; n0_4mer:PS = 24.024230
	[2147985:2149145:dir] hypothetical protein
	[2149335:2149550:rev] hypothetical protein
	[2149538:2149708:rev] hypothetical protein
	[2149749:2150432:rev] hypothetical protein
	[2150444:2151028:rev] Modification methylase MjaI
	[2151080:2151298:rev] Modification methylase MjaI
	[2152051:2152617:dir] Na(+)-translocating NADH-quinone reductase subunit F
	[2152614:2153543:dir] L-threonine 3-dehydrogenase
	[2154046:2155206:rev] hypothetical protein
	[2156139:2157047:rev] N(1)-aminopropylagmatine ureohydrolase
	[2157403:2157522:dir] hypothetical protein
	[2157517:2158551:rev] hypothetical protein
	[2158551:2160167:rev] hypothetical protein
	[2160252:2160416:dir] hypothetical protein
	[2160892:2162208:dir] Glutamate-1-semialdehyde 2,1-aminomutase
	[2162346:2162462:dir] hypothetical protein
	[2162732:2163316:rev] hypothetical protein
	[2164187:2164819:rev] CRISPR-associated endonuclease Cas3-HD
	[2164816:2166471:rev] CRISPR-associated helicase Cas3
	[2166440:2167420:rev] Putative CRISPR-associated protein
	[2167408:2168232:rev] CRISPR-associated protein Cas5 2
	[2168229:2169260:rev] CRISPR-associated protein Cas7/Csa2 1
	[2169262:2169732:rev] CRISPR type I-A cluster 1/Apern-associated protein Csa5-1
<END>
<GI> AP018929:11 <COORDINATES> 2203374-2229599 <STAT> n1_4mer:GRV/n1_4mer:RV = 1.777930; n0_4mer:D = 35.797665; n0_4mer:PS = 27.809864
	[2203374:2204969:rev] hypothetical protein
	[2205753:2206769:rev] Aromatic-amino-acid aminotransferase 1
	[2206771:2208237:rev] hypothetical protein
	[2208639:2210171:rev] hypothetical protein
	[2210168:2212108:rev] hypothetical protein
	[2212237:2213478:dir] Putative sialic acid transporter
	[2213578:2214663:rev] D-amino acid dehydrogenase
	[2214672:2216054:rev] hypothetical protein
	[2216009:2218120:rev] Glyceraldehyde dehydrogenase large chain
	[2218326:2218592:rev] hypothetical protein
	[2218616:2218873:rev] hypothetical protein
	[2219022:2219153:dir] hypothetical protein
	[2219194:2219331:dir] hypothetical protein
	[2219336:2219557:dir] hypothetical protein
	[2219688:2219873:rev] hypothetical protein
	[2220312:2220533:rev] hypothetical protein
	[2220845:2221048:rev] hypothetical protein
	[2221261:2221533:dir] hypothetical protein
	[2222457:2223209:dir] hypothetical protein
	[2223856:2224098:rev] hypothetical protein
	[2224302:2225225:dir] hypothetical protein
	[2225388:2226002:rev] GMP synthase [glutamine-hydrolyzing] subunit A
	[2226467:2227264:dir] hypothetical protein
	[2227563:2227970:dir] hypothetical protein
	[2227987:2228289:dir] hypothetical protein
	[2228908:2229138:dir] hypothetical protein
	[2229158:2229556:dir] Exonuclease VapC9
<END>