<GI> CP116885:1 <COORDINATES> 322725-351245 <STAT> n1_4mer:GRV/n1_4mer:RV = 2.613881; n0_4mer:D = 39.721675; n0_4mer:PS = 30.322945
	[322725:324659:dir] Derived by automated computational analysis using gene prediction method: Protein Homology.; hypothetical protein
	[324812:325195:dir] Derived by automated computational analysis using gene prediction method: GeneMarkS-2+.; hypothetical protein
	[325207:325542:dir] Derived by automated computational analysis using gene prediction method: Protein Homology.; hypothetical protein
	[325544:325774:dir] Derived by automated computational analysis using gene prediction method: Protein Homology.; t26-9p
	[325778:326581:dir] Derived by automated computational analysis using gene prediction method: Protein Homology.; hypothetical protein
	[326593:327075:dir] Derived by automated computational analysis using gene prediction method: Protein Homology.; hypothetical protein
	[327081:327548:dir] Derived by automated computational analysis using gene prediction method: Protein Homology.; hypothetical protein
	[327550:328350:dir] Derived by automated computational analysis using gene prediction method: Protein Homology.; hypothetical protein
	[328484:329947:dir] Derived by automated computational analysis using gene prediction method: Protein Homology.; DUF87 domain-containing protein
	[329954:330712:dir] Derived by automated computational analysis using gene prediction method: Protein Homology.; hypothetical protein
	[330712:330996:dir] Derived by automated computational analysis using gene prediction method: Protein Homology.; hypothetical protein
	[331005:331976:rev] Derived by automated computational analysis using gene prediction method: GeneMarkS-2+.; hypothetical protein
	[332063:333205:dir] Derived by automated computational analysis using gene prediction method: GeneMarkS-2+.; hypothetical protein
	[333340:333924:dir] Derived by automated computational analysis using gene prediction method: GeneMarkS-2+.; hypothetical protein
	[333893:334372:dir] Derived by automated computational analysis using gene prediction method: GeneMarkS-2+.; hypothetical protein
	[334394:334972:dir] Derived by automated computational analysis using gene prediction method: GeneMarkS-2+.; hypothetical protein
	[335146:335520:dir] Derived by automated computational analysis using gene prediction method: Protein Homology.; AbrB/MazE/SpoVT family DNA-binding domain-containing protein
	[335513:335953:rev] Derived by automated computational analysis using gene prediction method: Protein Homology.; hypothetical protein
	[335971:336984:rev] Derived by automated computational analysis using gene prediction method: Protein Homology.; hypothetical protein
	[337207:337626:dir] Derived by automated computational analysis using gene prediction method: GeneMarkS-2+.; hypothetical protein
	[337623:338048:dir] Derived by automated computational analysis using gene prediction method: GeneMarkS-2+.; AbrB/MazE/SpoVT family DNA-binding domain-containing protein
	[338457:338618:dir] Derived by automated computational analysis using gene prediction method: GeneMarkS-2+.; hypothetical protein
	[338838:338987:dir] Derived by automated computational analysis using gene prediction method: GeneMarkS-2+.; hypothetical protein
	[338980:339564:rev] Derived by automated computational analysis using gene prediction method: GeneMarkS-2+.; hypothetical protein
	[339818:340255:dir] Derived by automated computational analysis using gene prediction method: Protein Homology.; AbrB/MazE/SpoVT family DNA-binding domain-containing protein
	[340520:340687:dir] Derived by automated computational analysis using gene prediction method: GeneMarkS-2+.; hypothetical protein
	[340810:341721:dir] Derived by automated computational analysis using gene prediction method: GeneMarkS-2+.; hypothetical protein
	[341714:342151:dir] Derived by automated computational analysis using gene prediction method: GeneMarkS-2+.; hypothetical protein
	[342148:342336:dir] Derived by automated computational analysis using gene prediction method: GeneMarkS-2+.; hypothetical protein
	[342341:342661:dir] Derived by automated computational analysis using gene prediction method: GeneMarkS-2+.; hypothetical protein
	[342658:342849:dir] Derived by automated computational analysis using gene prediction method: Protein Homology.; hypothetical protein
	[342846:343157:dir] Derived by automated computational analysis using gene prediction method: Protein Homology.; hypothetical protein
	[343157:343732:dir] Derived by automated computational analysis using gene prediction method: Protein Homology.; hypothetical protein
	[343740:344000:dir] Derived by automated computational analysis using gene prediction method: GeneMarkS-2+.; hypothetical protein
	[343997:344251:dir] Derived by automated computational analysis using gene prediction method: GeneMarkS-2+.; hypothetical protein
	[344266:344616:dir] Derived by automated computational analysis using gene prediction method: GeneMarkS-2+.; hypothetical protein
	[344788:345141:dir] Derived by automated computational analysis using gene prediction method: Protein Homology.; hypothetical protein
	[345396:345473:rev] Derived by automated computational analysis using gene prediction method: tRNAscan-SE.; tRNA-Glu
	[345611:346723:dir] trm10; Derived by automated computational analysis using gene prediction method: Protein Homology. GO_function: GO:0009019 - tRNA (guanine-N1-)-methyltransferase activity [Evidence IEA]; GO_function: GO:0016429 - tRNA (adenine-N1-)-methyltransferase activity [Evidence IEA]; GO_function: GO:0052905 - tRNA (guanine(9)-N(1))-methyltransferase activity [Evidence IEA]; GO_process: GO:0030488 - tRNA methylation [Evidence IEA]; tRNA (guanine(9)-/adenine(9)-N1)-methyltransferase
	[346827:348677:rev] Derived by automated computational analysis using gene prediction method: Protein Homology. GO_function: GO:0008236 - serine-type peptidase activity [Evidence IEA]; GO_process: GO:0006508 - proteolysis [Evidence IEA]; prolyl oligopeptidase family serine peptidase
	[348797:349858:dir] ribD; Derived by automated computational analysis using gene prediction method: Protein Homology. GO_function: GO:0008703 - 5-amino-6-(5-phosphoribosylamino)uracil reductase activity [Evidence IEA]; GO_function: GO:0008835 - diaminohydroxyphosphoribosylaminopyrimidine deaminase activity [Evidence IEA]; bifunctional diaminohydroxyphosphoribosylaminopyrimidine deaminase/5-amino-6-(5-phosphoribosylamino)uracil reductase RibD
	[349861:350415:dir] Derived by automated computational analysis using gene prediction method: Protein Homology.; riboflavin synthase
	[350478:351245:dir] Derived by automated computational analysis using gene prediction method: GeneMarkS-2+.; hypothetical protein
<END>
<GI> CP116885:2 <COORDINATES> 497500-525098 <STAT> n1_4mer:GRV/n1_4mer:RV = 2.850805; n0_4mer:D = 41.794139; n0_4mer:PS = 38.282117
	[497516:497592:dir] Derived by automated computational analysis using gene prediction method: tRNAscan-SE.; tRNA-Arg
	[497857:498210:rev] Derived by automated computational analysis using gene prediction method: Protein Homology.; hypothetical protein
	[498389:498616:rev] Derived by automated computational analysis using gene prediction method: GeneMarkS-2+.; hypothetical protein
	[498624:499199:rev] Derived by automated computational analysis using gene prediction method: Protein Homology.; hypothetical protein
	[499199:499513:rev] Derived by automated computational analysis using gene prediction method: Protein Homology.; hypothetical protein
	[499510:499734:rev] Derived by automated computational analysis using gene prediction method: GeneMarkS-2+.; hypothetical protein
	[499731:499922:rev] Derived by automated computational analysis using gene prediction method: Protein Homology.; hypothetical protein
	[499919:500680:rev] Derived by automated computational analysis using gene prediction method: Protein Homology.; DNA polymerase sliding clamp
	[500677:500811:rev] Derived by automated computational analysis using gene prediction method: GeneMarkS-2+.; hypothetical protein
	[500808:501053:rev] Derived by automated computational analysis using gene prediction method: Protein Homology.; hypothetical protein
	[501046:501270:rev] Derived by automated computational analysis using gene prediction method: GeneMarkS-2+.; hypothetical protein
	[501255:501500:rev] Derived by automated computational analysis using gene prediction method: GeneMarkS-2+.; hypothetical protein
	[501493:501738:rev] Derived by automated computational analysis using gene prediction method: GeneMarkS-2+.; hypothetical protein
	[501735:503822:rev] Derived by automated computational analysis using gene prediction method: GeneMarkS-2+.; hypothetical protein
	[504503:504925:rev] Derived by automated computational analysis using gene prediction method: Protein Homology.; AbrB/MazE/SpoVT family DNA-binding domain-containing protein
	[505076:505585:rev] Derived by automated computational analysis using gene prediction method: GeneMarkS-2+.; hypothetical protein
	[505596:505826:rev] Derived by automated computational analysis using gene prediction method: GeneMarkS-2+.; hypothetical protein
	[505950:506957:dir] Derived by automated computational analysis using gene prediction method: Protein Homology.; GNAT family N-acetyltransferase
	[507064:508443:rev] Derived by automated computational analysis using gene prediction method: GeneMarkS-2+.; hypothetical protein
	[508424:509587:rev] Derived by automated computational analysis using gene prediction method: GeneMarkS-2+.; hypothetical protein
	[510184:510738:rev] Derived by automated computational analysis using gene prediction method: GeneMarkS-2+.; hypothetical protein
	[510906:511742:dir] Derived by automated computational analysis using gene prediction method: Protein Homology.; hypothetical protein
	[511971:512522:rev] Derived by automated computational analysis using gene prediction method: Protein Homology.; hypothetical protein
	[512519:512719:rev] Derived by automated computational analysis using gene prediction method: Protein Homology.; t26-17p
	[512797:513102:rev] Derived by automated computational analysis using gene prediction method: Protein Homology.; hypothetical protein
	[513104:513793:rev] Derived by automated computational analysis using gene prediction method: Protein Homology.; hypothetical protein
	[513804:515105:rev] Derived by automated computational analysis using gene prediction method: Protein Homology.; ATP-binding protein
	[515264:516064:rev] Derived by automated computational analysis using gene prediction method: Protein Homology.; hypothetical protein
	[516066:516533:rev] Derived by automated computational analysis using gene prediction method: Protein Homology.; hypothetical protein
	[516539:517021:rev] Derived by automated computational analysis using gene prediction method: Protein Homology.; hypothetical protein
	[517033:517836:rev] Derived by automated computational analysis using gene prediction method: Protein Homology.; hypothetical protein
	[517840:518070:rev] Derived by automated computational analysis using gene prediction method: Protein Homology.; t26-9p
	[518072:518407:rev] Derived by automated computational analysis using gene prediction method: Protein Homology.; hypothetical protein
	[518419:518802:rev] Derived by automated computational analysis using gene prediction method: GeneMarkS-2+.; hypothetical protein
	[518955:520889:rev] Derived by automated computational analysis using gene prediction method: Protein Homology.; hypothetical protein
	[521098:523011:rev] Derived by automated computational analysis using gene prediction method: Protein Homology.; carboxypeptidase-like regulatory domain-containing protein
	[522989:523342:rev] Derived by automated computational analysis using gene prediction method: Protein Homology.; hypothetical protein
	[523339:523515:rev] Derived by automated computational analysis using gene prediction method: GeneMarkS-2+.; hypothetical protein
	[523658:523834:rev] Derived by automated computational analysis using gene prediction method: Protein Homology.; t26-2p
	[524008:524148:rev] Derived by automated computational analysis using gene prediction method: GeneMarkS-2+.; hypothetical protein
	[524145:525098:rev] Derived by automated computational analysis using gene prediction method: Protein Homology.; integrase
<END>
<GI> CP116885:3 <COORDINATES> 871131-896663 <STAT> n1_4mer:GRV/n1_4mer:RV = 2.084050; n0_4mer:D = 36.559808; n0_4mer:PS = 30.680612
	[871131:871913:dir] Derived by automated computational analysis using gene prediction method: Protein Homology.; lysophospholipase
	[872314:872547:dir] Derived by automated computational analysis using gene prediction method: GeneMarkS-2+.; hypothetical protein
	[872650:873447:dir] Derived by automated computational analysis using gene prediction method: Protein Homology.; hypothetical protein
	[873444:874463:rev] Derived by automated computational analysis using gene prediction method: Protein Homology.; adenylosuccinate synthetase
	[874579:874842:dir] Derived by automated computational analysis using gene prediction method: GeneMarkS-2+.; hypothetical protein
	[874878:875804:dir] Derived by automated computational analysis using gene prediction method: Protein Homology.; SDR family oxidoreductase
	[875816:876256:rev] pfdA; Derived by automated computational analysis using gene prediction method: Protein Homology. GO_function: GO:0005515 - protein binding [Evidence IEA]; GO_process: GO:0006457 - protein folding [Evidence IEA]; prefoldin subunit alpha
	[876574:876789:dir] Derived by automated computational analysis using gene prediction method: Protein Homology.; hypothetical protein
	[876818:878107:dir] Derived by automated computational analysis using gene prediction method: Protein Homology. GO_function: GO:0022857 - transmembrane transporter activity [Evidence IEA]; GO_process: GO:0055085 - transmembrane transport [Evidence IEA]; MFS transporter
	[878122:879258:dir] Derived by automated computational analysis using gene prediction method: Protein Homology.; iron-containing alcohol dehydrogenase
	[879357:881843:dir] Derived by automated computational analysis using gene prediction method: Protein Homology. GO_function: GO:0005524 - ATP binding [Evidence IEA]; GO_function: GO:0016887 - ATP hydrolysis activity [Evidence IEA]; AAA family ATPase
	[881872:883275:dir] Derived by automated computational analysis using gene prediction method: Protein Homology.; McrC family protein
	[883298:884134:rev] Derived by automated computational analysis using gene prediction method: Protein Homology. GO_function: GO:0022857 - transmembrane transporter activity [Evidence IEA]; GO_process: GO:0055085 - transmembrane transport [Evidence IEA]; MFS transporter
	[884171:884782:rev] Derived by automated computational analysis using gene prediction method: Protein Homology.; MFS transporter
	[884888:885091:dir] Derived by automated computational analysis using gene prediction method: Protein Homology.; antitoxin family protein
	[885075:885524:dir] Derived by automated computational analysis using gene prediction method: Protein Homology.; PIN domain-containing protein
	[885528:888305:dir] Derived by automated computational analysis using gene prediction method: Protein Homology.; DEAD/DEAH box helicase
	[888577:889002:dir] Derived by automated computational analysis using gene prediction method: Protein Homology.; DUF835 domain-containing protein
	[889047:892613:dir] smc; Derived by automated computational analysis using gene prediction method: Protein Homology. GO_function: GO:0005524 - ATP binding [Evidence IEA]; GO_process: GO:0007059 - chromosome segregation [Evidence IEA]; GO_process: GO:0030261 - chromosome condensation [Evidence IEA]; chromosome segregation protein SMC
	[892617:893282:dir] Derived by automated computational analysis using gene prediction method: Protein Homology.; ScpA family protein
	[893279:893701:rev] Derived by automated computational analysis using gene prediction method: Protein Homology.; hypothetical protein
	[893829:894227:dir] Derived by automated computational analysis using gene prediction method: Protein Homology.; DUF5658 family protein
	[894230:896663:dir] frameshifted; Derived by automated computational analysis using gene prediction method: Protein Homology.; DEAD/DEAH box helicase
<END>
<GI> CP116885:4 <COORDINATES> 1176450-1197662 <STAT> n1_4mer:GRV/n1_4mer:RV = 1.616423; n0_4mer:D = 34.481058; n0_4mer:PS = 41.596875
	[1176450:1176866:dir] Derived by automated computational analysis using gene prediction method: Protein Homology.; RNA-binding domain-containing protein
	[1176879:1178150:rev] Derived by automated computational analysis using gene prediction method: Protein Homology.; ABC transporter permease
	[1178147:1178905:rev] Derived by automated computational analysis using gene prediction method: Protein Homology.; ABC transporter ATP-binding protein
	[1178902:1179261:rev] Derived by automated computational analysis using gene prediction method: Protein Homology.; hypothetical protein
	[1179263:1179460:rev] Derived by automated computational analysis using gene prediction method: Protein Homology.; helix-turn-helix transcriptional regulator
	[1179466:1179825:rev] Derived by automated computational analysis using gene prediction method: Protein Homology.; DUF2178 domain-containing protein
	[1179825:1180214:rev] Derived by automated computational analysis using gene prediction method: Protein Homology.; DUF2178 domain-containing protein
	[1180443:1181399:dir] Derived by automated computational analysis using gene prediction method: Protein Homology.; integrase
	[1181418:1181975:rev] Derived by automated computational analysis using gene prediction method: Protein Homology. GO_function: GO:0004521 - endoribonuclease activity [Evidence IEA]; GO_function: GO:0005515 - protein binding [Evidence IEA]; putative toxin-antitoxin system toxin component, PIN family
	[1181979:1182272:rev] Derived by automated computational analysis using gene prediction method: GeneMarkS-2+.; hypothetical protein
	[1182376:1183287:rev] Derived by automated computational analysis using gene prediction method: GeneMarkS-2+.; hypothetical protein
	[1183470:1183811:rev] Derived by automated computational analysis using gene prediction method: Protein Homology.; hypothetical protein
	[1183808:1184323:rev] Derived by automated computational analysis using gene prediction method: GeneMarkS-2+.; hypothetical protein
	[1184330:1184602:rev] Derived by automated computational analysis using gene prediction method: GeneMarkS-2+.; hypothetical protein
	[1184599:1184799:rev] Derived by automated computational analysis using gene prediction method: GeneMarkS-2+.; hypothetical protein
	[1184916:1185788:rev] Derived by automated computational analysis using gene prediction method: GeneMarkS-2+.; hypothetical protein
	[1185794:1186441:rev] Derived by automated computational analysis using gene prediction method: GeneMarkS-2+.; hypothetical protein
	[1186506:1187450:rev] Derived by automated computational analysis using gene prediction method: Protein Homology.; hypothetical protein
	[1187708:1187872:rev] Derived by automated computational analysis using gene prediction method: Protein Homology.; hypothetical protein
	[1187890:1188123:rev] Derived by automated computational analysis using gene prediction method: Protein Homology.; hypothetical protein
	[1188128:1188829:rev] Derived by automated computational analysis using gene prediction method: Protein Homology.; DUF87 domain-containing protein
	[1188853:1189476:rev] Derived by automated computational analysis using gene prediction method: Protein Homology.; hypothetical protein
	[1189469:1189669:rev] Derived by automated computational analysis using gene prediction method: GeneMarkS-2+.; hypothetical protein
	[1189662:1189937:rev] Derived by automated computational analysis using gene prediction method: GeneMarkS-2+.; hypothetical protein
	[1189940:1190605:rev] Derived by automated computational analysis using gene prediction method: Protein Homology.; hypothetical protein
	[1190754:1193186:rev] Derived by automated computational analysis using gene prediction method: Protein Homology.; minichromosome maintenance protein MCM
	[1193420:1193806:dir] Derived by automated computational analysis using gene prediction method: GeneMarkS-2+.; hypothetical protein
	[1193808:1193960:rev] Derived by automated computational analysis using gene prediction method: GeneMarkS-2+.; hypothetical protein
	[1193965:1194483:rev] Derived by automated computational analysis using gene prediction method: GeneMarkS-2+.; hypothetical protein
	[1194480:1194668:rev] Derived by automated computational analysis using gene prediction method: GeneMarkS-2+.; hypothetical protein
	[1194665:1194874:rev] Derived by automated computational analysis using gene prediction method: GeneMarkS-2+.; hypothetical protein
	[1194871:1195221:rev] Derived by automated computational analysis using gene prediction method: GeneMarkS-2+.; hypothetical protein
	[1195218:1195406:rev] Derived by automated computational analysis using gene prediction method: GeneMarkS-2+.; hypothetical protein
	[1195403:1195660:rev] Derived by automated computational analysis using gene prediction method: GeneMarkS-2+.; hypothetical protein
	[1195673:1195912:rev] Derived by automated computational analysis using gene prediction method: GeneMarkS-2+.; hypothetical protein
	[1195936:1196160:rev] Derived by automated computational analysis using gene prediction method: GeneMarkS-2+.; hypothetical protein
	[1196319:1196513:dir] Derived by automated computational analysis using gene prediction method: Protein Homology.; AbrB/MazE/SpoVT family DNA-binding domain-containing protein
	[1196552:1196761:rev] Derived by automated computational analysis using gene prediction method: GeneMarkS-2+.; hypothetical protein
	[1196754:1197071:rev] Derived by automated computational analysis using gene prediction method: GeneMarkS-2+.; hypothetical protein
	[1197156:1197662:dir] Derived by automated computational analysis using gene prediction method: GeneMarkS-2+.; hypothetical protein
<END>
<GI> CP116885:5 <COORDINATES> 1205334-1224406 <STAT> n1_4mer:GRV/n1_4mer:RV = 1.522217; n0_4mer:D = 34.511795; n0_4mer:PS = 33.865270
	[1205334:1206026:dir] Derived by automated computational analysis using gene prediction method: Protein Homology.; HAD hydrolase-like protein
	[1206064:1206651:dir] Derived by automated computational analysis using gene prediction method: GeneMarkS-2+.; hypothetical protein
	[1206638:1206916:rev] Derived by automated computational analysis using gene prediction method: Protein Homology.; hypothetical protein
	[1207008:1207685:dir] Derived by automated computational analysis using gene prediction method: Protein Homology.; metallophosphoesterase
	[1207733:1208437:dir] Derived by automated computational analysis using gene prediction method: Protein Homology. GO_function: GO:0070007 - glutamic-type endopeptidase activity [Evidence IEA]; PrsW family glutamic-type intramembrane protease
	[1208434:1208655:dir] Derived by automated computational analysis using gene prediction method: Protein Homology.; hypothetical protein
	[1208672:1209331:dir] Derived by automated computational analysis using gene prediction method: GeneMarkS-2+.; hypothetical protein
	[1209493:1210299:dir] Derived by automated computational analysis using gene prediction method: Protein Homology.; hypothetical protein
	[1210304:1210648:rev] Derived by automated computational analysis using gene prediction method: Protein Homology.; DUF1667 domain-containing protein
	[1210645:1211910:rev] Derived by automated computational analysis using gene prediction method: Protein Homology. GO_function: GO:0016491 - oxidoreductase activity [Evidence IEA]; FAD-dependent oxidoreductase
	[1211910:1213400:rev] Derived by automated computational analysis using gene prediction method: Protein Homology.; NAD(P)/FAD-dependent oxidoreductase
	[1213560:1214705:rev] Derived by automated computational analysis using gene prediction method: GeneMarkS-2+.; hypothetical protein
	[1214774:1216735:dir] Derived by automated computational analysis using gene prediction method: Protein Homology.; ATP-dependent endonuclease
	[1216742:1218235:rev] glpK; Derived by automated computational analysis using gene prediction method: Protein Homology. GO_function: GO:0004370 - glycerol kinase activity [Evidence IEA]; GO_process: GO:0006071 - glycerol metabolic process [Evidence IEA]; glycerol kinase GlpK
	[1218285:1219031:rev] Derived by automated computational analysis using gene prediction method: Protein Homology.; glycerophosphodiester phosphodiesterase family protein
	[1219048:1219746:rev] Derived by automated computational analysis using gene prediction method: Protein Homology.; glycerophosphodiester phosphodiesterase family protein
	[1219830:1221200:dir] Derived by automated computational analysis using gene prediction method: Protein Homology.; SLC45 family MFS transporter
	[1221327:1222658:dir] Derived by automated computational analysis using gene prediction method: Protein Homology. GO_function: GO:0022857 - transmembrane transporter activity [Evidence IEA]; GO_process: GO:0055085 - transmembrane transport [Evidence IEA]; MFS transporter
	[1222658:1223536:dir] Derived by automated computational analysis using gene prediction method: Protein Homology.; alpha/beta hydrolase
	[1223597:1224406:dir] Derived by automated computational analysis using gene prediction method: Protein Homology.; DUF2334 domain-containing protein
<END>
<GI> CP116885:6 <COORDINATES> 1445771-1467950 <STAT> n1_4mer:GRV/n1_4mer:RV = 1.650981; n0_4mer:D = 43.330496; n0_4mer:PS = 32.737781
	[1445771:1446172:rev] Derived by automated computational analysis using gene prediction method: Protein Homology.; DUF2240 family protein
	[1446222:1446644:dir] Derived by automated computational analysis using gene prediction method: Protein Homology.; PaaI family thioesterase
	[1446641:1447126:rev] Derived by automated computational analysis using gene prediction method: GeneMarkS-2+.; hypothetical protein
	[1447190:1447489:dir] Derived by automated computational analysis using gene prediction method: Protein Homology.; PadR family transcriptional regulator
	[1447493:1448689:dir] Derived by automated computational analysis using gene prediction method: Protein Homology.; MFS transporter
	[1448779:1449765:dir] Derived by automated computational analysis using gene prediction method: Protein Homology.; asparaginase
	[1449762:1449974:rev] Derived by automated computational analysis using gene prediction method: Protein Homology.; hypothetical protein
	[1450033:1450287:rev] Derived by automated computational analysis using gene prediction method: Protein Homology.; hypothetical protein
	[1450338:1450988:rev] snatA; Derived by automated computational analysis using gene prediction method: Protein Homology.; neutral amino acid NAAT transporter SnatA
	[1451096:1451371:dir] Derived by automated computational analysis using gene prediction method: Protein Homology.; TonB-dependent receptor
	[1451326:1451991:rev] Derived by automated computational analysis using gene prediction method: Protein Homology.; DUF2101 family protein
	[1452079:1453197:rev] Derived by automated computational analysis using gene prediction method: Protein Homology.; hypothetical protein
	[1453197:1455788:rev] Derived by automated computational analysis using gene prediction method: GeneMarkS-2+.; hypothetical protein
	[1455790:1458279:rev] Derived by automated computational analysis using gene prediction method: GeneMarkS-2+.; hypothetical protein
	[1458276:1458779:rev] Derived by automated computational analysis using gene prediction method: GeneMarkS-2+.; hypothetical protein
	[1458760:1459203:rev] Derived by automated computational analysis using gene prediction method: Protein Homology.; hypothetical protein
	[1459203:1459868:rev] Derived by automated computational analysis using gene prediction method: Protein Homology.; class III signal peptide-containing protein
	[1459911:1460525:rev] Derived by automated computational analysis using gene prediction method: Protein Homology.; hypothetical protein
	[1460522:1461664:rev] Derived by automated computational analysis using gene prediction method: Protein Homology.; cell division protein FtsZ
	[1461672:1463939:rev] Derived by automated computational analysis using gene prediction method: Protein Homology.; terpene cyclase/mutase family protein
	[1464016:1465017:rev] twy1; Derived by automated computational analysis using gene prediction method: Protein Homology. GO_function: GO:0051539 - 4 iron, 4 sulfur cluster binding [Evidence IEA]; GO_function: GO:1904047 - S-adenosyl-L-methionine binding [Evidence IEA]; GO_process: GO:0006400 - tRNA modification [Evidence IEA]; 4-demethylwyosine synthase TYW1
	[1465186:1465323:dir] Derived by automated computational analysis using gene prediction method: Protein Homology.; hypothetical protein
	[1465308:1465892:rev] Derived by automated computational analysis using gene prediction method: Protein Homology.; class I SAM-dependent methyltransferase
	[1465915:1466442:rev] Derived by automated computational analysis using gene prediction method: Protein Homology.; flavin reductase family protein
	[1466682:1467950:dir] Derived by automated computational analysis using gene prediction method: Protein Homology.; S8 family peptidase
<END>
<GI> CP116885:7 <COORDINATES> 1492030-1522099 <STAT> n1_4mer:GRV/n1_4mer:RV = 1.587017; n0_4mer:D = 37.941104; n0_4mer:PS = 22.933043
	[1492030:1492977:rev] Derived by automated computational analysis using gene prediction method: Protein Homology.; hypothetical protein
	[1492974:1494041:rev] Derived by automated computational analysis using gene prediction method: Protein Homology. GO_function: GO:0004252 - serine-type endopeptidase activity [Evidence IEA]; signal peptidase I
	[1494094:1494633:rev] Derived by automated computational analysis using gene prediction method: Protein Homology.; DUF1102 domain-containing protein
	[1494648:1495244:rev] Derived by automated computational analysis using gene prediction method: Protein Homology.; DUF1102 domain-containing protein
	[1495432:1495923:rev] Derived by automated computational analysis using gene prediction method: Protein Homology.; hypothetical protein
	[1495930:1496151:rev] Derived by automated computational analysis using gene prediction method: Protein Homology.; hypothetical protein
	[1496551:1496626:rev] Derived by automated computational analysis using gene prediction method: tRNAscan-SE.; tRNA-Gln
	[1496719:1496796:dir] Derived by automated computational analysis using gene prediction method: tRNAscan-SE.; tRNA-Arg
	[1497310:1498260:rev] Derived by automated computational analysis using gene prediction method: Protein Homology.; NAD-dependent epimerase/dehydratase family protein
	[1498344:1498751:dir] Derived by automated computational analysis using gene prediction method: Protein Homology.; nucleotidyltransferase domain-containing protein
	[1498741:1499172:dir] Derived by automated computational analysis using gene prediction method: Protein Homology.; DUF86 domain-containing protein
	[1499169:1500164:dir] Derived by automated computational analysis using gene prediction method: Protein Homology.; NDP-sugar synthase
	[1500199:1501446:dir] Derived by automated computational analysis using gene prediction method: Protein Homology.; flippase
	[1501802:1502875:rev] Derived by automated computational analysis using gene prediction method: Protein Homology.; glycosyltransferase family 4 protein
	[1502872:1503843:rev] Derived by automated computational analysis using gene prediction method: Protein Homology.; glycosyltransferase family 2 protein
	[1503913:1505100:dir] Derived by automated computational analysis using gene prediction method: Protein Homology.; CDP-glycerol glycerophosphotransferase family protein
	[1505097:1505786:dir] Derived by automated computational analysis using gene prediction method: Protein Homology.; 2-C-methyl-D-erythritol 4-phosphate cytidylyltransferase
	[1505783:1506667:dir] Derived by automated computational analysis using gene prediction method: Protein Homology.; glycosyltransferase
	[1506701:1509001:rev] Derived by automated computational analysis using gene prediction method: Protein Homology.; oligosaccharyl transferase, STT3 subunit
	[1509199:1510488:dir] Derived by automated computational analysis using gene prediction method: Protein Homology. GO_component: GO:0016020 - membrane [Evidence IEA]; oligosaccharide flippase family protein
	[1510472:1511176:dir] Derived by automated computational analysis using gene prediction method: Protein Homology.; glycosyltransferase family 2 protein
	[1511173:1512252:dir] Derived by automated computational analysis using gene prediction method: Protein Homology.; glycosyltransferase family 4 protein
	[1512254:1513072:dir] Derived by automated computational analysis using gene prediction method: Protein Homology.; glycosyltransferase family A protein
	[1513093:1514259:dir] Derived by automated computational analysis using gene prediction method: Protein Homology.; glycosyltransferase family 4 protein
	[1514262:1515272:dir] Derived by automated computational analysis using gene prediction method: GeneMarkS-2+.; hypothetical protein
	[1515289:1519017:dir] Derived by automated computational analysis using gene prediction method: GeneMarkS-2+.; hypothetical protein
	[1519152:1520009:dir] Derived by automated computational analysis using gene prediction method: GeneMarkS-2+.; hypothetical protein
	[1520636:1522084:dir] Derived by automated computational analysis using gene prediction method: Protein Homology.; hypothetical protein
<END>
<GI> CP116885:8 <COORDINATES> 1950160-1972328 <STAT> n1_4mer:GRV/n1_4mer:RV = 1.682196; n0_4mer:D = 34.741306; n0_4mer:PS = 39.235138
	[1950160:1951449:dir] Derived by automated computational analysis using gene prediction method: Protein Homology.; TldD/PmbA family protein
	[1951511:1952179:dir] Derived by automated computational analysis using gene prediction method: Protein Homology.; DUF257 domain-containing protein
	[1952224:1954365:dir] Derived by automated computational analysis using gene prediction method: Protein Homology. GO_function: GO:0003824 - catalytic activity [Evidence IEA]; GO_process: GO:0005975 - carbohydrate metabolic process [Evidence IEA]; alpha-amylase family glycosyl hydrolase
	[1954368:1954949:rev] Derived by automated computational analysis using gene prediction method: Protein Homology.; PH domain-containing protein
	[1955075:1955281:rev] Derived by automated computational analysis using gene prediction method: GeneMarkS-2+.; hypothetical protein
	[1955425:1955757:rev] Derived by automated computational analysis using gene prediction method: GeneMarkS-2+.; hypothetical protein
	[1956028:1956174:rev] Derived by automated computational analysis using gene prediction method: GeneMarkS-2+.; hypothetical protein
	[1956355:1956951:rev] Derived by automated computational analysis using gene prediction method: GeneMarkS-2+.; hypothetical protein
	[1956968:1957942:rev] Derived by automated computational analysis using gene prediction method: Protein Homology.; hypothetical protein
	[1958010:1958885:rev] Derived by automated computational analysis using gene prediction method: GeneMarkS-2+.; hypothetical protein
	[1958882:1962652:rev] Derived by automated computational analysis using gene prediction method: Protein Homology.; lamin tail domain-containing protein
	[1962844:1963629:dir] Derived by automated computational analysis using gene prediction method: Protein Homology.; BtpA/SgcQ family protein
	[1963870:1966374:dir] Derived by automated computational analysis using gene prediction method: Protein Homology.; hypothetical protein
	[1966367:1967623:dir] Derived by automated computational analysis using gene prediction method: Protein Homology.; calcium-binding protein
	[1967784:1968233:dir] Derived by automated computational analysis using gene prediction method: GeneMarkS-2+.; hypothetical protein
	[1968254:1968643:dir] Derived by automated computational analysis using gene prediction method: Protein Homology.; hypothetical protein
	[1968653:1969366:dir] Derived by automated computational analysis using gene prediction method: Protein Homology.; hypothetical protein
	[1969473:1970822:dir] glmM; Derived by automated computational analysis using gene prediction method: Protein Homology. GO_function: GO:0008966 - phosphoglucosamine mutase activity [Evidence IEA]; GO_process: GO:0009103 - lipopolysaccharide biosynthetic process [Evidence IEA]; GO_process: GO:0009252 - peptidoglycan biosynthetic process [Evidence IEA]; phosphoglucosamine mutase
	[1970831:1971247:dir] Derived by automated computational analysis using gene prediction method: Protein Homology.; EamA family transporter
	[1971270:1972328:rev] Derived by automated computational analysis using gene prediction method: Protein Homology.; DUF835 domain-containing protein
<END>
<GI> CP116885:9 <COORDINATES> 2012598-2034211 <STAT> n1_4mer:GRV/n1_4mer:RV = 2.105301; n0_4mer:D = 32.165765; n0_4mer:PS = 25.685224
	[2012598:2013521:rev] moaA; Derived by automated computational analysis using gene prediction method: Protein Homology.; GTP 3',8-cyclase MoaA
	[2013656:2014387:dir] Derived by automated computational analysis using gene prediction method: Protein Homology.; hypothetical protein
	[2014353:2015768:dir] Derived by automated computational analysis using gene prediction method: Protein Homology.; DUF402 domain-containing protein
	[2015765:2016151:rev] Derived by automated computational analysis using gene prediction method: Protein Homology.; PIN domain-containing protein
	[2016148:2016372:rev] Derived by automated computational analysis using gene prediction method: Protein Homology.; AbrB/MazE/SpoVT family DNA-binding domain-containing protein
	[2016439:2016621:dir] Derived by automated computational analysis using gene prediction method: GeneMarkS-2+.; hypothetical protein
	[2016729:2017391:rev] radB; Derived by automated computational analysis using gene prediction method: Protein Homology.; DNA repair and recombination protein RadB
	[2017401:2018036:rev] Derived by automated computational analysis using gene prediction method: Protein Homology.; MBL fold metallo-hydrolase
	[2018126:2018488:dir] Derived by automated computational analysis using gene prediction method: Protein Homology.; ASCH domain-containing protein
	[2018461:2019180:dir] Derived by automated computational analysis using gene prediction method: Protein Homology.; DUF1614 domain-containing protein
	[2019235:2020077:dir] Derived by automated computational analysis using gene prediction method: Protein Homology.; ribose-phosphate diphosphokinase
	[2020470:2021958:dir] Derived by automated computational analysis using gene prediction method: cmsearch.; 16S ribosomal RNA
	[2022012:2022088:dir] Derived by automated computational analysis using gene prediction method: tRNAscan-SE.; tRNA-Ala
	[2022196:2025224:dir] Derived by automated computational analysis using gene prediction method: cmsearch.; 23S ribosomal RNA
	[2025402:2025878:dir] Derived by automated computational analysis using gene prediction method: Protein Homology.; magnesium-dependent phosphatase-1
	[2025889:2026455:dir] Derived by automated computational analysis using gene prediction method: Protein Homology.; DUF366 family protein
	[2026449:2027060:rev] Derived by automated computational analysis using gene prediction method: Protein Homology.; hypothetical protein
	[2027108:2027980:rev] Derived by automated computational analysis using gene prediction method: Protein Homology.; PhoI
	[2028113:2029693:dir] lysS; Derived by automated computational analysis using gene prediction method: Protein Homology. GO_component: GO:0017101 - aminoacyl-tRNA synthetase multienzyme complex [Evidence IEA]; GO_function: GO:0004824 - lysine-tRNA ligase activity [Evidence IEA]; GO_process: GO:0006430 - lysyl-tRNA aminoacylation [Evidence IEA]; lysine--tRNA ligase
	[2029700:2030386:rev] Derived by automated computational analysis using gene prediction method: Protein Homology.; class I SAM-dependent methyltransferase
	[2030476:2031432:dir] Derived by automated computational analysis using gene prediction method: Protein Homology.; GHMP kinase
	[2031425:2032576:dir] Derived by automated computational analysis using gene prediction method: Protein Homology.; DUF1464 family protein
	[2032636:2033220:dir] Derived by automated computational analysis using gene prediction method: Protein Homology.; indolepyruvate oxidoreductase subunit beta
	[2033297:2034211:dir] Derived by automated computational analysis using gene prediction method: Protein Homology.; phosphate uptake regulator PhoU
<END>