<GI> BA000011 AP000991-AP000996:1 <COORDINATES> 46979-70322 <STAT> n1_4mer:GRV/n1_4mer:RV = 1.622502; n0_4mer:D = 25.989178; n0_4mer:PS = 40.254599
	[46979:47335:rev] TVG0046979; unknown product
	[47464:48222:dir] TVG0048222; exodeoxyribonuclease
	[48225:49505:rev] TVG0048225; serine hydroxymethyltransferase
	[49756:49983:dir] TVG0049983; H+-transporting ATP synthase subunit K
	[49932:50546:dir] TVG0050546; H+-transporting ATP synthase subunit E
	[50548:51618:dir] TVG0051618; unknown product
	[51620:51934:dir] TVG0051934; H+-transporting ATP synthase subunit F
	[51944:54274:dir] TVG0054274; H+-transporting ATP synthase subunit A
	[54255:55637:dir] TVG0055637; H+-transporting ATP synthase subunit B
	[55640:56269:dir] TVG0056269; H+-transporting ATP synthase subunit D
	[56417:56752:dir] TVG0056752; hypothetical protein
	[56755:58686:dir] TVG0058686; H+-transporting ATP synthase subunit I
	[58751:59350:dir] TVG0059350; hypothetical protein
	[59360:60439:dir] TVG0060439; aminomethyltransferase
	[60866:61804:rev] TVG0060866; NDP-sugar epimerase
	[62254:62871:dir] TVG0062871; superoxide dismutase
	[62879:63493:dir] TVG0063493; hypothetical protein
	[63671:64549:rev] TVG0063671; hypothetical protein
	[64561:64983:rev] TVG0064561; unknown product
	[64976:65239:rev] TVG0064976; unknown product
	[65335:65973:dir] TVG0065973; hypothetical protein
	[65980:66474:dir] TVG0066474; hypothetical protein
	[66522:67031:dir] TVG0067031; unknown product
	[67028:67495:rev] TVG0067028; hypothetical protein
	[67506:68678:rev] TVG0067506; lipid transfer protein
	[69015:70322:dir] TVG0070322; metabolite transporter
<END>
<GI> BA000011 AP000991-AP000996:2 <COORDINATES> 78291-118858 <STAT> n1_4mer:GRV/n1_4mer:RV = 1.741584; n0_4mer:D = 26.209596; n0_4mer:PS = 38.297429
	[78291:79184:dir] TVG0079184; tropomyosin-like protein
	[79186:79590:dir] TVG0079590; hypothetical protein
	[79558:80637:rev] TVG0079558; mannose-1-phosphate guanyltransferase
	[80863:81816:rev] TVG0080863; hypothetical protein
	[81827:83194:rev] TVG0081827; cytochrome d oxidase
	[83526:84143:dir] TVG0084143; transcriptional activator tenA
	[84357:84869:rev] TVG0084357; unknown product
	[85061:85666:dir] TVG0085666; unknown product
	[85663:86076:dir] TVG0086076; molybdopterin converting factor subunit 2
	[89391:90245:rev] TVG0089391; MRP/NBP35 family ATP-binding protein
	[90326:91936:rev] TVG0090326; formate-tetrahydrofolate ligase
	[91933:92547:rev] TVG0091933; formiminotransferase cyclodeaminase
	[92631:93539:rev] TVG0092631; hypothetical protein
	[93743:96052:dir] TVG0096052; ribonucleotide reductase
	[96070:96852:rev] TVG0096070; hypothetical protein
	[97142:98920:rev] TVG0097142; hypothetical protein
	[99129:100097:rev] TVG0099129; hypothetical protein
	[100132:100770:rev] TVG0100132; hypothetical protein
	[100811:101839:rev] TVG0100811; potassium channel protein
	[102045:102626:dir] TVG0102626; hypothetical protein
	[102621:103931:rev] TVG0102621; pyruvate dehydrogenase E3 / dihydrolipoamide dehydrogenase
	[103933:105135:rev] TVG0103933; pyruvate dehydrogenase E2 / dihydrolipoamide acetyltransferase
	[105141:106100:rev] TVG0105141; pyruvate dehydrogenase E1 /pyruvate decarboxylase
	[106097:107110:rev] TVG0106097; 2-oxoisovalerate dehydrogenase alpha subunit
	[107310:108185:rev] TVG0107310; methionyl aminopeptidase
	[108190:108867:rev] TVG0108190; unknown product
	[110650:110910:rev] TVG0110650; hypothetical protein
	[110910:111878:rev] TVG0110910; hypothetical protein
	[111880:112614:rev] TVG0111880; hypothetical protein
	[112611:113768:rev] TVG0112611; unknown product
	[113769:114659:rev] TVG0113769; unknown product
	[114661:115350:rev] TVG0114661; hypothetical protein
	[115343:115825:rev] TVG0115343; hypothetical protein
	[115828:118155:rev] TVG0115828; hypothetical protein
	[118145:118858:rev] TVG0118145; hypothetical protein
<END>
<GI> BA000011 AP000991-AP000996:3 <COORDINATES> 326943-357885 <STAT> n1_4mer:GRV/n1_4mer:RV = 2.485050; n0_4mer:D = 26.860409; n0_4mer:PS = 46.491204
	[326943:327161:dir] TVG0327161; hypothetical protein
	[327166:328128:rev] TVG0327166; unknown product
	[328339:329157:dir] TVG0329157; alkaline phosphatase
	[329280:329450:dir] TVG0329450; unknown product
	[329518:331095:dir] TVG0331095; hypothetical protein
	[331403:331810:dir] TVG0331810; hypothetical protein
	[332231:333226:dir] TVG0333226; ribosomal protein large subunit L3
	[333223:333990:dir] TVG0333990; ribosomal protein large subunit L4
	[333990:334241:dir] TVG0334241; ribosomal protein large subunit L25
	[334250:334954:dir] TVG0334954; ribosomal protein large subunit L2
	[334941:335396:dir] TVG0335396; ribosomal protein small subunit S15
	[335402:335848:dir] TVG0335848; ribosomal protein large subunit L17
	[335845:336522:dir] TVG0336522; ribosomal protein small subunit S3
	[336449:336649:dir] TVG0336649; ribosomal protein large subunit L35
	[336650:336952:dir] TVG0336952; translation factor [SUI1]
	[336949:337218:dir] TVG0337218; hypothetical protein
	[337220:337549:dir] TVG0337549; ribosomal protein small subunit S11
	[337546:337944:dir] TVG0337944; ribosomal protein large subunit L23
	[337953:338390:dir] TVG0338390; ribosomal protein large subunit L26
	[338380:339087:dir] TVG0339087; ribosomal protein small subunit S4
	[339084:339596:dir] TVG0339596; ribosomal protein large subunit L11
	[339601:339762:dir] TVG0339762; ribosomal protein small subunit S29
	[339772:340161:dir] TVG0340161; ribosomal protein small subunit S22
	[340175:340711:dir] TVG0340711; ribosomal protein large subunit L9
	[340713:341099:dir] TVG0341099; ribosomal protein large subunit L32
	[341109:341558:dir] TVG0341558; ribosomal protein large subunit L19
	[341564:342046:dir] TVG0342046; ribosomal protein large subunit L5
	[342043:342708:dir] TVG0342708; ribosomal protein small subunit S2
	[342686:343183:dir] TVG0343183; ribosomal protein large subunit L7
	[343164:343601:dir] TVG0343601; ribosomal protein large subunit L28
	[343642:345339:dir] TVG0345339; preprotein translocase Sec61
	[345340:345885:dir] TVG0345885; adenylate kinase
	[345882:346559:dir] TVG0346559; hypothetical protein
	[346556:347128:dir] TVG0347128; cytidylate kinase
	[347179:348240:dir] TVG0348240; centromere/microtubule-binding protein
	[348020:348814:dir] TVG0348814; hypothetical protein
	[348801:350270:rev] TVG0348801; amidophosphoribosyl transferase
	[350173:350337:rev] TVG0350173; ribosomal protein large subunit L37
	[350334:350597:rev] TVG0350334; small nuclear ribonucleoprotein
	[350720:351553:dir] TVG0351553; hypothetical protein
	[351555:352022:rev] TVG0351555; hypothetical protein
	[352110:353009:dir] TVG0353009; hypothetical protein
	[353069:353785:dir] TVG0353785; unknown product
	[353796:355256:dir] TVG0355256; unknown product
	[355283:357232:dir] TVG0357232; hypothetical protein
	[357199:357885:rev] TVG0357199; 3-hydroxbutyryl-CoA dehydratase
<END>
<GI> BA000011 AP000991-AP000996:4 <COORDINATES> 676743-696003 <STAT> n1_4mer:GRV/n1_4mer:RV = 1.479113; n0_4mer:D = 24.045477; n0_4mer:PS = 30.758923
	[676743:678044:dir] TVG0678044; unknown product
	[678392:678982:rev] TVG0678392; unknown product
	[679253:679495:rev] TVG0679253; unknown product
	[680293:680586:dir] TVG0680586; unknown product
	[681403:684360:dir] TVG0684360; modification methylase
	[684344:687475:dir] TVG0687475; hypothetical protein
	[687568:688047:rev] TVG0687568; unknown product
	[689289:689729:dir] TVG0689729; unknown product
	[689781:691226:dir] TVG0691226; beta-glycosidase
	[691296:691625:dir] TVG0691625; unknown product
	[694060:696003:dir] TVG0696003; unknown product
<END>
<GI> BA000011 AP000991-AP000996:5 <COORDINATES> 696124-719175 <STAT> n1_4mer:GRV/n1_4mer:RV = 1.548676; n0_4mer:D = 29.839494; n0_4mer:PS = 31.383238
	[696124:696684:dir] TVG0696684; unknown product
	[696759:696965:dir] TVG0696965; unknown product
	[696967:697170:dir] TVG0697170; transposase
	[697684:698004:dir] TVG0698004; insertion element
	[698845:699210:dir] TVG0699210; unknown product
	[699216:699464:dir] TVG0699464; unknown product
	[699714:700142:dir] TVG0700142; DNA invertase/resolvase family protein
	[702334:702900:rev] TVG0702334; unknown product
	[702897:703127:rev] TVG0702897; unknown product
	[703225:703440:rev] TVG0703225; unknown product
	[703424:703840:rev] TVG0703424; unknown product
	[703837:704958:rev] TVG0703837; unknown product
	[706547:706729:rev] TVG0706547; unknown product
	[707052:708014:dir] TVG0708014; unknown product
	[708255:708917:rev] TVG0708255; hypothetical protein
	[708898:709587:rev] TVG0708898; sugar fermentation stimulation protein
	[709660:710526:dir] TVG0710526; hypothetical protein
	[710523:710924:rev] TVG0710523; hypothetical protein
	[710951:711241:rev] TVG0710951; unknown product
	[711315:712904:rev] TVG0711315; amino acid transporter
	[714418:714852:rev] TVG0714418; hypothetical protein
	[714900:715205:rev] TVG0714900; unknown product
	[715045:719175:dir] TVG0719175; unknown product
<END>
<GI> BA000011 AP000991-AP000996:6 <COORDINATES> 767609-790954 <STAT> n1_4mer:GRV/n1_4mer:RV = 2.269888; n0_4mer:D = 23.729329; n0_4mer:PS = 43.604580
	[767609:768061:rev] TVG0767609; hypothetical protein
	[768171:769271:dir] TVG0769271; unknown product
	[769333:769512:dir] TVG0769512; unknown product
	[769525:770235:rev] TVG0769525; hypothetical protein
	[770389:771612:dir] TVG0771612; folylpolyglutamate synthase
	[771744:773033:dir] TVG0773033; origin recognition complex protein 1
	[773051:774358:rev] TVG0773051; glutamate dehydrogenase
	[774569:775819:rev] TVG0774569; glutamate dehydrogenase
	[775903:778635:rev] TVG0775903; tRNA synthetase Leu
	[778593:779141:rev] TVG0778593; hypothetical protein
	[779096:779269:rev] TVG0779096; unknown product
	[779361:780158:dir] TVG0780158; amino acid transporter
	[780292:780822:dir] TVG0780822; amino acid transporter
	[780828:782078:rev] TVG0780828; hypothetical protein
	[782190:782498:rev] TVG0782190; unknown product
	[782700:782903:dir] TVG0782903; unknown product
	[782917:783822:rev] TVG0782917; nourseothricin acetyltransferase
	[783927:785282:dir] TVG0785282; malate oxidoreductase
	[785287:785733:dir] TVG0785733; N-terminal acetyltransferase complex subunit [ARD1]
	[786138:786887:rev] TVG0786138; hypothetical protein
	[787296:787823:dir] TVG0787823; isochorismatase
	[787820:788047:dir] TVG0788047; unknown product
	[787900:789597:dir] TVG0789597; methylmalonyl-CoA mutase
	[789566:790006:dir] TVG0790006; methylaspartate mutase component S
	[790007:790954:dir] TVG0790954; guanylate kinase
<END>
<GI> BA000011 AP000991-AP000996:7 <COORDINATES> 861874-882664 <STAT> n1_4mer:GRV/n1_4mer:RV = 1.685505; n0_4mer:D = 23.822552; n0_4mer:PS = 40.035327
	[861874:862758:dir] TVG0862758; 3-hydroxyacyl-CoA dehydrogenase
	[862775:863458:dir] TVG0863458; hypothetical protein
	[863466:864737:rev] TVG0863466; hypothetical protein
	[864852:867938:dir] TVG0867938; tRNA synthetase Ile
	[867989:868615:dir] TVG0868615; hypothetical protein
	[868766:869119:dir] TVG0869119; unknown product
	[869070:869690:dir] TVG0869690; phosphoglycerate mutase
	[869957:870514:dir] TVG0870514; pyruvate ferredoxin oxidoreductasse [POR] gamma subunit
	[870520:870807:dir] TVG0870807; pyruvate ferredoxin oxidoreductasse [POR] delta subunit
	[870804:871982:dir] TVG0871982; pyruvate ferredoxin oxidoreductasse [POR] alpha subunit
	[871982:872869:dir] TVG0872869; pyruvate ferredoxin oxidoreductasse [POR] beta subunit
	[872883:873440:rev] TVG0872883; hypothetical protein
	[873688:874800:dir] TVG0874800; cofactor biosynthesis protein
	[874790:875242:rev] TVG0874790; hypothetical protein
	[875243:876487:rev] TVG0875243; anaerobic glycerol-3-phosphate dehydrogenase subunit alpha
	[876539:877024:rev] TVG0876539; hypothetical protein
	[877087:878391:rev] TVG0877087; hypothetical protein
	[878378:878782:rev] TVG0878378; transposase
	[878825:879025:rev] TVG0878825; unknown product
	[879099:879680:rev] TVG0879099; hypothetical protein
	[879862:881751:dir] TVG0881751; 2-ketovalerate ferredoxin oxidoreductase [VOR] alpha subunit
	[881735:882664:dir] TVG0882664; 2-ketovalerate ferredoxin oxidoreductase [VOR] beta subunit
<END>
<GI> BA000011 AP000991-AP000996:8 <COORDINATES> 903846-927911 <STAT> n1_4mer:GRV/n1_4mer:RV = 4.517980; n0_4mer:D = 21.963157; n0_4mer:PS = 5.969058
	[903846:904250:dir] TVG0904250; hypothetical protein
	[904721:905602:rev] TVG0904721; hypothetical protein
	[907198:907407:rev] TVG0907198; unknown product
	[908448:908765:dir] TVG0908765; unknown product
	[909830:910003:rev] TVG0909830; unknown product
	[910197:910352:rev] TVG0910197; unknown product
	[910396:911451:rev] TVG0910396; hypothetical protein
	[911574:912704:rev] TVG0911574; hypothetical protein
	[912906:913214:rev] TVG0912906; unknown product
	[913498:916614:rev] TVG0913498; unknown product
	[916684:917454:rev] TVG0916684; unknown product
	[917701:918762:rev] TVG0917701; hypothetical protein
	[919339:920010:dir] TVG0920010; hypothetical protein
	[921433:921852:dir] TVG0921852; unknown product
	[922132:922512:dir] TVG0922512; unknown product
	[922748:923542:rev] TVG0922748; dolichol monophosphate mannose synthase
	[923753:924280:rev] TVG0923753; unknown product
	[924334:925968:rev] TVG0924334; hypothetical protein
	[926017:926940:dir] TVG0926940; NDP-sugar epimerase
	[926937:927911:dir] TVG0927911; galactokinase
<END>
<GI> BA000011 AP000991-AP000996:9 <COORDINATES> 975318-998758 <STAT> n1_4mer:GRV/n1_4mer:RV = 1.808664; n0_4mer:D = 23.495258; n0_4mer:PS = 40.754050
	[975318:976076:rev] TVG0975318; uroporphyrin-III C-methyltransferase
	[976073:976717:rev] TVG0976073; unknown product
	[976779:977111:rev] TVG0976779; unknown product
	[977291:977893:rev] TVG0977291; hypothetical protein
	[978001:978186:dir] TVG0978186; argininosuccinate synthase
	[978280:979194:dir] TVG0979194; argininosuccinate synthase
	[979191:980504:dir] TVG0980504; argininosuccinate lyase
	[980491:981339:rev] TVG0980491; hypothetical protein
	[981501:982439:dir] TVG0982439; hypothetical protein
	[982485:983765:dir] TVG0983765; tryptophan synthase beta subunit
	[983981:985801:dir] TVG0985801; molybdenum cofactor biosynthesis protein
	[985839:986240:dir] TVG0986240; hypothetical protein
	[986370:986825:dir] TVG0986825; hypothetical protein
	[986806:987795:dir] TVG0987795; ABC transport system ATP-binding protein
	[987796:988599:dir] TVG0988599; ABC-2 integral membrane protein
	[988703:989851:dir] TVG0989851; oxygen-independent coproporphyrinogen III oxidase
	[989848:990507:dir] TVG0990507; hypohtetical protein
	[990514:992007:rev] TVG0990514; amino acid transporter
	[992082:992372:rev] TVG0992082; hypothetical protein
	[992508:993143:dir] TVG0993143; unknown product
	[993131:993754:rev] TVG0993131; phosphoglycolate phosphatase
	[993767:994684:rev] TVG0993767; molybdenum cofactor biosynthesis protein moeB
	[994641:995648:dir] TVG0995648; alcohol dehydrogenase [ADH]
	[995673:996071:rev] TVG0995673; hypohtetical protein
	[996182:996343:dir] TVG0996343; unknown product
	[996521:998758:dir] TVG0998758; cell cycle control protein 48
<END>
<GI> BA000011 AP000991-AP000996:10 <COORDINATES> 1228987-1249099 <STAT> n1_4mer:GRV/n1_4mer:RV = 2.206778; n0_4mer:D = 25.010422; n0_4mer:PS = 41.933650
	[1228987:1229313:rev] TVG1228987; unknown product
	[1229743:1229943:rev] TVG1229743; unknown product
	[1230030:1231223:dir] TVG1231223; acyl-CoA dehydrogenase
	[1231363:1231911:dir] TVG1231911; hypothetical protein
	[1232029:1232547:rev] TVG1232029; hypothetical protein
	[1232812:1233183:rev] TVG1232812; translation initiation factor eIF1A
	[1233261:1233689:rev] TVG1233261; N utilization substance protein [nusA]
	[1233699:1235225:rev] TVG1233699; DNA-directed RNA polymerase A''
	[1235237:1237897:rev] TVG1235237; DNA-directed RNA polymerase A'
	[1237894:1241481:rev] TVG1237894; DNA-directed RNA polymerase B
	[1241478:1241792:rev] TVG1241478; DNA-directed RNA polymerase H
	[1241900:1242715:rev] TVG1241900; hypothetical protein
	[1242712:1243803:rev] TVG1242712; unknown product
	[1243935:1244633:dir] TVG1244633; hypothetical protein
	[1244656:1245837:rev] TVG1244656; hypothetical protein
	[1245857:1246180:rev] TVG1245857; hypothetical protein
	[1246465:1246974:rev] TVG1246465; inorganic pyrophosphatase
	[1247214:1247804:rev] TVG1247214; cob(I)alamin adenosyltransferase
	[1247883:1248551:dir] TVG1248551; hypothetical protein
<END>
<GI> BA000011 AP000991-AP000996:11 <COORDINATES> 1507900-1533303 <STAT> n1_4mer:GRV/n1_4mer:RV = 1.583469; n0_4mer:D = 21.361260; n0_4mer:PS = 29.723474
	[1507900:1508394:rev] TVG1507900; unknown product
	[1508405:1509550:rev] TVG1508405; pyruvate dehydrogenase E3 / dihydrolipoamide dehydrogenase
	[1509547:1509783:rev] TVG1509547; hypothetical protein
	[1509794:1510207:rev] TVG1509794; hypothetical protein
	[1510483:1510824:dir] TVG1510824; DNA-directed RNA polymerase L
	[1511805:1513619:dir] TVG1513619; hypothetical protein
	[1513716:1514630:dir] TVG1514630; hypothetical protein
	[1514647:1515408:rev] TVG1514647; hypothetical protein
	[1515782:1516243:rev] TVG1515782; hypothetical protein
	[1516240:1517583:rev] TVG1516240; unknown product
	[1517588:1518454:rev] TVG1517588; transcription termination-antitermination factor [nusG]
	[1518472:1518786:rev] TVG1518472; protein transport protein sec61 gamma subunit
	[1520544:1521674:rev] TVG1520544; hypothetical protein
	[1521948:1523495:rev] TVG1521948; hypothetical protein
	[1523626:1523868:dir] TVG1523868; unknown product
	[1523979:1525115:dir] TVG1525115; hypothetical protein
	[1525112:1525771:dir] TVG1525771; hypothetical protein
	[1526017:1526682:dir] TVG1526682; fuculose-1-phosphate aldolase
	[1527255:1527611:dir] TVG1527611; unknown product
	[1527620:1528192:dir] TVG1528192; membrane protein
	[1528548:1529492:dir] TVG1529492; formate hydrogenlyase subunit 5
	[1529489:1530142:dir] TVG1530142; hypothetical protein
	[1530139:1531482:dir] TVG1531482; formate hydrogenlyase subunit 4
	[1531469:1532638:dir] TVG1532638; formate hydrogenlyase subunit 3
	[1532635:1533303:dir] TVG1533303; formate hydrogenlyase subunit 2
<END>
<GI> BA000011 AP000991-AP000996:12 <COORDINATES> 1548000-1565599 <STAT> n1_4mer:GRV/n1_4mer:RV = 1.601100; n0_4mer:D = 23.726289; n0_4mer:PS = 35.199172
	[1548174:1548359:dir] TVG1548359; unknown product
	[1548516:1548740:rev] TVG1548516; unknown product
	[1548715:1549110:rev] TVG1548715; unknown product
	[1549136:1550017:rev] TVG1549136; unknown product
	[1550441:1550650:rev] TVG1550441; unknown product
	[1550926:1551627:rev] TVG1550926; unknown product
	[1552703:1555627:rev] TVG1552703; unknown product
	[1555627:1557738:rev] TVG1555627; DNA adenine modification methylase
	[1557707:1558828:rev] TVG1557707; hypothetical protein
	[1559049:1559654:rev] TVG1559049; DNA invertase/resolvase family protein
	[1559742:1559912:rev] TVG1559742; unknown product
	[1560588:1560866:rev] TVG1560588; unknown product
	[1560863:1561618:rev] TVG1560863; cell division inhibitor [MinD]
	[1561939:1563720:rev] TVG1561939; unknown product
	[1563727:1564062:rev] TVG1563727; unknown product
	[1564065:1564400:rev] TVG1564065; unknown product
	[1564647:1565306:rev] TVG1564647; unknown product
<END>