<GI> CP002372 ABSF01000000 ABSF01000001-ABSF01000021 DS990558-DS990573:1 <COORDINATES> 78248-104477 <STAT> n1_4mer:GRV/n1_4mer:RV = 2.014107; n0_4mer:D = 31.281750; n0_4mer:PS = 48.784691
	[78248:79096:dir] hypothetical protein
	[79093:80094:dir] homoserine dehydrogenase
	[80139:80666:dir] hypothetical protein
	[80659:81288:rev] Zn finger containing protein
	[81355:81756:rev] hypothetical protein
	[81891:82031:rev] hypothetical protein
	[82338:83114:dir] methylase
	[83116:84156:dir] LSU ribosomal protein L3e (L3p)
	[84167:84934:dir] LSU ribosomal protein L1e (L4p)
	[84941:85201:dir] LSU ribosomal protein L23Ae (L23p)
	[85213:85932:dir] LSU ribosomal protein L8e (L2p)
	[85943:86341:dir] SSU ribosomal protein S15e (S19p)
	[86352:86822:dir] LSU ribosomal protein L17e (L22p)
	[86827:87450:dir] SSU ribosomal protein S3e (S3p)
	[87447:87647:dir] LSU ribosomal protein L35e (L29p)
	[87654:87950:dir] translation initiation factor SUI1-like protein
	[87992:88213:dir] ribonuclease P protein component 1
	[88210:88545:dir] SSU ribosomal protein S11e (S17p)
	[88551:88985:dir] LSU ribosomal protein L23e (L14p)
	[88996:89358:dir] LSU ribosomal protein L26e (L24p)
	[89361:90107:dir] SSU ribosomal protein S4e
	[90119:90670:dir] LSU ribosomal protein L11e (L5p)
	[90674:90844:dir] SSU ribosomal protein S29e (S14p)
	[90856:91248:dir] SSU ribosomal protein S15Ae (S8p)
	[91259:91813:dir] LSU ribosomal protein L9e (L6p)
	[91824:92204:dir] LSU ribosomal protein L32e
	[92201:92653:dir] LSU ribosomal protein L19e
	[92659:93264:dir] LSU ribosomal protein L5e (L18p)
	[93261:93968:dir] SSU ribosomal protein S2e (S5p)
	[93980:94447:dir] LSU ribosomal protein L7e (L30p)
	[94458:94901:dir] LSU ribosomal protein L27Ae (L15p)
	[94935:96323:dir] preprotein translocase secY-like subunit
	[96422:97012:dir] adenylate kinase
	[97005:97526:dir] hypothetical protein
	[97573:97842:dir] LSU ribosomal protein L34e
	[97889:98440:dir] cytidylate kinase
	[98454:98726:dir] LSU ribosomal protein L14e
	[98760:99464:dir] short-chain alcohol dehydrogenase
	[99511:99735:dir] hypothetical protein
	[99707:99946:dir] hypothetical protein
	[99956:100960:dir] tRNA pseudouridine 55 synthase
	[101185:101307:rev] hypothetical protein
	[101375:101509:rev] hypothetical protein
	[102131:102217:dir] anticodon TGA; tRNA-Ser
	[102258:102704:dir] SSU ribosomal protein S18e (S13p)
	[102715:103260:dir] SSU ribosomal protein S9e (S4p)
	[103257:103667:dir] SSU ribosomal protein S14e (S11p)
	[103701:104477:dir] DNA-directed RNA polymerase subunit D
<END>
<GI> CP002372 ABSF01000000 ABSF01000001-ABSF01000021 DS990558-DS990573:2 <COORDINATES> 803510-830462 <STAT> n1_4mer:GRV/n1_4mer:RV = 2.306466; n0_4mer:D = 42.895995; n0_4mer:PS = 33.513217
	[803510:804520:rev] methyltransferase-like protein
	[804492:805406:rev] hypothetical protein
	[805462:806385:rev] molybdenum cofactor biosynthesis protein
	[806507:807265:dir] hypothetical protein
	[807231:808646:dir] hypothetical protein
	[808687:809352:rev] DNA repair and recombination RadB-like protein
	[809364:809999:rev] hypothetical protein
	[810135:810497:dir] hypothetical protein
	[810494:811192:dir] hypothetical protein
	[811205:812059:dir] ribose-phosphate pyrophosphokinase
	[812466:813878:dir] Small Subunit Ribosomal RNA ssuRNA SSU ribosomal RNA
	[813979:814055:dir] anticodon TGC; tRNA-Ala
	[814176:817205:dir] Large Subunit Ribosomal RNA lsu RNA LSU ribosomal RNA
	[817365:817838:dir] hypothetical protein
	[817838:818404:dir] archaeosine cluster protein; hypothetical protein
	[818405:819004:rev] hypothetical protein
	[819074:819967:rev] PhoI-like type II restriction endonuclease
	[820095:821675:dir] lysyl-tRNA synthetase, class I
	[821806:822390:dir] indolepyruvate oxidoreductase subunit
	[822537:823451:dir] phosphate regulatory protein
	[823514:824434:dir] isoaspartyl aminopeptidase
	[824437:825642:dir] hypothetical protein
	[825642:826598:dir] prokaryotic membrane lipoprotein with lipid attachment site motif; hypothetical protein
	[826585:827112:rev] hypothetical protein
	[827141:828106:rev] hypothetical protein
	[828167:829279:dir] transport protein permease
	[829266:830462:rev] proteasome-activating AAA-ATPase
<END>
<GI> CP002372 ABSF01000000 ABSF01000001-ABSF01000021 DS990558-DS990573:3 <COORDINATES> 1183780-1227271 <STAT> n1_4mer:GRV/n1_4mer:RV = 1.916363; n0_4mer:D = 37.463681; n0_4mer:PS = 38.707377
	[1183780:1184886:dir] predicted methyltransferase
	[1184954:1186288:rev] hypothetical protein
	[1186424:1186537:rev] hypothetical protein
	[1186579:1187310:dir] hypothetical protein
	[1187312:1188106:rev] phosphopantothenate synthetase
	[1188099:1189655:rev] hypothetical protein
	[1189701:1190165:rev] hypothetical protein
	[1190327:1192774:rev] hypothetical protein
	[1192933:1193523:dir] hypothetical protein
	[1193524:1193829:rev] hypothetical protein
	[1193864:1196269:rev] lead/cadmium/zinc and mercury transporting ATPase
	[1196392:1197009:dir] transcription regulator Lrp/AsnC family
	[1197098:1197334:dir] hypothetical protein
	[1197542:1197697:dir] hypothetical protein
	[1197694:1198041:rev] hypothetical protein
	[1198079:1198423:rev] hypothetical protein
	[1198577:1199185:dir] ubiquinone/menaquinone biosynthesis methyltransferase
	[1199359:1200531:dir] cysteine synthase
	[1200528:1201685:dir] cystathionine gamma-lyase
	[1201682:1202413:dir] hypothetical protein
	[1202475:1202765:rev] hypothetical protein
	[1202876:1205050:rev] lead/cadmium/zinc and mercury transporting ATPase
	[1205160:1205726:rev] hypothetical protein
	[1205732:1206298:rev] PrpC-like protein serine/threonine phosphatase
	[1206463:1207644:rev] hypothetical protein
	[1207647:1209125:rev] serine/threonine protein kinase
	[1209124:1209447:dir] hypothetical protein
	[1209483:1210088:rev] hypothetical protein
	[1210088:1210684:rev] hypothetical protein
	[1210695:1212518:rev] hypothetical protein
	[1212528:1213046:rev] hypothetical protein
	[1213195:1213755:rev] hypothetical protein
	[1213896:1214483:rev] 2-heptaprenyl-1/4-naphthoquinone methyltransferase
	[1214660:1215235:rev] putative protein-S-isoprenylcysteine methyltransferase
	[1215301:1217376:rev] lead/cadmium/zinc and mercury transporting ATPase
	[1217379:1217726:rev] cadmium efflux system accessory protein
	[1217801:1218847:rev] hypothetical protein
	[1218909:1219433:rev] hypothetical protein
	[1219487:1220389:rev] hypothetical protein
	[1220501:1220722:rev] YHS domain protein
	[1220723:1220929:rev] hypothetical protein
	[1221024:1221401:rev] hypothetical protein
	[1221411:1221776:rev] hypothetical protein
	[1221853:1222707:rev] EfeU-like ferrous iron transport permease
	[1222981:1223550:rev] alkyl hydroperoxide reductase protein C
	[1223753:1224316:rev] transcriptional regulatory protein
	[1224409:1224606:dir] hypothetical protein
	[1224616:1225239:dir] NADH-cytochrome b5
	[1225274:1227271:rev] hypothetical protein
<END>
<GI> CP002372 ABSF01000000 ABSF01000001-ABSF01000021 DS990558-DS990573:4 <COORDINATES> 1354970-1377197 <STAT> n1_4mer:GRV/n1_4mer:RV = 2.000660; n0_4mer:D = 39.553441; n0_4mer:PS = 47.205811
	[1354970:1355617:dir] phosphate transport regulator
	[1355619:1356542:dir] D-3-phosphoglycerate dehydrogenase
	[1356612:1356688:dir] anticodon CGC; tRNA-Ala
	[1356820:1357923:dir] acetylornithine deacetylase
	[1357992:1358855:dir] fumarate hydratase class I aerobic
	[1358839:1361106:rev] hypothetical protein
	[1361267:1366450:rev] hypothetical protein
	[1366504:1366653:rev] hypothetical protein
	[1366656:1367270:rev] hypothetical protein
	[1367276:1368895:rev] hypothetical protein
	[1369009:1369533:dir] fumarate hydratase class I aerobic
	[1369616:1370458:rev] hypothetical protein
	[1370802:1371497:dir] macrolide export ATP-binding/permease protein
	[1371494:1373332:dir] hypothetical protein
	[1373322:1374545:dir] ABC transporter permease
	[1374555:1375913:rev] archaeal ATPase
	[1376004:1377197:dir] glycine cleavage system T protein; aminomethyltransferase
<END>
<GI> CP002372 ABSF01000000 ABSF01000001-ABSF01000021 DS990558-DS990573:5 <COORDINATES> 2002675-2046099 <STAT> n1_4mer:GRV/n1_4mer:RV = 4.639769; n0_4mer:D = 49.908804; n0_4mer:PS = 0.324847
	[2002675:2003595:rev] hypothetical protein
	[2003625:2004584:rev] hypothetical protein
	[2004697:2005689:dir] hypothetical protein
	[2005686:2007038:dir] hypothetical protein
	[2007035:2008294:dir] hypothetical protein
	[2008326:2009249:dir] ribonuclease Z
	[2009227:2009892:dir] pheromone shutdown protein
<END>