<GI> CP080572:1 <COORDINATES> 245978-289810 <STAT> n1_4mer:GRV/n1_4mer:RV = 1.521301; n0_4mer:D = 23.571178; n0_4mer:PS = 37.932853
	[245978:247135:dir] Derived by automated computational analysis using gene prediction method: Protein Homology.; cystathionine gamma-synthase
	[247132:247863:dir] Derived by automated computational analysis using gene prediction method: Protein Homology.; methyltransferase domain-containing protein
	[247860:248417:rev] Derived by automated computational analysis using gene prediction method: GeneMarkS-2+.; hypothetical protein
	[248517:248816:rev] Derived by automated computational analysis using gene prediction method: Protein Homology.; SHOCT domain-containing protein
	[249010:249573:rev] Derived by automated computational analysis using gene prediction method: Protein Homology.; TetR/AcrR family transcriptional regulator
	[249606:252011:rev] Derived by automated computational analysis using gene prediction method: Protein Homology.; MMPL family transporter
	[252119:254041:rev] Derived by automated computational analysis using gene prediction method: Protein Homology.; copper-translocating P-type ATPase
	[254334:254741:rev] Derived by automated computational analysis using gene prediction method: Protein Homology.; DUF302 domain-containing protein
	[254903:255799:rev] Derived by automated computational analysis using gene prediction method: Protein Homology.; hypothetical protein
	[255934:257076:rev] Derived by automated computational analysis using gene prediction method: Protein Homology.; 4Fe-4S binding protein
	[257081:257722:rev] Derived by automated computational analysis using gene prediction method: Protein Homology.; class I SAM-dependent methyltransferase
	[257794:258354:rev] Derived by automated computational analysis using gene prediction method: Protein Homology.; isoprenylcysteine carboxylmethyltransferase family protein
	[258360:260450:rev] cadA; Derived by automated computational analysis using gene prediction method: Protein Homology.; cadmium-translocating P-type ATPase
	[260453:260800:rev] Derived by automated computational analysis using gene prediction method: Protein Homology.; metalloregulator ArsR/SmtB family transcription factor
	[261042:262439:dir] Derived by automated computational analysis using gene prediction method: GeneMarkS-2+.; hypothetical protein
	[262461:263357:dir] Derived by automated computational analysis using gene prediction method: Protein Homology.; MarR family transcriptional regulator
	[263413:264003:rev] Derived by automated computational analysis using gene prediction method: Protein Homology.; SagB/ThcOx family dehydrogenase
	[264052:264954:rev] Derived by automated computational analysis using gene prediction method: Protein Homology.; DMT family transporter
	[265054:265272:rev] Derived by automated computational analysis using gene prediction method: Protein Homology.; YHS domain-containing protein
	[265274:265480:rev] Derived by automated computational analysis using gene prediction method: Protein Homology.; heavy-metal-associated domain-containing protein
	[265622:265996:rev] Derived by automated computational analysis using gene prediction method: Protein Homology.; DUF302 domain-containing protein
	[265999:266391:rev] Derived by automated computational analysis using gene prediction method: Protein Homology.; CoA-binding protein
	[266462:267316:rev] Derived by automated computational analysis using gene prediction method: Protein Homology.; FTR1 family protein
	[267583:268152:rev] Derived by automated computational analysis using gene prediction method: Protein Homology.; redoxin domain-containing protein
	[268292:268450:dir] incomplete; partial on complete genome; missing C-terminus; Derived by automated computational analysis using gene prediction method: Protein Homology.; NAD(P)H-dependent oxidoreductase
	[268827:269000:dir] incomplete; partial on complete genome; missing N-terminus; Derived by automated computational analysis using gene prediction method: Protein Homology.; NADPH-dependent oxidoreductase
	[268997:269566:rev] Derived by automated computational analysis using gene prediction method: Protein Homology.; Lrp/AsnC family transcriptional regulator
	[269660:269857:dir] Derived by automated computational analysis using gene prediction method: Protein Homology.; DUF2892 domain-containing protein
	[269867:270472:dir] Derived by automated computational analysis using gene prediction method: Protein Homology.; cytochrome b5 domain-containing protein
	[270521:272194:rev] Derived by automated computational analysis using gene prediction method: GeneMarkS-2+.; hypothetical protein
	[272325:272858:rev] Derived by automated computational analysis using gene prediction method: Protein Homology.; DUF998 domain-containing protein
	[272968:273570:rev] iorB; Derived by automated computational analysis using gene prediction method: Protein Homology.; indolepyruvate ferredoxin oxidoreductase subunit beta
	[273567:275570:rev] Derived by automated computational analysis using gene prediction method: Protein Homology.; indolepyruvate ferredoxin oxidoreductase subunit alpha
	[275674:276789:rev] Derived by automated computational analysis using gene prediction method: Protein Homology.; SufD family Fe-S cluster assembly protein
	[276789:278216:rev] sufB; Derived by automated computational analysis using gene prediction method: Protein Homology.; Fe-S cluster assembly protein SufB
	[278213:278938:rev] sufC; Derived by automated computational analysis using gene prediction method: Protein Homology.; Fe-S cluster assembly ATPase SufC
	[279089:279613:rev] Derived by automated computational analysis using gene prediction method: Protein Homology.; ferritin
	[279663:280754:rev] thiI; Derived by automated computational analysis using gene prediction method: Protein Homology.; tRNA 4-thiouridine(8) synthase ThiI
	[280756:281712:rev] Derived by automated computational analysis using gene prediction method: Protein Homology.; ThiF family adenylyltransferase
	[281847:282068:dir] Derived by automated computational analysis using gene prediction method: GeneMarkS-2+.; hypothetical protein
	[282096:282302:dir] Derived by automated computational analysis using gene prediction method: Protein Homology.; hypothetical protein
	[282305:282634:dir] Derived by automated computational analysis using gene prediction method: Protein Homology.; hypothetical protein
	[282695:283960:dir] Derived by automated computational analysis using gene prediction method: Protein Homology.; cytochrome c biogenesis protein
	[283972:284325:dir] Derived by automated computational analysis using gene prediction method: Protein Homology.; DUF302 domain-containing protein
	[284382:285197:dir] Derived by automated computational analysis using gene prediction method: Protein Homology.; hypothetical protein
	[285250:285816:dir] Derived by automated computational analysis using gene prediction method: GeneMarkS-2+.; hypothetical protein
	[285884:286981:rev] Derived by automated computational analysis using gene prediction method: Protein Homology.; Xaa-Pro peptidase family protein
	[286982:287293:rev] Derived by automated computational analysis using gene prediction method: Protein Homology.; cupin domain-containing protein
	[287295:288632:rev] Derived by automated computational analysis using gene prediction method: Protein Homology.; DUF438 domain-containing protein
	[288629:289810:rev] Derived by automated computational analysis using gene prediction method: Protein Homology.; FprA family A-type flavoprotein
<END>
<GI> CP080572:2 <COORDINATES> 296645-317233 <STAT> n1_4mer:GRV/n1_4mer:RV = 1.518447; n0_4mer:D = 25.942364; n0_4mer:PS = 27.836521
	[296645:297667:dir] Derived by automated computational analysis using gene prediction method: Protein Homology.; tetratricopeptide repeat protein
	[297765:298052:rev] Derived by automated computational analysis using gene prediction method: Protein Homology.; elongation factor 1-beta
	[298064:298237:rev] Derived by automated computational analysis using gene prediction method: Protein Homology.; zinc finger domain-containing protein
	[298437:298736:rev] Derived by automated computational analysis using gene prediction method: GeneMarkS-2+.; hypothetical protein
	[299241:302012:dir] Derived by automated computational analysis using gene prediction method: Protein Homology.; CGP-CTERM sorting domain-containing protein
	[302271:303332:dir] Derived by automated computational analysis using gene prediction method: Protein Homology.; ABC transporter permease
	[303344:304786:dir] Derived by automated computational analysis using gene prediction method: Protein Homology.; ABC transporter permease
	[304797:305756:dir] Derived by automated computational analysis using gene prediction method: Protein Homology.; ABC transporter ATP-binding protein
	[305767:306774:dir] Derived by automated computational analysis using gene prediction method: Protein Homology.; ABC transporter ATP-binding protein
	[306835:307305:dir] Derived by automated computational analysis using gene prediction method: GeneMarkS-2+.; hypothetical protein
	[307310:308074:dir] Derived by automated computational analysis using gene prediction method: Protein Homology.; NAD+ synthase
	[308087:308935:dir] Derived by automated computational analysis using gene prediction method: Protein Homology.; EamA family transporter
	[308926:310248:rev] glnA; Derived by automated computational analysis using gene prediction method: Protein Homology.; type I glutamate--ammonia ligase
	[310470:310877:dir] Derived by automated computational analysis using gene prediction method: Protein Homology.; DUF61 family protein
	[310884:311150:dir] Derived by automated computational analysis using gene prediction method: Protein Homology.; hypothetical protein
	[311194:312852:dir] Derived by automated computational analysis using gene prediction method: Protein Homology.; hypothetical protein
	[312893:313216:dir] rnpB; archaeal type; Derived by automated computational analysis using gene prediction method: cmsearch.; RNase P RNA component
	[313213:314070:rev] Derived by automated computational analysis using gene prediction method: Protein Homology.; DMT family transporter
	[314073:315101:rev] priS; Derived by automated computational analysis using gene prediction method: Protein Homology.; DNA primase catalytic subunit PriS
	[315094:316290:rev] priL; Derived by automated computational analysis using gene prediction method: Protein Homology.; DNA primase large subunit PriL
	[316484:317233:dir] Derived by automated computational analysis using gene prediction method: Protein Homology.; AAA family ATPase
<END>
<GI> CP080572:3 <COORDINATES> 349644-372581 <STAT> n1_4mer:GRV/n1_4mer:RV = 1.754102; n0_4mer:D = 21.674368; n0_4mer:PS = 41.850408
	[349644:350729:rev] Derived by automated computational analysis using gene prediction method: Protein Homology.; ABC transporter ATP-binding protein
	[350735:351604:rev] Derived by automated computational analysis using gene prediction method: Protein Homology.; carbohydrate ABC transporter permease
	[351601:352542:rev] Derived by automated computational analysis using gene prediction method: Protein Homology.; sugar ABC transporter permease
	[352554:354188:rev] Derived by automated computational analysis using gene prediction method: Protein Homology.; extracellular solute-binding protein
	[354463:355614:dir] Derived by automated computational analysis using gene prediction method: Protein Homology.; inositol-3-phosphate synthase
	[355611:356840:rev] Derived by automated computational analysis using gene prediction method: Protein Homology.; alanyl-tRNA editing protein
	[356886:357530:rev] Derived by automated computational analysis using gene prediction method: Protein Homology.; V-type ATP synthase subunit D
	[357559:358947:rev] Derived by automated computational analysis using gene prediction method: Protein Homology.; ATP synthase subunit B
	[358953:360710:rev] Derived by automated computational analysis using gene prediction method: Protein Homology.; ATP synthase subunit A
	[360716:361024:rev] Derived by automated computational analysis using gene prediction method: Protein Homology.; V-type ATP synthase subunit F
	[361021:362130:rev] Derived by automated computational analysis using gene prediction method: Protein Homology.; V-type ATP synthase subunit C
	[362136:362747:rev] Derived by automated computational analysis using gene prediction method: Protein Homology.; V-type ATP synthase subunit E
	[362782:363267:rev] produces ATP from ADP in the presence of a proton gradient across the membrane; the K subunit is a nonenzymatic component which binds the dimeric form by interacting with the G and E subunits; Derived by automated computational analysis using gene prediction method: Protein Homology.; V-type ATP synthase subunit K
	[363281:365266:rev] Derived by automated computational analysis using gene prediction method: Protein Homology.; V-type ATP synthase subunit I
	[365270:365581:rev] Derived by automated computational analysis using gene prediction method: Protein Homology.; V-type ATP synthase subunit H
	[365750:366445:rev] Derived by automated computational analysis using gene prediction method: Protein Homology.; TrkA family potassium uptake protein
	[366452:367996:rev] Derived by automated computational analysis using gene prediction method: Protein Homology.; preprotein translocase subunit SecD
	[367993:368844:rev] Derived by automated computational analysis using gene prediction method: Protein Homology.; protein translocase subunit SecF
	[368990:369406:dir] speD; Derived by automated computational analysis using gene prediction method: Protein Homology.; adenosylmethionine decarboxylase
	[369407:370252:rev] Derived by automated computational analysis using gene prediction method: Protein Homology.; transcriptional regulator
	[370265:371008:rev] Derived by automated computational analysis using gene prediction method: Protein Homology.; KaiC domain-containing protein
	[371264:371404:dir] Derived by automated computational analysis using gene prediction method: tRNAscan-SE.; tRNA-Trp
	[371512:371964:rev] Derived by automated computational analysis using gene prediction method: Protein Homology.; Lrp/AsnC family transcriptional regulator
	[372021:372581:rev] Derived by automated computational analysis using gene prediction method: Protein Homology.; XTP/dITP diphosphatase
<END>
<GI> CP080572:4 <COORDINATES> 581480-604334 <STAT> n1_4mer:GRV/n1_4mer:RV = 1.363629; n0_4mer:D = 25.753891; n0_4mer:PS = 28.639298
	[581480:582463:rev] Derived by automated computational analysis using gene prediction method: Protein Homology.; glycosyltransferase family 2 protein
	[582509:583852:rev] Derived by automated computational analysis using gene prediction method: Protein Homology.; nucleotide sugar dehydrogenase
	[583854:584804:rev] Derived by automated computational analysis using gene prediction method: Protein Homology.; Gfo/Idh/MocA family oxidoreductase
	[584819:585916:rev] Derived by automated computational analysis using gene prediction method: Protein Homology.; DegT/DnrJ/EryC1/StrS family aminotransferase
	[585927:586535:rev] Derived by automated computational analysis using gene prediction method: Protein Homology.; acetyltransferase
	[586579:586710:rev] incomplete; partial on complete genome; missing C-terminus; Derived by automated computational analysis using gene prediction method: Protein Homology.; glycosyltransferase family 2 protein
	[587087:587572:rev] Derived by automated computational analysis using gene prediction method: GeneMarkS-2+.; hypothetical protein
	[587605:587823:rev] Derived by automated computational analysis using gene prediction method: Protein Homology.; DUF3368 domain-containing protein
	[587814:588086:rev] Derived by automated computational analysis using gene prediction method: Protein Homology.; UPF0175 family protein
	[588196:589617:rev] Derived by automated computational analysis using gene prediction method: Protein Homology.; ATP-binding protein
	[589636:589914:rev] internal stop; Derived by automated computational analysis using gene prediction method: Protein Homology.; hypothetical protein
	[590059:590358:dir] Derived by automated computational analysis using gene prediction method: Protein Homology.; ribbon-helix-helix domain-containing protein
	[590340:590774:dir] Derived by automated computational analysis using gene prediction method: Protein Homology.; putative toxin-antitoxin system toxin component, PIN family
	[590780:592066:rev] Derived by automated computational analysis using gene prediction method: Protein Homology.; DUF58 domain-containing protein
	[592063:592992:rev] Derived by automated computational analysis using gene prediction method: Protein Homology.; MoxR family ATPase
	[592994:594004:rev] Derived by automated computational analysis using gene prediction method: Protein Homology.; DUF4350 domain-containing protein
	[594001:595950:rev] Derived by automated computational analysis using gene prediction method: Protein Homology.; hypothetical protein
	[596021:596779:dir] Derived by automated computational analysis using gene prediction method: Protein Homology.; hypothetical protein
	[596770:597012:dir] Derived by automated computational analysis using gene prediction method: Protein Homology.; hypothetical protein
	[597074:597670:dir] Derived by automated computational analysis using gene prediction method: Protein Homology.; hypothetical protein
	[597678:597896:dir] Derived by automated computational analysis using gene prediction method: Protein Homology.; hypothetical protein
	[598162:598389:dir] Derived by automated computational analysis using gene prediction method: Protein Homology.; DUF433 domain-containing protein
	[598370:598723:dir] Derived by automated computational analysis using gene prediction method: Protein Homology.; DUF5615 family PIN-like protein
	[598822:599865:dir] incomplete; partial on complete genome; missing N-terminus; Derived by automated computational analysis using gene prediction method: Protein Homology.; ATP-binding protein
	[599929:600345:rev] Derived by automated computational analysis using gene prediction method: Protein Homology.; HEPN domain-containing protein
	[600342:600893:rev] Derived by automated computational analysis using gene prediction method: Protein Homology.; nucleotidyltransferase domain-containing protein
	[601092:602078:dir] Derived by automated computational analysis using gene prediction method: Protein Homology.; DUF1616 domain-containing protein
	[602250:602846:dir] Derived by automated computational analysis using gene prediction method: Protein Homology.; M73 family metallopeptidase
	[602887:603681:dir] Derived by automated computational analysis using gene prediction method: Protein Homology.; HAD-IIA family hydrolase
	[603804:604334:dir] Derived by automated computational analysis using gene prediction method: Protein Homology.; inorganic diphosphatase
<END>
<GI> CP080572:5 <COORDINATES> 617337-641116 <STAT> n1_4mer:GRV/n1_4mer:RV = 1.477225; n0_4mer:D = 23.650292; n0_4mer:PS = 36.307711
	[617337:620627:dir] Derived by automated computational analysis using gene prediction method: Protein Homology.; DUF2341 domain-containing protein
	[620633:621409:dir] Derived by automated computational analysis using gene prediction method: Protein Homology.; DUF2101 family protein
	[621531:621695:rev] Derived by automated computational analysis using gene prediction method: GeneMarkS-2+.; hypothetical protein
	[621965:622852:dir] Derived by automated computational analysis using gene prediction method: Protein Homology.; radical SAM protein
	[622863:623429:rev] Derived by automated computational analysis using gene prediction method: Protein Homology.; GMP synthase subunit A
	[623430:623825:rev] Derived by automated computational analysis using gene prediction method: Protein Homology.; HEPN domain-containing protein
	[623818:624132:rev] Derived by automated computational analysis using gene prediction method: Protein Homology.; nucleotidyltransferase domain-containing protein
	[624181:625104:rev] guaA; Derived by automated computational analysis using gene prediction method: Protein Homology.; glutamine-hydrolyzing GMP synthase
	[625179:626630:rev] guaB; Derived by automated computational analysis using gene prediction method: Protein Homology.; IMP dehydrogenase
	[626747:627748:rev] Derived by automated computational analysis using gene prediction method: Protein Homology.; formate--phosphoribosylaminoimidazolecarboxamide ligase
	[627902:629179:dir] thiC; Derived by automated computational analysis using gene prediction method: Protein Homology.; phosphomethylpyrimidine synthase ThiC
	[629288:630439:dir] Derived by automated computational analysis using gene prediction method: Protein Homology.; MFS transporter
	[630436:631263:rev] nadC; Derived by automated computational analysis using gene prediction method: Protein Homology.; carboxylating nicotinate-nucleotide diphosphorylase
	[631325:632227:rev] nadA; Derived by automated computational analysis using gene prediction method: Protein Homology.; quinolinate synthase NadA
	[632229:633617:rev] Derived by automated computational analysis using gene prediction method: Protein Homology.; L-aspartate oxidase
	[633712:635853:rev] purL; Derived by automated computational analysis using gene prediction method: Protein Homology.; phosphoribosylformylglycinamidine synthase subunit PurL
	[636204:637691:dir] Derived by automated computational analysis using gene prediction method: Protein Homology.; AAA family ATPase
	[637748:638419:rev] purQ; Derived by automated computational analysis using gene prediction method: Protein Homology.; phosphoribosylformylglycinamidine synthase I
	[638421:638666:rev] purS; Derived by automated computational analysis using gene prediction method: Protein Homology.; phosphoribosylformylglycinamidine synthase subunit PurS
	[638677:639819:rev] Derived by automated computational analysis using gene prediction method: Protein Homology.; formate--phosphoribosylaminoimidazolecarboxamide ligase family protein
	[639821:641116:rev] purD; Derived by automated computational analysis using gene prediction method: Protein Homology.; phosphoribosylamine--glycine ligase
<END>
<GI> CP080572:6 <COORDINATES> 687336-715535 <STAT> n1_4mer:GRV/n1_4mer:RV = 2.544215; n0_4mer:D = 37.197459; n0_4mer:PS = 39.471312
	[687336:688199:rev] Derived by automated computational analysis using gene prediction method: Protein Homology.; DUF835 domain-containing protein
	[688504:689424:rev] moaA; Derived by automated computational analysis using gene prediction method: Protein Homology.; GTP 3',8-cyclase MoaA
	[689558:690316:dir] Derived by automated computational analysis using gene prediction method: Protein Homology.; hypothetical protein
	[690282:691697:dir] Derived by automated computational analysis using gene prediction method: Protein Homology.; ribonuclease E/G
	[691669:692358:rev] radB; Derived by automated computational analysis using gene prediction method: Protein Homology.; DNA repair and recombination protein RadB
	[692370:693008:rev] Derived by automated computational analysis using gene prediction method: Protein Homology.; MBL fold metallo-hydrolase
	[693110:693349:dir] Derived by automated computational analysis using gene prediction method: GeneMarkS-2+.; hypothetical protein
	[693352:694050:dir] Derived by automated computational analysis using gene prediction method: Protein Homology.; DUF1614 domain-containing protein
	[694097:694951:dir] Derived by automated computational analysis using gene prediction method: Protein Homology.; ribose-phosphate diphosphokinase
	[694978:695211:dir] Derived by automated computational analysis using gene prediction method: GeneMarkS-2+.; hypothetical protein
	[695745:697229:dir] Derived by automated computational analysis using gene prediction method: cmsearch.; 16S ribosomal RNA
	[697282:697358:dir] Derived by automated computational analysis using gene prediction method: tRNAscan-SE.; tRNA-Ala
	[697480:700509:dir] Derived by automated computational analysis using gene prediction method: cmsearch.; 23S ribosomal RNA
	[700645:701151:dir] Derived by automated computational analysis using gene prediction method: Protein Homology.; magnesium-dependent phosphatase-1
	[701132:701698:dir] Derived by automated computational analysis using gene prediction method: Protein Homology.; DUF366 family protein
	[701699:702307:rev] Derived by automated computational analysis using gene prediction method: Protein Homology.; hypothetical protein
	[702428:704008:dir] lysS; Derived by automated computational analysis using gene prediction method: Protein Homology.; lysine--tRNA ligase
	[704013:704699:rev] Derived by automated computational analysis using gene prediction method: Protein Homology.; class I SAM-dependent methyltransferase
	[704786:705367:dir] Derived by automated computational analysis using gene prediction method: Protein Homology.; indolepyruvate oxidoreductase subunit beta
	[705527:705952:dir] Derived by automated computational analysis using gene prediction method: Protein Homology.; metal-dependent transcriptional regulator
	[705982:707319:rev] Derived by automated computational analysis using gene prediction method: Protein Homology.; NCS2 family permease
	[707454:708749:dir] Derived by automated computational analysis using gene prediction method: Protein Homology.; NADP-dependent malic enzyme
	[708746:709540:rev] dph5; Derived by automated computational analysis using gene prediction method: Protein Homology.; diphthine synthase
	[709660:710712:dir] Derived by automated computational analysis using gene prediction method: Protein Homology.; bis-aminopropyl spermidine synthase family protein
	[710784:711119:dir] Derived by automated computational analysis using gene prediction method: Protein Homology.; metal-sulfur cluster assembly factor
	[711259:711438:dir] Derived by automated computational analysis using gene prediction method: Protein Homology.; ferredoxin
	[711479:712651:rev] Derived by automated computational analysis using gene prediction method: Protein Homology.; nicotinate phosphoribosyltransferase
	[712706:713053:rev] Derived by automated computational analysis using gene prediction method: Protein Homology.; 6-pyruvoyl tetrahydropterin synthase family protein
	[713352:715535:dir] metG; Derived by automated computational analysis using gene prediction method: Protein Homology.; methionine--tRNA ligase
<END>
<GI> CP080572:7 <COORDINATES> 881605-900811 <STAT> n1_4mer:GRV/n1_4mer:RV = 1.948874; n0_4mer:D = 23.037755; n0_4mer:PS = 37.682219
	[881605:882528:rev] Derived by automated computational analysis using gene prediction method: Protein Homology.; tyrosine protein kinase
	[882613:883716:dir] Derived by automated computational analysis using gene prediction method: Protein Homology.; MFS transporter
	[883981:885081:dir] Derived by automated computational analysis using gene prediction method: Protein Homology.; 4Fe-4S dicluster domain-containing protein
	[885081:885974:dir] Derived by automated computational analysis using gene prediction method: Protein Homology.; hydrogenase subunit gamma
	[885985:886773:dir] Derived by automated computational analysis using gene prediction method: Protein Homology.; sulfhydrogenase 1 subunit delta
	[886773:888053:dir] Derived by automated computational analysis using gene prediction method: Protein Homology.; Ni/Fe hydrogenase subunit alpha
	[888103:888549:dir] Derived by automated computational analysis using gene prediction method: Protein Homology.; hydrogenase maturation protease
	[888671:889447:dir] Derived by automated computational analysis using gene prediction method: Protein Homology.; methylase
	[889449:890528:dir] Derived by automated computational analysis using gene prediction method: Protein Homology.; 50S ribosomal protein L3
	[890540:891307:dir] rpl4p; Derived by automated computational analysis using gene prediction method: Protein Homology.; 50S ribosomal protein L4
	[891314:891574:dir] Derived by automated computational analysis using gene prediction method: Protein Homology.; 50S ribosomal protein L23
	[891586:892305:dir] Derived by automated computational analysis using gene prediction method: Protein Homology.; 50S ribosomal protein L2
	[892316:892717:dir] Derived by automated computational analysis using gene prediction method: Protein Homology.; 30S ribosomal protein S19
	[892729:893193:dir] rplV; Derived by automated computational analysis using gene prediction method: Protein Homology.; 50S ribosomal protein L22
	[893198:893821:dir] Derived by automated computational analysis using gene prediction method: Protein Homology.; 30S ribosomal protein S3
	[893818:894018:dir] rpmC; Derived by automated computational analysis using gene prediction method: Protein Homology.; 50S ribosomal protein L29
	[894025:894321:dir] yciH; Derived by automated computational analysis using gene prediction method: Protein Homology.; stress response translation initiation inhibitor YciH
	[894207:894575:dir] Derived by automated computational analysis using gene prediction method: Protein Homology.; ribonuclease P protein component 1
	[894581:894916:dir] Derived by automated computational analysis using gene prediction method: Protein Homology.; 30S ribosomal protein S17
	[894923:895348:dir] Derived by automated computational analysis using gene prediction method: Protein Homology.; 50S ribosomal protein L14
	[895359:895721:dir] rplX; Derived by automated computational analysis using gene prediction method: Protein Homology.; 50S ribosomal protein L24
	[895724:896470:dir] Derived by automated computational analysis using gene prediction method: Protein Homology.; 30S ribosomal protein S4e
	[896482:897033:dir] Derived by automated computational analysis using gene prediction method: Protein Homology.; 50S ribosomal protein L5
	[897036:897206:dir] Derived by automated computational analysis using gene prediction method: Protein Homology.; 30S ribosomal protein S14
	[897218:897610:dir] Derived by automated computational analysis using gene prediction method: Protein Homology.; 30S ribosomal protein S8
	[897621:898175:dir] Derived by automated computational analysis using gene prediction method: Protein Homology.; 50S ribosomal protein L6
	[898186:898569:dir] Derived by automated computational analysis using gene prediction method: Protein Homology.; 50S ribosomal protein L32e
	[898575:899021:dir] Derived by automated computational analysis using gene prediction method: Protein Homology.; 50S ribosomal protein L19e
	[899027:899632:dir] Derived by automated computational analysis using gene prediction method: Protein Homology.; 50S ribosomal protein L18
	[899629:900336:dir] rpsE; Derived by automated computational analysis using gene prediction method: Protein Homology.; 30S ribosomal protein S5
	[900347:900811:dir] Derived by automated computational analysis using gene prediction method: Protein Homology.; 50S ribosomal protein L30
<END>
<GI> CP080572:8 <COORDINATES> 934707-955067 <STAT> n1_4mer:GRV/n1_4mer:RV = 1.523397; n0_4mer:D = 24.033317; n0_4mer:PS = 39.441467
	[934707:936890:rev] Derived by automated computational analysis using gene prediction method: GeneMarkS-2+.; hypothetical protein
	[937057:937839:rev] Derived by automated computational analysis using gene prediction method: Protein Homology.; BtpA/SgcQ family protein
	[938142:938711:dir] Derived by automated computational analysis using gene prediction method: Protein Homology.; PH domain-containing protein
	[938780:939364:rev] Derived by automated computational analysis using gene prediction method: Protein Homology.; RNA ligase partner protein
	[939452:940648:dir] Derived by automated computational analysis using gene prediction method: Protein Homology.; hypothetical protein
	[940704:940859:dir] Derived by automated computational analysis using gene prediction method: GeneMarkS-2+.; hypothetical protein
	[940862:941041:dir] Derived by automated computational analysis using gene prediction method: Protein Homology.; class III signal peptide-containing protein
	[941442:942263:dir] Derived by automated computational analysis using gene prediction method: Protein Homology.; D-aminoacyl-tRNA deacylase
	[942394:943515:dir] ftsZ; Derived by automated computational analysis using gene prediction method: Protein Homology.; cell division protein FtsZ
	[943641:943829:dir] Derived by automated computational analysis using gene prediction method: Protein Homology.; protein translocase SEC61 complex subunit gamma
	[943848:944306:dir] Derived by automated computational analysis using gene prediction method: Protein Homology.; transcription elongation factor Spt5
	[944320:944811:dir] Derived by automated computational analysis using gene prediction method: Protein Homology.; 50S ribosomal protein L11
	[944893:945543:dir] Derived by automated computational analysis using gene prediction method: Protein Homology.; 50S ribosomal protein L1
	[945549:946565:dir] Derived by automated computational analysis using gene prediction method: Protein Homology.; 50S ribosomal protein L10
	[946614:946928:dir] rpl12p; Derived by automated computational analysis using gene prediction method: Protein Homology.; 50S ribosomal protein P1
	[947087:947557:rev] dcd; Derived by automated computational analysis using gene prediction method: Protein Homology.; dCTP deaminase
	[947605:947680:dir] Derived by automated computational analysis using gene prediction method: tRNAscan-SE.; tRNA-Arg
	[948113:948190:rev] Derived by automated computational analysis using gene prediction method: tRNAscan-SE.; tRNA-Ile
	[948199:948274:rev] Derived by automated computational analysis using gene prediction method: tRNAscan-SE.; tRNA-Asn
	[948373:948449:dir] Derived by automated computational analysis using gene prediction method: tRNAscan-SE.; tRNA-Thr
	[948461:948538:dir] Derived by automated computational analysis using gene prediction method: tRNAscan-SE.; tRNA-Pro
	[948722:948970:dir] Derived by automated computational analysis using gene prediction method: Protein Homology.; DNA-directed RNA polymerase subunit H
	[948988:952344:dir] Derived by automated computational analysis using gene prediction method: Protein Homology.; DNA-directed RNA polymerase subunit B
	[952350:955067:dir] Derived by automated computational analysis using gene prediction method: Protein Homology.; DNA-directed RNA polymerase subunit A'
<END>
<GI> CP080572:9 <COORDINATES> 1155352-1176831 <STAT> n1_4mer:GRV/n1_4mer:RV = 1.548869; n0_4mer:D = 24.496393; n0_4mer:PS = 36.814269
	[1155352:1157034:dir] pheT; Derived by automated computational analysis using gene prediction method: Protein Homology.; phenylalanine--tRNA ligase subunit beta
	[1157343:1158143:dir] truA; Derived by automated computational analysis using gene prediction method: Protein Homology.; tRNA pseudouridine(38-40) synthase TruA
	[1158130:1159494:rev] Derived by automated computational analysis using gene prediction method: Protein Homology.; DEAD/DEAH box helicase
	[1159642:1160907:dir] Derived by automated computational analysis using gene prediction method: Protein Homology.; UbiD family decarboxylase
	[1160918:1161700:rev] proC; Derived by automated computational analysis using gene prediction method: Protein Homology.; pyrroline-5-carboxylate reductase
	[1161956:1162696:rev] Derived by automated computational analysis using gene prediction method: Protein Homology.; hydrolase
	[1162732:1163739:rev] hisC; Derived by automated computational analysis using gene prediction method: Protein Homology.; histidinol-phosphate transaminase
	[1163736:1164368:rev] Derived by automated computational analysis using gene prediction method: Protein Homology.; bifunctional phosphoribosyl-AMP cyclohydrolase/phosphoribosyl-ATP diphosphatase HisIE
	[1164352:1165107:rev] hisF; Derived by automated computational analysis using gene prediction method: Protein Homology.; imidazole glycerol phosphate synthase subunit HisF
	[1165107:1165790:rev] Derived by automated computational analysis using gene prediction method: Protein Homology.; 1-(5-phosphoribosyl)-5-((5- phosphoribosylamino)methylideneamino)imidazole-4- carboxamide isomerase
	[1165792:1166379:rev] hisH; Derived by automated computational analysis using gene prediction method: Protein Homology.; imidazole glycerol phosphate synthase subunit HisH
	[1166379:1166909:rev] hisB; Derived by automated computational analysis using gene prediction method: Protein Homology.; imidazoleglycerol-phosphate dehydratase HisB
	[1166915:1168048:rev] hisD; Derived by automated computational analysis using gene prediction method: Protein Homology.; histidinol dehydrogenase
	[1168038:1168655:rev] hisG; Derived by automated computational analysis using gene prediction method: Protein Homology.; ATP phosphoribosyltransferase
	[1168652:1169542:rev] Derived by automated computational analysis using gene prediction method: Protein Homology.; ATP phosphoribosyltransferase regulatory subunit
	[1169934:1172111:dir] Derived by automated computational analysis using gene prediction method: GeneMarkS-2+.; hypothetical protein
	[1172101:1172910:rev] Derived by automated computational analysis using gene prediction method: GeneMarkS-2+.; hypothetical protein
	[1172990:1174267:rev] Derived by automated computational analysis using gene prediction method: Protein Homology.; serine hydroxymethyltransferase
	[1174376:1175143:dir] Derived by automated computational analysis using gene prediction method: Protein Homology.; NAD-dependent deacylase
	[1175152:1175547:dir] Derived by automated computational analysis using gene prediction method: Protein Homology.; DUF3783 domain-containing protein
	[1175577:1176302:dir] Derived by automated computational analysis using gene prediction method: Protein Homology.; TIGR02253 family HAD-type hydrolase
	[1176268:1176831:dir] Derived by automated computational analysis using gene prediction method: Protein Homology.; ASCH domain-containing protein
<END>
<GI> CP080572:10 <COORDINATES> 1694032-1713077 <STAT> n1_4mer:GRV/n1_4mer:RV = 1.508741; n0_4mer:D = 23.133512; n0_4mer:PS = 33.475454
	[1694032:1695261:dir] Derived by automated computational analysis using gene prediction method: Protein Homology.; MFS transporter
	[1695521:1696369:dir] Derived by automated computational analysis using gene prediction method: GeneMarkS-2+.; hypothetical protein
	[1696378:1697238:rev] Derived by automated computational analysis using gene prediction method: Protein Homology.; hypothetical protein
	[1697795:1698373:dir] Derived by automated computational analysis using gene prediction method: Protein Homology.; GNAT family N-acetyltransferase
	[1698585:1699901:dir] Derived by automated computational analysis using gene prediction method: Protein Homology.; SDR family oxidoreductase
	[1699994:1700788:dir] Derived by automated computational analysis using gene prediction method: Protein Homology.; GrpB family protein
	[1700968:1701768:dir] Derived by automated computational analysis using gene prediction method: Protein Homology.; GNAT family N-acetyltransferase
	[1701824:1702546:dir] Derived by automated computational analysis using gene prediction method: GeneMarkS-2+.; hypothetical protein
	[1702813:1703568:rev] Derived by automated computational analysis using gene prediction method: Protein Homology.; MBL fold metallo-hydrolase
	[1703664:1704260:dir] Derived by automated computational analysis using gene prediction method: GeneMarkS-2+.; hypothetical protein
	[1704282:1705451:dir] Derived by automated computational analysis using gene prediction method: Protein Homology.; aldo/keto reductase
	[1705437:1705970:rev] Derived by automated computational analysis using gene prediction method: Protein Homology.; NUDIX hydrolase
	[1706011:1706790:rev] Derived by automated computational analysis using gene prediction method: GeneMarkS-2+.; hypothetical protein
	[1706787:1707605:rev] Derived by automated computational analysis using gene prediction method: GeneMarkS-2+.; hypothetical protein
	[1707782:1707970:dir] Derived by automated computational analysis using gene prediction method: Protein Homology.; PLDc N-terminal domain-containing protein
	[1707972:1709912:rev] Derived by automated computational analysis using gene prediction method: Protein Homology.; DEAD/DEAH box helicase family protein
	[1709981:1710244:dir] Derived by automated computational analysis using gene prediction method: Protein Homology.; hypothetical protein
	[1710246:1711292:rev] Derived by automated computational analysis using gene prediction method: Protein Homology.; M42 family metallopeptidase
	[1711476:1712168:dir] sfsA; Derived by automated computational analysis using gene prediction method: Protein Homology.; DNA/RNA nuclease SfsA
	[1712235:1713077:dir] Derived by automated computational analysis using gene prediction method: Protein Homology.; topoisomerase
<END>