<GI> CP021848:1 <COORDINATES> 47512-67907 <STAT> n1_4mer:GRV/n1_4mer:RV = 1.989161; n0_4mer:D = 34.314202; n0_4mer:PS = 52.637349
	[47512:48681:rev] Derived by automated computational analysis using gene prediction method: Protein Homology.; cell division protein FtsZ
	[48689:50911:rev] Derived by automated computational analysis using gene prediction method: Protein Homology.; hypothetical protein
	[50986:51987:rev] Derived by automated computational analysis using gene prediction method: Protein Homology.; 4-demethylwyosine synthase TYW1
	[52246:52833:rev] Derived by automated computational analysis using gene prediction method: Protein Homology.; protoporphyrinogen oxidase
	[52907:53062:rev] Derived by automated computational analysis using gene prediction method: Protein Homology.; 30S ribosomal protein S27ae
	[53064:53360:rev] Derived by automated computational analysis using gene prediction method: Protein Homology.; 30S ribosomal protein S24e
	[53350:53880:rev] Derived by automated computational analysis using gene prediction method: Protein Homology.; hypothetical protein
	[53880:54068:rev] Derived by automated computational analysis using gene prediction method: Protein Homology.; transcription elongation factor Spt4
	[54065:54625:rev] Derived by automated computational analysis using gene prediction method: Protein Homology.; DNA-directed RNA polymerase
	[54662:55198:rev] Derived by automated computational analysis using gene prediction method: Protein Homology.; inorganic pyrophosphatase
	[55310:56332:rev] Derived by automated computational analysis using gene prediction method: Protein Homology.; hypothetical protein
	[56461:57420:rev] incomplete; partial on complete genome; missing stop; Derived by automated computational analysis using gene prediction method: Protein Homology.; hypothetical protein
	[57417:58487:rev] Derived by automated computational analysis using gene prediction method: Protein Homology.; signal peptidase I
	[58484:58993:rev] Derived by automated computational analysis using gene prediction method: Protein Homology.; hypothetical protein
	[59058:59594:rev] Derived by automated computational analysis using gene prediction method: Protein Homology.; hypothetical protein
	[59596:60228:rev] Derived by automated computational analysis using gene prediction method: Protein Homology.; hypothetical protein
	[60410:60844:rev] Derived by automated computational analysis using gene prediction method: Protein Homology.; hypothetical protein
	[60849:61064:rev] Derived by automated computational analysis using gene prediction method: Protein Homology.; hypothetical protein
	[61472:61547:rev] tRNA-Gln
	[62062:62139:rev] tRNA-Pro
	[62214:63272:dir] Derived by automated computational analysis using gene prediction method: Protein Homology.; dolichol monophosphate mannose synthase
	[63225:63689:rev] Derived by automated computational analysis using gene prediction method: GeneMarkS+.; hypothetical protein
	[63939:64652:dir] Derived by automated computational analysis using gene prediction method: Protein Homology.; recombinase
	[64662:65069:dir] Derived by automated computational analysis using gene prediction method: Protein Homology.; hypothetical protein
	[65132:66820:dir] Derived by automated computational analysis using gene prediction method: Protein Homology.; peptidase M28
	[66817:67158:rev] Derived by automated computational analysis using gene prediction method: Protein Homology.; transcriptional regulator
	[67260:67907:rev] Derived by automated computational analysis using gene prediction method: Protein Homology.; exonuclease SbcD
<END>
<GI> CP021848:2 <COORDINATES> 383769-412712 <STAT> n1_4mer:GRV/n1_4mer:RV = 2.016659; n0_4mer:D = 40.077821; n0_4mer:PS = 36.232590
	[383769:385925:dir] topA; Derived by automated computational analysis using gene prediction method: Protein Homology.; DNA topoisomerase I
	[385926:387107:rev] Derived by automated computational analysis using gene prediction method: Protein Homology.; digeranylgeranylglycerophospholipid reductase
	[387113:387316:rev] Derived by automated computational analysis using gene prediction method: Protein Homology.; ferredoxin
	[387288:388010:rev] Derived by automated computational analysis using gene prediction method: Protein Homology.; transcriptional regulator
	[388142:388822:dir] Derived by automated computational analysis using gene prediction method: Protein Homology.; glutaredoxin
	[388940:389872:dir] Derived by automated computational analysis using gene prediction method: Protein Homology.; hypothetical protein
	[392237:392494:dir] cas2; Derived by automated computational analysis using gene prediction method: Protein Homology.; CRISPR-associated endonuclease Cas2
	[392487:393152:rev] Derived by automated computational analysis using gene prediction method: Protein Homology.; nuclease
	[393163:394143:rev] Derived by automated computational analysis using gene prediction method: Protein Homology.; subtype I-B CRISPR-associated endonuclease Cas1
	[394153:394665:rev] cas4; Derived by automated computational analysis using gene prediction method: Protein Homology.; CRISPR-associated protein Cas4
	[394690:395361:rev] Derived by automated computational analysis using gene prediction method: Protein Homology.; type I-A CRISPR-associated protein Cas5
	[395362:396318:rev] Derived by automated computational analysis using gene prediction method: Protein Homology.; CRISPR-associated protein
	[396311:396640:rev] Derived by automated computational analysis using gene prediction method: Protein Homology.; hypothetical protein
	[396624:397676:rev] Derived by automated computational analysis using gene prediction method: GeneMarkS+.; hypothetical protein
	[397654:399939:rev] Derived by automated computational analysis using gene prediction method: Protein Homology.; CRISPR-associated helicase/endonuclease Cas3
	[399899:400657:rev] cas6; Derived by automated computational analysis using gene prediction method: Protein Homology.; CRISPR-associated endoribonuclease Cas6
	[400791:402023:rev] Derived by automated computational analysis using gene prediction method: Protein Homology.; ATPase
	[402141:402839:rev] Derived by automated computational analysis using gene prediction method: Protein Homology.; acetyl-CoA synthetase
	[402994:404298:dir] Derived by automated computational analysis using gene prediction method: Protein Homology.; DUF4139 domain-containing protein
	[404295:404528:rev] Derived by automated computational analysis using gene prediction method: Protein Homology.; hypothetical protein
	[404622:405152:dir] Derived by automated computational analysis using gene prediction method: Protein Homology.; hypothetical protein
	[405204:408869:dir] Derived by automated computational analysis using gene prediction method: Protein Homology.; reverse gyrase
	[409236:410030:dir] Derived by automated computational analysis using gene prediction method: Protein Homology.; transcriptional regulator
	[410084:410296:rev] Derived by automated computational analysis using gene prediction method: Protein Homology.; ArsR family transcriptional regulator
	[410293:410622:rev] Derived by automated computational analysis using gene prediction method: Protein Homology.; hypothetical protein
	[410627:411352:rev] Derived by automated computational analysis using gene prediction method: Protein Homology.; arginase
	[411492:412712:dir] Derived by automated computational analysis using gene prediction method: Protein Homology.; Fe-S cluster assembly protein HesB
<END>
<GI> CP021848:3 <COORDINATES> 1531813-1561444 <STAT> n1_4mer:GRV/n1_4mer:RV = 2.577807; n0_4mer:D = 45.166862; n0_4mer:PS = 31.380746
	[1531813:1533585:dir] Derived by automated computational analysis using gene prediction method: Protein Homology.; radical SAM protein
	[1533595:1533900:dir] Derived by automated computational analysis using gene prediction method: Protein Homology.; hypothetical protein
	[1533911:1535371:rev] Derived by automated computational analysis using gene prediction method: Protein Homology.; phosphate ABC transporter substrate-binding protein
	[1535452:1535799:dir] Derived by automated computational analysis using gene prediction method: Protein Homology.; CidA/LrgA family protein
	[1535796:1536470:dir] Derived by automated computational analysis using gene prediction method: Protein Homology.; CidB/LrgB family autolysis modulator
	[1536432:1536875:rev] Derived by automated computational analysis using gene prediction method: Protein Homology.; transcriptional regulator
	[1537051:1537128:rev] tRNA-Tyr
	[1537205:1537783:dir] Derived by automated computational analysis using gene prediction method: Protein Homology.; hypothetical protein
	[1537783:1538343:dir] catalyzes the formation of glycerone phosphate and (S)-lactaldehyde from L-fuculose 1-phosphate; Derived by automated computational analysis using gene prediction method: Protein Homology.; fuculose phosphate aldolase
	[1538390:1538641:rev] Derived by automated computational analysis using gene prediction method: Protein Homology.; hypothetical protein
	[1538748:1539275:rev] cobO; Derived by automated computational analysis using gene prediction method: Protein Homology.; cob(I)yrinic acid a,c-diamide adenosyltransferase
	[1539378:1541372:rev] Derived by automated computational analysis using gene prediction method: GeneMarkS+.; hypothetical protein
	[1541562:1545131:dir] Derived by automated computational analysis using gene prediction method: Protein Homology.; hypothetical protein
	[1545119:1549057:dir] Derived by automated computational analysis using gene prediction method: Protein Homology.; hypothetical protein
	[1549258:1549689:dir] Derived by automated computational analysis using gene prediction method: Protein Homology.; EVE domain-containing protein
	[1550184:1550260:rev] tRNA-His
	[1550402:1551040:dir] Derived by automated computational analysis using gene prediction method: Protein Homology.; hypothetical protein
	[1551042:1551791:rev] Derived by automated computational analysis using gene prediction method: Protein Homology.; lipoate--protein ligase
	[1552340:1552816:rev] Derived by automated computational analysis using gene prediction method: Protein Homology.; signal peptidase I
	[1552789:1553340:rev] Derived by automated computational analysis using gene prediction method: Protein Homology.; hypothetical protein
	[1553404:1554492:dir] Derived by automated computational analysis using gene prediction method: Protein Homology.; hypothetical protein
	[1554489:1555424:dir] Derived by automated computational analysis using gene prediction method: Protein Homology.; membrane dipeptidase
	[1555465:1556319:dir] Derived by automated computational analysis using gene prediction method: Protein Homology.; SAM-dependent methyltransferase
	[1556325:1558199:rev] Derived by automated computational analysis using gene prediction method: Protein Homology.; peptidase S9
	[1558268:1558597:dir] Derived by automated computational analysis using gene prediction method: Protein Homology.; hypothetical protein
	[1558562:1559209:rev] Derived by automated computational analysis using gene prediction method: Protein Homology.; serine/threonine protein kinase
	[1559262:1559489:dir] Derived by automated computational analysis using gene prediction method: Protein Homology.; AsnC family transcriptional regulator
	[1559545:1560219:rev] Derived by automated computational analysis using gene prediction method: Protein Homology.; TIGR00153 family protein
	[1560224:1561444:rev] Derived by automated computational analysis using gene prediction method: Protein Homology.; phosphate permease
<END>
<GI> CP021848:4 <COORDINATES> 1674626-1706540 <STAT> n1_4mer:GRV/n1_4mer:RV = 3.340619; n0_4mer:D = 49.102149; n0_4mer:PS = 28.135786
	[1674626:1676635:dir] Derived by automated computational analysis using gene prediction method: Protein Homology.; hypothetical protein
	[1676661:1677275:dir] Derived by automated computational analysis using gene prediction method: Protein Homology.; hypothetical protein
	[1677256:1677564:rev] Derived by automated computational analysis using gene prediction method: Protein Homology.; transcriptional regulator
	[1677569:1678153:rev] Derived by automated computational analysis using gene prediction method: Protein Homology.; hypothetical protein
	[1678241:1679212:rev] Derived by automated computational analysis using gene prediction method: Protein Homology.; TIGR00269 family protein
	[1679282:1680040:dir] Derived by automated computational analysis using gene prediction method: GeneMarkS+.; hypothetical protein
	[1680042:1681175:rev] Derived by automated computational analysis using gene prediction method: Protein Homology.; metalloprotease
	[1681225:1682127:rev] Derived by automated computational analysis using gene prediction method: Protein Homology.; glycosyl transferase
	[1682120:1682998:rev] galU; Derived by automated computational analysis using gene prediction method: Protein Homology.; UTP--glucose-1-phosphate uridylyltransferase
	[1682995:1684278:rev] Derived by automated computational analysis using gene prediction method: Protein Homology.; UDP-glucose 6-dehydrogenase
	[1684330:1685463:dir] Derived by automated computational analysis using gene prediction method: Protein Homology.; glycosyl transferase family 1
	[1685475:1686791:rev] Derived by automated computational analysis using gene prediction method: Protein Homology.; UDP-N-acetyl-D-glucosamine dehydrogenase
	[1686982:1688115:dir] Derived by automated computational analysis using gene prediction method: Protein Homology.; hypothetical protein
	[1688112:1689149:rev] Derived by automated computational analysis using gene prediction method: Protein Homology.; glycosyl transferase family 2
	[1689177:1690499:rev] Derived by automated computational analysis using gene prediction method: Protein Homology.; FAD-dependent oxidoreductase
	[1690496:1691542:rev] Derived by automated computational analysis using gene prediction method: Protein Homology.; family 2 glycosyl transferase
	[1691539:1692981:rev] Derived by automated computational analysis using gene prediction method: Protein Homology.; lipopolysaccharide O-side chain biosynthesis protein
	[1693022:1693885:rev] rfbD; Derived by automated computational analysis using gene prediction method: Protein Homology.; dTDP-4-dehydrorhamnose reductase
	[1693895:1694452:rev] rfbC; Derived by automated computational analysis using gene prediction method: Protein Homology.; dTDP-4-dehydrorhamnose 3,5-epimerase
	[1694455:1695456:rev] rfbB; Derived by automated computational analysis using gene prediction method: Protein Homology.; dTDP-glucose 4,6-dehydratase
	[1695466:1696524:rev] Derived by automated computational analysis using gene prediction method: Protein Homology.; glucose-1-phosphate thymidylyltransferase
	[1696729:1697529:dir] Derived by automated computational analysis using gene prediction method: Protein Homology.; diacetylchitobiose deacetylase
	[1697526:1697975:rev] Derived by automated computational analysis using gene prediction method: Protein Homology.; VapC toxin family PIN domain ribonuclease
	[1697979:1698188:rev] Derived by automated computational analysis using gene prediction method: Protein Homology.; hypothetical protein
	[1698169:1699641:rev] Derived by automated computational analysis using gene prediction method: Protein Homology.; beta-galactosidase
	[1699849:1701654:dir] Derived by automated computational analysis using gene prediction method: Protein Homology.; DNA-binding protein
	[1701700:1702692:dir] Derived by automated computational analysis using gene prediction method: Protein Homology.; peptide ABC transporter permease
	[1702695:1703633:dir] Derived by automated computational analysis using gene prediction method: Protein Homology.; peptide ABC transporter permease
	[1703635:1704600:dir] Derived by automated computational analysis using gene prediction method: Protein Homology.; dipeptide/oligopeptide/nickel ABC transporter ATP-binding protein
	[1704597:1705559:dir] Derived by automated computational analysis using gene prediction method: Protein Homology.; ABC transporter ATP-binding protein
	[1705560:1706540:dir] Derived by automated computational analysis using gene prediction method: Protein Homology.; glucosamine-fructose-6-phosphate aminotransferase
<END>
<GI> CP021848:5 <COORDINATES> 1721170-1741573 <STAT> n1_4mer:GRV/n1_4mer:RV = 1.621760; n0_4mer:D = 29.375405; n0_4mer:PS = 37.611158
	[1721170:1722624:rev] Derived by automated computational analysis using gene prediction method: Protein Homology.; FAD-dependent oxidoreductase
	[1722785:1723327:dir] Derived by automated computational analysis using gene prediction method: Protein Homology.; CBS domain-containing protein
	[1723358:1724500:dir] Derived by automated computational analysis using gene prediction method: Protein Homology.; sodium:proton antiporter
	[1724502:1725626:dir] Derived by automated computational analysis using gene prediction method: Protein Homology.; sodium:proton antiporter
	[1725678:1726292:dir] Derived by automated computational analysis using gene prediction method: Protein Homology.; hypothetical protein
	[1726359:1727672:dir] Derived by automated computational analysis using gene prediction method: Protein Homology.; histidine--tRNA ligase
	[1728076:1728606:rev] Derived by automated computational analysis using gene prediction method: GeneMarkS+.; hypothetical protein
	[1728610:1731861:rev] Derived by automated computational analysis using gene prediction method: GeneMarkS+.; hypothetical protein
	[1732173:1732943:rev] Derived by automated computational analysis using gene prediction method: Protein Homology.; phospholipase
	[1732985:1734367:rev] catalyzes the formation of succinate semialdehyde and glutamate from 4-aminobutanoate and 2-oxoglutarate; Derived by automated computational analysis using gene prediction method: Protein Homology.; aspartate aminotransferase family protein
	[1734410:1735960:rev] Derived by automated computational analysis using gene prediction method: Protein Homology.; alanine glycine permease
	[1736213:1736479:dir] Derived by automated computational analysis using gene prediction method: Protein Homology.; hypothetical protein
	[1736838:1737113:dir] Derived by automated computational analysis using gene prediction method: Protein Homology.; hypothetical protein
	[1737267:1737839:dir] Derived by automated computational analysis using gene prediction method: Protein Homology.; hypothetical protein
	[1737873:1738670:dir] Derived by automated computational analysis using gene prediction method: GeneMarkS+.; hypothetical protein
	[1738809:1739021:dir] Derived by automated computational analysis using gene prediction method: GeneMarkS+.; hypothetical protein
	[1739023:1739625:dir] Derived by automated computational analysis using gene prediction method: GeneMarkS+.; hypothetical protein
	[1739629:1740558:dir] Derived by automated computational analysis using gene prediction method: Protein Homology.; signal peptidase I
	[1740539:1741573:dir] Derived by automated computational analysis using gene prediction method: GeneMarkS+.; hypothetical protein
<END>