<GI> CP002916:1 <COORDINATES> 65472-98599 <STAT> n1_4mer:GRV/n1_4mer:RV = 1.644950; n0_4mer:D = 30.209031; n0_4mer:PS = 30.566981
	[65472:66038:rev] hypothetical protein
	[66119:66868:rev] LPS biosynthesis protein
	[66962:68791:dir] 2-aminoethylphosphonate aminotransferase
	[68793:69911:rev] phosphonopyruvate decarboxylase
	[69921:71216:rev] phosphoenolpyruvate phosphomutase
	[71265:72026:rev] hypothetical protein
	[72635:73729:dir] Nucleoside-diphosphate-sugar epimerase
	[73729:73974:dir] putative UDP-glucose 6-dehydrogenase
	[74000:75556:rev] Transposase DDE domain protein
	[75673:75798:dir] hypothetical protein
	[76030:77139:rev] Transposase
	[77136:77525:rev] hypothetical protein
	[77607:77990:rev] Sel1 repeat protein
	[78005:78244:dir] hypothetical protein
	[78290:80143:rev] hypothetical protein
	[80424:81389:dir] Nucleoside-diphosphate-sugar epimerase
	[81390:82658:dir] nucleotide sugar dehydrogenase
	[82667:83980:dir] putative pyridoxal phosphate-dependent enzyme apparently involved in regulation of cell wall biogenesis
	[84047:85846:dir] acetolactate synthase, pyruvate dehydrogenase (cytochrome), glyoxylate carboligase, phosphonopyruvate decarboxylase; thiamine pyrophosphate-requiring protein
	[85851:86756:dir] Nucleoside-diphosphate-sugar epimerase
	[86740:87387:rev] putative phosphatase
	[87387:88988:rev] Isopropylmalate/homocitrate/citramalate synthase
	[89109:90047:dir] Glycosyltransferases involved in cell wall biogenesis
	[90135:91376:dir] hypothetical protein
	[91362:92267:rev] Nucleoside-diphosphate-sugar epimerase
	[92264:93430:rev] UDP-galactopyranose mutase
	[93435:94451:rev] Glycosyltransferases involved in cell wall biogenesis
	[94468:95907:rev] Dolichyl-phosphate-mannose-protein mannosyltransferase
	[96004:96777:rev] glucose-1-phosphate cytidylyltransferase
	[96962:97594:dir] hypothetical protein
	[97582:98190:dir] hypothetical protein
<END>
<GI> CP002916:2 <COORDINATES> 108263-133795 <STAT> n1_4mer:GRV/n1_4mer:RV = 2.165211; n0_4mer:D = 34.295028; n0_4mer:PS = 29.961487
	[108263:108742:rev] Peptidyl-prolyl cis-trans isomerase (rotamase) - cyclophilin family
	[108847:108960:dir] hypothetical protein
	[109046:109675:dir] putative cobalamin binding protein
	[109762:110859:rev] Prephenate dehydrogenase
	[110972:111589:rev] hypothetical protein
	[111780:112613:dir] Indolepyruvate ferredoxin oxidoreductase, alpha and beta subunits
	[112737:114038:dir] Arabinose efflux permease
	[114225:115214:rev] protein of unknown function (DUF1814)
	[115198:115800:rev] hypothetical protein
	[116047:117150:dir] hypothetical protein
	[117398:118363:rev] CfrBI restriction endonuclease
	[118364:119503:rev] DNA modification methylase
	[119500:119844:rev] hypothetical protein
	[119872:120084:dir] hypothetical protein
	[120086:121057:dir] Site-specific recombinase XerD
	[121111:121187:rev] anticodon: CTT; tRNA-Lys
	[121325:121783:dir] putative transcriptional regulator, contains C-terminal CBS domains
	[121795:122559:dir] Metal-dependent hydrolases of the beta-lactamase superfamily I
	[122551:123432:rev] hypothetical protein
	[123513:123809:dir] conserved hypothetical protein TIGR00251
	[123806:124201:dir] hypothetical protein
	[124227:124823:dir] thymidylate kinase
	[124810:126000:dir] phosphopantothenoylcysteine decarboxylase/phosphopantothenate--cysteine ligase, prokaryotic
	[125997:126863:dir] putative archaeal kinase (sugar kinase superfamily)
	[126842:127144:rev] archaeal conserved hypothetical protein
	[127260:128105:dir] ribose-phosphate pyrophosphokinase
	[128107:129516:dir] prolyl-tRNA synthetase
	[129526:130293:dir] tRNA(1-methyladenosine) methyltransferase-related methyltransferase
	[130396:130638:dir] phosphoribosylformylglycinamidine synthase, purS protein
	[130644:132980:dir] phosphoribosylformylglycinamidine synthase II
	[132977:133795:dir] phosphoribosylformylglycinamidine synthase I
<END>
<GI> CP002916:3 <COORDINATES> 222345-242984 <STAT> n1_4mer:GRV/n1_4mer:RV = 1.564181; n0_4mer:D = 32.592108; n0_4mer:PS = 30.271653
	[222345:223730:dir] NAD-dependent aldehyde dehydrogenase
	[223733:224419:rev] Pyruvate-formate lyase-activating enzyme
	[224422:225327:rev] ACT domain protein
	[225363:226043:rev] hypothetical protein
	[226111:226192:dir] anticodon: TAA; tRNA-Leu
	[226756:226962:dir] hypothetical protein
	[228042:232805:dir] Listeria/Bacterioides repeat protein
	[232891:233391:rev] hypothetical protein
	[233398:233667:dir] hypothetical protein
	[233747:234184:rev] hypothetical protein
	[234879:235382:rev] hypothetical protein
	[235685:236881:rev] conserved hypothetical protein TIGR00299
	[236878:237630:rev] NCAIR mutase (PurE)-related protein
	[237627:238397:rev] conserved hypothetical protein TIGR00268
	[238394:239488:rev] putative transcriptional regulator containing an HTH domain and an uncharacterized domain shared with the mammalian protein Schlafen
	[239636:240568:dir] hypothetical protein
	[240588:241031:dir] putative DNA-binding protein with PD1-like DNA-binding motif
	[241062:241418:rev] hypothetical protein
	[241420:242160:rev] geranylgeranylglyceryl phosphate synthase
	[242157:242984:rev] 4-hydroxybenzoate polyprenyltransferase-related prenyltransferase
<END>
<GI> CP002916:4 <COORDINATES> 307584-332693 <STAT> n1_4mer:GRV/n1_4mer:RV = 1.784457; n0_4mer:D = 27.548464; n0_4mer:PS = 32.415736
	[307584:308645:rev] Pyruvate:ferredoxin oxidoreductase-related 2-oxoacid:ferredoxin oxidoreductase, alpha subunit
	[308646:308855:rev] 2-oxoglutarate ferredoxin oxidoreductase, delta subunit
	[308836:309531:rev] hypothetical protein
	[309622:310176:dir] helix-turn-helix protein; Cupin domain protein
	[310186:311850:dir] Acyl-CoA synthetases (AMP-forming)/AMP-acid ligases II
	[311902:312435:dir] helix-turn-helix protein; Cupin domain protein
	[312432:314084:dir] Acyl-coenzyme A synthetase/AMP-(fatty) acid ligase
	[314128:314385:rev] Topoisomerase DNA binding C4 zinc finger
	[314698:315732:rev] Site-specific recombinase XerD
	[315816:317303:rev] hypothetical protein
	[317293:317526:rev] hypothetical protein
	[317523:317813:rev] hypothetical protein
	[317810:317980:rev] hypothetical protein
	[317994:318116:rev] hypothetical protein
	[318561:318776:rev] hypothetical protein
	[318797:318973:rev] hypothetical protein
	[318970:319386:rev] hypothetical protein
	[319383:319841:rev] hypothetical protein
	[319838:320035:rev] hypothetical protein
	[320038:320223:rev] hypothetical protein
	[320291:320662:dir] hypothetical protein
	[320790:321617:dir] hypothetical protein
	[321722:322108:dir] hypothetical protein
	[322205:323047:dir] Site-specific DNA methylase
	[323228:323854:rev] hypothetical protein
	[324095:325615:rev] hypothetical protein
	[325617:325973:rev] hypothetical protein
	[326208:327365:rev] hypothetical protein
	[327362:327715:rev] hypothetical protein
	[327715:328029:rev] hypothetical protein
	[328130:329041:rev] hypothetical protein
	[329046:329279:rev] hypothetical protein
	[329276:331156:rev] hypothetical protein
	[331156:331818:rev] hypothetical protein
	[331818:332693:rev] PKD domain protein
<END>
<GI> CP002916:5 <COORDINATES> 721799-748847 <STAT> n1_4mer:GRV/n1_4mer:RV = 1.689482; n0_4mer:D = 27.475985; n0_4mer:PS = 23.715840
	[721799:722161:dir] hypothetical protein
	[722170:722820:dir] Sel1 repeat protein
	[722821:723018:rev] hypothetical protein
	[723077:723619:rev] CDP-alcohol phosphatidyltransferase
	[723697:724551:rev] hypothetical protein
	[724676:725209:rev] hypothetical protein
	[725505:728210:dir] hypothetical protein
	[728401:728613:dir] hypothetical protein
	[728695:729015:rev] hypothetical protein
	[729046:730278:dir] hypothetical protein
	[730318:731016:dir] hypothetical protein
	[730979:732118:rev] hypothetical protein
	[732224:733054:dir] Molybdenum cofactor biosynthesis enzyme
	[733054:733374:dir] hypothetical protein
	[733379:734029:dir] hypothetical protein
	[734034:734546:dir] 5' nucleotidase, deoxy (Pyrimidine), cytosolic type C protein (NT5C)
	[734554:734745:rev] hypothetical protein
	[735193:735591:dir] hypothetical protein
	[735588:736730:dir] hypothetical protein
	[736727:736942:dir] hypothetical protein
	[736926:737084:dir] hypothetical protein
	[737141:737326:dir] hypothetical protein
	[737323:738306:dir] Site-specific recombinase, DNA invertase
	[738725:739624:dir] hypothetical protein
	[739630:740535:dir] hypothetical protein
	[740532:740783:dir] hypothetical protein
	[740780:740962:dir] hypothetical protein
	[741027:741659:dir] Exonuclease
	[741699:741935:dir] hypothetical protein
	[742042:744597:dir] type I restriction system adenine methylase (hsdM)
	[744599:745744:dir] Restriction endonuclease S subunit
	[745824:748847:dir] type I site-specific deoxyribonuclease, HsdR family
<END>
<GI> CP002916:6 <COORDINATES> 923839-946362 <STAT> n1_4mer:GRV/n1_4mer:RV = 1.411870; n0_4mer:D = 29.480788; n0_4mer:PS = 31.623828
	[923839:924090:rev] exodeoxyribonuclease VII, small subunit
	[924087:925418:rev] exodeoxyribonuclease VII, large subunit
	[925529:925894:dir] Uncharacterized protein, possibly involved in aromatic compounds catabolism
	[925963:926427:dir] hypothetical protein
	[926428:926985:rev] hypothetical protein
	[926987:927985:rev] Fe-S oxidoreductase
	[928064:929167:dir] hypothetical protein
	[929340:929831:dir] hypothetical protein
	[929843:932587:dir] hypothetical protein
	[932580:935753:dir] ATP-dependent exoDNAse (exonuclease V) beta subunit (contains helicase and exonuclease domains)
	[935797:937122:rev] hypothetical protein
	[937158:938120:rev] hypothetical protein
	[938117:939139:rev] ABC-type multidrug transport system, ATPase component
	[939140:939277:rev] hypothetical protein
	[939291:939557:dir] hypothetical protein
	[939683:942298:dir] ATPase, P-type (transporting), HAD superfamily, subfamily IC
	[942299:943057:rev] hypothetical protein
	[943529:943720:dir] hypothetical protein
	[943709:944542:rev] Cobyric acid synthase
	[944539:946362:rev] cobyric acid synthase CobQ
<END>