<GI> CP009479:1 <COORDINATES> 23941-46294 <STAT> n1_4mer:GRV/n1_4mer:RV = 1.602080; n0_4mer:D = 32.120015; n0_4mer:PS = 50.204044
	[23941:24498:rev] similar to yeast Dim2p protein that is essential for 40S ribosomal subunit; structural studies show binding to 3' end of 16S rRNA in complex with archaeal IF2 alpha; Derived by automated computational analysis using gene prediction method: Protein Homology.; RNA-processing protein
	[24611:25366:rev] Derived by automated computational analysis using gene prediction method: Protein Homology.; serine/threonine protein kinase
	[25369:25650:rev] Derived by automated computational analysis using gene prediction method: Protein Homology.; translation initiation factor 1A
	[26187:27905:dir] Derived by automated computational analysis using gene prediction method: Protein Homology.; amino acid transporter
	[27933:28361:rev] Derived by automated computational analysis using gene prediction method: Protein Homology.; antitermination protein NusA
	[28425:29957:rev] DNA-dependent RNA polymerase catalyzes the transcription of DNA into RNA using the four ribonucleoside triphosphates as substrates; Derived by automated computational analysis using gene prediction method: Protein Homology.; DNA-directed RNA polymerase subunit A''
	[29954:32617:rev] DNA-dependent RNA polymerase catalyzes the transcription of DNA into RNA using the four ribonucleoside triphosphates as substrates; Derived by automated computational analysis using gene prediction method: Protein Homology.; DNA-directed RNA polymerase subunit A'
	[32614:36204:rev] DNA-dependent RNA polymerase catalyzes the transcription of DNA into RNA using the four ribonucleoside triphosphates as substrates. The beta subunit is part of the catalytic core which binds with a sigma factor to produce the holoenzyme; Derived by automated computational analysis using gene prediction method: Protein Homology.; DNA-directed RNA polymerase subunit B
	[36201:36464:rev] Derived by automated computational analysis using gene prediction method: Protein Homology.; DNA-directed RNA polymerase subunit H
	[36482:36555:rev] tRNA-Lys
	[36708:37529:dir] Derived by automated computational analysis using gene prediction method: Protein Homology.; hypothetical protein
	[37568:38593:dir] Derived by automated computational analysis using gene prediction method: Protein Homology.; methylthioribose-1-phosphate isomerase
	[38643:39779:dir] catalyzes a two-step reaction, first charging a tryptophan molecule by linking its carboxyl group to the alpha-phosphate of ATP, followed by transfer of the aminoacyl-adenylate to its tRNA; Derived by automated computational analysis using gene prediction method: Protein Homology.; tryptophan--tRNA ligase
	[39923:40393:rev] Derived by automated computational analysis using gene prediction method: GeneMarkS+.; hypothetical protein
	[40749:40943:rev] Derived by automated computational analysis using gene prediction method: GeneMarkS+.; hypothetical protein
	[41277:41930:dir] Derived by automated computational analysis using gene prediction method: Protein Homology.; hypothetical protein
	[42949:43536:rev] Derived by automated computational analysis using gene prediction method: Protein Homology.; hypothetical protein
	[44597:44851:dir] Derived by automated computational analysis using gene prediction method: Protein Homology.; hypothetical protein
	[44954:45075:rev] Derived by automated computational analysis using gene prediction method: cmsearch.; 5S ribosomal RNA
	[45136:46008:rev] Derived by automated computational analysis using gene prediction method: Protein Homology.; hypothetical protein
	[46013:46294:rev] Derived by automated computational analysis using gene prediction method: GeneMarkS+.; hypothetical protein
<END>
<GI> CP009479:2 <COORDINATES> 55148-75995 <STAT> n1_4mer:GRV/n1_4mer:RV = 1.621223; n0_4mer:D = 33.002428; n0_4mer:PS = 53.131835
	[55148:57019:dir] Derived by automated computational analysis using gene prediction method: Protein Homology.; indolepyruvate ferredoxin oxidoreductase
	[57009:57608:dir] Derived by automated computational analysis using gene prediction method: Protein Homology.; hypothetical protein
	[57871:58125:dir] Enables 3` processing of polyadenylated mRNAs and tRNA precursors; Derived by automated computational analysis using gene prediction method: Protein Homology.; small nuclear ribonucleoprotein
	[58234:59679:dir] Catalyzes first step of the de novo purine nucleotide biosynthetic pathway; Derived by automated computational analysis using gene prediction method: Protein Homology.; amidophosphoribosyltransferase
	[59680:60255:rev] Derived by automated computational analysis using gene prediction method: Protein Homology.; hypothetical protein
	[61969:62661:rev] Derived by automated computational analysis using gene prediction method: Protein Homology.; hypothetical protein
	[62654:63208:rev] catalyzes the formation of 2 ADP from AMP and ATP; Derived by automated computational analysis using gene prediction method: Protein Homology.; adenylate kinase
	[63210:64970:rev] Derived by automated computational analysis using gene prediction method: Protein Homology.; preprotein translocase subunit SecY
	[64948:65388:rev] Derived by automated computational analysis using gene prediction method: Protein Homology.; 50S ribosomal protein L15
	[65375:65866:rev] rpl30p; L30 binds domain II of the 23S rRNA and the 5S rRNA; similar to eukaryotic protein L7; Derived by automated computational analysis using gene prediction method: Protein Homology.; 50S ribosomal protein L30
	[66506:66994:rev] Derived by automated computational analysis using gene prediction method: Protein Homology.; hypothetical protein
	[66991:67446:rev] Derived by automated computational analysis using gene prediction method: Protein Homology.; 50S ribosomal protein L19
	[67436:67852:rev] Derived by automated computational analysis using gene prediction method: Protein Homology.; 50S ribosomal protein L32
	[67854:68387:rev] Derived by automated computational analysis using gene prediction method: Protein Homology.; 50S ribosomal protein L6
	[68400:68789:rev] Derived by automated computational analysis using gene prediction method: Protein Homology.; 30S ribosomal protein S8
	[68965:69480:rev] Derived by automated computational analysis using gene prediction method: Protein Homology.; 50S ribosomal protein L5
	[69473:70195:rev] Derived by automated computational analysis using gene prediction method: Protein Homology.; 30S ribosomal protein S4e
	[70192:70704:rev] Derived by automated computational analysis using gene prediction method: Protein Homology.; hypothetical protein
	[70717:71067:rev] Derived by automated computational analysis using gene prediction method: Protein Homology.; 50S ribosomal protein L14
	[71112:71438:rev] Derived by automated computational analysis using gene prediction method: Protein Homology.; 30S ribosomal protein S17
	[71440:71748:rev] Derived by automated computational analysis using gene prediction method: Protein Homology.; hypothetical protein
	[71749:72048:rev] Derived by automated computational analysis using gene prediction method: Protein Homology.; protein translation factor SUI1
	[72045:72248:rev] one of the stabilizing components for the large ribosomal subunit; Derived by automated computational analysis using gene prediction method: Protein Homology.; 50S ribosomal protein L29
	[73371:73820:rev] Derived by automated computational analysis using gene prediction method: Protein Homology.; 50S ribosomal protein L22
	[73825:74280:rev] rps19p; protein S19 forms a complex with S13 that binds strongly to the 16S ribosomal RNA; Derived by automated computational analysis using gene prediction method: Protein Homology.; 30S ribosomal protein S19
	[74280:74975:rev] rpl2p; one of the primary rRNA-binding proteins; required for association of the 30S and 50S subunits to form the 70S ribosome, for tRNA binding and peptide bond formation; Derived by automated computational analysis using gene prediction method: Protein Homology.; 50S ribosomal protein L2
	[74985:75233:rev] binds third domain of 23S rRNA and protein L29; part of exit tunnel; Derived by automated computational analysis using gene prediction method: Protein Homology.; 50S ribosomal protein L23
	[75234:75995:rev] Derived by automated computational analysis using gene prediction method: Protein Homology.; 50S ribosomal protein L4
<END>
<GI> CP009479:3 <COORDINATES> 278482-298271 <STAT> n1_4mer:GRV/n1_4mer:RV = 1.468354; n0_4mer:D = 30.629864; n0_4mer:PS = 43.501035
	[278482:279141:rev] Derived by automated computational analysis using gene prediction method: Protein Homology.; glutaredoxin
	[279299:280036:dir] Derived by automated computational analysis using gene prediction method: Protein Homology.; metal-dependent hydrolase
	[280038:280658:dir] Derived by automated computational analysis using gene prediction method: Protein Homology.; hypothetical protein
	[280655:281122:dir] Derived by automated computational analysis using gene prediction method: GeneMarkS+.; hypothetical protein
	[281783:283102:rev] Derived by automated computational analysis using gene prediction method: Protein Homology.; dihydrolipoamide dehydrogenase
	[283116:284420:rev] Derived by automated computational analysis using gene prediction method: Protein Homology.; hypothetical protein
	[284423:285397:rev] Derived by automated computational analysis using gene prediction method: Protein Homology.; 2-oxoisovalerate dehydrogenase
	[285394:286407:rev] Derived by automated computational analysis using gene prediction method: Protein Homology.; branched-chain alpha-keto acid dehydrogenase subunit E1
	[286391:287257:rev] Derived by automated computational analysis using gene prediction method: Protein Homology.; radical SAM protein
	[287459:288373:dir] Derived by automated computational analysis using gene prediction method: Protein Homology.; hypothetical protein
	[288467:289150:rev] Derived by automated computational analysis using gene prediction method: Protein Homology.; hypothetical protein
	[289440:289901:rev] Derived by automated computational analysis using gene prediction method: GeneMarkS+.; hypothetical protein
	[289996:291984:dir] Derived by automated computational analysis using gene prediction method: Protein Homology.; Fe-S osidoreductase
	[292053:292898:dir] Derived by automated computational analysis using gene prediction method: Protein Homology.; 2,4-dienoyl-CoA reductase
	[292957:293850:rev] Derived by automated computational analysis using gene prediction method: Protein Homology.; electron transfer flavoprotein subunit alpha
	[293847:294593:rev] Derived by automated computational analysis using gene prediction method: Protein Homology.; electron transfer flavoprotein subunit beta
	[294897:296090:dir] Catalyzes the synthesis of acetoacetyl coenzyme A from two molecules of acetyl coenzyme A. It can also act as a thiolase, catalyzing the reverse reaction and generating two-carbon units from the four-carbon product of fatty acid oxidation; Derived by automated computational analysis using gene prediction method: Protein Homology.; acetyl-CoA acetyltransferase
	[296095:297219:dir] Derived by automated computational analysis using gene prediction method: Protein Homology.; acyl-CoA dehydrogenase
	[297219:298271:dir] Derived by automated computational analysis using gene prediction method: Protein Homology.; hypothetical protein
<END>
<GI> CP009479:4 <COORDINATES> 308500-332099 <STAT> n1_4mer:GRV/n1_4mer:RV = 1.679171; n0_4mer:D = 33.048460; n0_4mer:PS = 18.311707
	[308552:309097:dir] Derived by automated computational analysis using gene prediction method: GeneMarkS+.; hypothetical protein
	[309745:310389:rev] Derived by automated computational analysis using gene prediction method: GeneMarkS+.; hypothetical protein
	[311007:311252:dir] Derived by automated computational analysis using gene prediction method: GeneMarkS+.; hypothetical protein
	[311412:312788:rev] Derived by automated computational analysis using gene prediction method: Protein Homology.; hypothetical protein
	[313314:314009:dir] Derived by automated computational analysis using gene prediction method: GeneMarkS+.; hypothetical protein
	[314486:314788:dir] Derived by automated computational analysis using gene prediction method: GeneMarkS+.; hypothetical protein
	[314803:315084:dir] Derived by automated computational analysis using gene prediction method: GeneMarkS+.; hypothetical protein
	[315253:316215:rev] Derived by automated computational analysis using gene prediction method: GeneMarkS+.; hypothetical protein
	[316184:317092:rev] Derived by automated computational analysis using gene prediction method: GeneMarkS+.; hypothetical protein
	[317097:318011:rev] Derived by automated computational analysis using gene prediction method: GeneMarkS+.; hypothetical protein
	[318256:319440:rev] Derived by automated computational analysis using gene prediction method: GeneMarkS+.; hypothetical protein
	[319661:320839:rev] Derived by automated computational analysis using gene prediction method: Protein Homology.; hypothetical protein
	[321675:321857:dir] Derived by automated computational analysis using gene prediction method: GeneMarkS+.; hypothetical protein
	[321865:322275:dir] Derived by automated computational analysis using gene prediction method: GeneMarkS+.; hypothetical protein
	[322344:323387:dir] Derived by automated computational analysis using gene prediction method: GeneMarkS+.; hypothetical protein
	[323536:324609:rev] Derived by automated computational analysis using gene prediction method: Protein Homology.; hypothetical protein
	[324907:326052:dir] Derived by automated computational analysis using gene prediction method: Protein Homology.; transposase
	[326049:326408:rev] Derived by automated computational analysis using gene prediction method: GeneMarkS+.; hypothetical protein
	[326610:328394:dir] Derived by automated computational analysis using gene prediction method: GeneMarkS+.; hypothetical protein
	[328963:329202:dir] Derived by automated computational analysis using gene prediction method: Protein Homology.; hypothetical protein
	[329199:329591:dir] Derived by automated computational analysis using gene prediction method: Protein Homology.; hypothetical protein
	[329772:330314:dir] Derived by automated computational analysis using gene prediction method: GeneMarkS+.; hypothetical protein
	[330458:330742:dir] Derived by automated computational analysis using gene prediction method: GeneMarkS+.; hypothetical protein
	[330717:331157:dir] Derived by automated computational analysis using gene prediction method: Protein Homology.; hypothetical protein
	[331539:332039:rev] Derived by automated computational analysis using gene prediction method: Protein Homology.; hypothetical protein
<END>
<GI> CP009479:5 <COORDINATES> 358500-376367 <STAT> n1_4mer:GRV/n1_4mer:RV = 1.720156; n0_4mer:D = 31.912695; n0_4mer:PS = 53.520526
	[358987:359175:dir] Derived by automated computational analysis using gene prediction method: GeneMarkS+.; hypothetical protein
	[359178:359585:dir] Derived by automated computational analysis using gene prediction method: GeneMarkS+.; hypothetical protein
	[359722:360171:dir] Derived by automated computational analysis using gene prediction method: GeneMarkS+.; hypothetical protein
	[360184:360636:rev] Derived by automated computational analysis using gene prediction method: GeneMarkS+.; hypothetical protein
	[360691:361551:rev] Derived by automated computational analysis using gene prediction method: Protein Homology.; ATP-binding protein
	[361676:362116:dir] Derived by automated computational analysis using gene prediction method: Protein Homology.; HIT family hydrolase
	[362195:362791:dir] Derived by automated computational analysis using gene prediction method: Protein Homology.; PyrE
	[362801:364315:dir] Derived by automated computational analysis using gene prediction method: Protein Homology.; lysyl-tRNA synthetase
	[366672:366851:dir] rpoK; promotes RNAP assembly or increases stability; similar to eukaryotic RPB6 and bacterial subunit omega; Derived by automated computational analysis using gene prediction method: Protein Homology.; DNA-directed RNA polymerase subunit K
	[367216:368694:dir] 16S ribosomal RNA
	[368819:369040:dir] Derived by automated computational analysis using gene prediction method: Protein Homology.; preprotein translocase
	[369052:369933:dir] Derived by automated computational analysis using gene prediction method: Protein Homology.; antitermination protein NusG
	[371354:371824:dir] Derived by automated computational analysis using gene prediction method: Protein Homology.; hypothetical protein
	[371871:372329:dir] Derived by automated computational analysis using gene prediction method: Protein Homology.; alkyl hydroperoxide reductase
	[372372:372824:dir] Derived by automated computational analysis using gene prediction method: Protein Homology.; alkyl hydroperoxide reductase
	[373105:373419:rev] rpl12p; similar to eukaryotic L12; Derived by automated computational analysis using gene prediction method: Protein Homology.; 50S ribosomal protein L12
	[373439:374401:rev] Derived by automated computational analysis using gene prediction method: Protein Homology.; hypothetical protein
	[374398:375051:rev] Derived by automated computational analysis using gene prediction method: Protein Homology.; 50S ribosomal protein L1
	[375098:375547:rev] Derived by automated computational analysis using gene prediction method: Protein Homology.; 50S ribosomal protein L11
	[375714:376367:dir] Derived by automated computational analysis using gene prediction method: Protein Homology.; hypothetical protein
<END>
<GI> CP009479:6 <COORDINATES> 387890-406585 <STAT> n1_4mer:GRV/n1_4mer:RV = 1.668722; n0_4mer:D = 28.465467; n0_4mer:PS = 40.412961
	[387890:389143:dir] Derived by automated computational analysis using gene prediction method: GeneMarkS+.; hypothetical protein
	[389229:390206:dir] Derived by automated computational analysis using gene prediction method: Protein Homology.; hypothetical protein
	[390292:390363:dir] tRNA-Ala
	[390413:391702:dir] Derived by automated computational analysis using gene prediction method: Protein Homology.; integrase
	[391852:392223:dir] Derived by automated computational analysis using gene prediction method: GeneMarkS+.; hypothetical protein
	[392280:392468:dir] Derived by automated computational analysis using gene prediction method: GeneMarkS+.; hypothetical protein
	[392452:392820:dir] Derived by automated computational analysis using gene prediction method: GeneMarkS+.; hypothetical protein
	[392824:393231:dir] Derived by automated computational analysis using gene prediction method: GeneMarkS+.; hypothetical protein
	[393281:395113:dir] Derived by automated computational analysis using gene prediction method: GeneMarkS+.; hypothetical protein
	[395306:396064:dir] Derived by automated computational analysis using gene prediction method: Protein Homology.; sporulation initiation inhibitor Soj
	[396061:396396:dir] Derived by automated computational analysis using gene prediction method: GeneMarkS+.; hypothetical protein
	[396396:396668:dir] Derived by automated computational analysis using gene prediction method: GeneMarkS+.; hypothetical protein
	[396799:397179:dir] Derived by automated computational analysis using gene prediction method: GeneMarkS+.; hypothetical protein
	[398306:399391:dir] Derived by automated computational analysis using gene prediction method: Protein Homology.; hypothetical protein
	[399487:401499:dir] Derived by automated computational analysis using gene prediction method: Protein Homology.; DNA methyltransferase
	[401499:404423:dir] Derived by automated computational analysis using gene prediction method: Protein Homology.; restriction endonuclease subunit R
	[405473:406585:dir] Derived by automated computational analysis using gene prediction method: Protein Homology.; hypothetical protein
<END>
<GI> CP009479:7 <COORDINATES> 605400-632225 <STAT> n1_4mer:GRV/n1_4mer:RV = 1.807262; n0_4mer:D = 33.343585; n0_4mer:PS = 29.828452
	[605400:607145:dir] Derived by automated computational analysis using gene prediction method: GeneMarkS+.; hypothetical protein
	[607353:608993:rev] Derived by automated computational analysis using gene prediction method: GeneMarkS+.; hypothetical protein
	[609135:609890:dir] Derived by automated computational analysis using gene prediction method: Protein Homology.; sporulation initiation inhibitor Soj
	[609887:610162:dir] Derived by automated computational analysis using gene prediction method: GeneMarkS+.; hypothetical protein
	[613043:616717:dir] Derived by automated computational analysis using gene prediction method: Protein Homology.; hypothetical protein
	[616719:617867:dir] Derived by automated computational analysis using gene prediction method: Protein Homology.; hypothetical protein
	[617864:618355:dir] Derived by automated computational analysis using gene prediction method: Protein Homology.; hypothetical protein
	[618365:621547:dir] Derived by automated computational analysis using gene prediction method: Protein Homology.; hypothetical protein
	[622519:622740:dir] Derived by automated computational analysis using gene prediction method: GeneMarkS+.; hypothetical protein
	[622812:623450:dir] Derived by automated computational analysis using gene prediction method: GeneMarkS+.; hypothetical protein
	[623452:623754:dir] Derived by automated computational analysis using gene prediction method: GeneMarkS+.; hypothetical protein
	[623916:624947:dir] Derived by automated computational analysis using gene prediction method: Protein Homology.; hypothetical protein
	[626261:626482:dir] Derived by automated computational analysis using gene prediction method: Protein Homology.; hypothetical protein
	[626482:626736:dir] Derived by automated computational analysis using gene prediction method: Protein Homology.; RelE protein
	[626890:627360:dir] Derived by automated computational analysis using gene prediction method: Protein Homology.; hypothetical protein
	[627448:628386:rev] Derived by automated computational analysis using gene prediction method: Protein Homology.; hypothetical protein
	[628721:629227:rev] Derived by automated computational analysis using gene prediction method: Protein Homology.; hypothetical protein
	[629297:629983:rev] Derived by automated computational analysis using gene prediction method: GeneMarkS+.; hypothetical protein
	[630873:632225:dir] Derived by automated computational analysis using gene prediction method: Protein Homology.; hypothetical protein
<END>
<GI> CP009479:8 <COORDINATES> 698694-717193 <STAT> n1_4mer:GRV/n1_4mer:RV = 1.467250; n0_4mer:D = 30.034047; n0_4mer:PS = 13.010111
	[698694:699917:dir] Derived by automated computational analysis using gene prediction method: Protein Homology.; hypothetical protein
	[700082:701008:rev] Derived by automated computational analysis using gene prediction method: Protein Homology.; hypothetical protein
	[701162:701521:dir] Derived by automated computational analysis using gene prediction method: GeneMarkS+.; hypothetical protein
	[701661:701903:dir] Derived by automated computational analysis using gene prediction method: GeneMarkS+.; hypothetical protein
	[701966:702331:dir] Derived by automated computational analysis using gene prediction method: GeneMarkS+.; hypothetical protein
	[702333:702857:dir] Derived by automated computational analysis using gene prediction method: GeneMarkS+.; hypothetical protein
	[703514:703882:dir] Derived by automated computational analysis using gene prediction method: GeneMarkS+.; hypothetical protein
	[703882:704166:dir] Derived by automated computational analysis using gene prediction method: GeneMarkS+.; hypothetical protein
	[704163:704705:rev] Derived by automated computational analysis using gene prediction method: Protein Homology.; DDE endonuclease
	[704717:705199:rev] Derived by automated computational analysis using gene prediction method: Protein Homology.; transcriptional regulator
	[705405:705605:rev] Derived by automated computational analysis using gene prediction method: GeneMarkS+.; hypothetical protein
	[705688:706722:rev] Derived by automated computational analysis using gene prediction method: GeneMarkS+.; hypothetical protein
	[706995:708122:dir] Derived by automated computational analysis using gene prediction method: Protein Homology.; hypothetical protein
	[708263:709180:dir] Derived by automated computational analysis using gene prediction method: GeneMarkS+.; hypothetical protein
	[709435:710133:rev] Derived by automated computational analysis using gene prediction method: Protein Homology.; hypothetical protein
	[710331:710636:rev] Derived by automated computational analysis using gene prediction method: Protein Homology.; hypothetical protein
	[713747:714871:dir] Derived by automated computational analysis using gene prediction method: Protein Homology.; hypothetical protein
	[714881:717193:dir] Derived by automated computational analysis using gene prediction method: GeneMarkS+.; hypothetical protein
<END>
<GI> CP009479:9 <COORDINATES> 725374-758099 <STAT> n1_4mer:GRV/n1_4mer:RV = 1.645135; n0_4mer:D = 34.982641; n0_4mer:PS = 14.979065
	[725374:725745:dir] Derived by automated computational analysis using gene prediction method: GeneMarkS+.; hypothetical protein
	[725933:726169:rev] Derived by automated computational analysis using gene prediction method: GeneMarkS+.; hypothetical protein
	[726267:727625:rev] Derived by automated computational analysis using gene prediction method: Protein Homology.; hypothetical protein
	[728538:729518:dir] Derived by automated computational analysis using gene prediction method: Protein Homology.; hypothetical protein
	[729524:730267:dir] Derived by automated computational analysis using gene prediction method: Protein Homology.; hypothetical protein
	[730283:731458:dir] Derived by automated computational analysis using gene prediction method: Protein Homology.; hypothetical protein
	[731455:733341:rev] Derived by automated computational analysis using gene prediction method: GeneMarkS+.; hypothetical protein
	[733455:734546:rev] Derived by automated computational analysis using gene prediction method: Protein Homology.; hypothetical protein
	[735301:735603:dir] Derived by automated computational analysis using gene prediction method: Protein Homology.; hypothetical protein
	[736543:737958:rev] Derived by automated computational analysis using gene prediction method: Protein Homology.; hypothetical protein
	[738039:738959:rev] Derived by automated computational analysis using gene prediction method: Protein Homology.; hypothetical protein
	[739363:740535:dir] Derived by automated computational analysis using gene prediction method: Protein Homology.; hypothetical protein
	[740532:741293:dir] Derived by automated computational analysis using gene prediction method: Protein Homology.; hypothetical protein
	[742076:743602:dir] Derived by automated computational analysis using gene prediction method: Protein Homology.; hypothetical protein
	[743736:744863:dir] Derived by automated computational analysis using gene prediction method: Protein Homology.; hypothetical protein
	[744883:745068:rev] Derived by automated computational analysis using gene prediction method: GeneMarkS+.; hypothetical protein
	[745065:745250:rev] Derived by automated computational analysis using gene prediction method: GeneMarkS+.; hypothetical protein
	[745597:746133:rev] Derived by automated computational analysis using gene prediction method: GeneMarkS+.; hypothetical protein
	[746111:747961:rev] Derived by automated computational analysis using gene prediction method: Protein Homology.; hypothetical protein
	[747967:748242:rev] Derived by automated computational analysis using gene prediction method: Protein Homology.; hypothetical protein
	[749417:749489:rev] tRNA-Pro
	[749563:749982:rev] Derived by automated computational analysis using gene prediction method: Protein Homology.; hypothetical protein
	[751611:752561:rev] Derived by automated computational analysis using gene prediction method: Protein Homology.; hypothetical protein
	[752558:753748:rev] Derived by automated computational analysis using gene prediction method: Protein Homology.; mandelate racemase
	[753866:756565:dir] Catalyzes the conversion of citrate to isocitrate; Derived by automated computational analysis using gene prediction method: Protein Homology.; aconitate hydratase
	[756640:757947:dir] Derived by automated computational analysis using gene prediction method: GeneMarkS+.; hypothetical protein
<END>
<GI> CP009479:10 <COORDINATES> 827068-851485 <STAT> n1_4mer:GRV/n1_4mer:RV = 1.589109; n0_4mer:D = 29.334874; n0_4mer:PS = 40.144963
	[827068:828351:rev] Derived by automated computational analysis using gene prediction method: Protein Homology.; adenylosuccinate synthase
	[828582:829799:dir] Converts isocitrate to alpha ketoglutarate; Derived by automated computational analysis using gene prediction method: Protein Homology.; isocitrate dehydrogenase
	[829842:831239:rev] Derived by automated computational analysis using gene prediction method: Protein Homology.; hypothetical protein
	[831380:832195:rev] Derived by automated computational analysis using gene prediction method: Protein Homology.; ABC transporter substrate-binding protein
	[832320:833255:dir] Derived by automated computational analysis using gene prediction method: Protein Homology.; carbamate kinase
	[833989:834642:rev] Derived by automated computational analysis using gene prediction method: Protein Homology.; hypothetical protein
	[834794:835624:dir] Derived by automated computational analysis using gene prediction method: Protein Homology.; peptidase
	[835587:836336:rev] Derived by automated computational analysis using gene prediction method: Protein Homology.; hypothetical protein
	[836333:836881:rev] Derived by automated computational analysis using gene prediction method: Protein Homology.; DNA-binding protein
	[836905:837210:rev] Derived by automated computational analysis using gene prediction method: Protein Homology.; hypothetical protein
	[837210:837509:rev] Derived by automated computational analysis using gene prediction method: Protein Homology.; 50S ribosomal protein L21
	[837512:838681:rev] Derived by automated computational analysis using gene prediction method: Protein Homology.; hypothetical protein
	[838686:838817:rev] Derived by automated computational analysis using gene prediction method: Protein Homology.; DNA-directed RNA polymerase subunit P
	[838810:839067:rev] Derived by automated computational analysis using gene prediction method: Protein Homology.; 50S ribosomal protein L37
	[839073:839855:rev] involved in the 3' to 5' degradation of a variety of RNA species; forms a trimer of heterodimers (hexamer) with Rrp42; Rrp41 is the catalytically active subunit; Derived by automated computational analysis using gene prediction method: Protein Homology.; RNA-binding protein
	[839856:840596:rev] involved in the 3' to 5' degradation of a variety of RNA species; forms a trimer of heterodimers (hexamer) with Rrp42; Rrp41 is the catalytically active subunit; Derived by automated computational analysis using gene prediction method: Protein Homology.; exonuclease
	[840580:841269:rev] Derived by automated computational analysis using gene prediction method: Protein Homology.; RNA-binding protein
	[841557:842264:rev] Shwachman#Bodian#Diamond syndrome protein family; SBDS; similar to eukaryotic proteins involved in RNA metabolism or binding; Derived by automated computational analysis using gene prediction method: Protein Homology.; RNA-associated protein
	[842301:842561:rev] Derived by automated computational analysis using gene prediction method: Protein Homology.; hypothetical protein
	[842729:843430:rev] Derived by automated computational analysis using gene prediction method: Protein Homology.; proteasome subunit alpha
	[844803:845636:dir] Derived by automated computational analysis using gene prediction method: Protein Homology.; hypothetical protein
	[845694:846353:dir] Derived by automated computational analysis using gene prediction method: Protein Homology.; hypothetical protein
	[846777:846992:dir] Derived by automated computational analysis using gene prediction method: GeneMarkS+.; hypothetical protein
	[847124:847423:dir] Derived by automated computational analysis using gene prediction method: cmsearch.; bacterial RNase P
	[847428:848063:rev] Derived by automated computational analysis using gene prediction method: Protein Homology.; hypothetical protein
	[848222:848413:dir] Derived by automated computational analysis using gene prediction method: Protein Homology.; hypothetical protein
	[848430:849251:dir] Derived by automated computational analysis using gene prediction method: Protein Homology.; hypothetical protein
	[849349:851070:dir] Derived by automated computational analysis using gene prediction method: Protein Homology.; methylmalonyl-CoA mutase
	[851063:851485:dir] Derived by automated computational analysis using gene prediction method: Protein Homology.; methylmalonyl-CoA mutase
<END>
<GI> CP009479:11 <COORDINATES> 1108760-1133471 <STAT> n1_4mer:GRV/n1_4mer:RV = 1.780910; n0_4mer:D = 33.515415; n0_4mer:PS = 33.896232
	[1108760:1110049:dir] Derived by automated computational analysis using gene prediction method: Protein Homology.; hypothetical protein
	[1110208:1111104:rev] Derived by automated computational analysis using gene prediction method: Protein Homology.; hypothetical protein
	[1111101:1111403:rev] Derived by automated computational analysis using gene prediction method: Protein Homology.; hypothetical protein
	[1111506:1112093:dir] Derived by automated computational analysis using gene prediction method: GeneMarkS+.; hypothetical protein
	[1112261:1113022:rev] Derived by automated computational analysis using gene prediction method: Protein Homology.; hypothetical protein
	[1113019:1114191:rev] Derived by automated computational analysis using gene prediction method: Protein Homology.; hypothetical protein
	[1114408:1115463:rev] Derived by automated computational analysis using gene prediction method: Protein Homology.; hypothetical protein
	[1115445:1115666:rev] Derived by automated computational analysis using gene prediction method: Protein Homology.; hypothetical protein
	[1115998:1118655:rev] Derived by automated computational analysis using gene prediction method: GeneMarkS+.; hypothetical protein
	[1118756:1121785:rev] Derived by automated computational analysis using gene prediction method: Protein Homology.; hypothetical protein
	[1121769:1124813:rev] Derived by automated computational analysis using gene prediction method: Protein Homology.; hypothetical protein
	[1126440:1127369:rev] Derived by automated computational analysis using gene prediction method: Protein Homology.; transposase
	[1127665:1128441:rev] Derived by automated computational analysis using gene prediction method: Protein Homology.; hypothetical protein
	[1128819:1129292:dir] Derived by automated computational analysis using gene prediction method: GeneMarkS+.; hypothetical protein
	[1129408:1130124:rev] Derived by automated computational analysis using gene prediction method: GeneMarkS+.; hypothetical protein
	[1130726:1131364:dir] Derived by automated computational analysis using gene prediction method: GeneMarkS+.; hypothetical protein
	[1131408:1133471:rev] Derived by automated computational analysis using gene prediction method: Protein Homology.; hypothetical protein
<END>
<GI> CP009479:12 <COORDINATES> 1172000-1194029 <STAT> n1_4mer:GRV/n1_4mer:RV = 1.605994; n0_4mer:D = 29.744323; n0_4mer:PS = 38.543062
	[1176259:1177221:rev] Derived by automated computational analysis using gene prediction method: Protein Homology.; dehydrogenase
	[1177289:1177534:rev] Derived by automated computational analysis using gene prediction method: GeneMarkS+.; hypothetical protein
	[1177531:1177881:rev] Derived by automated computational analysis using gene prediction method: GeneMarkS+.; hypothetical protein
	[1177981:1179057:dir] Derived by automated computational analysis using gene prediction method: Protein Homology.; modification methylase
	[1179032:1180279:rev] Derived by automated computational analysis using gene prediction method: Protein Homology.; hypothetical protein
	[1180440:1181123:dir] Derived by automated computational analysis using gene prediction method: Protein Homology.; hypothetical protein
	[1181201:1181285:rev] tRNA-Leu
	[1181646:1182107:rev] Derived by automated computational analysis using gene prediction method: GeneMarkS+.; hypothetical protein
	[1182316:1182501:dir] Derived by automated computational analysis using gene prediction method: Protein Homology.; hypothetical protein
	[1182488:1182766:dir] Derived by automated computational analysis using gene prediction method: Protein Homology.; hypothetical protein
	[1182830:1183090:dir] Derived by automated computational analysis using gene prediction method: Protein Homology.; AbrB family transcriptional regulator
	[1183126:1183491:dir] Derived by automated computational analysis using gene prediction method: Protein Homology.; hypothetical protein
	[1183789:1183992:dir] Derived by automated computational analysis using gene prediction method: GeneMarkS+.; hypothetical protein
	[1184991:1186046:rev] Derived by automated computational analysis using gene prediction method: Protein Homology.; hypothetical protein
	[1187027:1187788:dir] Derived by automated computational analysis using gene prediction method: GeneMarkS+.; hypothetical protein
	[1188283:1188975:dir] Derived by automated computational analysis using gene prediction method: GeneMarkS+.; hypothetical protein
	[1189175:1189651:dir] Derived by automated computational analysis using gene prediction method: GeneMarkS+.; hypothetical protein
	[1189841:1190623:rev] Derived by automated computational analysis using gene prediction method: Protein Homology.; hypothetical protein
	[1190760:1191482:dir] Derived by automated computational analysis using gene prediction method: Protein Homology.; hypothetical protein
	[1191618:1191899:dir] Derived by automated computational analysis using gene prediction method: Protein Homology.; hypothetical protein
	[1192153:1192545:dir] Derived by automated computational analysis using gene prediction method: Protein Homology.; transcriptional regulator
	[1192640:1192909:dir] Sso10b; forms dimers; interacts with silencing protein Sir2 which regulates Alba by deacetylation of a lysine residue which affects DNA binding affinity; binds double-stranded DNA tightly distributed uniformly and abundantly on the chromosome; Derived by automated computational analysis using gene prediction method: Protein Homology.; DNA/RNA-binding protein albA
	[1193049:1194029:dir] Derived by automated computational analysis using gene prediction method: Protein Homology.; octaprenyl-diphosphate synthase
<END>
<GI> CP009479:13 <COORDINATES> 1309607-1331369 <STAT> n1_4mer:GRV/n1_4mer:RV = 1.568155; n0_4mer:D = 31.382018; n0_4mer:PS = 48.497294
	[1309607:1310104:rev] Derived by automated computational analysis using gene prediction method: Protein Homology.; hypothetical protein
	[1310114:1310500:rev] Derived by automated computational analysis using gene prediction method: Protein Homology.; hypothetical protein
	[1310662:1310734:dir] tRNA-Gln
	[1310853:1311338:dir] Derived by automated computational analysis using gene prediction method: Protein Homology.; hypothetical protein
	[1311328:1312164:rev] Derived by automated computational analysis using gene prediction method: Protein Homology.; hypothetical protein
	[1312294:1313553:dir] Catalyzes the synthesis of acetoacetyl coenzyme A from two molecules of acetyl coenzyme A. It can also act as a thiolase, catalyzing the reverse reaction and generating two-carbon units from the four-carbon product of fatty acid oxidation; Derived by automated computational analysis using gene prediction method: Protein Homology.; acetyl-CoA acetyltransferase
	[1313554:1314051:dir] Derived by automated computational analysis using gene prediction method: Protein Homology.; nucleotide-binding protein
	[1314104:1315726:dir] Derived by automated computational analysis using gene prediction method: Protein Homology.; hypothetical protein
	[1315869:1317482:dir] Derived by automated computational analysis using gene prediction method: Protein Homology.; thermosome subunit
	[1317550:1318518:dir] Derived by automated computational analysis using gene prediction method: Protein Homology.; thioredoxin reductase
	[1318637:1319743:dir] Derived by automated computational analysis using gene prediction method: Protein Homology.; succinyl-CoA synthetase subunit beta
	[1319745:1320602:dir] Derived by automated computational analysis using gene prediction method: Protein Homology.; hypothetical protein
	[1320608:1321519:dir] catalyzes the formation of L-citrulline from carbamoyl phosphate and L-ornithine in arginine biosynthesis and degradation; Derived by automated computational analysis using gene prediction method: Protein Homology.; ornithine carbamoyltransferase
	[1321638:1321961:dir] Derived by automated computational analysis using gene prediction method: Protein Homology.; hypothetical protein
	[1321974:1322570:dir] Derived by automated computational analysis using gene prediction method: Protein Homology.; RNA methyltransferase
	[1322622:1322693:dir] tRNA-His
	[1322856:1324325:dir] Derived by automated computational analysis using gene prediction method: Protein Homology.; hypothetical protein
	[1324667:1324885:rev] Derived by automated computational analysis using gene prediction method: GeneMarkS+.; hypothetical protein
	[1324924:1325310:rev] Derived by automated computational analysis using gene prediction method: Protein Homology.; succinate dehydrogenase
	[1325310:1325717:rev] Derived by automated computational analysis using gene prediction method: Protein Homology.; succinate dehydrogenase
	[1325714:1326448:rev] Derived by automated computational analysis using gene prediction method: Protein Homology.; succinate dehydrogenase
	[1326458:1328161:rev] part of four member fumarate reductase enzyme complex FrdABCD which catalyzes the reduction of fumarate to succinate during anaerobic respiration; FrdAB are the catalytic subcomplex consisting of a flavoprotein subunit and an iron-sulfur subunit, respectively; FrdCD are the membrane components which interact with quinone and are involved in electron transfer; the catalytic subunits are similar to succinate dehydrogenase SdhAB; Derived by automated computational analysis using gene prediction method: Protein Homology.; fumarate reductase
	[1328352:1329824:rev] Derived by automated computational analysis using gene prediction method: Protein Homology.; catalase
	[1330404:1331369:rev] Derived by automated computational analysis using gene prediction method: Protein Homology.; thioredoxin reductase
<END>
<GI> CP009479:14 <COORDINATES> 1383323-1403600 <STAT> n1_4mer:GRV/n1_4mer:RV = 1.812605; n0_4mer:D = 33.112435; n0_4mer:PS = 51.871929
	[1383323:1384345:dir] catalyzes the formation of L-threonine from O-phospho-L-homoserine; Derived by automated computational analysis using gene prediction method: Protein Homology.; threonine synthase
	[1384832:1385224:rev] Derived by automated computational analysis using gene prediction method: Protein Homology.; hypothetical protein
	[1385434:1386576:rev] Derived by automated computational analysis using gene prediction method: Protein Homology.; N-acyl homoserine lactone synthase
	[1386577:1386834:rev] Derived by automated computational analysis using gene prediction method: Protein Homology.; hypothetical protein
	[1387106:1387408:dir] Derived by automated computational analysis using gene prediction method: Protein Homology.; DNA-directed RNA polymerase subunit L
	[1387420:1388394:dir] Derived by automated computational analysis using gene prediction method: Protein Homology.; hypothetical protein
	[1388548:1388973:dir] Derived by automated computational analysis using gene prediction method: Protein Homology.; hypothetical protein
	[1388979:1390835:dir] dnaK; heat shock protein 70; assists in folding of nascent polypeptide chains; refolding of misfolded proteins; utilizes ATPase activity to help fold; co-chaperones are DnaJ and GrpE; multiple copies in some bacteria; Derived by automated computational analysis using gene prediction method: Protein Homology.; molecular chaperone DnaK
	[1390855:1391964:dir] chaperone Hsp40; co-chaperone with DnaK; Participates actively in the response to hyperosmotic and heat shock by preventing the aggregation of stress-denatured proteins and by disaggregating proteins, also in an autonomous, dnaK-independent fashion; Derived by automated computational analysis using gene prediction method: Protein Homology.; molecular chaperone DnaJ
	[1392407:1392859:dir] Derived by automated computational analysis using gene prediction method: Protein Homology.; hypothetical protein
	[1392900:1393127:dir] Derived by automated computational analysis using gene prediction method: Protein Homology.; 30S ribosomal protein S17e
	[1393242:1393664:dir] Derived by automated computational analysis using gene prediction method: Protein Homology.; transposase
	[1394955:1396121:dir] Derived by automated computational analysis using gene prediction method: Protein Homology.; acetyl-CoA acetyltransferase
	[1396118:1396954:dir] Derived by automated computational analysis using gene prediction method: Protein Homology.; 3-hydroxybutyryl-CoA dehydrogenase
	[1396965:1397705:dir] Derived by automated computational analysis using gene prediction method: Protein Homology.; enoyl-CoA hydratase
	[1402499:1403317:dir] Derived by automated computational analysis using gene prediction method: Protein Homology.; hypothetical protein
	[1403295:1403600:dir] Derived by automated computational analysis using gene prediction method: GeneMarkS+.; hypothetical protein
<END>
<GI> CP009479:15 <COORDINATES> 1770926-1791599 <STAT> n1_4mer:GRV/n1_4mer:RV = 1.648016; n0_4mer:D = 30.305356; n0_4mer:PS = 16.683779
	[1770926:1771903:dir] Derived by automated computational analysis using gene prediction method: Protein Homology.; hypothetical protein
	[1771946:1772965:rev] Derived by automated computational analysis using gene prediction method: Protein Homology.; hypothetical protein
	[1772967:1773530:rev] Derived by automated computational analysis using gene prediction method: Protein Homology.; dTDP-4-dehydrorhamnose 3,5-epimerase
	[1774422:1775495:rev] Derived by automated computational analysis using gene prediction method: Protein Homology.; hypothetical protein
	[1775679:1776464:rev] Derived by automated computational analysis using gene prediction method: Protein Homology.; hypothetical protein
	[1776632:1778902:rev] Derived by automated computational analysis using gene prediction method: Protein Homology.; hypothetical protein
	[1778899:1780029:rev] Derived by automated computational analysis using gene prediction method: Protein Homology.; hypothetical protein
	[1781468:1782643:dir] Derived by automated computational analysis using gene prediction method: Protein Homology.; hypothetical protein
	[1783799:1785316:rev] Derived by automated computational analysis using gene prediction method: Protein Homology.; hypothetical protein
	[1785431:1786330:dir] Derived by automated computational analysis using gene prediction method: Protein Homology.; hypothetical protein
	[1786352:1787239:rev] Derived by automated computational analysis using gene prediction method: Protein Homology.; hypothetical protein
	[1787446:1788762:dir] Derived by automated computational analysis using gene prediction method: Protein Homology.; hypothetical protein
	[1788982:1789209:dir] Derived by automated computational analysis using gene prediction method: Protein Homology.; hypothetical protein
	[1789195:1790070:rev] Derived by automated computational analysis using gene prediction method: Protein Homology.; hypothetical protein
	[1790067:1790345:rev] Derived by automated computational analysis using gene prediction method: Protein Homology.; hypothetical protein
	[1790342:1790575:rev] Derived by automated computational analysis using gene prediction method: GeneMarkS+.; hypothetical protein
<END>
<GI> CP009479:16 <COORDINATES> 2215794-2241999 <STAT> n1_4mer:GRV/n1_4mer:RV = 1.757321; n0_4mer:D = 33.055691; n0_4mer:PS = 28.142892
	[2215794:2216213:dir] Derived by automated computational analysis using gene prediction method: Protein Homology.; 50S ribosomal protein L13
	[2216210:2216617:dir] Derived by automated computational analysis using gene prediction method: Protein Homology.; 30S ribosomal protein S9
	[2216844:2216919:dir] tRNA-Pro
	[2217109:2218350:rev] Derived by automated computational analysis using gene prediction method: GeneMarkS+.; hypothetical protein
	[2219305:2219607:dir] Derived by automated computational analysis using gene prediction method: Protein Homology.; hypothetical protein
	[2219604:2220500:dir] Derived by automated computational analysis using gene prediction method: Protein Homology.; hypothetical protein
	[2220551:2221273:rev] Derived by automated computational analysis using gene prediction method: Protein Homology.; hypothetical protein
	[2221270:2221671:rev] Derived by automated computational analysis using gene prediction method: Protein Homology.; hypothetical protein
	[2221668:2222138:rev] Derived by automated computational analysis using gene prediction method: Protein Homology.; hypothetical protein
	[2222315:2222788:rev] Derived by automated computational analysis using gene prediction method: GeneMarkS+.; hypothetical protein
	[2223026:2223655:dir] Derived by automated computational analysis using gene prediction method: GeneMarkS+.; hypothetical protein
	[2223652:2224917:dir] Derived by automated computational analysis using gene prediction method: Protein Homology.; CRISPR-associated protein Cas1
	[2224914:2225831:dir] Derived by automated computational analysis using gene prediction method: Protein Homology.; hypothetical protein
<END>